<?xml version="1.0" encoding="UTF-8"?>
<!-- Generated by org.testng.reporters.JUnitXMLReporter -->
<testsuite hostname="ANVER-PC" ignored="0" name="Test1Chrome" tests="25" failures="2" timestamp="03 Aug 2021 19:14:51 GMT" time="305.154" errors="0">
  <testcase name="@BeforeClass initializeDriver" time="64.623" classname="validationsOfManageOrderPage.ManageOrdersBaseTest">
    <failure type="org.openqa.selenium.WebDriverException" message="unknown error: DevToolsActivePort file doesn&amp;apos;t exist
Build info: version: &amp;apos;3.6.0&amp;apos;, revision: &amp;apos;6fbf3ec767&amp;apos;, time: &amp;apos;2017-09-27T15:28:36.4Z&amp;apos;
System info: host: &amp;apos;ANVER-PC&amp;apos;, ip: &amp;apos;192.168.110.124&amp;apos;, os.name: &amp;apos;Windows 7&amp;apos;, os.arch: &amp;apos;amd64&amp;apos;, os.version: &amp;apos;6.1&amp;apos;, java.version: &amp;apos;1.8.0_281&amp;apos;
Driver info: driver.version: ChromeDriver
remote stacktrace: Backtrace:
	Ordinal0 [0x00E53733+2504499]
	Ordinal0 [0x00DEC401+2081793]
	Ordinal0 [0x00CF2628+1058344]
	Ordinal0 [0x00D0FA12+1178130]
	Ordinal0 [0x00D0C366+1164134]
	Ordinal0 [0x00D09DC3+1154499]
	Ordinal0 [0x00D39B82+1350530]
	Ordinal0 [0x00D397DA+1349594]
	Ordinal0 [0x00D35D4B+1334603]
	Ordinal0 [0x00D122B4+1188532]
	Ordinal0 [0x00D13149+1192265]
	GetHandleVerifier [0x00FCFB8C+1512252]
	GetHandleVerifier [0x0107B0DF+2214031]
	GetHandleVerifier [0x00ED4BC3+484211]
	GetHandleVerifier [0x00ED3E69+480793]
	Ordinal0 [0x00DF218D+2105741]
	Ordinal0 [0x00DF66E8+2123496]
	Ordinal0 [0x00DF6827+2123815]
	Ordinal0 [0x00DFFB73+2161523]
	BaseThreadInitThunk [0x756D33CA+18]
	RtlInitializeExceptionChain [0x77989ED2+99]
	RtlInitializeExceptionChain [0x77989EA5+54]
">
      <![CDATA[org.openqa.selenium.WebDriverException: unknown error: DevToolsActivePort file doesn't exist
Build info: version: '3.6.0', revision: '6fbf3ec767', time: '2017-09-27T15:28:36.4Z'
System info: host: 'ANVER-PC', ip: '192.168.110.124', os.name: 'Windows 7', os.arch: 'amd64', os.version: '6.1', java.version: '1.8.0_281'
Driver info: driver.version: ChromeDriver
remote stacktrace: Backtrace:
Ordinal0 [0x00E53733+2504499]
Ordinal0 [0x00DEC401+2081793]
Ordinal0 [0x00CF2628+1058344]
Ordinal0 [0x00D0FA12+1178130]
Ordinal0 [0x00D0C366+1164134]
Ordinal0 [0x00D09DC3+1154499]
Ordinal0 [0x00D39B82+1350530]
Ordinal0 [0x00D397DA+1349594]
Ordinal0 [0x00D35D4B+1334603]
Ordinal0 [0x00D122B4+1188532]
Ordinal0 [0x00D13149+1192265]
GetHandleVerifier [0x00FCFB8C+1512252]
GetHandleVerifier [0x0107B0DF+2214031]
GetHandleVerifier [0x00ED4BC3+484211]
GetHandleVerifier [0x00ED3E69+480793]
Ordinal0 [0x00DF218D+2105741]
Ordinal0 [0x00DF66E8+2123496]
Ordinal0 [0x00DF6827+2123815]
Ordinal0 [0x00DFFB73+2161523]
BaseThreadInitThunk [0x756D33CA+18]
RtlInitializeExceptionChain [0x77989ED2+99]
RtlInitializeExceptionChain [0x77989EA5+54]

at org.openqa.selenium.remote.W3CHandshakeResponse.lambda$new$0(W3CHandshakeResponse.java:57)
at org.openqa.selenium.remote.W3CHandshakeResponse.lambda$getResponseFunction$2(W3CHandshakeResponse.java:104)
at org.openqa.selenium.remote.ProtocolHandshake.lambda$createSession$24(ProtocolHandshake.java:359)
at java.util.stream.ReferencePipeline$3$1.accept(Unknown Source)
at java.util.Spliterators$ArraySpliterator.tryAdvance(Unknown Source)
at java.util.stream.ReferencePipeline.forEachWithCancel(Unknown Source)
at java.util.stream.AbstractPipeline.copyIntoWithCancel(Unknown Source)
at java.util.stream.AbstractPipeline.copyInto(Unknown Source)
at java.util.stream.AbstractPipeline.wrapAndCopyInto(Unknown Source)
at java.util.stream.FindOps$FindOp.evaluateSequential(Unknown Source)
at java.util.stream.AbstractPipeline.evaluate(Unknown Source)
at java.util.stream.ReferencePipeline.findFirst(Unknown Source)
at org.openqa.selenium.remote.ProtocolHandshake.createSession(ProtocolHandshake.java:362)
at org.openqa.selenium.remote.ProtocolHandshake.createSession(ProtocolHandshake.java:136)
at org.openqa.selenium.remote.HttpCommandExecutor.execute(HttpCommandExecutor.java:142)
at org.openqa.selenium.remote.service.DriverCommandExecutor.execute(DriverCommandExecutor.java:83)
at org.openqa.selenium.remote.RemoteWebDriver.execute(RemoteWebDriver.java:586)
at org.openqa.selenium.remote.RemoteWebDriver.startSession(RemoteWebDriver.java:217)
at org.openqa.selenium.remote.RemoteWebDriver.<init>(RemoteWebDriver.java:140)
at org.openqa.selenium.chrome.ChromeDriver.<init>(ChromeDriver.java:181)
at org.openqa.selenium.chrome.ChromeDriver.<init>(ChromeDriver.java:168)
at org.openqa.selenium.chrome.ChromeDriver.<init>(ChromeDriver.java:123)
at utils.DriverFactory.getChromeDriver(DriverFactory.java:30)
at utils.DriverFactory.driverInitialization(DriverFactory.java:19)
at validationsOfManageOrderPage.ManageOrdersBaseTest.initializeDriver(ManageOrdersBaseTest.java:26)
at java.util.concurrent.ThreadPoolExecutor.runWorker(Unknown Source)
at java.util.concurrent.ThreadPoolExecutor$Worker.run(Unknown Source)
at java.lang.Thread.run(Unknown Source)
... Removed 15 stack frames]]>
    </failure>
  </testcase> <!-- @BeforeClass initializeDriver -->
  <testcase name="@BeforeMethod NavigateToAdminUserPage" time="0.0" classname="validationsOfManageOrderPage.ManageOrdersBaseTest">
    <skipped/>
  </testcase> <!-- @BeforeMethod NavigateToAdminUserPage -->
  <testcase name="@AfterMethod screenShot" time="0.0" classname="validationsOfManageOrderPage.ManageOrdersBaseTest">
    <skipped/>
  </testcase> <!-- @AfterMethod screenShot -->
  <testcase name="@BeforeMethod NavigateToAdminUserPage" time="0.0" classname="validationsOfManageOrderPage.ManageOrdersBaseTest">
    <skipped/>
  </testcase> <!-- @BeforeMethod NavigateToAdminUserPage -->
  <testcase name="@AfterMethod screenShot" time="0.0" classname="validationsOfManageOrderPage.ManageOrdersBaseTest">
    <skipped/>
  </testcase> <!-- @AfterMethod screenShot -->
  <testcase name="@AfterClass quitdriver" time="0.0" classname="validationsOfManageOrderPage.ManageOrdersBaseTest">
    <skipped/>
  </testcase> <!-- @AfterClass quitdriver -->
  <testcase name="@BeforeMethod NavigateToAdminUserPage" time="15.121" classname="validationsOfAdminUsersPage.AdminPageBaseTest">
    <failure type="org.openqa.selenium.TimeoutException" message="timeout: Timed out receiving message from renderer: 12.393
  (Session info: chrome=92.0.4515.107)
Build info: version: &amp;apos;3.6.0&amp;apos;, revision: &amp;apos;6fbf3ec767&amp;apos;, time: &amp;apos;2017-09-27T15:28:36.4Z&amp;apos;
System info: host: &amp;apos;ANVER-PC&amp;apos;, ip: &amp;apos;192.168.110.124&amp;apos;, os.name: &amp;apos;Windows 7&amp;apos;, os.arch: &amp;apos;amd64&amp;apos;, os.version: &amp;apos;6.1&amp;apos;, java.version: &amp;apos;1.8.0_281&amp;apos;
Driver info: org.openqa.selenium.chrome.ChromeDriver
Capabilities [{networkConnectionEnabled=false, chrome={chromedriverVersion=91.0.4472.101 (af52a90bf87030dd1523486a1cd3ae25c5d76c9b-refs/branch-heads/4472@{#1462}), userDataDir=C:\Users\ANVER\AppData\Local\Temp\scoped_dir9892_1145959843}, timeouts={implicit=0, pageLoad=300000, script=30000}, pageLoadStrategy=normal, unhandledPromptBehavior=dismiss and notify, strictFileInteractability=false, platform=WINDOWS, proxy=Proxy(), goog:chromeOptions={debuggerAddress=localhost:55994}, acceptInsecureCerts=false, browserVersion=92.0.4515.107, browserName=chrome, javascriptEnabled=true, platformName=WINDOWS, setWindowRect=true, webauthn:extension:largeBlob=true, webauthn:virtualAuthenticators=true}]
Session ID: 7dfea697ae7594eca547df5d72f7f748">
      <![CDATA[org.openqa.selenium.TimeoutException: timeout: Timed out receiving message from renderer: 12.393
  (Session info: chrome=92.0.4515.107)
Build info: version: '3.6.0', revision: '6fbf3ec767', time: '2017-09-27T15:28:36.4Z'
System info: host: 'ANVER-PC', ip: '192.168.110.124', os.name: 'Windows 7', os.arch: 'amd64', os.version: '6.1', java.version: '1.8.0_281'
Driver info: org.openqa.selenium.chrome.ChromeDriver
Capabilities [{networkConnectionEnabled=false, chrome={chromedriverVersion=91.0.4472.101 (af52a90bf87030dd1523486a1cd3ae25c5d76c9b-refs/branch-heads/4472@{#1462}), userDataDir=C:\Users\ANVER\AppData\Local\Temp\scoped_dir9892_1145959843}, timeouts={implicit=0, pageLoad=300000, script=30000}, pageLoadStrategy=normal, unhandledPromptBehavior=dismiss and notify, strictFileInteractability=false, platform=WINDOWS, proxy=Proxy(), goog:chromeOptions={debuggerAddress=localhost:55994}, acceptInsecureCerts=false, browserVersion=92.0.4515.107, browserName=chrome, javascriptEnabled=true, platformName=WINDOWS, setWindowRect=true, webauthn:extension:largeBlob=true, webauthn:virtualAuthenticators=true}]
Session ID: 7dfea697ae7594eca547df5d72f7f748
at org.openqa.selenium.remote.http.W3CHttpResponseCodec.createException(W3CHttpResponseCodec.java:185)
at org.openqa.selenium.remote.http.W3CHttpResponseCodec.decode(W3CHttpResponseCodec.java:120)
at org.openqa.selenium.remote.http.W3CHttpResponseCodec.decode(W3CHttpResponseCodec.java:49)
at org.openqa.selenium.remote.HttpCommandExecutor.execute(HttpCommandExecutor.java:164)
at org.openqa.selenium.remote.service.DriverCommandExecutor.execute(DriverCommandExecutor.java:83)
at org.openqa.selenium.remote.RemoteWebDriver.execute(RemoteWebDriver.java:586)
at org.openqa.selenium.remote.RemoteWebDriver.get(RemoteWebDriver.java:310)
at utils.DriverFactory.loginToGroceryApp(DriverFactory.java:51)
at validationsOfAdminUsersPage.AdminPageBaseTest.NavigateToAdminUserPage(AdminPageBaseTest.java:29)
at java.util.concurrent.ThreadPoolExecutor.runWorker(Unknown Source)
at java.util.concurrent.ThreadPoolExecutor$Worker.run(Unknown Source)
at java.lang.Thread.run(Unknown Source)
... Removed 17 stack frames]]>
    </failure>
  </testcase> <!-- @BeforeMethod NavigateToAdminUserPage -->
  <testcase name="@AfterMethod screenShot" time="0.0" classname="validationsOfAdminUsersPage.AdminPageBaseTest">
    <skipped/>
  </testcase> <!-- @AfterMethod screenShot -->
  <testcase name="@BeforeMethod NavigateToMobilesliderPage" time="15.611" classname="validationsOfMobileSliderPage.MobilesliderBaseTest">
    <failure type="org.openqa.selenium.TimeoutException" message="timeout: Timed out receiving message from renderer: 13.041
  (Session info: chrome=92.0.4515.107)
Build info: version: &amp;apos;3.6.0&amp;apos;, revision: &amp;apos;6fbf3ec767&amp;apos;, time: &amp;apos;2017-09-27T15:28:36.4Z&amp;apos;
System info: host: &amp;apos;ANVER-PC&amp;apos;, ip: &amp;apos;192.168.110.124&amp;apos;, os.name: &amp;apos;Windows 7&amp;apos;, os.arch: &amp;apos;amd64&amp;apos;, os.version: &amp;apos;6.1&amp;apos;, java.version: &amp;apos;1.8.0_281&amp;apos;
Driver info: org.openqa.selenium.chrome.ChromeDriver
Capabilities [{networkConnectionEnabled=false, chrome={chromedriverVersion=91.0.4472.101 (af52a90bf87030dd1523486a1cd3ae25c5d76c9b-refs/branch-heads/4472@{#1462}), userDataDir=C:\Users\ANVER\AppData\Local\Temp\scoped_dir10224_114224621}, timeouts={implicit=0, pageLoad=300000, script=30000}, pageLoadStrategy=normal, unhandledPromptBehavior=dismiss and notify, strictFileInteractability=false, platform=WINDOWS, proxy=Proxy(), goog:chromeOptions={debuggerAddress=localhost:55349}, acceptInsecureCerts=false, browserVersion=92.0.4515.107, browserName=chrome, javascriptEnabled=true, platformName=WINDOWS, setWindowRect=true, webauthn:extension:largeBlob=true, webauthn:virtualAuthenticators=true}]
Session ID: 71353de5ada9bef651b1d44187afb059">
      <![CDATA[org.openqa.selenium.TimeoutException: timeout: Timed out receiving message from renderer: 13.041
  (Session info: chrome=92.0.4515.107)
Build info: version: '3.6.0', revision: '6fbf3ec767', time: '2017-09-27T15:28:36.4Z'
System info: host: 'ANVER-PC', ip: '192.168.110.124', os.name: 'Windows 7', os.arch: 'amd64', os.version: '6.1', java.version: '1.8.0_281'
Driver info: org.openqa.selenium.chrome.ChromeDriver
Capabilities [{networkConnectionEnabled=false, chrome={chromedriverVersion=91.0.4472.101 (af52a90bf87030dd1523486a1cd3ae25c5d76c9b-refs/branch-heads/4472@{#1462}), userDataDir=C:\Users\ANVER\AppData\Local\Temp\scoped_dir10224_114224621}, timeouts={implicit=0, pageLoad=300000, script=30000}, pageLoadStrategy=normal, unhandledPromptBehavior=dismiss and notify, strictFileInteractability=false, platform=WINDOWS, proxy=Proxy(), goog:chromeOptions={debuggerAddress=localhost:55349}, acceptInsecureCerts=false, browserVersion=92.0.4515.107, browserName=chrome, javascriptEnabled=true, platformName=WINDOWS, setWindowRect=true, webauthn:extension:largeBlob=true, webauthn:virtualAuthenticators=true}]
Session ID: 71353de5ada9bef651b1d44187afb059
at org.openqa.selenium.remote.http.W3CHttpResponseCodec.createException(W3CHttpResponseCodec.java:185)
at org.openqa.selenium.remote.http.W3CHttpResponseCodec.decode(W3CHttpResponseCodec.java:120)
at org.openqa.selenium.remote.http.W3CHttpResponseCodec.decode(W3CHttpResponseCodec.java:49)
at org.openqa.selenium.remote.HttpCommandExecutor.execute(HttpCommandExecutor.java:164)
at org.openqa.selenium.remote.service.DriverCommandExecutor.execute(DriverCommandExecutor.java:83)
at org.openqa.selenium.remote.RemoteWebDriver.execute(RemoteWebDriver.java:586)
at org.openqa.selenium.remote.RemoteWebDriver.get(RemoteWebDriver.java:310)
at utils.DriverFactory.loginToGroceryApp(DriverFactory.java:51)
at validationsOfMobileSliderPage.MobilesliderBaseTest.NavigateToMobilesliderPage(MobilesliderBaseTest.java:35)
at java.util.concurrent.ThreadPoolExecutor.runWorker(Unknown Source)
at java.util.concurrent.ThreadPoolExecutor$Worker.run(Unknown Source)
at java.lang.Thread.run(Unknown Source)
... Removed 17 stack frames]]>
    </failure>
  </testcase> <!-- @BeforeMethod NavigateToMobilesliderPage -->
  <testcase name="@AfterMethod screenShot" time="0.0" classname="validationsOfMobileSliderPage.MobilesliderBaseTest">
    <skipped/>
  </testcase> <!-- @AfterMethod screenShot -->
  <testcase name="@AfterClass quitdriver" time="0.0" classname="validationsOfMobileSliderPage.MobilesliderBaseTest">
    <skipped/>
  </testcase> <!-- @AfterClass quitdriver -->
  <testcase name="@BeforeClass initializeDriver" time="18.804" classname="validationsOfManageOrderPage.ManageOrdersBaseTest">
    <failure type="org.openqa.selenium.WebDriverException" message="unknown error: Chrome failed to start: was killed.
  (unknown error: DevToolsActivePort file doesn&amp;apos;t exist)
  (The process started from chrome location C:\Program Files\Google\Chrome\Application\chrome.exe is no longer running, so ChromeDriver is assuming that Chrome has crashed.)
Build info: version: &amp;apos;3.6.0&amp;apos;, revision: &amp;apos;6fbf3ec767&amp;apos;, time: &amp;apos;2017-09-27T15:28:36.4Z&amp;apos;
System info: host: &amp;apos;ANVER-PC&amp;apos;, ip: &amp;apos;192.168.110.124&amp;apos;, os.name: &amp;apos;Windows 7&amp;apos;, os.arch: &amp;apos;amd64&amp;apos;, os.version: &amp;apos;6.1&amp;apos;, java.version: &amp;apos;1.8.0_281&amp;apos;
Driver info: driver.version: ChromeDriver
remote stacktrace: Backtrace:
	Ordinal0 [0x00E53733+2504499]
	Ordinal0 [0x00DEC401+2081793]
	Ordinal0 [0x00CF2628+1058344]
	Ordinal0 [0x00D0C99F+1165727]
	Ordinal0 [0x00D09DC3+1154499]
	Ordinal0 [0x00D39B82+1350530]
	Ordinal0 [0x00D397DA+1349594]
	Ordinal0 [0x00D35D4B+1334603]
	Ordinal0 [0x00D122B4+1188532]
	Ordinal0 [0x00D13149+1192265]
	GetHandleVerifier [0x00FCFB8C+1512252]
	GetHandleVerifier [0x0107B0DF+2214031]
	GetHandleVerifier [0x00ED4BC3+484211]
	GetHandleVerifier [0x00ED3E69+480793]
	Ordinal0 [0x00DF218D+2105741]
	Ordinal0 [0x00DF66E8+2123496]
	Ordinal0 [0x00DF6827+2123815]
	Ordinal0 [0x00DFFB73+2161523]
	BaseThreadInitThunk [0x756D33CA+18]
	RtlInitializeExceptionChain [0x77989ED2+99]
	RtlInitializeExceptionChain [0x77989EA5+54]
">
      <![CDATA[org.openqa.selenium.WebDriverException: unknown error: Chrome failed to start: was killed.
  (unknown error: DevToolsActivePort file doesn't exist)
  (The process started from chrome location C:\Program Files\Google\Chrome\Application\chrome.exe is no longer running, so ChromeDriver is assuming that Chrome has crashed.)
Build info: version: '3.6.0', revision: '6fbf3ec767', time: '2017-09-27T15:28:36.4Z'
System info: host: 'ANVER-PC', ip: '192.168.110.124', os.name: 'Windows 7', os.arch: 'amd64', os.version: '6.1', java.version: '1.8.0_281'
Driver info: driver.version: ChromeDriver
remote stacktrace: Backtrace:
Ordinal0 [0x00E53733+2504499]
Ordinal0 [0x00DEC401+2081793]
Ordinal0 [0x00CF2628+1058344]
Ordinal0 [0x00D0C99F+1165727]
Ordinal0 [0x00D09DC3+1154499]
Ordinal0 [0x00D39B82+1350530]
Ordinal0 [0x00D397DA+1349594]
Ordinal0 [0x00D35D4B+1334603]
Ordinal0 [0x00D122B4+1188532]
Ordinal0 [0x00D13149+1192265]
GetHandleVerifier [0x00FCFB8C+1512252]
GetHandleVerifier [0x0107B0DF+2214031]
GetHandleVerifier [0x00ED4BC3+484211]
GetHandleVerifier [0x00ED3E69+480793]
Ordinal0 [0x00DF218D+2105741]
Ordinal0 [0x00DF66E8+2123496]
Ordinal0 [0x00DF6827+2123815]
Ordinal0 [0x00DFFB73+2161523]
BaseThreadInitThunk [0x756D33CA+18]
RtlInitializeExceptionChain [0x77989ED2+99]
RtlInitializeExceptionChain [0x77989EA5+54]

at org.openqa.selenium.remote.W3CHandshakeResponse.lambda$new$0(W3CHandshakeResponse.java:57)
at org.openqa.selenium.remote.W3CHandshakeResponse.lambda$getResponseFunction$2(W3CHandshakeResponse.java:104)
at org.openqa.selenium.remote.ProtocolHandshake.lambda$createSession$24(ProtocolHandshake.java:359)
at java.util.stream.ReferencePipeline$3$1.accept(Unknown Source)
at java.util.Spliterators$ArraySpliterator.tryAdvance(Unknown Source)
at java.util.stream.ReferencePipeline.forEachWithCancel(Unknown Source)
at java.util.stream.AbstractPipeline.copyIntoWithCancel(Unknown Source)
at java.util.stream.AbstractPipeline.copyInto(Unknown Source)
at java.util.stream.AbstractPipeline.wrapAndCopyInto(Unknown Source)
at java.util.stream.FindOps$FindOp.evaluateSequential(Unknown Source)
at java.util.stream.AbstractPipeline.evaluate(Unknown Source)
at java.util.stream.ReferencePipeline.findFirst(Unknown Source)
at org.openqa.selenium.remote.ProtocolHandshake.createSession(ProtocolHandshake.java:362)
at org.openqa.selenium.remote.ProtocolHandshake.createSession(ProtocolHandshake.java:136)
at org.openqa.selenium.remote.HttpCommandExecutor.execute(HttpCommandExecutor.java:142)
at org.openqa.selenium.remote.service.DriverCommandExecutor.execute(DriverCommandExecutor.java:83)
at org.openqa.selenium.remote.RemoteWebDriver.execute(RemoteWebDriver.java:586)
at org.openqa.selenium.remote.RemoteWebDriver.startSession(RemoteWebDriver.java:217)
at org.openqa.selenium.remote.RemoteWebDriver.<init>(RemoteWebDriver.java:140)
at org.openqa.selenium.chrome.ChromeDriver.<init>(ChromeDriver.java:181)
at org.openqa.selenium.chrome.ChromeDriver.<init>(ChromeDriver.java:168)
at org.openqa.selenium.chrome.ChromeDriver.<init>(ChromeDriver.java:123)
at utils.DriverFactory.getChromeDriver(DriverFactory.java:30)
at utils.DriverFactory.driverInitialization(DriverFactory.java:19)
at validationsOfManageOrderPage.ManageOrdersBaseTest.initializeDriver(ManageOrdersBaseTest.java:26)
at java.util.concurrent.ThreadPoolExecutor.runWorker(Unknown Source)
at java.util.concurrent.ThreadPoolExecutor$Worker.run(Unknown Source)
at java.lang.Thread.run(Unknown Source)
... Removed 15 stack frames]]>
    </failure>
  </testcase> <!-- @BeforeClass initializeDriver -->
  <testcase name="@BeforeMethod NavigateToAdminUserPage" time="0.0" classname="validationsOfManageOrderPage.ManageOrdersBaseTest">
    <skipped/>
  </testcase> <!-- @BeforeMethod NavigateToAdminUserPage -->
  <testcase name="@AfterMethod screenShot" time="0.0" classname="validationsOfManageOrderPage.ManageOrdersBaseTest">
    <skipped/>
  </testcase> <!-- @AfterMethod screenShot -->
  <testcase name="@AfterClass quitdriver" time="0.0" classname="validationsOfManageOrderPage.ManageOrdersBaseTest">
    <skipped/>
  </testcase> <!-- @AfterClass quitdriver -->
  <testcase name="@BeforeMethod NavigateToAdminUserPage" time="0.0" classname="validationsOfAdminUsersPage.AdminPageBaseTest">
    <skipped/>
  </testcase> <!-- @BeforeMethod NavigateToAdminUserPage -->
  <testcase name="@AfterMethod screenShot" time="0.0" classname="validationsOfAdminUsersPage.AdminPageBaseTest">
    <skipped/>
  </testcase> <!-- @AfterMethod screenShot -->
  <testcase name="@AfterClass quitdriver" time="0.0" classname="validationsOfAdminUsersPage.AdminPageBaseTest">
    <skipped/>
  </testcase> <!-- @AfterClass quitdriver -->
  <testcase name="verifyDashBoardPage" time="1.005" classname="validattionsOfLoginPAge.LoginPageTest"/>
  <testcase name="verifySearchButtonInAdminUsersPage" time="5.186" classname="validationsOfAdminUsersPage.verifyCreateAndSearchOfUsers"/>
  <testcase name="verifyLockUserChindhuAbraham" time="15.206" classname="validationsOfManageUsersPage.DeleteAUser">
    <failure type="org.openqa.selenium.NoSuchElementException" message="no such element: Unable to locate element: {&amp;quot;method&amp;quot;:&amp;quot;xpath&amp;quot;,&amp;quot;selector&amp;quot;:&amp;quot;//td[text()=&amp;apos;Chindhu Abraham					  					  &amp;apos;]/following-sibling::*[5]/a[1]&amp;quot;}
  (Session info: chrome=92.0.4515.107)
For documentation on this error, please visit: http://seleniumhq.org/exceptions/no_such_element.html
Build info: version: &amp;apos;3.6.0&amp;apos;, revision: &amp;apos;6fbf3ec767&amp;apos;, time: &amp;apos;2017-09-27T15:28:36.4Z&amp;apos;
System info: host: &amp;apos;ANVER-PC&amp;apos;, ip: &amp;apos;192.168.110.124&amp;apos;, os.name: &amp;apos;Windows 7&amp;apos;, os.arch: &amp;apos;amd64&amp;apos;, os.version: &amp;apos;6.1&amp;apos;, java.version: &amp;apos;1.8.0_281&amp;apos;
Driver info: org.openqa.selenium.chrome.ChromeDriver
Capabilities [{networkConnectionEnabled=false, chrome={chromedriverVersion=91.0.4472.101 (af52a90bf87030dd1523486a1cd3ae25c5d76c9b-refs/branch-heads/4472@{#1462}), userDataDir=C:\Users\ANVER\AppData\Local\Temp\scoped_dir7392_1644775356}, timeouts={implicit=0, pageLoad=300000, script=30000}, pageLoadStrategy=normal, unhandledPromptBehavior=dismiss and notify, strictFileInteractability=false, platform=WINDOWS, proxy=Proxy(), goog:chromeOptions={debuggerAddress=localhost:56742}, acceptInsecureCerts=false, browserVersion=92.0.4515.107, browserName=chrome, javascriptEnabled=true, platformName=WINDOWS, setWindowRect=true, webauthn:extension:largeBlob=true, webauthn:virtualAuthenticators=true}]
Session ID: 4fb2d50d62f138c53de1a147c0af754a
*** Element info: {Using=xpath, value=//td[text()=&amp;apos;Chindhu Abraham					  					  &amp;apos;]/following-sibling::*[5]/a[1]}">
      <![CDATA[org.openqa.selenium.NoSuchElementException: no such element: Unable to locate element: {"method":"xpath","selector":"//td[text()='Chindhu Abraham    ']/following-sibling::*[5]/a[1]"}
  (Session info: chrome=92.0.4515.107)
For documentation on this error, please visit: http://seleniumhq.org/exceptions/no_such_element.html
Build info: version: '3.6.0', revision: '6fbf3ec767', time: '2017-09-27T15:28:36.4Z'
System info: host: 'ANVER-PC', ip: '192.168.110.124', os.name: 'Windows 7', os.arch: 'amd64', os.version: '6.1', java.version: '1.8.0_281'
Driver info: org.openqa.selenium.chrome.ChromeDriver
Capabilities [{networkConnectionEnabled=false, chrome={chromedriverVersion=91.0.4472.101 (af52a90bf87030dd1523486a1cd3ae25c5d76c9b-refs/branch-heads/4472@{#1462}), userDataDir=C:\Users\ANVER\AppData\Local\Temp\scoped_dir7392_1644775356}, timeouts={implicit=0, pageLoad=300000, script=30000}, pageLoadStrategy=normal, unhandledPromptBehavior=dismiss and notify, strictFileInteractability=false, platform=WINDOWS, proxy=Proxy(), goog:chromeOptions={debuggerAddress=localhost:56742}, acceptInsecureCerts=false, browserVersion=92.0.4515.107, browserName=chrome, javascriptEnabled=true, platformName=WINDOWS, setWindowRect=true, webauthn:extension:largeBlob=true, webauthn:virtualAuthenticators=true}]
Session ID: 4fb2d50d62f138c53de1a147c0af754a
*** Element info: {Using=xpath, value=//td[text()='Chindhu Abraham    ']/following-sibling::*[5]/a[1]}
at org.openqa.selenium.remote.http.W3CHttpResponseCodec.createException(W3CHttpResponseCodec.java:185)
at org.openqa.selenium.remote.http.W3CHttpResponseCodec.decode(W3CHttpResponseCodec.java:120)
at org.openqa.selenium.remote.http.W3CHttpResponseCodec.decode(W3CHttpResponseCodec.java:49)
at org.openqa.selenium.remote.HttpCommandExecutor.execute(HttpCommandExecutor.java:164)
at org.openqa.selenium.remote.service.DriverCommandExecutor.execute(DriverCommandExecutor.java:83)
at org.openqa.selenium.remote.RemoteWebDriver.execute(RemoteWebDriver.java:586)
at org.openqa.selenium.remote.RemoteWebDriver.findElement(RemoteWebDriver.java:356)
at org.openqa.selenium.remote.RemoteWebDriver.findElementByXPath(RemoteWebDriver.java:458)
at org.openqa.selenium.By$ByXPath.findElement(By.java:361)
at org.openqa.selenium.remote.RemoteWebDriver.findElement(RemoteWebDriver.java:348)
at org.openqa.selenium.support.pagefactory.DefaultElementLocator.findElement(DefaultElementLocator.java:69)
at org.openqa.selenium.support.pagefactory.internal.LocatingElementHandler.invoke(LocatingElementHandler.java:38)
at com.sun.proxy.$Proxy12.click(Unknown Source)
at pages7daySuperMarket.ManageUsersPage.clickonLockOfUserChIndhuAbraham(ManageUsersPage.java:42)
at validationsOfManageUsersPage.DeleteAUser.verifyLockUserChindhuAbraham(DeleteAUser.java:14)
at java.util.concurrent.ThreadPoolExecutor.runWorker(Unknown Source)
at java.util.concurrent.ThreadPoolExecutor$Worker.run(Unknown Source)
at java.lang.Thread.run(Unknown Source)
... Removed 14 stack frames]]>
    </failure>
  </testcase> <!-- verifyLockUserChindhuAbraham -->
  <testcase name="verifySearchButtonInAdminUsersPage" time="4.068" classname="validationsOfAdminUsersPage.verifyCreateAndSearchOfUsers"/>
  <testcase name="verifyResetButton" time="3.053" classname="validationsOfAdminUsersPage.VerifyResetButton"/>
  <testcase name="verifySearchButtonInAdminUsersPage" time="4.565" classname="validationsOfAdminUsersPage.verifyCreateAndSearchOfUsers"/>
  <testcase name="verifySearchButtonInAdminUsersPage" time="3.885" classname="validationsOfAdminUsersPage.verifyCreateAndSearchOfUsers"/>
  <testcase name="verifySearchButtonInAdminUsersPage" time="7.393" classname="validationsOfAdminUsersPage.verifyCreateAndSearchOfUsers"/>
  <testcase name="verifySearchButtonInAdminUsersPage" time="10.63" classname="validationsOfAdminUsersPage.verifyCreateAndSearchOfUsers"/>
  <testcase name="verifySearchButtonInAdminUsersPage" time="4.119" classname="validationsOfAdminUsersPage.verifyCreateAndSearchOfUsers"/>
  <testcase name="verifySearchButtonInAdminUsersPage" time="3.915" classname="validationsOfAdminUsersPage.verifyCreateAndSearchOfUsers"/>
  <testcase name="verifynewUsers" time="10.026" classname="validationsOfAdminUsersPage.UserCanCreateDifferentUsers"/>
  <testcase name="VerifyUsersButtonFunctionality" time="0.002" classname="validationsOfManageOrderPage.ListOrdersStatus"/>
  <testcase name="verifynewUsers" time="4.727" classname="validationsOfAdminUsersPage.UserCanCreateDifferentUsers"/>
  <testcase name="verifynewUsers" time="7.771" classname="validationsOfAdminUsersPage.UserCanCreateDifferentUsers"/>
  <testcase name="verifynewUsers" time="2.733" classname="validationsOfAdminUsersPage.UserCanCreateDifferentUsers"/>
  <testcase name="verifynewUsers" time="2.903" classname="validationsOfAdminUsersPage.UserCanCreateDifferentUsers"/>
  <testcase name="verifyDropDownstatusPaid" time="0.0" classname="validationsOfManageOrderPage.VerifySearchListOrders">
    <skipped/>
  </testcase> <!-- verifyDropDownstatusPaid -->
  <testcase name="verifySearchofOrdersInList" time="0.0" classname="validationsOfManageOrderPage.VerifySearchListOrders">
    <skipped/>
  </testcase> <!-- verifySearchofOrdersInList -->
  <testcase name="methd" time="0.362" classname="validationsOfDashBoardPage.DashBoardPageTest"/>
  <testcase name="verifyNewUserCreate" time="0.0" classname="validationsOfAdminUsersPage.CreateAndDeleteAUser">
    <skipped/>
  </testcase> <!-- verifyNewUserCreate -->
  <testcase name="verifyImageUpload" time="0.0" classname="validationsOfMobileSliderPage.ImageUpload">
    <skipped/>
  </testcase> <!-- verifyImageUpload -->
  <testcase name="validateResetButton" time="0.0" classname="validationsOfManageOrderPage.verifyResetButton">
    <skipped/>
  </testcase> <!-- validateResetButton -->
  <testcase name="verifyDeleteOfUser" time="0.0" classname="validationsOfAdminUsersPage.CreateAndDeleteAUser">
    <skipped/>
  </testcase> <!-- verifyDeleteOfUser -->
  <testcase name="deleteUserChindhuAbraham" time="15.055" classname="validationsOfManageUsersPage.DeleteAUser">
    <failure type="org.openqa.selenium.NoSuchElementException" message="no such element: Unable to locate element: {&amp;quot;method&amp;quot;:&amp;quot;xpath&amp;quot;,&amp;quot;selector&amp;quot;:&amp;quot;//td[text()=&amp;apos;Chindhu Abraham					  					  &amp;apos;]/following-sibling::*[5]/a[1]&amp;quot;}
  (Session info: chrome=92.0.4515.107)
For documentation on this error, please visit: http://seleniumhq.org/exceptions/no_such_element.html
Build info: version: &amp;apos;3.6.0&amp;apos;, revision: &amp;apos;6fbf3ec767&amp;apos;, time: &amp;apos;2017-09-27T15:28:36.4Z&amp;apos;
System info: host: &amp;apos;ANVER-PC&amp;apos;, ip: &amp;apos;192.168.110.124&amp;apos;, os.name: &amp;apos;Windows 7&amp;apos;, os.arch: &amp;apos;amd64&amp;apos;, os.version: &amp;apos;6.1&amp;apos;, java.version: &amp;apos;1.8.0_281&amp;apos;
Driver info: org.openqa.selenium.chrome.ChromeDriver
Capabilities [{networkConnectionEnabled=false, chrome={chromedriverVersion=91.0.4472.101 (af52a90bf87030dd1523486a1cd3ae25c5d76c9b-refs/branch-heads/4472@{#1462}), userDataDir=C:\Users\ANVER\AppData\Local\Temp\scoped_dir7392_1644775356}, timeouts={implicit=0, pageLoad=300000, script=30000}, pageLoadStrategy=normal, unhandledPromptBehavior=dismiss and notify, strictFileInteractability=false, platform=WINDOWS, proxy=Proxy(), goog:chromeOptions={debuggerAddress=localhost:56742}, acceptInsecureCerts=false, browserVersion=92.0.4515.107, browserName=chrome, javascriptEnabled=true, platformName=WINDOWS, setWindowRect=true, webauthn:extension:largeBlob=true, webauthn:virtualAuthenticators=true}]
Session ID: 4fb2d50d62f138c53de1a147c0af754a
*** Element info: {Using=xpath, value=//td[text()=&amp;apos;Chindhu Abraham					  					  &amp;apos;]/following-sibling::*[5]/a[1]}">
      <![CDATA[org.openqa.selenium.NoSuchElementException: no such element: Unable to locate element: {"method":"xpath","selector":"//td[text()='Chindhu Abraham    ']/following-sibling::*[5]/a[1]"}
  (Session info: chrome=92.0.4515.107)
For documentation on this error, please visit: http://seleniumhq.org/exceptions/no_such_element.html
Build info: version: '3.6.0', revision: '6fbf3ec767', time: '2017-09-27T15:28:36.4Z'
System info: host: 'ANVER-PC', ip: '192.168.110.124', os.name: 'Windows 7', os.arch: 'amd64', os.version: '6.1', java.version: '1.8.0_281'
Driver info: org.openqa.selenium.chrome.ChromeDriver
Capabilities [{networkConnectionEnabled=false, chrome={chromedriverVersion=91.0.4472.101 (af52a90bf87030dd1523486a1cd3ae25c5d76c9b-refs/branch-heads/4472@{#1462}), userDataDir=C:\Users\ANVER\AppData\Local\Temp\scoped_dir7392_1644775356}, timeouts={implicit=0, pageLoad=300000, script=30000}, pageLoadStrategy=normal, unhandledPromptBehavior=dismiss and notify, strictFileInteractability=false, platform=WINDOWS, proxy=Proxy(), goog:chromeOptions={debuggerAddress=localhost:56742}, acceptInsecureCerts=false, browserVersion=92.0.4515.107, browserName=chrome, javascriptEnabled=true, platformName=WINDOWS, setWindowRect=true, webauthn:extension:largeBlob=true, webauthn:virtualAuthenticators=true}]
Session ID: 4fb2d50d62f138c53de1a147c0af754a
*** Element info: {Using=xpath, value=//td[text()='Chindhu Abraham    ']/following-sibling::*[5]/a[1]}
at org.openqa.selenium.remote.http.W3CHttpResponseCodec.createException(W3CHttpResponseCodec.java:185)
at org.openqa.selenium.remote.http.W3CHttpResponseCodec.decode(W3CHttpResponseCodec.java:120)
at org.openqa.selenium.remote.http.W3CHttpResponseCodec.decode(W3CHttpResponseCodec.java:49)
at org.openqa.selenium.remote.HttpCommandExecutor.execute(HttpCommandExecutor.java:164)
at org.openqa.selenium.remote.service.DriverCommandExecutor.execute(DriverCommandExecutor.java:83)
at org.openqa.selenium.remote.RemoteWebDriver.execute(RemoteWebDriver.java:586)
at org.openqa.selenium.remote.RemoteWebDriver.findElement(RemoteWebDriver.java:356)
at org.openqa.selenium.remote.RemoteWebDriver.findElementByXPath(RemoteWebDriver.java:458)
at org.openqa.selenium.By$ByXPath.findElement(By.java:361)
at org.openqa.selenium.remote.RemoteWebDriver.findElement(RemoteWebDriver.java:348)
at org.openqa.selenium.support.pagefactory.DefaultElementLocator.findElement(DefaultElementLocator.java:69)
at org.openqa.selenium.support.pagefactory.internal.LocatingElementHandler.invoke(LocatingElementHandler.java:38)
at com.sun.proxy.$Proxy12.click(Unknown Source)
at pages7daySuperMarket.ManageUsersPage.clickOnDeleteIconInUserChindhuAbraham(ManageUsersPage.java:37)
at validationsOfManageUsersPage.DeleteAUser.deleteUserChindhuAbraham(DeleteAUser.java:24)
at java.util.concurrent.ThreadPoolExecutor.runWorker(Unknown Source)
at java.util.concurrent.ThreadPoolExecutor$Worker.run(Unknown Source)
at java.lang.Thread.run(Unknown Source)
... Removed 14 stack frames]]>
    </failure>
  </testcase> <!-- deleteUserChindhuAbraham -->
</testsuite> <!-- Test1Chrome -->
