<?xml version="1.0" encoding="UTF-8"?>
<!-- Generated by org.testng.reporters.JUnitXMLReporter -->
<testsuite hostname="ANVER-PC" ignored="0" name="Test" tests="19" failures="2" timestamp="02 Aug 2021 09:06:16 GMT" time="191.308" errors="0">
  <testcase name="VerifyUsersButtonFunctionality" time="0.01" classname="manageOrderPageValidations.ListOrdersStatus"/>
  <testcase name="verifyResetButton" time="1.67" classname="adminUsersPageValidations.VerifyResetButton"/>
  <testcase name="verifyNewUserCreate" time="2.18" classname="adminUsersPageValidations.CreateAndDeleteAUser"/>
  <testcase name="validateResetButton" time="2.481" classname="manageOrderPageValidations.verifyResetButton"/>
  <testcase name="verifynewUsers" time="2.337" classname="adminUsersPageValidations.UserCanCreateDifferentUsers"/>
  <testcase name="verifynewUsers" time="5.381" classname="adminUsersPageValidations.UserCanCreateDifferentUsers"/>
  <testcase name="verifynewUsers" time="2.126" classname="adminUsersPageValidations.UserCanCreateDifferentUsers"/>
  <testcase name="verifynewUsers" time="2.248" classname="adminUsersPageValidations.UserCanCreateDifferentUsers"/>
  <testcase name="verifynewUsers" time="2.458" classname="adminUsersPageValidations.UserCanCreateDifferentUsers"/>
  <testcase name="verifyDropDownstatusPaid" time="2.78" classname="manageOrderPageValidations.VerifySearchListOrders"/>
  <testcase name="verifySearchofOrdersInList" time="1.047" classname="manageOrderPageValidations.VerifySearchListOrders"/>
  <testcase name="verifySearchButtonInAdminUsersPage" time="2.236" classname="adminUsersPageValidations.verifySearchOfUsers"/>
  <testcase name="verifySearchButtonInAdminUsersPage" time="1.125" classname="adminUsersPageValidations.verifySearchOfUsers"/>
  <testcase name="verifySearchButtonInAdminUsersPage" time="1.195" classname="adminUsersPageValidations.verifySearchOfUsers"/>
  <testcase name="verifySearchButtonInAdminUsersPage" time="1.17" classname="adminUsersPageValidations.verifySearchOfUsers"/>
  <testcase name="verifySearchButtonInAdminUsersPage" time="1.092" classname="adminUsersPageValidations.verifySearchOfUsers"/>
  <testcase name="verifyLockUserChindhuAbraham" time="16.227" classname="manageUsersPageValidation.DeleteAUser">
    <failure type="org.openqa.selenium.NoSuchElementException" message="no such element: Unable to locate element: {&amp;quot;method&amp;quot;:&amp;quot;xpath&amp;quot;,&amp;quot;selector&amp;quot;:&amp;quot;//td[text()=&amp;apos;Chindhu Abraham					  					  &amp;apos;]/following-sibling::*[5]/a[1]&amp;quot;}
  (Session info: chrome=92.0.4515.107)
For documentation on this error, please visit: https://www.seleniumhq.org/exceptions/no_such_element.html
Build info: version: &amp;apos;3.141.59&amp;apos;, revision: &amp;apos;e82be7d358&amp;apos;, time: &amp;apos;2018-11-14T08:17:03&amp;apos;
System info: host: &amp;apos;ANVER-PC&amp;apos;, ip: &amp;apos;192.168.1.9&amp;apos;, os.name: &amp;apos;Windows 7&amp;apos;, os.arch: &amp;apos;amd64&amp;apos;, os.version: &amp;apos;6.1&amp;apos;, java.version: &amp;apos;1.8.0_281&amp;apos;
Driver info: org.openqa.selenium.chrome.ChromeDriver
Capabilities {acceptInsecureCerts: false, browserName: chrome, browserVersion: 92.0.4515.107, chrome: {chromedriverVersion: 91.0.4472.101 (af52a90bf870..., userDataDir: C:\Users\ANVER\AppData\Loca...}, goog:chromeOptions: {debuggerAddress: localhost:56245}, javascriptEnabled: true, networkConnectionEnabled: false, pageLoadStrategy: normal, platform: WINDOWS, platformName: WINDOWS, proxy: Proxy(), setWindowRect: true, strictFileInteractability: false, timeouts: {implicit: 0, pageLoad: 300000, script: 30000}, unhandledPromptBehavior: dismiss and notify, webauthn:extension:largeBlob: true, webauthn:virtualAuthenticators: true}
Session ID: a98d72cfaddc82f8f23f3b10fcac7a5b
*** Element info: {Using=xpath, value=//td[text()=&amp;apos;Chindhu Abraham					  					  &amp;apos;]/following-sibling::*[5]/a[1]}">
      <![CDATA[org.openqa.selenium.NoSuchElementException: no such element: Unable to locate element: {"method":"xpath","selector":"//td[text()='Chindhu Abraham    ']/following-sibling::*[5]/a[1]"}
  (Session info: chrome=92.0.4515.107)
For documentation on this error, please visit: https://www.seleniumhq.org/exceptions/no_such_element.html
Build info: version: '3.141.59', revision: 'e82be7d358', time: '2018-11-14T08:17:03'
System info: host: 'ANVER-PC', ip: '192.168.1.9', os.name: 'Windows 7', os.arch: 'amd64', os.version: '6.1', java.version: '1.8.0_281'
Driver info: org.openqa.selenium.chrome.ChromeDriver
Capabilities {acceptInsecureCerts: false, browserName: chrome, browserVersion: 92.0.4515.107, chrome: {chromedriverVersion: 91.0.4472.101 (af52a90bf870..., userDataDir: C:\Users\ANVER\AppData\Loca...}, goog:chromeOptions: {debuggerAddress: localhost:56245}, javascriptEnabled: true, networkConnectionEnabled: false, pageLoadStrategy: normal, platform: WINDOWS, platformName: WINDOWS, proxy: Proxy(), setWindowRect: true, strictFileInteractability: false, timeouts: {implicit: 0, pageLoad: 300000, script: 30000}, unhandledPromptBehavior: dismiss and notify, webauthn:extension:largeBlob: true, webauthn:virtualAuthenticators: true}
Session ID: a98d72cfaddc82f8f23f3b10fcac7a5b
*** Element info: {Using=xpath, value=//td[text()='Chindhu Abraham    ']/following-sibling::*[5]/a[1]}
at org.openqa.selenium.remote.http.W3CHttpResponseCodec.createException(W3CHttpResponseCodec.java:187)
at org.openqa.selenium.remote.http.W3CHttpResponseCodec.decode(W3CHttpResponseCodec.java:122)
at org.openqa.selenium.remote.http.W3CHttpResponseCodec.decode(W3CHttpResponseCodec.java:49)
at org.openqa.selenium.remote.HttpCommandExecutor.execute(HttpCommandExecutor.java:158)
at org.openqa.selenium.remote.service.DriverCommandExecutor.execute(DriverCommandExecutor.java:83)
at org.openqa.selenium.remote.RemoteWebDriver.execute(RemoteWebDriver.java:552)
at org.openqa.selenium.remote.RemoteWebDriver.findElement(RemoteWebDriver.java:323)
at org.openqa.selenium.remote.RemoteWebDriver.findElementByXPath(RemoteWebDriver.java:428)
at org.openqa.selenium.By$ByXPath.findElement(By.java:353)
at org.openqa.selenium.remote.RemoteWebDriver.findElement(RemoteWebDriver.java:315)
at org.openqa.selenium.support.pagefactory.DefaultElementLocator.findElement(DefaultElementLocator.java:69)
at org.openqa.selenium.support.pagefactory.internal.LocatingElementHandler.invoke(LocatingElementHandler.java:38)
at com.sun.proxy.$Proxy11.click(Unknown Source)
at pages7daySuperMarket.ManageUsersPage.clickonLockOfUserChIndhuAbraham(ManageUsersPage.java:42)
at manageUsersPageValidation.DeleteAUser.verifyLockUserChindhuAbraham(DeleteAUser.java:16)
... Removed 29 stack frames]]>
    </failure>
  </testcase> <!-- verifyLockUserChindhuAbraham -->
  <testcase name="verifyDeleteOfUser" time="3.773" classname="adminUsersPageValidations.CreateAndDeleteAUser"/>
  <testcase name="deleteUserChindhuAbraham" time="15.06" classname="manageUsersPageValidation.DeleteAUser">
    <failure type="org.openqa.selenium.NoSuchElementException" message="no such element: Unable to locate element: {&amp;quot;method&amp;quot;:&amp;quot;xpath&amp;quot;,&amp;quot;selector&amp;quot;:&amp;quot;//td[text()=&amp;apos;Chindhu Abraham					  					  &amp;apos;]/following-sibling::*[5]/a[1]&amp;quot;}
  (Session info: chrome=92.0.4515.107)
For documentation on this error, please visit: https://www.seleniumhq.org/exceptions/no_such_element.html
Build info: version: &amp;apos;3.141.59&amp;apos;, revision: &amp;apos;e82be7d358&amp;apos;, time: &amp;apos;2018-11-14T08:17:03&amp;apos;
System info: host: &amp;apos;ANVER-PC&amp;apos;, ip: &amp;apos;192.168.1.9&amp;apos;, os.name: &amp;apos;Windows 7&amp;apos;, os.arch: &amp;apos;amd64&amp;apos;, os.version: &amp;apos;6.1&amp;apos;, java.version: &amp;apos;1.8.0_281&amp;apos;
Driver info: org.openqa.selenium.chrome.ChromeDriver
Capabilities {acceptInsecureCerts: false, browserName: chrome, browserVersion: 92.0.4515.107, chrome: {chromedriverVersion: 91.0.4472.101 (af52a90bf870..., userDataDir: C:\Users\ANVER\AppData\Loca...}, goog:chromeOptions: {debuggerAddress: localhost:56245}, javascriptEnabled: true, networkConnectionEnabled: false, pageLoadStrategy: normal, platform: WINDOWS, platformName: WINDOWS, proxy: Proxy(), setWindowRect: true, strictFileInteractability: false, timeouts: {implicit: 0, pageLoad: 300000, script: 30000}, unhandledPromptBehavior: dismiss and notify, webauthn:extension:largeBlob: true, webauthn:virtualAuthenticators: true}
Session ID: a98d72cfaddc82f8f23f3b10fcac7a5b
*** Element info: {Using=xpath, value=//td[text()=&amp;apos;Chindhu Abraham					  					  &amp;apos;]/following-sibling::*[5]/a[1]}">
      <![CDATA[org.openqa.selenium.NoSuchElementException: no such element: Unable to locate element: {"method":"xpath","selector":"//td[text()='Chindhu Abraham    ']/following-sibling::*[5]/a[1]"}
  (Session info: chrome=92.0.4515.107)
For documentation on this error, please visit: https://www.seleniumhq.org/exceptions/no_such_element.html
Build info: version: '3.141.59', revision: 'e82be7d358', time: '2018-11-14T08:17:03'
System info: host: 'ANVER-PC', ip: '192.168.1.9', os.name: 'Windows 7', os.arch: 'amd64', os.version: '6.1', java.version: '1.8.0_281'
Driver info: org.openqa.selenium.chrome.ChromeDriver
Capabilities {acceptInsecureCerts: false, browserName: chrome, browserVersion: 92.0.4515.107, chrome: {chromedriverVersion: 91.0.4472.101 (af52a90bf870..., userDataDir: C:\Users\ANVER\AppData\Loca...}, goog:chromeOptions: {debuggerAddress: localhost:56245}, javascriptEnabled: true, networkConnectionEnabled: false, pageLoadStrategy: normal, platform: WINDOWS, platformName: WINDOWS, proxy: Proxy(), setWindowRect: true, strictFileInteractability: false, timeouts: {implicit: 0, pageLoad: 300000, script: 30000}, unhandledPromptBehavior: dismiss and notify, webauthn:extension:largeBlob: true, webauthn:virtualAuthenticators: true}
Session ID: a98d72cfaddc82f8f23f3b10fcac7a5b
*** Element info: {Using=xpath, value=//td[text()='Chindhu Abraham    ']/following-sibling::*[5]/a[1]}
at org.openqa.selenium.remote.http.W3CHttpResponseCodec.createException(W3CHttpResponseCodec.java:187)
at org.openqa.selenium.remote.http.W3CHttpResponseCodec.decode(W3CHttpResponseCodec.java:122)
at org.openqa.selenium.remote.http.W3CHttpResponseCodec.decode(W3CHttpResponseCodec.java:49)
at org.openqa.selenium.remote.HttpCommandExecutor.execute(HttpCommandExecutor.java:158)
at org.openqa.selenium.remote.service.DriverCommandExecutor.execute(DriverCommandExecutor.java:83)
at org.openqa.selenium.remote.RemoteWebDriver.execute(RemoteWebDriver.java:552)
at org.openqa.selenium.remote.RemoteWebDriver.findElement(RemoteWebDriver.java:323)
at org.openqa.selenium.remote.RemoteWebDriver.findElementByXPath(RemoteWebDriver.java:428)
at org.openqa.selenium.By$ByXPath.findElement(By.java:353)
at org.openqa.selenium.remote.RemoteWebDriver.findElement(RemoteWebDriver.java:315)
at org.openqa.selenium.support.pagefactory.DefaultElementLocator.findElement(DefaultElementLocator.java:69)
at org.openqa.selenium.support.pagefactory.internal.LocatingElementHandler.invoke(LocatingElementHandler.java:38)
at com.sun.proxy.$Proxy11.click(Unknown Source)
at pages7daySuperMarket.ManageUsersPage.clickOnDeleteIconInUserChindhuAbraham(ManageUsersPage.java:37)
at manageUsersPageValidation.DeleteAUser.deleteUserChindhuAbraham(DeleteAUser.java:26)
... Removed 29 stack frames]]>
    </failure>
  </testcase> <!-- deleteUserChindhuAbraham -->
</testsuite> <!-- Test -->
