<html>
<head>
<title>TestNG:  Test</title>
<link href="../testng.css" rel="stylesheet" type="text/css" />
<link href="../my-testng.css" rel="stylesheet" type="text/css" />

<style type="text/css">
.log { display: none;} 
.stack-trace { display: none;} 
</style>
<script type="text/javascript">
<!--
function flip(e) {
  current = e.style.display;
  if (current == 'block') {
    e.style.display = 'none';
    return 0;
  }
  else {
    e.style.display = 'block';
    return 1;
  }
}

function toggleBox(szDivId, elem, msg1, msg2)
{
  var res = -1;  if (document.getElementById) {
    res = flip(document.getElementById(szDivId));
  }
  else if (document.all) {
    // this is the way old msie versions work
    res = flip(document.all[szDivId]);
  }
  if(elem) {
    if(res == 0) elem.innerHTML = msg1; else elem.innerHTML = msg2;
  }

}

function toggleAllBoxes() {
  if (document.getElementsByTagName) {
    d = document.getElementsByTagName('div');
    for (i = 0; i < d.length; i++) {
      if (d[i].className == 'log') {
        flip(d[i]);
      }
    }
  }
}

// -->
</script>

</head>
<body>
<h2 align='center'>Test</h2><table border='1' align="center">
<tr>
<td>Tests passed/Failed/Skipped:</td><td>17/2/0</td>
</tr><tr>
<td>Started on:</td><td>Mon Aug 02 14:33:04 IST 2021</td>
</tr>
<tr><td>Total time:</td><td>191 seconds (191308 ms)</td>
</tr><tr>
<td>Included groups:</td><td></td>
</tr><tr>
<td>Excluded groups:</td><td></td>
</tr>
</table><p/>
<small><i>(Hover the method name to see the test class name)</i></small><p/>
<table width='100%' border='1' class='invocation-failed'>
<tr><td colspan='4' align='center'><b>FAILED TESTS</b></td></tr>
<tr><td><b>Test method</b></td>
<td width="30%"><b>Exception</b></td>
<td width="10%"><b>Time (seconds)</b></td>
<td><b>Instance</b></td>
</tr>
<tr>
<td title='manageUsersPageValidation.DeleteAUser.deleteUserChindhuAbraham()'><b>deleteUserChindhuAbraham</b><br>Test class: manageUsersPageValidation.DeleteAUser</td>
<td><div><pre>org.openqa.selenium.NoSuchElementException: no such element: Unable to locate element: {&quot;method&quot;:&quot;xpath&quot;,&quot;selector&quot;:&quot;//td[text()=&apos;Chindhu Abraham					  					  &apos;]/following-sibling::*[5]/a[1]&quot;}
  (Session info: chrome=92.0.4515.107)
For documentation on this error, please visit: https://www.seleniumhq.org/exceptions/no_such_element.html
Build info: version: &apos;3.141.59&apos;, revision: &apos;e82be7d358&apos;, time: &apos;2018-11-14T08:17:03&apos;
System info: host: &apos;ANVER-PC&apos;, ip: &apos;192.168.1.9&apos;, os.name: &apos;Windows 7&apos;, os.arch: &apos;amd64&apos;, os.version: &apos;6.1&apos;, java.version: &apos;1.8.0_281&apos;
Driver info: org.openqa.selenium.chrome.ChromeDriver
Capabilities {acceptInsecureCerts: false, browserName: chrome, browserVersion: 92.0.4515.107, chrome: {chromedriverVersion: 91.0.4472.101 (af52a90bf870..., userDataDir: C:\Users\ANVER\AppData\Loca...}, goog:chromeOptions: {debuggerAddress: localhost:56245}, javascriptEnabled: true, networkConnectionEnabled: false, pageLoadStrategy: normal, platform: WINDOWS, platformName: WINDOWS, proxy: Proxy(), setWindowRect: true, strictFileInteractability: false, timeouts: {implicit: 0, pageLoad: 300000, script: 30000}, unhandledPromptBehavior: dismiss and notify, webauthn:extension:largeBlob: true, webauthn:virtualAuthenticators: true}
Session ID: a98d72cfaddc82f8f23f3b10fcac7a5b
*** Element info: {Using=xpath, value=//td[text()=&apos;Chindhu Abraham					  					  &apos;]/following-sibling::*[5]/a[1]}
	at org.openqa.selenium.remote.http.W3CHttpResponseCodec.createException(W3CHttpResponseCodec.java:187)
	at org.openqa.selenium.remote.http.W3CHttpResponseCodec.decode(W3CHttpResponseCodec.java:122)
	at org.openqa.selenium.remote.http.W3CHttpResponseCodec.decode(W3CHttpResponseCodec.java:49)
	at org.openqa.selenium.remote.HttpCommandExecutor.execute(HttpCommandExecutor.java:158)
	at org.openqa.selenium.remote.service.DriverCommandExecutor.execute(DriverCommandExecutor.java:83)
	at org.openqa.selenium.remote.RemoteWebDriver.execute(RemoteWebDriver.java:552)
	at org.openqa.selenium.remote.RemoteWebDriver.findElement(RemoteWebDriver.java:323)
	at org.openqa.selenium.remote.RemoteWebDriver.findElementByXPath(RemoteWebDriver.java:428)
	at org.openqa.selenium.By$ByXPath.findElement(By.java:353)
	at org.openqa.selenium.remote.RemoteWebDriver.findElement(RemoteWebDriver.java:315)
	at org.openqa.selenium.support.pagefactory.DefaultElementLocator.findElement(DefaultElementLocator.java:69)
	at org.openqa.selenium.support.pagefactory.internal.LocatingElementHandler.invoke(LocatingElementHandler.java:38)
	at com.sun.proxy.$Proxy11.click(Unknown Source)
	at pages7daySuperMarket.ManageUsersPage.clickOnDeleteIconInUserChindhuAbraham(ManageUsersPage.java:37)
	at manageUsersPageValidation.DeleteAUser.deleteUserChindhuAbraham(DeleteAUser.java:26)
... Removed 29 stack frames</pre></div><a href='#' onClick='toggleBox("stack-trace315748820", this, "Click to show all stack frames", "Click to hide stack frames")'>Click to show all stack frames</a>
<div class='stack-trace' id='stack-trace315748820'><pre>org.openqa.selenium.NoSuchElementException: no such element: Unable to locate element: {&quot;method&quot;:&quot;xpath&quot;,&quot;selector&quot;:&quot;//td[text()=&apos;Chindhu Abraham					  					  &apos;]/following-sibling::*[5]/a[1]&quot;}
  (Session info: chrome=92.0.4515.107)
For documentation on this error, please visit: https://www.seleniumhq.org/exceptions/no_such_element.html
Build info: version: &apos;3.141.59&apos;, revision: &apos;e82be7d358&apos;, time: &apos;2018-11-14T08:17:03&apos;
System info: host: &apos;ANVER-PC&apos;, ip: &apos;192.168.1.9&apos;, os.name: &apos;Windows 7&apos;, os.arch: &apos;amd64&apos;, os.version: &apos;6.1&apos;, java.version: &apos;1.8.0_281&apos;
Driver info: org.openqa.selenium.chrome.ChromeDriver
Capabilities {acceptInsecureCerts: false, browserName: chrome, browserVersion: 92.0.4515.107, chrome: {chromedriverVersion: 91.0.4472.101 (af52a90bf870..., userDataDir: C:\Users\ANVER\AppData\Loca...}, goog:chromeOptions: {debuggerAddress: localhost:56245}, javascriptEnabled: true, networkConnectionEnabled: false, pageLoadStrategy: normal, platform: WINDOWS, platformName: WINDOWS, proxy: Proxy(), setWindowRect: true, strictFileInteractability: false, timeouts: {implicit: 0, pageLoad: 300000, script: 30000}, unhandledPromptBehavior: dismiss and notify, webauthn:extension:largeBlob: true, webauthn:virtualAuthenticators: true}
Session ID: a98d72cfaddc82f8f23f3b10fcac7a5b
*** Element info: {Using=xpath, value=//td[text()=&apos;Chindhu Abraham					  					  &apos;]/following-sibling::*[5]/a[1]}
	at sun.reflect.NativeConstructorAccessorImpl.newInstance0(Native Method)
	at sun.reflect.NativeConstructorAccessorImpl.newInstance(Unknown Source)
	at sun.reflect.DelegatingConstructorAccessorImpl.newInstance(Unknown Source)
	at java.lang.reflect.Constructor.newInstance(Unknown Source)
	at org.openqa.selenium.remote.http.W3CHttpResponseCodec.createException(W3CHttpResponseCodec.java:187)
	at org.openqa.selenium.remote.http.W3CHttpResponseCodec.decode(W3CHttpResponseCodec.java:122)
	at org.openqa.selenium.remote.http.W3CHttpResponseCodec.decode(W3CHttpResponseCodec.java:49)
	at org.openqa.selenium.remote.HttpCommandExecutor.execute(HttpCommandExecutor.java:158)
	at org.openqa.selenium.remote.service.DriverCommandExecutor.execute(DriverCommandExecutor.java:83)
	at org.openqa.selenium.remote.RemoteWebDriver.execute(RemoteWebDriver.java:552)
	at org.openqa.selenium.remote.RemoteWebDriver.findElement(RemoteWebDriver.java:323)
	at org.openqa.selenium.remote.RemoteWebDriver.findElementByXPath(RemoteWebDriver.java:428)
	at org.openqa.selenium.By$ByXPath.findElement(By.java:353)
	at org.openqa.selenium.remote.RemoteWebDriver.findElement(RemoteWebDriver.java:315)
	at org.openqa.selenium.support.pagefactory.DefaultElementLocator.findElement(DefaultElementLocator.java:69)
	at org.openqa.selenium.support.pagefactory.internal.LocatingElementHandler.invoke(LocatingElementHandler.java:38)
	at com.sun.proxy.$Proxy11.click(Unknown Source)
	at pages7daySuperMarket.ManageUsersPage.clickOnDeleteIconInUserChindhuAbraham(ManageUsersPage.java:37)
	at manageUsersPageValidation.DeleteAUser.deleteUserChindhuAbraham(DeleteAUser.java:26)
	at sun.reflect.NativeMethodAccessorImpl.invoke0(Native Method)
	at sun.reflect.NativeMethodAccessorImpl.invoke(Unknown Source)
	at sun.reflect.DelegatingMethodAccessorImpl.invoke(Unknown Source)
	at java.lang.reflect.Method.invoke(Unknown Source)
	at org.testng.internal.MethodInvocationHelper.invokeMethod(MethodInvocationHelper.java:124)
	at org.testng.internal.Invoker.invokeMethod(Invoker.java:583)
	at org.testng.internal.Invoker.invokeTestMethod(Invoker.java:719)
	at org.testng.internal.Invoker.invokeTestMethods(Invoker.java:989)
	at org.testng.internal.TestMethodWorker.invokeTestMethods(TestMethodWorker.java:125)
	at org.testng.internal.TestMethodWorker.run(TestMethodWorker.java:109)
	at org.testng.TestRunner.privateRun(TestRunner.java:648)
	at org.testng.TestRunner.run(TestRunner.java:505)
	at org.testng.SuiteRunner.runTest(SuiteRunner.java:455)
	at org.testng.SuiteRunner.runSequentially(SuiteRunner.java:450)
	at org.testng.SuiteRunner.privateRun(SuiteRunner.java:415)
	at org.testng.SuiteRunner.run(SuiteRunner.java:364)
	at org.testng.SuiteRunnerWorker.runSuite(SuiteRunnerWorker.java:52)
	at org.testng.SuiteRunnerWorker.run(SuiteRunnerWorker.java:84)
	at org.testng.TestNG.runSuitesSequentially(TestNG.java:1208)
	at org.testng.TestNG.runSuitesLocally(TestNG.java:1137)
	at org.testng.TestNG.runSuites(TestNG.java:1049)
	at org.testng.TestNG.run(TestNG.java:1017)
	at org.testng.remote.AbstractRemoteTestNG.run(AbstractRemoteTestNG.java:114)
	at org.testng.remote.RemoteTestNG.initAndRun(RemoteTestNG.java:251)
	at org.testng.remote.RemoteTestNG.main(RemoteTestNG.java:77)
</pre></div></td>
<td>15</td>
<td>manageUsersPageValidation.DeleteAUser@57fffcd7</td></tr>
<tr>
<td title='manageUsersPageValidation.DeleteAUser.verifyLockUserChindhuAbraham()'><b>verifyLockUserChindhuAbraham</b><br>Test class: manageUsersPageValidation.DeleteAUser</td>
<td><div><pre>org.openqa.selenium.NoSuchElementException: no such element: Unable to locate element: {&quot;method&quot;:&quot;xpath&quot;,&quot;selector&quot;:&quot;//td[text()=&apos;Chindhu Abraham					  					  &apos;]/following-sibling::*[5]/a[1]&quot;}
  (Session info: chrome=92.0.4515.107)
For documentation on this error, please visit: https://www.seleniumhq.org/exceptions/no_such_element.html
Build info: version: &apos;3.141.59&apos;, revision: &apos;e82be7d358&apos;, time: &apos;2018-11-14T08:17:03&apos;
System info: host: &apos;ANVER-PC&apos;, ip: &apos;192.168.1.9&apos;, os.name: &apos;Windows 7&apos;, os.arch: &apos;amd64&apos;, os.version: &apos;6.1&apos;, java.version: &apos;1.8.0_281&apos;
Driver info: org.openqa.selenium.chrome.ChromeDriver
Capabilities {acceptInsecureCerts: false, browserName: chrome, browserVersion: 92.0.4515.107, chrome: {chromedriverVersion: 91.0.4472.101 (af52a90bf870..., userDataDir: C:\Users\ANVER\AppData\Loca...}, goog:chromeOptions: {debuggerAddress: localhost:56245}, javascriptEnabled: true, networkConnectionEnabled: false, pageLoadStrategy: normal, platform: WINDOWS, platformName: WINDOWS, proxy: Proxy(), setWindowRect: true, strictFileInteractability: false, timeouts: {implicit: 0, pageLoad: 300000, script: 30000}, unhandledPromptBehavior: dismiss and notify, webauthn:extension:largeBlob: true, webauthn:virtualAuthenticators: true}
Session ID: a98d72cfaddc82f8f23f3b10fcac7a5b
*** Element info: {Using=xpath, value=//td[text()=&apos;Chindhu Abraham					  					  &apos;]/following-sibling::*[5]/a[1]}
	at org.openqa.selenium.remote.http.W3CHttpResponseCodec.createException(W3CHttpResponseCodec.java:187)
	at org.openqa.selenium.remote.http.W3CHttpResponseCodec.decode(W3CHttpResponseCodec.java:122)
	at org.openqa.selenium.remote.http.W3CHttpResponseCodec.decode(W3CHttpResponseCodec.java:49)
	at org.openqa.selenium.remote.HttpCommandExecutor.execute(HttpCommandExecutor.java:158)
	at org.openqa.selenium.remote.service.DriverCommandExecutor.execute(DriverCommandExecutor.java:83)
	at org.openqa.selenium.remote.RemoteWebDriver.execute(RemoteWebDriver.java:552)
	at org.openqa.selenium.remote.RemoteWebDriver.findElement(RemoteWebDriver.java:323)
	at org.openqa.selenium.remote.RemoteWebDriver.findElementByXPath(RemoteWebDriver.java:428)
	at org.openqa.selenium.By$ByXPath.findElement(By.java:353)
	at org.openqa.selenium.remote.RemoteWebDriver.findElement(RemoteWebDriver.java:315)
	at org.openqa.selenium.support.pagefactory.DefaultElementLocator.findElement(DefaultElementLocator.java:69)
	at org.openqa.selenium.support.pagefactory.internal.LocatingElementHandler.invoke(LocatingElementHandler.java:38)
	at com.sun.proxy.$Proxy11.click(Unknown Source)
	at pages7daySuperMarket.ManageUsersPage.clickonLockOfUserChIndhuAbraham(ManageUsersPage.java:42)
	at manageUsersPageValidation.DeleteAUser.verifyLockUserChindhuAbraham(DeleteAUser.java:16)
... Removed 29 stack frames</pre></div><a href='#' onClick='toggleBox("stack-trace1223399478", this, "Click to show all stack frames", "Click to hide stack frames")'>Click to show all stack frames</a>
<div class='stack-trace' id='stack-trace1223399478'><pre>org.openqa.selenium.NoSuchElementException: no such element: Unable to locate element: {&quot;method&quot;:&quot;xpath&quot;,&quot;selector&quot;:&quot;//td[text()=&apos;Chindhu Abraham					  					  &apos;]/following-sibling::*[5]/a[1]&quot;}
  (Session info: chrome=92.0.4515.107)
For documentation on this error, please visit: https://www.seleniumhq.org/exceptions/no_such_element.html
Build info: version: &apos;3.141.59&apos;, revision: &apos;e82be7d358&apos;, time: &apos;2018-11-14T08:17:03&apos;
System info: host: &apos;ANVER-PC&apos;, ip: &apos;192.168.1.9&apos;, os.name: &apos;Windows 7&apos;, os.arch: &apos;amd64&apos;, os.version: &apos;6.1&apos;, java.version: &apos;1.8.0_281&apos;
Driver info: org.openqa.selenium.chrome.ChromeDriver
Capabilities {acceptInsecureCerts: false, browserName: chrome, browserVersion: 92.0.4515.107, chrome: {chromedriverVersion: 91.0.4472.101 (af52a90bf870..., userDataDir: C:\Users\ANVER\AppData\Loca...}, goog:chromeOptions: {debuggerAddress: localhost:56245}, javascriptEnabled: true, networkConnectionEnabled: false, pageLoadStrategy: normal, platform: WINDOWS, platformName: WINDOWS, proxy: Proxy(), setWindowRect: true, strictFileInteractability: false, timeouts: {implicit: 0, pageLoad: 300000, script: 30000}, unhandledPromptBehavior: dismiss and notify, webauthn:extension:largeBlob: true, webauthn:virtualAuthenticators: true}
Session ID: a98d72cfaddc82f8f23f3b10fcac7a5b
*** Element info: {Using=xpath, value=//td[text()=&apos;Chindhu Abraham					  					  &apos;]/following-sibling::*[5]/a[1]}
	at sun.reflect.NativeConstructorAccessorImpl.newInstance0(Native Method)
	at sun.reflect.NativeConstructorAccessorImpl.newInstance(Unknown Source)
	at sun.reflect.DelegatingConstructorAccessorImpl.newInstance(Unknown Source)
	at java.lang.reflect.Constructor.newInstance(Unknown Source)
	at org.openqa.selenium.remote.http.W3CHttpResponseCodec.createException(W3CHttpResponseCodec.java:187)
	at org.openqa.selenium.remote.http.W3CHttpResponseCodec.decode(W3CHttpResponseCodec.java:122)
	at org.openqa.selenium.remote.http.W3CHttpResponseCodec.decode(W3CHttpResponseCodec.java:49)
	at org.openqa.selenium.remote.HttpCommandExecutor.execute(HttpCommandExecutor.java:158)
	at org.openqa.selenium.remote.service.DriverCommandExecutor.execute(DriverCommandExecutor.java:83)
	at org.openqa.selenium.remote.RemoteWebDriver.execute(RemoteWebDriver.java:552)
	at org.openqa.selenium.remote.RemoteWebDriver.findElement(RemoteWebDriver.java:323)
	at org.openqa.selenium.remote.RemoteWebDriver.findElementByXPath(RemoteWebDriver.java:428)
	at org.openqa.selenium.By$ByXPath.findElement(By.java:353)
	at org.openqa.selenium.remote.RemoteWebDriver.findElement(RemoteWebDriver.java:315)
	at org.openqa.selenium.support.pagefactory.DefaultElementLocator.findElement(DefaultElementLocator.java:69)
	at org.openqa.selenium.support.pagefactory.internal.LocatingElementHandler.invoke(LocatingElementHandler.java:38)
	at com.sun.proxy.$Proxy11.click(Unknown Source)
	at pages7daySuperMarket.ManageUsersPage.clickonLockOfUserChIndhuAbraham(ManageUsersPage.java:42)
	at manageUsersPageValidation.DeleteAUser.verifyLockUserChindhuAbraham(DeleteAUser.java:16)
	at sun.reflect.NativeMethodAccessorImpl.invoke0(Native Method)
	at sun.reflect.NativeMethodAccessorImpl.invoke(Unknown Source)
	at sun.reflect.DelegatingMethodAccessorImpl.invoke(Unknown Source)
	at java.lang.reflect.Method.invoke(Unknown Source)
	at org.testng.internal.MethodInvocationHelper.invokeMethod(MethodInvocationHelper.java:124)
	at org.testng.internal.Invoker.invokeMethod(Invoker.java:583)
	at org.testng.internal.Invoker.invokeTestMethod(Invoker.java:719)
	at org.testng.internal.Invoker.invokeTestMethods(Invoker.java:989)
	at org.testng.internal.TestMethodWorker.invokeTestMethods(TestMethodWorker.java:125)
	at org.testng.internal.TestMethodWorker.run(TestMethodWorker.java:109)
	at org.testng.TestRunner.privateRun(TestRunner.java:648)
	at org.testng.TestRunner.run(TestRunner.java:505)
	at org.testng.SuiteRunner.runTest(SuiteRunner.java:455)
	at org.testng.SuiteRunner.runSequentially(SuiteRunner.java:450)
	at org.testng.SuiteRunner.privateRun(SuiteRunner.java:415)
	at org.testng.SuiteRunner.run(SuiteRunner.java:364)
	at org.testng.SuiteRunnerWorker.runSuite(SuiteRunnerWorker.java:52)
	at org.testng.SuiteRunnerWorker.run(SuiteRunnerWorker.java:84)
	at org.testng.TestNG.runSuitesSequentially(TestNG.java:1208)
	at org.testng.TestNG.runSuitesLocally(TestNG.java:1137)
	at org.testng.TestNG.runSuites(TestNG.java:1049)
	at org.testng.TestNG.run(TestNG.java:1017)
	at org.testng.remote.AbstractRemoteTestNG.run(AbstractRemoteTestNG.java:114)
	at org.testng.remote.RemoteTestNG.initAndRun(RemoteTestNG.java:251)
	at org.testng.remote.RemoteTestNG.main(RemoteTestNG.java:77)
</pre></div></td>
<td>16</td>
<td>manageUsersPageValidation.DeleteAUser@57fffcd7</td></tr>
</table><p>
<table width='100%' border='1' class='invocation-passed'>
<tr><td colspan='4' align='center'><b>PASSED TESTS</b></td></tr>
<tr><td><b>Test method</b></td>
<td width="30%"><b>Exception</b></td>
<td width="10%"><b>Time (seconds)</b></td>
<td><b>Instance</b></td>
</tr>
<tr>
<td title='manageOrderPageValidations.ListOrdersStatus.VerifyUsersButtonFunctionality()'><b>VerifyUsersButtonFunctionality</b><br>Test class: manageOrderPageValidations.ListOrdersStatus</td>
<td></td>
<td>0</td>
<td>manageOrderPageValidations.ListOrdersStatus@4dfa3a9d</td></tr>
<tr>
<td title='manageOrderPageValidations.verifyResetButton.validateResetButton()'><b>validateResetButton</b><br>Test class: manageOrderPageValidations.verifyResetButton</td>
<td></td>
<td>2</td>
<td>manageOrderPageValidations.verifyResetButton@f6c48ac</td></tr>
<tr>
<td title='adminUsersPageValidations.CreateAndDeleteAUser.verifyDeleteOfUser()'><b>verifyDeleteOfUser</b><br>Test class: adminUsersPageValidations.CreateAndDeleteAUser</td>
<td></td>
<td>3</td>
<td>adminUsersPageValidations.CreateAndDeleteAUser@464bee09</td></tr>
<tr>
<td title='manageOrderPageValidations.VerifySearchListOrders.verifyDropDownstatusPaid()'><b>verifyDropDownstatusPaid</b><br>Test class: manageOrderPageValidations.VerifySearchListOrders</td>
<td></td>
<td>2</td>
<td>manageOrderPageValidations.VerifySearchListOrders@239963d8</td></tr>
<tr>
<td title='adminUsersPageValidations.CreateAndDeleteAUser.verifyNewUserCreate()'><b>verifyNewUserCreate</b><br>Test class: adminUsersPageValidations.CreateAndDeleteAUser</td>
<td></td>
<td>2</td>
<td>adminUsersPageValidations.CreateAndDeleteAUser@464bee09</td></tr>
<tr>
<td title='adminUsersPageValidations.VerifyResetButton.verifyResetButton()'><b>verifyResetButton</b><br>Test class: adminUsersPageValidations.VerifyResetButton</td>
<td></td>
<td>1</td>
<td>adminUsersPageValidations.VerifyResetButton@6eebc39e</td></tr>
<tr>
<td title='adminUsersPageValidations.verifySearchOfUsers.verifySearchButtonInAdminUsersPage()'><b>verifySearchButtonInAdminUsersPage</b><br>Test class: adminUsersPageValidations.verifySearchOfUsers<br>Parameters: fathima_273484, 123456, Admin</td>
<td></td>
<td>2</td>
<td>adminUsersPageValidations.verifySearchOfUsers@3abbfa04</td></tr>
<tr>
<td title='adminUsersPageValidations.verifySearchOfUsers.verifySearchButtonInAdminUsersPage()'><b>verifySearchButtonInAdminUsersPage</b><br>Test class: adminUsersPageValidations.verifySearchOfUsers<br>Parameters: fathima_4363743, 654321, Partner</td>
<td></td>
<td>1</td>
<td>adminUsersPageValidations.verifySearchOfUsers@3abbfa04</td></tr>
<tr>
<td title='adminUsersPageValidations.verifySearchOfUsers.verifySearchButtonInAdminUsersPage()'><b>verifySearchButtonInAdminUsersPage</b><br>Test class: adminUsersPageValidations.verifySearchOfUsers<br>Parameters: fathima_6533424, 678905, Staff</td>
<td></td>
<td>1</td>
<td>adminUsersPageValidations.verifySearchOfUsers@3abbfa04</td></tr>
<tr>
<td title='adminUsersPageValidations.verifySearchOfUsers.verifySearchButtonInAdminUsersPage()'><b>verifySearchButtonInAdminUsersPage</b><br>Test class: adminUsersPageValidations.verifySearchOfUsers<br>Parameters: fathima_842626, 987654, Admin</td>
<td></td>
<td>1</td>
<td>adminUsersPageValidations.verifySearchOfUsers@3abbfa04</td></tr>
<tr>
<td title='adminUsersPageValidations.verifySearchOfUsers.verifySearchButtonInAdminUsersPage()'><b>verifySearchButtonInAdminUsersPage</b><br>Test class: adminUsersPageValidations.verifySearchOfUsers<br>Parameters: fathima_9242136, 456789, Delivery Boy</td>
<td></td>
<td>1</td>
<td>adminUsersPageValidations.verifySearchOfUsers@3abbfa04</td></tr>
<tr>
<td title='manageOrderPageValidations.VerifySearchListOrders.verifySearchofOrdersInList()'><b>verifySearchofOrdersInList</b><br>Test class: manageOrderPageValidations.VerifySearchListOrders</td>
<td></td>
<td>1</td>
<td>manageOrderPageValidations.VerifySearchListOrders@239963d8</td></tr>
<tr>
<td title='adminUsersPageValidations.UserCanCreateDifferentUsers.verifynewUsers()'><b>verifynewUsers</b><br>Test class: adminUsersPageValidations.UserCanCreateDifferentUsers<br>Parameters: fathima_6585741, 123456, Admin</td>
<td></td>
<td>2</td>
<td>adminUsersPageValidations.UserCanCreateDifferentUsers@13deb50e</td></tr>
<tr>
<td title='adminUsersPageValidations.UserCanCreateDifferentUsers.verifynewUsers()'><b>verifynewUsers</b><br>Test class: adminUsersPageValidations.UserCanCreateDifferentUsers<br>Parameters: fathima_7622404, 654321, Partner</td>
<td></td>
<td>5</td>
<td>adminUsersPageValidations.UserCanCreateDifferentUsers@13deb50e</td></tr>
<tr>
<td title='adminUsersPageValidations.UserCanCreateDifferentUsers.verifynewUsers()'><b>verifynewUsers</b><br>Test class: adminUsersPageValidations.UserCanCreateDifferentUsers<br>Parameters: fathima_6698262, 678905, Staff</td>
<td></td>
<td>2</td>
<td>adminUsersPageValidations.UserCanCreateDifferentUsers@13deb50e</td></tr>
<tr>
<td title='adminUsersPageValidations.UserCanCreateDifferentUsers.verifynewUsers()'><b>verifynewUsers</b><br>Test class: adminUsersPageValidations.UserCanCreateDifferentUsers<br>Parameters: fathima_5839078, 987654, Admin</td>
<td></td>
<td>2</td>
<td>adminUsersPageValidations.UserCanCreateDifferentUsers@13deb50e</td></tr>
<tr>
<td title='adminUsersPageValidations.UserCanCreateDifferentUsers.verifynewUsers()'><b>verifynewUsers</b><br>Test class: adminUsersPageValidations.UserCanCreateDifferentUsers<br>Parameters: fathima_14659, 456789, Delivery Boy</td>
<td></td>
<td>2</td>
<td>adminUsersPageValidations.UserCanCreateDifferentUsers@13deb50e</td></tr>
</table><p>
</body>
</html>