<?xml version="1.0" encoding="UTF-8"?>
<!-- Generated by org.testng.reporters.JUnitXMLReporter -->
<testsuite hostname="ANVER-PC" ignored="0" name="validationsOfAdminUsersPage" tests="3" failures="3" timestamp="08 Aug 2021 10:31:42 GMT" time="0.315" errors="0">
  <testcase name="isAdminImageDisplayed" time="0.112" classname="validationsOfDashBoardPage.DashBoardPageTest">
    <failure type="java.lang.NullPointerException">
      <![CDATA[java.lang.NullPointerException
at org.openqa.selenium.support.pagefactory.DefaultElementLocator.findElement(DefaultElementLocator.java:69)
at org.openqa.selenium.support.pagefactory.internal.LocatingElementHandler.invoke(LocatingElementHandler.java:38)
at com.sun.proxy.$Proxy12.isDisplayed(Unknown Source)
at pages7daySuperMarket.DashBoardPage.adminImageDisplayed(DashBoardPage.java:31)
at validationsOfDashBoardPage.DashBoardPageTest.isAdminImageDisplayed(DashBoardPageTest.java:15)
at java.util.concurrent.ThreadPoolExecutor.runWorker(Unknown Source)
at java.util.concurrent.ThreadPoolExecutor$Worker.run(Unknown Source)
at java.lang.Thread.run(Unknown Source)
... Removed 10 stack frames]]>
    </failure>
  </testcase> <!-- isAdminImageDisplayed -->
  <testcase name="verifyNewUserCreate" time="0.16" classname="validationsOfAdminUsersPage.CreateAndDeleteAUser">
    <failure type="java.lang.NullPointerException">
      <![CDATA[java.lang.NullPointerException
at org.openqa.selenium.support.pagefactory.DefaultElementLocator.findElement(DefaultElementLocator.java:69)
at org.openqa.selenium.support.pagefactory.internal.LocatingElementHandler.invoke(LocatingElementHandler.java:38)
at com.sun.proxy.$Proxy12.click(Unknown Source)
at pages7daySuperMarket.AdminUsersPage.clickOnNewUserButton(AdminUsersPage.java:144)
at validationsOfAdminUsersPage.CreateAndDeleteAUser.verifyNewUserCreate(CreateAndDeleteAUser.java:20)
at java.util.concurrent.ThreadPoolExecutor.runWorker(Unknown Source)
at java.util.concurrent.ThreadPoolExecutor$Worker.run(Unknown Source)
at java.lang.Thread.run(Unknown Source)
... Removed 10 stack frames]]>
    </failure>
  </testcase> <!-- verifyNewUserCreate -->
  <testcase name="verifyDeleteOfUser" time="0.007" classname="validationsOfAdminUsersPage.CreateAndDeleteAUser">
    <failure type="java.lang.NullPointerException">
      <![CDATA[java.lang.NullPointerException
at org.openqa.selenium.support.pagefactory.DefaultElementLocator.findElement(DefaultElementLocator.java:69)
at org.openqa.selenium.support.pagefactory.internal.LocatingElementHandler.invoke(LocatingElementHandler.java:38)
at com.sun.proxy.$Proxy12.click(Unknown Source)
at pages7daySuperMarket.AdminUsersPage.doDelete(AdminUsersPage.java:80)
at validationsOfAdminUsersPage.CreateAndDeleteAUser.verifyDeleteOfUser(CreateAndDeleteAUser.java:34)
at java.util.concurrent.ThreadPoolExecutor.runWorker(Unknown Source)
at java.util.concurrent.ThreadPoolExecutor$Worker.run(Unknown Source)
at java.lang.Thread.run(Unknown Source)
... Removed 10 stack frames]]>
    </failure>
  </testcase> <!-- verifyDeleteOfUser -->
</testsuite> <!-- validationsOfAdminUsersPage -->
