<html>
<head>
<title>TestNG:  Test</title>
<link href="../testng.css" rel="stylesheet" type="text/css" />
<link href="../my-testng.css" rel="stylesheet" type="text/css" />

<style type="text/css">
.log { display: none;} 
.stack-trace { display: none;} 
</style>
<script type="text/javascript">
<!--
function flip(e) {
  current = e.style.display;
  if (current == 'block') {
    e.style.display = 'none';
    return 0;
  }
  else {
    e.style.display = 'block';
    return 1;
  }
}

function toggleBox(szDivId, elem, msg1, msg2)
{
  var res = -1;  if (document.getElementById) {
    res = flip(document.getElementById(szDivId));
  }
  else if (document.all) {
    // this is the way old msie versions work
    res = flip(document.all[szDivId]);
  }
  if(elem) {
    if(res == 0) elem.innerHTML = msg1; else elem.innerHTML = msg2;
  }

}

function toggleAllBoxes() {
  if (document.getElementsByTagName) {
    d = document.getElementsByTagName('div');
    for (i = 0; i < d.length; i++) {
      if (d[i].className == 'log') {
        flip(d[i]);
      }
    }
  }
}

// -->
</script>

</head>
<body>
<h2 align='center'>Test</h2><table border='1' align="center">
<tr>
<td>Tests passed/Failed/Skipped:</td><td>14/1/0</td>
</tr><tr>
<td>Started on:</td><td>Sun Aug 08 02:21:33 IST 2021</td>
</tr>
<tr><td>Total time:</td><td>132 seconds (132264 ms)</td>
</tr><tr>
<td>Included groups:</td><td></td>
</tr><tr>
<td>Excluded groups:</td><td></td>
</tr>
</table><p/>
<small><i>(Hover the method name to see the test class name)</i></small><p/>
<table width='100%' border='1' class='invocation-failed'>
<tr><td colspan='4' align='center'><b>FAILED TESTS</b></td></tr>
<tr><td><b>Test method</b></td>
<td width="30%"><b>Exception</b></td>
<td width="10%"><b>Time (seconds)</b></td>
<td><b>Instance</b></td>
</tr>
<tr>
<td title='validationsOfMobileSliderPage.ImageUpload.verifyImageUpload()'><b>verifyImageUpload</b><br>Test class: validationsOfMobileSliderPage.ImageUpload</td>
<td><div><pre>java.lang.AssertionError: expected [�
Alert!
Mobile Slider Created Successfully] but found [?
Alert!
Mobile Slider Created Successfully]
	at validationsOfMobileSliderPage.ImageUpload.verifyImageUpload(ImageUpload.java:37)
	at java.util.ArrayList.forEach(ArrayList.java:1259)
... Removed 36 stack frames</pre></div><a href='#' onClick='toggleBox("stack-trace2019826979", this, "Click to show all stack frames", "Click to hide stack frames")'>Click to show all stack frames</a>
<div class='stack-trace' id='stack-trace2019826979'><pre>java.lang.AssertionError: expected [�
Alert!
Mobile Slider Created Successfully] but found [?
Alert!
Mobile Slider Created Successfully]
	at org.testng.Assert.fail(Assert.java:99)
	at org.testng.Assert.failNotEquals(Assert.java:1037)
	at org.testng.Assert.assertEqualsImpl(Assert.java:140)
	at org.testng.Assert.assertEquals(Assert.java:122)
	at org.testng.Assert.assertEquals(Assert.java:629)
	at org.testng.Assert.assertEquals(Assert.java:639)
	at validationsOfMobileSliderPage.ImageUpload.verifyImageUpload(ImageUpload.java:37)
	at sun.reflect.NativeMethodAccessorImpl.invoke0(Native Method)
	at sun.reflect.NativeMethodAccessorImpl.invoke(NativeMethodAccessorImpl.java:62)
	at sun.reflect.DelegatingMethodAccessorImpl.invoke(DelegatingMethodAccessorImpl.java:43)
	at java.lang.reflect.Method.invoke(Method.java:498)
	at org.testng.internal.MethodInvocationHelper.invokeMethod(MethodInvocationHelper.java:133)
	at org.testng.internal.TestInvoker.invokeMethod(TestInvoker.java:598)
	at org.testng.internal.TestInvoker.invokeTestMethod(TestInvoker.java:173)
	at org.testng.internal.MethodRunner.runInSequence(MethodRunner.java:46)
	at org.testng.internal.TestInvoker$MethodInvocationAgent.invoke(TestInvoker.java:824)
	at org.testng.internal.TestInvoker.invokeTestMethods(TestInvoker.java:146)
	at org.testng.internal.TestMethodWorker.invokeTestMethods(TestMethodWorker.java:146)
	at org.testng.internal.TestMethodWorker.run(TestMethodWorker.java:128)
	at java.util.ArrayList.forEach(ArrayList.java:1259)
	at org.testng.TestRunner.privateRun(TestRunner.java:794)
	at org.testng.TestRunner.run(TestRunner.java:596)
	at org.testng.SuiteRunner.runTest(SuiteRunner.java:377)
	at org.testng.SuiteRunner.runSequentially(SuiteRunner.java:371)
	at org.testng.SuiteRunner.privateRun(SuiteRunner.java:332)
	at org.testng.SuiteRunner.run(SuiteRunner.java:276)
	at org.testng.SuiteRunnerWorker.runSuite(SuiteRunnerWorker.java:53)
	at org.testng.SuiteRunnerWorker.run(SuiteRunnerWorker.java:96)
	at org.testng.TestNG.runSuitesSequentially(TestNG.java:1212)
	at org.testng.TestNG.runSuitesLocally(TestNG.java:1134)
	at org.testng.TestNG.runSuites(TestNG.java:1063)
	at org.testng.TestNG.run(TestNG.java:1031)
	at org.apache.maven.surefire.testng.TestNGExecutor.run(TestNGExecutor.java:281)
	at org.apache.maven.surefire.testng.TestNGXmlTestSuite.execute(TestNGXmlTestSuite.java:75)
	at org.apache.maven.surefire.testng.TestNGProvider.invoke(TestNGProvider.java:121)
	at org.apache.maven.surefire.booter.ForkedBooter.invokeProviderInSameClassLoader(ForkedBooter.java:290)
	at org.apache.maven.surefire.booter.ForkedBooter.runSuitesInProcess(ForkedBooter.java:242)
	at org.apache.maven.surefire.booter.ForkedBooter.main(ForkedBooter.java:121)
</pre></div></td>
<td>3</td>
<td>validationsOfMobileSliderPage.ImageUpload@2b2948e2</td></tr>
</table><p>
<table width='100%' border='1' class='invocation-passed'>
<tr><td colspan='4' align='center'><b>PASSED TESTS</b></td></tr>
<tr><td><b>Test method</b></td>
<td width="30%"><b>Exception</b></td>
<td width="10%"><b>Time (seconds)</b></td>
<td><b>Instance</b></td>
</tr>
<tr>
<td title='validationsOfDashBoardPage.DashBoardPageTest.isAdminImageDisplayed()'><b>isAdminImageDisplayed</b><br>Test class: validationsOfDashBoardPage.DashBoardPageTest</td>
<td></td>
<td>0</td>
<td>validationsOfDashBoardPage.DashBoardPageTest@6ddf90b0</td></tr>
<tr>
<td title='validationsOfAdminUsersPage.CreateAndDeleteAUser.verifyNewUserCreate()'><b>verifyNewUserCreate</b><br>Test class: validationsOfAdminUsersPage.CreateAndDeleteAUser</td>
<td></td>
<td>2</td>
<td>validationsOfAdminUsersPage.CreateAndDeleteAUser@eec5a4a</td></tr>
<tr>
<td title='validationsOfManageOrderPage.ListOrdersStatus.VerifyUsersButtonFunctionality()'><b>VerifyUsersButtonFunctionality</b><br>Test class: validationsOfManageOrderPage.ListOrdersStatus</td>
<td></td>
<td>0</td>
<td>validationsOfManageOrderPage.ListOrdersStatus@185d8b6</td></tr>
<tr>
<td title='validationsOfAdminUsersPage.VerifyResetButton.verifyResetButton()'><b>verifyResetButton</b><br>Test class: validationsOfAdminUsersPage.VerifyResetButton</td>
<td></td>
<td>1</td>
<td>validationsOfAdminUsersPage.VerifyResetButton@6f1fba17</td></tr>
<tr>
<td title='validationsOfAdminUsersPage.UserCanCreateDifferentUsers.verifynewUsers()'><b>verifynewUsers</b><br>Test class: validationsOfAdminUsersPage.UserCanCreateDifferentUsers<br>Parameters: fathima_2471763, 678905, Staff</td>
<td></td>
<td>2</td>
<td>validationsOfAdminUsersPage.UserCanCreateDifferentUsers@67784306</td></tr>
<tr>
<td title='validationsOfAdminUsersPage.UserCanCreateDifferentUsers.verifynewUsers()'><b>verifynewUsers</b><br>Test class: validationsOfAdminUsersPage.UserCanCreateDifferentUsers<br>Parameters: fathima_3354471, 123456, Admin</td>
<td></td>
<td>2</td>
<td>validationsOfAdminUsersPage.UserCanCreateDifferentUsers@67784306</td></tr>
<tr>
<td title='validationsOfAdminUsersPage.UserCanCreateDifferentUsers.verifynewUsers()'><b>verifynewUsers</b><br>Test class: validationsOfAdminUsersPage.UserCanCreateDifferentUsers<br>Parameters: fathima_3943814, 654321, Partner</td>
<td></td>
<td>2</td>
<td>validationsOfAdminUsersPage.UserCanCreateDifferentUsers@67784306</td></tr>
<tr>
<td title='validationsOfAdminUsersPage.UserCanCreateDifferentUsers.verifynewUsers()'><b>verifynewUsers</b><br>Test class: validationsOfAdminUsersPage.UserCanCreateDifferentUsers<br>Parameters: fathima_282865, 456789, Delivery Boy</td>
<td></td>
<td>2</td>
<td>validationsOfAdminUsersPage.UserCanCreateDifferentUsers@67784306</td></tr>
<tr>
<td title='validationsOfManageOrderPage.VerifySearchListOrders.verifyDropDownstatusPaid()'><b>verifyDropDownstatusPaid</b><br>Test class: validationsOfManageOrderPage.VerifySearchListOrders</td>
<td></td>
<td>1</td>
<td>validationsOfManageOrderPage.VerifySearchListOrders@335eadca</td></tr>
<tr>
<td title='validationsOfAdminUsersPage.UserCanCreateDifferentUsers.verifynewUsers()'><b>verifynewUsers</b><br>Test class: validationsOfAdminUsersPage.UserCanCreateDifferentUsers<br>Parameters: fathima_9256019, 987654, Admin</td>
<td></td>
<td>2</td>
<td>validationsOfAdminUsersPage.UserCanCreateDifferentUsers@67784306</td></tr>
<tr>
<td title='validationsOfManageOrderPage.VerifySearchListOrders.verifySearchofOrdersInList()'><b>verifySearchofOrdersInList</b><br>Test class: validationsOfManageOrderPage.VerifySearchListOrders</td>
<td></td>
<td>1</td>
<td>validationsOfManageOrderPage.VerifySearchListOrders@335eadca</td></tr>
<tr>
<td title='validationsOfManageOrderPage.verifyResetButton.validateResetButton()'><b>validateResetButton</b><br>Test class: validationsOfManageOrderPage.verifyResetButton</td>
<td></td>
<td>2</td>
<td>validationsOfManageOrderPage.verifyResetButton@57536d79</td></tr>
<tr>
<td title='validationsOfAdminUsersPage.CreateAndDeleteAUser.verifyDeleteOfUser()'><b>verifyDeleteOfUser</b><br>Test class: validationsOfAdminUsersPage.CreateAndDeleteAUser</td>
<td></td>
<td>1</td>
<td>validationsOfAdminUsersPage.CreateAndDeleteAUser@eec5a4a</td></tr>
<tr>
<td title='validattionsOfLoginPAge.LoginPageTest.verifyDashBoardPage()'><b>verifyDashBoardPage</b><br>Test class: validattionsOfLoginPAge.LoginPageTest</td>
<td></td>
<td>0</td>
<td>validattionsOfLoginPAge.LoginPageTest@63753b6d</td></tr>
</table><p>
</body>
</html>