<!DOCTYPE html PUBLIC "-//W3C//DTD XHTML 1.1//EN" "http://www.w3.org/TR/xhtml11/DTD/xhtml11.dtd">
<html xmlns="http://www.w3.org/1999/xhtml">
<head>
<meta http-equiv="content-type" content="text/html; charset=UTF-8"/>
<title>TestNG Report</title>
<style type="text/css">table {margin-bottom:10px;border-collapse:collapse;empty-cells:show}th,td {border:1px solid #009;padding:.25em .5em}th {vertical-align:bottom}td {vertical-align:top}table a {font-weight:bold}.stripe td {background-color: #E6EBF9}.num {text-align:right}.passedodd td {background-color: #3F3}.passedeven td {background-color: #0A0}.skippedodd td {background-color: #DDD}.skippedeven td {background-color: #CCC}.failedodd td,.attn {background-color: #F33}.failedeven td,.stripe .attn {background-color: #D00}.stacktrace {white-space:pre;font-family:monospace}.totop {font-size:85%;text-align:center;border-bottom:2px solid #000}.invisible {display:none}</style>
</head>
<body>
<table>
<tr><th>Test</th><th># Passed</th><th># Skipped</th><th># Failed</th><th>Time (ms)</th><th>Included Groups</th><th>Excluded Groups</th></tr>
<tr><th colspan="7">Suite</th></tr>
<tr><td><a href="#t0">Test1Chrome</a></td><td class="num">17</td><td class="num attn">6</td><td class="num attn">2</td><td class="num">305,154</td><td></td><td></td></tr>
</table>
<table id='summary'><thead><tr><th>Class</th><th>Method</th><th>Start</th><th>Time (ms)</th></tr></thead><tbody><tr><th colspan="4">Suite</th></tr></tbody><tbody id="t0"><tr><th colspan="4">Test1Chrome &#8212; failed (configuration methods)</th></tr><tr class="failedeven"><td rowspan="1">validationsOfAdminUsersPage.CreateAndDeleteAUser</td><td><a href="#m0">NavigateToAdminUserPage</a></td><td rowspan="1">1628018005132</td><td rowspan="1">15121</td></tr><tr class="failedodd"><td rowspan="1">validationsOfManageOrderPage.VerifySearchListOrders</td><td><a href="#m1">initializeDriver</a></td><td rowspan="1">1628017884802</td><td rowspan="1">64623</td></tr><tr class="failedeven"><td rowspan="1">validationsOfManageOrderPage.verifyResetButton</td><td><a href="#m2">initializeDriver</a></td><td rowspan="1">1628018010387</td><td rowspan="1">18804</td></tr><tr class="failedodd"><td rowspan="1">validationsOfMobileSliderPage.ImageUpload</td><td><a href="#m3">NavigateToMobilesliderPage</a></td><td rowspan="1">1628018004677</td><td rowspan="1">15611</td></tr><tr><th colspan="4">Test1Chrome &#8212; failed</th></tr><tr class="failedeven"><td rowspan="2">validationsOfManageUsersPage.DeleteAUser</td><td><a href="#m4">deleteUserChindhuAbraham</a></td><td rowspan="1">1628018032891</td><td rowspan="1">15055</td></tr><tr class="failedeven"><td><a href="#m5">verifyLockUserChindhuAbraham</a></td><td rowspan="1">1628017808516</td><td rowspan="1">15206</td></tr><tr><th colspan="4">Test1Chrome &#8212; skipped (configuration methods)</th></tr><tr class="skippedeven"><td rowspan="4">validationsOfAdminUsersPage.CreateAndDeleteAUser</td><td><a href="#m6">NavigateToAdminUserPage</a></td><td rowspan="1">1628018029207</td><td rowspan="1">0</td></tr><tr class="skippedeven"><td><a href="#m7">quitdriver</a></td><td rowspan="1">1628018029212</td><td rowspan="1">0</td></tr><tr class="skippedeven"><td><a href="#m8">screenShot</a></td><td rowspan="2">1628018020259</td><td rowspan="2">0</td></tr><tr class="skippedeven"><td><a href="#m9">screenShot</a></td></tr><tr class="skippedodd"><td rowspan="5">validationsOfManageOrderPage.VerifySearchListOrders</td><td><a href="#m10">NavigateToAdminUserPage</a></td><td rowspan="2">1628017949432</td><td rowspan="2">0</td></tr><tr class="skippedodd"><td><a href="#m11">NavigateToAdminUserPage</a></td></tr><tr class="skippedodd"><td><a href="#m12">quitdriver</a></td><td rowspan="1">1628017949446</td><td rowspan="1">0</td></tr><tr class="skippedodd"><td><a href="#m13">screenShot</a></td><td rowspan="2">1628017949444</td><td rowspan="2">0</td></tr><tr class="skippedodd"><td><a href="#m14">screenShot</a></td></tr><tr class="skippedeven"><td rowspan="3">validationsOfManageOrderPage.verifyResetButton</td><td><a href="#m15">NavigateToAdminUserPage</a></td><td rowspan="1">1628018029195</td><td rowspan="1">0</td></tr><tr class="skippedeven"><td><a href="#m16">quitdriver</a></td><td rowspan="1">1628018029200</td><td rowspan="1">0</td></tr><tr class="skippedeven"><td><a href="#m17">screenShot</a></td><td rowspan="1">1628018029199</td><td rowspan="1">0</td></tr><tr class="skippedodd"><td rowspan="2">validationsOfMobileSliderPage.ImageUpload</td><td><a href="#m18">quitdriver</a></td><td rowspan="1">1628018020359</td><td rowspan="1">0</td></tr><tr class="skippedodd"><td><a href="#m19">screenShot</a></td><td rowspan="1">1628018020340</td><td rowspan="1">0</td></tr><tr><th colspan="4">Test1Chrome &#8212; skipped</th></tr><tr class="skippedeven"><td rowspan="2">validationsOfAdminUsersPage.CreateAndDeleteAUser</td><td><a href="#m20">verifyDeleteOfUser</a></td><td rowspan="1">1628018029208</td><td rowspan="1">0</td></tr><tr class="skippedeven"><td><a href="#m21">verifyNewUserCreate</a></td><td rowspan="1">1628018020256</td><td rowspan="1">0</td></tr><tr class="skippedodd"><td rowspan="2">validationsOfManageOrderPage.VerifySearchListOrders</td><td><a href="#m22">verifyDropDownstatusPaid</a></td><td rowspan="1">1628017949435</td><td rowspan="1">0</td></tr><tr class="skippedodd"><td><a href="#m23">verifySearchofOrdersInList</a></td><td rowspan="1">1628017949441</td><td rowspan="1">0</td></tr><tr class="skippedeven"><td rowspan="1">validationsOfManageOrderPage.verifyResetButton</td><td><a href="#m24">validateResetButton</a></td><td rowspan="1">1628018029196</td><td rowspan="1">0</td></tr><tr class="skippedodd"><td rowspan="1">validationsOfMobileSliderPage.ImageUpload</td><td><a href="#m25">verifyImageUpload</a></td><td rowspan="1">1628018020291</td><td rowspan="1">0</td></tr><tr><th colspan="4">Test1Chrome &#8212; passed</th></tr><tr class="passedeven"><td rowspan="5">validationsOfAdminUsersPage.UserCanCreateDifferentUsers</td><td><a href="#m26">verifynewUsers</a></td><td rowspan="5">1628017934379</td><td rowspan="5">2903</td></tr><tr class="passedeven"><td><a href="#m27">verifynewUsers</a></td></tr><tr class="passedeven"><td><a href="#m28">verifynewUsers</a></td></tr><tr class="passedeven"><td><a href="#m29">verifynewUsers</a></td></tr><tr class="passedeven"><td><a href="#m30">verifynewUsers</a></td></tr><tr class="passedodd"><td rowspan="1">validationsOfAdminUsersPage.VerifyResetButton</td><td><a href="#m31">verifyResetButton</a></td><td rowspan="1">1628017826311</td><td rowspan="1">3053</td></tr><tr class="passedeven"><td rowspan="8">validationsOfAdminUsersPage.verifyCreateAndSearchOfUsers</td><td><a href="#m32">verifySearchButtonInAdminUsersPage</a></td><td rowspan="8">1628017880883</td><td rowspan="8">3915</td></tr><tr class="passedeven"><td><a href="#m33">verifySearchButtonInAdminUsersPage</a></td></tr><tr class="passedeven"><td><a href="#m34">verifySearchButtonInAdminUsersPage</a></td></tr><tr class="passedeven"><td><a href="#m35">verifySearchButtonInAdminUsersPage</a></td></tr><tr class="passedeven"><td><a href="#m36">verifySearchButtonInAdminUsersPage</a></td></tr><tr class="passedeven"><td><a href="#m37">verifySearchButtonInAdminUsersPage</a></td></tr><tr class="passedeven"><td><a href="#m38">verifySearchButtonInAdminUsersPage</a></td></tr><tr class="passedeven"><td><a href="#m39">verifySearchButtonInAdminUsersPage</a></td></tr><tr class="passedodd"><td rowspan="1">validationsOfDashBoardPage.DashBoardPageTest</td><td><a href="#m40">methd</a></td><td rowspan="1">1628018001337</td><td rowspan="1">362</td></tr><tr class="passedeven"><td rowspan="1">validationsOfManageOrderPage.ListOrdersStatus</td><td><a href="#m41">VerifyUsersButtonFunctionality</a></td><td rowspan="1">1628017908280</td><td rowspan="1">2</td></tr><tr class="passedodd"><td rowspan="1">validattionsOfLoginPAge.LoginPageTest</td><td><a href="#m42">verifyDashBoardPage</a></td><td rowspan="1">1628017806211</td><td rowspan="1">1005</td></tr></tbody>
</table>
<h2>Test1Chrome</h2><h3 id="m0">validationsOfAdminUsersPage.CreateAndDeleteAUser#NavigateToAdminUserPage</h3><table class="result"><tr><th>Exception</th></tr><tr><td><div class="stacktrace">org.openqa.selenium.TimeoutException: timeout: Timed out receiving message from renderer: 12.393
  (Session info: chrome=92.0.4515.107)
Build info: version: &apos;3.6.0&apos;, revision: &apos;6fbf3ec767&apos;, time: &apos;2017-09-27T15:28:36.4Z&apos;
System info: host: &apos;ANVER-PC&apos;, ip: &apos;192.168.110.124&apos;, os.name: &apos;Windows 7&apos;, os.arch: &apos;amd64&apos;, os.version: &apos;6.1&apos;, java.version: &apos;1.8.0_281&apos;
Driver info: org.openqa.selenium.chrome.ChromeDriver
Capabilities [{networkConnectionEnabled=false, chrome={chromedriverVersion=91.0.4472.101 (af52a90bf87030dd1523486a1cd3ae25c5d76c9b-refs/branch-heads/4472@{#1462}), userDataDir=C:\Users\ANVER\AppData\Local\Temp\scoped_dir9892_1145959843}, timeouts={implicit=0, pageLoad=300000, script=30000}, pageLoadStrategy=normal, unhandledPromptBehavior=dismiss and notify, strictFileInteractability=false, platform=WINDOWS, proxy=Proxy(), goog:chromeOptions={debuggerAddress=localhost:55994}, acceptInsecureCerts=false, browserVersion=92.0.4515.107, browserName=chrome, javascriptEnabled=true, platformName=WINDOWS, setWindowRect=true, webauthn:extension:largeBlob=true, webauthn:virtualAuthenticators=true}]
Session ID: 7dfea697ae7594eca547df5d72f7f748
	at org.openqa.selenium.remote.http.W3CHttpResponseCodec.createException(W3CHttpResponseCodec.java:185)
	at org.openqa.selenium.remote.http.W3CHttpResponseCodec.decode(W3CHttpResponseCodec.java:120)
	at org.openqa.selenium.remote.http.W3CHttpResponseCodec.decode(W3CHttpResponseCodec.java:49)
	at org.openqa.selenium.remote.HttpCommandExecutor.execute(HttpCommandExecutor.java:164)
	at org.openqa.selenium.remote.service.DriverCommandExecutor.execute(DriverCommandExecutor.java:83)
	at org.openqa.selenium.remote.RemoteWebDriver.execute(RemoteWebDriver.java:586)
	at org.openqa.selenium.remote.RemoteWebDriver.get(RemoteWebDriver.java:310)
	at utils.DriverFactory.loginToGroceryApp(DriverFactory.java:51)
	at validationsOfAdminUsersPage.AdminPageBaseTest.NavigateToAdminUserPage(AdminPageBaseTest.java:29)
	at java.util.concurrent.ThreadPoolExecutor.runWorker(Unknown Source)
	at java.util.concurrent.ThreadPoolExecutor$Worker.run(Unknown Source)
	at java.lang.Thread.run(Unknown Source)
... Removed 17 stack frames</div></td></tr></table><p class="totop"><a href="#summary">back to summary</a></p>
<h3 id="m1">validationsOfManageOrderPage.VerifySearchListOrders#initializeDriver</h3><table class="result"><tr><th>Exception</th></tr><tr><td><div class="stacktrace">org.openqa.selenium.WebDriverException: unknown error: DevToolsActivePort file doesn&apos;t exist
Build info: version: &apos;3.6.0&apos;, revision: &apos;6fbf3ec767&apos;, time: &apos;2017-09-27T15:28:36.4Z&apos;
System info: host: &apos;ANVER-PC&apos;, ip: &apos;192.168.110.124&apos;, os.name: &apos;Windows 7&apos;, os.arch: &apos;amd64&apos;, os.version: &apos;6.1&apos;, java.version: &apos;1.8.0_281&apos;
Driver info: driver.version: ChromeDriver
remote stacktrace: Backtrace:
	Ordinal0 [0x00E53733+2504499]
	Ordinal0 [0x00DEC401+2081793]
	Ordinal0 [0x00CF2628+1058344]
	Ordinal0 [0x00D0FA12+1178130]
	Ordinal0 [0x00D0C366+1164134]
	Ordinal0 [0x00D09DC3+1154499]
	Ordinal0 [0x00D39B82+1350530]
	Ordinal0 [0x00D397DA+1349594]
	Ordinal0 [0x00D35D4B+1334603]
	Ordinal0 [0x00D122B4+1188532]
	Ordinal0 [0x00D13149+1192265]
	GetHandleVerifier [0x00FCFB8C+1512252]
	GetHandleVerifier [0x0107B0DF+2214031]
	GetHandleVerifier [0x00ED4BC3+484211]
	GetHandleVerifier [0x00ED3E69+480793]
	Ordinal0 [0x00DF218D+2105741]
	Ordinal0 [0x00DF66E8+2123496]
	Ordinal0 [0x00DF6827+2123815]
	Ordinal0 [0x00DFFB73+2161523]
	BaseThreadInitThunk [0x756D33CA+18]
	RtlInitializeExceptionChain [0x77989ED2+99]
	RtlInitializeExceptionChain [0x77989EA5+54]

	at org.openqa.selenium.remote.W3CHandshakeResponse.lambda$new$0(W3CHandshakeResponse.java:57)
	at org.openqa.selenium.remote.W3CHandshakeResponse.lambda$getResponseFunction$2(W3CHandshakeResponse.java:104)
	at org.openqa.selenium.remote.ProtocolHandshake.lambda$createSession$24(ProtocolHandshake.java:359)
	at java.util.stream.ReferencePipeline$3$1.accept(Unknown Source)
	at java.util.Spliterators$ArraySpliterator.tryAdvance(Unknown Source)
	at java.util.stream.ReferencePipeline.forEachWithCancel(Unknown Source)
	at java.util.stream.AbstractPipeline.copyIntoWithCancel(Unknown Source)
	at java.util.stream.AbstractPipeline.copyInto(Unknown Source)
	at java.util.stream.AbstractPipeline.wrapAndCopyInto(Unknown Source)
	at java.util.stream.FindOps$FindOp.evaluateSequential(Unknown Source)
	at java.util.stream.AbstractPipeline.evaluate(Unknown Source)
	at java.util.stream.ReferencePipeline.findFirst(Unknown Source)
	at org.openqa.selenium.remote.ProtocolHandshake.createSession(ProtocolHandshake.java:362)
	at org.openqa.selenium.remote.ProtocolHandshake.createSession(ProtocolHandshake.java:136)
	at org.openqa.selenium.remote.HttpCommandExecutor.execute(HttpCommandExecutor.java:142)
	at org.openqa.selenium.remote.service.DriverCommandExecutor.execute(DriverCommandExecutor.java:83)
	at org.openqa.selenium.remote.RemoteWebDriver.execute(RemoteWebDriver.java:586)
	at org.openqa.selenium.remote.RemoteWebDriver.startSession(RemoteWebDriver.java:217)
	at org.openqa.selenium.remote.RemoteWebDriver.&lt;init&gt;(RemoteWebDriver.java:140)
	at org.openqa.selenium.chrome.ChromeDriver.&lt;init&gt;(ChromeDriver.java:181)
	at org.openqa.selenium.chrome.ChromeDriver.&lt;init&gt;(ChromeDriver.java:168)
	at org.openqa.selenium.chrome.ChromeDriver.&lt;init&gt;(ChromeDriver.java:123)
	at utils.DriverFactory.getChromeDriver(DriverFactory.java:30)
	at utils.DriverFactory.driverInitialization(DriverFactory.java:19)
	at validationsOfManageOrderPage.ManageOrdersBaseTest.initializeDriver(ManageOrdersBaseTest.java:26)
	at java.util.concurrent.ThreadPoolExecutor.runWorker(Unknown Source)
	at java.util.concurrent.ThreadPoolExecutor$Worker.run(Unknown Source)
	at java.lang.Thread.run(Unknown Source)
... Removed 15 stack frames</div></td></tr></table><p class="totop"><a href="#summary">back to summary</a></p>
<h3 id="m2">validationsOfManageOrderPage.verifyResetButton#initializeDriver</h3><table class="result"><tr><th>Exception</th></tr><tr><td><div class="stacktrace">org.openqa.selenium.WebDriverException: unknown error: Chrome failed to start: was killed.
  (unknown error: DevToolsActivePort file doesn&apos;t exist)
  (The process started from chrome location C:\Program Files\Google\Chrome\Application\chrome.exe is no longer running, so ChromeDriver is assuming that Chrome has crashed.)
Build info: version: &apos;3.6.0&apos;, revision: &apos;6fbf3ec767&apos;, time: &apos;2017-09-27T15:28:36.4Z&apos;
System info: host: &apos;ANVER-PC&apos;, ip: &apos;192.168.110.124&apos;, os.name: &apos;Windows 7&apos;, os.arch: &apos;amd64&apos;, os.version: &apos;6.1&apos;, java.version: &apos;1.8.0_281&apos;
Driver info: driver.version: ChromeDriver
remote stacktrace: Backtrace:
	Ordinal0 [0x00E53733+2504499]
	Ordinal0 [0x00DEC401+2081793]
	Ordinal0 [0x00CF2628+1058344]
	Ordinal0 [0x00D0C99F+1165727]
	Ordinal0 [0x00D09DC3+1154499]
	Ordinal0 [0x00D39B82+1350530]
	Ordinal0 [0x00D397DA+1349594]
	Ordinal0 [0x00D35D4B+1334603]
	Ordinal0 [0x00D122B4+1188532]
	Ordinal0 [0x00D13149+1192265]
	GetHandleVerifier [0x00FCFB8C+1512252]
	GetHandleVerifier [0x0107B0DF+2214031]
	GetHandleVerifier [0x00ED4BC3+484211]
	GetHandleVerifier [0x00ED3E69+480793]
	Ordinal0 [0x00DF218D+2105741]
	Ordinal0 [0x00DF66E8+2123496]
	Ordinal0 [0x00DF6827+2123815]
	Ordinal0 [0x00DFFB73+2161523]
	BaseThreadInitThunk [0x756D33CA+18]
	RtlInitializeExceptionChain [0x77989ED2+99]
	RtlInitializeExceptionChain [0x77989EA5+54]

	at org.openqa.selenium.remote.W3CHandshakeResponse.lambda$new$0(W3CHandshakeResponse.java:57)
	at org.openqa.selenium.remote.W3CHandshakeResponse.lambda$getResponseFunction$2(W3CHandshakeResponse.java:104)
	at org.openqa.selenium.remote.ProtocolHandshake.lambda$createSession$24(ProtocolHandshake.java:359)
	at java.util.stream.ReferencePipeline$3$1.accept(Unknown Source)
	at java.util.Spliterators$ArraySpliterator.tryAdvance(Unknown Source)
	at java.util.stream.ReferencePipeline.forEachWithCancel(Unknown Source)
	at java.util.stream.AbstractPipeline.copyIntoWithCancel(Unknown Source)
	at java.util.stream.AbstractPipeline.copyInto(Unknown Source)
	at java.util.stream.AbstractPipeline.wrapAndCopyInto(Unknown Source)
	at java.util.stream.FindOps$FindOp.evaluateSequential(Unknown Source)
	at java.util.stream.AbstractPipeline.evaluate(Unknown Source)
	at java.util.stream.ReferencePipeline.findFirst(Unknown Source)
	at org.openqa.selenium.remote.ProtocolHandshake.createSession(ProtocolHandshake.java:362)
	at org.openqa.selenium.remote.ProtocolHandshake.createSession(ProtocolHandshake.java:136)
	at org.openqa.selenium.remote.HttpCommandExecutor.execute(HttpCommandExecutor.java:142)
	at org.openqa.selenium.remote.service.DriverCommandExecutor.execute(DriverCommandExecutor.java:83)
	at org.openqa.selenium.remote.RemoteWebDriver.execute(RemoteWebDriver.java:586)
	at org.openqa.selenium.remote.RemoteWebDriver.startSession(RemoteWebDriver.java:217)
	at org.openqa.selenium.remote.RemoteWebDriver.&lt;init&gt;(RemoteWebDriver.java:140)
	at org.openqa.selenium.chrome.ChromeDriver.&lt;init&gt;(ChromeDriver.java:181)
	at org.openqa.selenium.chrome.ChromeDriver.&lt;init&gt;(ChromeDriver.java:168)
	at org.openqa.selenium.chrome.ChromeDriver.&lt;init&gt;(ChromeDriver.java:123)
	at utils.DriverFactory.getChromeDriver(DriverFactory.java:30)
	at utils.DriverFactory.driverInitialization(DriverFactory.java:19)
	at validationsOfManageOrderPage.ManageOrdersBaseTest.initializeDriver(ManageOrdersBaseTest.java:26)
	at java.util.concurrent.ThreadPoolExecutor.runWorker(Unknown Source)
	at java.util.concurrent.ThreadPoolExecutor$Worker.run(Unknown Source)
	at java.lang.Thread.run(Unknown Source)
... Removed 15 stack frames</div></td></tr></table><p class="totop"><a href="#summary">back to summary</a></p>
<h3 id="m3">validationsOfMobileSliderPage.ImageUpload#NavigateToMobilesliderPage</h3><table class="result"><tr><th>Exception</th></tr><tr><td><div class="stacktrace">org.openqa.selenium.TimeoutException: timeout: Timed out receiving message from renderer: 13.041
  (Session info: chrome=92.0.4515.107)
Build info: version: &apos;3.6.0&apos;, revision: &apos;6fbf3ec767&apos;, time: &apos;2017-09-27T15:28:36.4Z&apos;
System info: host: &apos;ANVER-PC&apos;, ip: &apos;192.168.110.124&apos;, os.name: &apos;Windows 7&apos;, os.arch: &apos;amd64&apos;, os.version: &apos;6.1&apos;, java.version: &apos;1.8.0_281&apos;
Driver info: org.openqa.selenium.chrome.ChromeDriver
Capabilities [{networkConnectionEnabled=false, chrome={chromedriverVersion=91.0.4472.101 (af52a90bf87030dd1523486a1cd3ae25c5d76c9b-refs/branch-heads/4472@{#1462}), userDataDir=C:\Users\ANVER\AppData\Local\Temp\scoped_dir10224_114224621}, timeouts={implicit=0, pageLoad=300000, script=30000}, pageLoadStrategy=normal, unhandledPromptBehavior=dismiss and notify, strictFileInteractability=false, platform=WINDOWS, proxy=Proxy(), goog:chromeOptions={debuggerAddress=localhost:55349}, acceptInsecureCerts=false, browserVersion=92.0.4515.107, browserName=chrome, javascriptEnabled=true, platformName=WINDOWS, setWindowRect=true, webauthn:extension:largeBlob=true, webauthn:virtualAuthenticators=true}]
Session ID: 71353de5ada9bef651b1d44187afb059
	at org.openqa.selenium.remote.http.W3CHttpResponseCodec.createException(W3CHttpResponseCodec.java:185)
	at org.openqa.selenium.remote.http.W3CHttpResponseCodec.decode(W3CHttpResponseCodec.java:120)
	at org.openqa.selenium.remote.http.W3CHttpResponseCodec.decode(W3CHttpResponseCodec.java:49)
	at org.openqa.selenium.remote.HttpCommandExecutor.execute(HttpCommandExecutor.java:164)
	at org.openqa.selenium.remote.service.DriverCommandExecutor.execute(DriverCommandExecutor.java:83)
	at org.openqa.selenium.remote.RemoteWebDriver.execute(RemoteWebDriver.java:586)
	at org.openqa.selenium.remote.RemoteWebDriver.get(RemoteWebDriver.java:310)
	at utils.DriverFactory.loginToGroceryApp(DriverFactory.java:51)
	at validationsOfMobileSliderPage.MobilesliderBaseTest.NavigateToMobilesliderPage(MobilesliderBaseTest.java:35)
	at java.util.concurrent.ThreadPoolExecutor.runWorker(Unknown Source)
	at java.util.concurrent.ThreadPoolExecutor$Worker.run(Unknown Source)
	at java.lang.Thread.run(Unknown Source)
... Removed 17 stack frames</div></td></tr></table><p class="totop"><a href="#summary">back to summary</a></p>
<h3 id="m4">validationsOfManageUsersPage.DeleteAUser#deleteUserChindhuAbraham</h3><table class="result"><tr><th>Exception</th></tr><tr><td><div class="stacktrace">org.openqa.selenium.NoSuchElementException: no such element: Unable to locate element: {&quot;method&quot;:&quot;xpath&quot;,&quot;selector&quot;:&quot;//td[text()=&apos;Chindhu Abraham					  					  &apos;]/following-sibling::*[5]/a[1]&quot;}
  (Session info: chrome=92.0.4515.107)
For documentation on this error, please visit: http://seleniumhq.org/exceptions/no_such_element.html
Build info: version: &apos;3.6.0&apos;, revision: &apos;6fbf3ec767&apos;, time: &apos;2017-09-27T15:28:36.4Z&apos;
System info: host: &apos;ANVER-PC&apos;, ip: &apos;192.168.110.124&apos;, os.name: &apos;Windows 7&apos;, os.arch: &apos;amd64&apos;, os.version: &apos;6.1&apos;, java.version: &apos;1.8.0_281&apos;
Driver info: org.openqa.selenium.chrome.ChromeDriver
Capabilities [{networkConnectionEnabled=false, chrome={chromedriverVersion=91.0.4472.101 (af52a90bf87030dd1523486a1cd3ae25c5d76c9b-refs/branch-heads/4472@{#1462}), userDataDir=C:\Users\ANVER\AppData\Local\Temp\scoped_dir7392_1644775356}, timeouts={implicit=0, pageLoad=300000, script=30000}, pageLoadStrategy=normal, unhandledPromptBehavior=dismiss and notify, strictFileInteractability=false, platform=WINDOWS, proxy=Proxy(), goog:chromeOptions={debuggerAddress=localhost:56742}, acceptInsecureCerts=false, browserVersion=92.0.4515.107, browserName=chrome, javascriptEnabled=true, platformName=WINDOWS, setWindowRect=true, webauthn:extension:largeBlob=true, webauthn:virtualAuthenticators=true}]
Session ID: 4fb2d50d62f138c53de1a147c0af754a
*** Element info: {Using=xpath, value=//td[text()=&apos;Chindhu Abraham					  					  &apos;]/following-sibling::*[5]/a[1]}
	at org.openqa.selenium.remote.http.W3CHttpResponseCodec.createException(W3CHttpResponseCodec.java:185)
	at org.openqa.selenium.remote.http.W3CHttpResponseCodec.decode(W3CHttpResponseCodec.java:120)
	at org.openqa.selenium.remote.http.W3CHttpResponseCodec.decode(W3CHttpResponseCodec.java:49)
	at org.openqa.selenium.remote.HttpCommandExecutor.execute(HttpCommandExecutor.java:164)
	at org.openqa.selenium.remote.service.DriverCommandExecutor.execute(DriverCommandExecutor.java:83)
	at org.openqa.selenium.remote.RemoteWebDriver.execute(RemoteWebDriver.java:586)
	at org.openqa.selenium.remote.RemoteWebDriver.findElement(RemoteWebDriver.java:356)
	at org.openqa.selenium.remote.RemoteWebDriver.findElementByXPath(RemoteWebDriver.java:458)
	at org.openqa.selenium.By$ByXPath.findElement(By.java:361)
	at org.openqa.selenium.remote.RemoteWebDriver.findElement(RemoteWebDriver.java:348)
	at org.openqa.selenium.support.pagefactory.DefaultElementLocator.findElement(DefaultElementLocator.java:69)
	at org.openqa.selenium.support.pagefactory.internal.LocatingElementHandler.invoke(LocatingElementHandler.java:38)
	at com.sun.proxy.$Proxy12.click(Unknown Source)
	at pages7daySuperMarket.ManageUsersPage.clickOnDeleteIconInUserChindhuAbraham(ManageUsersPage.java:37)
	at validationsOfManageUsersPage.DeleteAUser.deleteUserChindhuAbraham(DeleteAUser.java:24)
	at java.util.concurrent.ThreadPoolExecutor.runWorker(Unknown Source)
	at java.util.concurrent.ThreadPoolExecutor$Worker.run(Unknown Source)
	at java.lang.Thread.run(Unknown Source)
... Removed 14 stack frames</div></td></tr></table><p class="totop"><a href="#summary">back to summary</a></p>
<h3 id="m5">validationsOfManageUsersPage.DeleteAUser#verifyLockUserChindhuAbraham</h3><table class="result"><tr><th>Exception</th></tr><tr><td><div class="stacktrace">org.openqa.selenium.NoSuchElementException: no such element: Unable to locate element: {&quot;method&quot;:&quot;xpath&quot;,&quot;selector&quot;:&quot;//td[text()=&apos;Chindhu Abraham					  					  &apos;]/following-sibling::*[5]/a[1]&quot;}
  (Session info: chrome=92.0.4515.107)
For documentation on this error, please visit: http://seleniumhq.org/exceptions/no_such_element.html
Build info: version: &apos;3.6.0&apos;, revision: &apos;6fbf3ec767&apos;, time: &apos;2017-09-27T15:28:36.4Z&apos;
System info: host: &apos;ANVER-PC&apos;, ip: &apos;192.168.110.124&apos;, os.name: &apos;Windows 7&apos;, os.arch: &apos;amd64&apos;, os.version: &apos;6.1&apos;, java.version: &apos;1.8.0_281&apos;
Driver info: org.openqa.selenium.chrome.ChromeDriver
Capabilities [{networkConnectionEnabled=false, chrome={chromedriverVersion=91.0.4472.101 (af52a90bf87030dd1523486a1cd3ae25c5d76c9b-refs/branch-heads/4472@{#1462}), userDataDir=C:\Users\ANVER\AppData\Local\Temp\scoped_dir7392_1644775356}, timeouts={implicit=0, pageLoad=300000, script=30000}, pageLoadStrategy=normal, unhandledPromptBehavior=dismiss and notify, strictFileInteractability=false, platform=WINDOWS, proxy=Proxy(), goog:chromeOptions={debuggerAddress=localhost:56742}, acceptInsecureCerts=false, browserVersion=92.0.4515.107, browserName=chrome, javascriptEnabled=true, platformName=WINDOWS, setWindowRect=true, webauthn:extension:largeBlob=true, webauthn:virtualAuthenticators=true}]
Session ID: 4fb2d50d62f138c53de1a147c0af754a
*** Element info: {Using=xpath, value=//td[text()=&apos;Chindhu Abraham					  					  &apos;]/following-sibling::*[5]/a[1]}
	at org.openqa.selenium.remote.http.W3CHttpResponseCodec.createException(W3CHttpResponseCodec.java:185)
	at org.openqa.selenium.remote.http.W3CHttpResponseCodec.decode(W3CHttpResponseCodec.java:120)
	at org.openqa.selenium.remote.http.W3CHttpResponseCodec.decode(W3CHttpResponseCodec.java:49)
	at org.openqa.selenium.remote.HttpCommandExecutor.execute(HttpCommandExecutor.java:164)
	at org.openqa.selenium.remote.service.DriverCommandExecutor.execute(DriverCommandExecutor.java:83)
	at org.openqa.selenium.remote.RemoteWebDriver.execute(RemoteWebDriver.java:586)
	at org.openqa.selenium.remote.RemoteWebDriver.findElement(RemoteWebDriver.java:356)
	at org.openqa.selenium.remote.RemoteWebDriver.findElementByXPath(RemoteWebDriver.java:458)
	at org.openqa.selenium.By$ByXPath.findElement(By.java:361)
	at org.openqa.selenium.remote.RemoteWebDriver.findElement(RemoteWebDriver.java:348)
	at org.openqa.selenium.support.pagefactory.DefaultElementLocator.findElement(DefaultElementLocator.java:69)
	at org.openqa.selenium.support.pagefactory.internal.LocatingElementHandler.invoke(LocatingElementHandler.java:38)
	at com.sun.proxy.$Proxy12.click(Unknown Source)
	at pages7daySuperMarket.ManageUsersPage.clickonLockOfUserChIndhuAbraham(ManageUsersPage.java:42)
	at validationsOfManageUsersPage.DeleteAUser.verifyLockUserChindhuAbraham(DeleteAUser.java:14)
	at java.util.concurrent.ThreadPoolExecutor.runWorker(Unknown Source)
	at java.util.concurrent.ThreadPoolExecutor$Worker.run(Unknown Source)
	at java.lang.Thread.run(Unknown Source)
... Removed 14 stack frames</div></td></tr></table><p class="totop"><a href="#summary">back to summary</a></p>
<h3 id="m6">validationsOfAdminUsersPage.CreateAndDeleteAUser#NavigateToAdminUserPage</h3><table class="result"><tr><th class="invisible"/></tr></table><p class="totop"><a href="#summary">back to summary</a></p>
<h3 id="m7">validationsOfAdminUsersPage.CreateAndDeleteAUser#quitdriver</h3><table class="result"><tr><th class="invisible"/></tr></table><p class="totop"><a href="#summary">back to summary</a></p>
<h3 id="m8">validationsOfAdminUsersPage.CreateAndDeleteAUser#screenShot</h3><table class="result"><tr><th class="invisible"/></tr></table><p class="totop"><a href="#summary">back to summary</a></p>
<h3 id="m9">validationsOfAdminUsersPage.CreateAndDeleteAUser#screenShot</h3><table class="result"><tr><th class="invisible"/></tr></table><p class="totop"><a href="#summary">back to summary</a></p>
<h3 id="m10">validationsOfManageOrderPage.VerifySearchListOrders#NavigateToAdminUserPage</h3><table class="result"><tr><th class="invisible"/></tr></table><p class="totop"><a href="#summary">back to summary</a></p>
<h3 id="m11">validationsOfManageOrderPage.VerifySearchListOrders#NavigateToAdminUserPage</h3><table class="result"><tr><th class="invisible"/></tr></table><p class="totop"><a href="#summary">back to summary</a></p>
<h3 id="m12">validationsOfManageOrderPage.VerifySearchListOrders#quitdriver</h3><table class="result"><tr><th class="invisible"/></tr></table><p class="totop"><a href="#summary">back to summary</a></p>
<h3 id="m13">validationsOfManageOrderPage.VerifySearchListOrders#screenShot</h3><table class="result"><tr><th class="invisible"/></tr></table><p class="totop"><a href="#summary">back to summary</a></p>
<h3 id="m14">validationsOfManageOrderPage.VerifySearchListOrders#screenShot</h3><table class="result"><tr><th class="invisible"/></tr></table><p class="totop"><a href="#summary">back to summary</a></p>
<h3 id="m15">validationsOfManageOrderPage.verifyResetButton#NavigateToAdminUserPage</h3><table class="result"><tr><th class="invisible"/></tr></table><p class="totop"><a href="#summary">back to summary</a></p>
<h3 id="m16">validationsOfManageOrderPage.verifyResetButton#quitdriver</h3><table class="result"><tr><th class="invisible"/></tr></table><p class="totop"><a href="#summary">back to summary</a></p>
<h3 id="m17">validationsOfManageOrderPage.verifyResetButton#screenShot</h3><table class="result"><tr><th class="invisible"/></tr></table><p class="totop"><a href="#summary">back to summary</a></p>
<h3 id="m18">validationsOfMobileSliderPage.ImageUpload#quitdriver</h3><table class="result"><tr><th class="invisible"/></tr></table><p class="totop"><a href="#summary">back to summary</a></p>
<h3 id="m19">validationsOfMobileSliderPage.ImageUpload#screenShot</h3><table class="result"><tr><th class="invisible"/></tr></table><p class="totop"><a href="#summary">back to summary</a></p>
<h3 id="m20">validationsOfAdminUsersPage.CreateAndDeleteAUser#verifyDeleteOfUser</h3><table class="result"><tr><th>Exception</th></tr><tr><td><div class="stacktrace">org.openqa.selenium.TimeoutException: timeout: Timed out receiving message from renderer: 12.393
  (Session info: chrome=92.0.4515.107)
Build info: version: &apos;3.6.0&apos;, revision: &apos;6fbf3ec767&apos;, time: &apos;2017-09-27T15:28:36.4Z&apos;
System info: host: &apos;ANVER-PC&apos;, ip: &apos;192.168.110.124&apos;, os.name: &apos;Windows 7&apos;, os.arch: &apos;amd64&apos;, os.version: &apos;6.1&apos;, java.version: &apos;1.8.0_281&apos;
Driver info: org.openqa.selenium.chrome.ChromeDriver
Capabilities [{networkConnectionEnabled=false, chrome={chromedriverVersion=91.0.4472.101 (af52a90bf87030dd1523486a1cd3ae25c5d76c9b-refs/branch-heads/4472@{#1462}), userDataDir=C:\Users\ANVER\AppData\Local\Temp\scoped_dir9892_1145959843}, timeouts={implicit=0, pageLoad=300000, script=30000}, pageLoadStrategy=normal, unhandledPromptBehavior=dismiss and notify, strictFileInteractability=false, platform=WINDOWS, proxy=Proxy(), goog:chromeOptions={debuggerAddress=localhost:55994}, acceptInsecureCerts=false, browserVersion=92.0.4515.107, browserName=chrome, javascriptEnabled=true, platformName=WINDOWS, setWindowRect=true, webauthn:extension:largeBlob=true, webauthn:virtualAuthenticators=true}]
Session ID: 7dfea697ae7594eca547df5d72f7f748
	at org.openqa.selenium.remote.http.W3CHttpResponseCodec.createException(W3CHttpResponseCodec.java:185)
	at org.openqa.selenium.remote.http.W3CHttpResponseCodec.decode(W3CHttpResponseCodec.java:120)
	at org.openqa.selenium.remote.http.W3CHttpResponseCodec.decode(W3CHttpResponseCodec.java:49)
	at org.openqa.selenium.remote.HttpCommandExecutor.execute(HttpCommandExecutor.java:164)
	at org.openqa.selenium.remote.service.DriverCommandExecutor.execute(DriverCommandExecutor.java:83)
	at org.openqa.selenium.remote.RemoteWebDriver.execute(RemoteWebDriver.java:586)
	at org.openqa.selenium.remote.RemoteWebDriver.get(RemoteWebDriver.java:310)
	at utils.DriverFactory.loginToGroceryApp(DriverFactory.java:51)
	at validationsOfAdminUsersPage.AdminPageBaseTest.NavigateToAdminUserPage(AdminPageBaseTest.java:29)
	at java.util.concurrent.ThreadPoolExecutor.runWorker(Unknown Source)
	at java.util.concurrent.ThreadPoolExecutor$Worker.run(Unknown Source)
	at java.lang.Thread.run(Unknown Source)
... Removed 17 stack frames</div></td></tr></table><p class="totop"><a href="#summary">back to summary</a></p>
<h3 id="m21">validationsOfAdminUsersPage.CreateAndDeleteAUser#verifyNewUserCreate</h3><table class="result"><tr><th>Exception</th></tr><tr><td><div class="stacktrace">org.openqa.selenium.TimeoutException: timeout: Timed out receiving message from renderer: 12.393
  (Session info: chrome=92.0.4515.107)
Build info: version: &apos;3.6.0&apos;, revision: &apos;6fbf3ec767&apos;, time: &apos;2017-09-27T15:28:36.4Z&apos;
System info: host: &apos;ANVER-PC&apos;, ip: &apos;192.168.110.124&apos;, os.name: &apos;Windows 7&apos;, os.arch: &apos;amd64&apos;, os.version: &apos;6.1&apos;, java.version: &apos;1.8.0_281&apos;
Driver info: org.openqa.selenium.chrome.ChromeDriver
Capabilities [{networkConnectionEnabled=false, chrome={chromedriverVersion=91.0.4472.101 (af52a90bf87030dd1523486a1cd3ae25c5d76c9b-refs/branch-heads/4472@{#1462}), userDataDir=C:\Users\ANVER\AppData\Local\Temp\scoped_dir9892_1145959843}, timeouts={implicit=0, pageLoad=300000, script=30000}, pageLoadStrategy=normal, unhandledPromptBehavior=dismiss and notify, strictFileInteractability=false, platform=WINDOWS, proxy=Proxy(), goog:chromeOptions={debuggerAddress=localhost:55994}, acceptInsecureCerts=false, browserVersion=92.0.4515.107, browserName=chrome, javascriptEnabled=true, platformName=WINDOWS, setWindowRect=true, webauthn:extension:largeBlob=true, webauthn:virtualAuthenticators=true}]
Session ID: 7dfea697ae7594eca547df5d72f7f748
	at org.openqa.selenium.remote.http.W3CHttpResponseCodec.createException(W3CHttpResponseCodec.java:185)
	at org.openqa.selenium.remote.http.W3CHttpResponseCodec.decode(W3CHttpResponseCodec.java:120)
	at org.openqa.selenium.remote.http.W3CHttpResponseCodec.decode(W3CHttpResponseCodec.java:49)
	at org.openqa.selenium.remote.HttpCommandExecutor.execute(HttpCommandExecutor.java:164)
	at org.openqa.selenium.remote.service.DriverCommandExecutor.execute(DriverCommandExecutor.java:83)
	at org.openqa.selenium.remote.RemoteWebDriver.execute(RemoteWebDriver.java:586)
	at org.openqa.selenium.remote.RemoteWebDriver.get(RemoteWebDriver.java:310)
	at utils.DriverFactory.loginToGroceryApp(DriverFactory.java:51)
	at validationsOfAdminUsersPage.AdminPageBaseTest.NavigateToAdminUserPage(AdminPageBaseTest.java:29)
	at java.util.concurrent.ThreadPoolExecutor.runWorker(Unknown Source)
	at java.util.concurrent.ThreadPoolExecutor$Worker.run(Unknown Source)
	at java.lang.Thread.run(Unknown Source)
... Removed 17 stack frames</div></td></tr></table><p class="totop"><a href="#summary">back to summary</a></p>
<h3 id="m22">validationsOfManageOrderPage.VerifySearchListOrders#verifyDropDownstatusPaid</h3><table class="result"><tr><th>Exception</th></tr><tr><td><div class="stacktrace">org.openqa.selenium.WebDriverException: unknown error: DevToolsActivePort file doesn&apos;t exist
Build info: version: &apos;3.6.0&apos;, revision: &apos;6fbf3ec767&apos;, time: &apos;2017-09-27T15:28:36.4Z&apos;
System info: host: &apos;ANVER-PC&apos;, ip: &apos;192.168.110.124&apos;, os.name: &apos;Windows 7&apos;, os.arch: &apos;amd64&apos;, os.version: &apos;6.1&apos;, java.version: &apos;1.8.0_281&apos;
Driver info: driver.version: ChromeDriver
remote stacktrace: Backtrace:
	Ordinal0 [0x00E53733+2504499]
	Ordinal0 [0x00DEC401+2081793]
	Ordinal0 [0x00CF2628+1058344]
	Ordinal0 [0x00D0FA12+1178130]
	Ordinal0 [0x00D0C366+1164134]
	Ordinal0 [0x00D09DC3+1154499]
	Ordinal0 [0x00D39B82+1350530]
	Ordinal0 [0x00D397DA+1349594]
	Ordinal0 [0x00D35D4B+1334603]
	Ordinal0 [0x00D122B4+1188532]
	Ordinal0 [0x00D13149+1192265]
	GetHandleVerifier [0x00FCFB8C+1512252]
	GetHandleVerifier [0x0107B0DF+2214031]
	GetHandleVerifier [0x00ED4BC3+484211]
	GetHandleVerifier [0x00ED3E69+480793]
	Ordinal0 [0x00DF218D+2105741]
	Ordinal0 [0x00DF66E8+2123496]
	Ordinal0 [0x00DF6827+2123815]
	Ordinal0 [0x00DFFB73+2161523]
	BaseThreadInitThunk [0x756D33CA+18]
	RtlInitializeExceptionChain [0x77989ED2+99]
	RtlInitializeExceptionChain [0x77989EA5+54]

	at org.openqa.selenium.remote.W3CHandshakeResponse.lambda$new$0(W3CHandshakeResponse.java:57)
	at org.openqa.selenium.remote.W3CHandshakeResponse.lambda$getResponseFunction$2(W3CHandshakeResponse.java:104)
	at org.openqa.selenium.remote.ProtocolHandshake.lambda$createSession$24(ProtocolHandshake.java:359)
	at java.util.stream.ReferencePipeline$3$1.accept(Unknown Source)
	at java.util.Spliterators$ArraySpliterator.tryAdvance(Unknown Source)
	at java.util.stream.ReferencePipeline.forEachWithCancel(Unknown Source)
	at java.util.stream.AbstractPipeline.copyIntoWithCancel(Unknown Source)
	at java.util.stream.AbstractPipeline.copyInto(Unknown Source)
	at java.util.stream.AbstractPipeline.wrapAndCopyInto(Unknown Source)
	at java.util.stream.FindOps$FindOp.evaluateSequential(Unknown Source)
	at java.util.stream.AbstractPipeline.evaluate(Unknown Source)
	at java.util.stream.ReferencePipeline.findFirst(Unknown Source)
	at org.openqa.selenium.remote.ProtocolHandshake.createSession(ProtocolHandshake.java:362)
	at org.openqa.selenium.remote.ProtocolHandshake.createSession(ProtocolHandshake.java:136)
	at org.openqa.selenium.remote.HttpCommandExecutor.execute(HttpCommandExecutor.java:142)
	at org.openqa.selenium.remote.service.DriverCommandExecutor.execute(DriverCommandExecutor.java:83)
	at org.openqa.selenium.remote.RemoteWebDriver.execute(RemoteWebDriver.java:586)
	at org.openqa.selenium.remote.RemoteWebDriver.startSession(RemoteWebDriver.java:217)
	at org.openqa.selenium.remote.RemoteWebDriver.&lt;init&gt;(RemoteWebDriver.java:140)
	at org.openqa.selenium.chrome.ChromeDriver.&lt;init&gt;(ChromeDriver.java:181)
	at org.openqa.selenium.chrome.ChromeDriver.&lt;init&gt;(ChromeDriver.java:168)
	at org.openqa.selenium.chrome.ChromeDriver.&lt;init&gt;(ChromeDriver.java:123)
	at utils.DriverFactory.getChromeDriver(DriverFactory.java:30)
	at utils.DriverFactory.driverInitialization(DriverFactory.java:19)
	at validationsOfManageOrderPage.ManageOrdersBaseTest.initializeDriver(ManageOrdersBaseTest.java:26)
	at java.util.concurrent.ThreadPoolExecutor.runWorker(Unknown Source)
	at java.util.concurrent.ThreadPoolExecutor$Worker.run(Unknown Source)
	at java.lang.Thread.run(Unknown Source)
... Removed 15 stack frames</div></td></tr></table><p class="totop"><a href="#summary">back to summary</a></p>
<h3 id="m23">validationsOfManageOrderPage.VerifySearchListOrders#verifySearchofOrdersInList</h3><table class="result"><tr><th>Exception</th></tr><tr><td><div class="stacktrace">org.openqa.selenium.WebDriverException: unknown error: DevToolsActivePort file doesn&apos;t exist
Build info: version: &apos;3.6.0&apos;, revision: &apos;6fbf3ec767&apos;, time: &apos;2017-09-27T15:28:36.4Z&apos;
System info: host: &apos;ANVER-PC&apos;, ip: &apos;192.168.110.124&apos;, os.name: &apos;Windows 7&apos;, os.arch: &apos;amd64&apos;, os.version: &apos;6.1&apos;, java.version: &apos;1.8.0_281&apos;
Driver info: driver.version: ChromeDriver
remote stacktrace: Backtrace:
	Ordinal0 [0x00E53733+2504499]
	Ordinal0 [0x00DEC401+2081793]
	Ordinal0 [0x00CF2628+1058344]
	Ordinal0 [0x00D0FA12+1178130]
	Ordinal0 [0x00D0C366+1164134]
	Ordinal0 [0x00D09DC3+1154499]
	Ordinal0 [0x00D39B82+1350530]
	Ordinal0 [0x00D397DA+1349594]
	Ordinal0 [0x00D35D4B+1334603]
	Ordinal0 [0x00D122B4+1188532]
	Ordinal0 [0x00D13149+1192265]
	GetHandleVerifier [0x00FCFB8C+1512252]
	GetHandleVerifier [0x0107B0DF+2214031]
	GetHandleVerifier [0x00ED4BC3+484211]
	GetHandleVerifier [0x00ED3E69+480793]
	Ordinal0 [0x00DF218D+2105741]
	Ordinal0 [0x00DF66E8+2123496]
	Ordinal0 [0x00DF6827+2123815]
	Ordinal0 [0x00DFFB73+2161523]
	BaseThreadInitThunk [0x756D33CA+18]
	RtlInitializeExceptionChain [0x77989ED2+99]
	RtlInitializeExceptionChain [0x77989EA5+54]

	at org.openqa.selenium.remote.W3CHandshakeResponse.lambda$new$0(W3CHandshakeResponse.java:57)
	at org.openqa.selenium.remote.W3CHandshakeResponse.lambda$getResponseFunction$2(W3CHandshakeResponse.java:104)
	at org.openqa.selenium.remote.ProtocolHandshake.lambda$createSession$24(ProtocolHandshake.java:359)
	at java.util.stream.ReferencePipeline$3$1.accept(Unknown Source)
	at java.util.Spliterators$ArraySpliterator.tryAdvance(Unknown Source)
	at java.util.stream.ReferencePipeline.forEachWithCancel(Unknown Source)
	at java.util.stream.AbstractPipeline.copyIntoWithCancel(Unknown Source)
	at java.util.stream.AbstractPipeline.copyInto(Unknown Source)
	at java.util.stream.AbstractPipeline.wrapAndCopyInto(Unknown Source)
	at java.util.stream.FindOps$FindOp.evaluateSequential(Unknown Source)
	at java.util.stream.AbstractPipeline.evaluate(Unknown Source)
	at java.util.stream.ReferencePipeline.findFirst(Unknown Source)
	at org.openqa.selenium.remote.ProtocolHandshake.createSession(ProtocolHandshake.java:362)
	at org.openqa.selenium.remote.ProtocolHandshake.createSession(ProtocolHandshake.java:136)
	at org.openqa.selenium.remote.HttpCommandExecutor.execute(HttpCommandExecutor.java:142)
	at org.openqa.selenium.remote.service.DriverCommandExecutor.execute(DriverCommandExecutor.java:83)
	at org.openqa.selenium.remote.RemoteWebDriver.execute(RemoteWebDriver.java:586)
	at org.openqa.selenium.remote.RemoteWebDriver.startSession(RemoteWebDriver.java:217)
	at org.openqa.selenium.remote.RemoteWebDriver.&lt;init&gt;(RemoteWebDriver.java:140)
	at org.openqa.selenium.chrome.ChromeDriver.&lt;init&gt;(ChromeDriver.java:181)
	at org.openqa.selenium.chrome.ChromeDriver.&lt;init&gt;(ChromeDriver.java:168)
	at org.openqa.selenium.chrome.ChromeDriver.&lt;init&gt;(ChromeDriver.java:123)
	at utils.DriverFactory.getChromeDriver(DriverFactory.java:30)
	at utils.DriverFactory.driverInitialization(DriverFactory.java:19)
	at validationsOfManageOrderPage.ManageOrdersBaseTest.initializeDriver(ManageOrdersBaseTest.java:26)
	at java.util.concurrent.ThreadPoolExecutor.runWorker(Unknown Source)
	at java.util.concurrent.ThreadPoolExecutor$Worker.run(Unknown Source)
	at java.lang.Thread.run(Unknown Source)
... Removed 15 stack frames</div></td></tr></table><p class="totop"><a href="#summary">back to summary</a></p>
<h3 id="m24">validationsOfManageOrderPage.verifyResetButton#validateResetButton</h3><table class="result"><tr><th>Exception</th></tr><tr><td><div class="stacktrace">org.openqa.selenium.WebDriverException: unknown error: Chrome failed to start: was killed.
  (unknown error: DevToolsActivePort file doesn&apos;t exist)
  (The process started from chrome location C:\Program Files\Google\Chrome\Application\chrome.exe is no longer running, so ChromeDriver is assuming that Chrome has crashed.)
Build info: version: &apos;3.6.0&apos;, revision: &apos;6fbf3ec767&apos;, time: &apos;2017-09-27T15:28:36.4Z&apos;
System info: host: &apos;ANVER-PC&apos;, ip: &apos;192.168.110.124&apos;, os.name: &apos;Windows 7&apos;, os.arch: &apos;amd64&apos;, os.version: &apos;6.1&apos;, java.version: &apos;1.8.0_281&apos;
Driver info: driver.version: ChromeDriver
remote stacktrace: Backtrace:
	Ordinal0 [0x00E53733+2504499]
	Ordinal0 [0x00DEC401+2081793]
	Ordinal0 [0x00CF2628+1058344]
	Ordinal0 [0x00D0C99F+1165727]
	Ordinal0 [0x00D09DC3+1154499]
	Ordinal0 [0x00D39B82+1350530]
	Ordinal0 [0x00D397DA+1349594]
	Ordinal0 [0x00D35D4B+1334603]
	Ordinal0 [0x00D122B4+1188532]
	Ordinal0 [0x00D13149+1192265]
	GetHandleVerifier [0x00FCFB8C+1512252]
	GetHandleVerifier [0x0107B0DF+2214031]
	GetHandleVerifier [0x00ED4BC3+484211]
	GetHandleVerifier [0x00ED3E69+480793]
	Ordinal0 [0x00DF218D+2105741]
	Ordinal0 [0x00DF66E8+2123496]
	Ordinal0 [0x00DF6827+2123815]
	Ordinal0 [0x00DFFB73+2161523]
	BaseThreadInitThunk [0x756D33CA+18]
	RtlInitializeExceptionChain [0x77989ED2+99]
	RtlInitializeExceptionChain [0x77989EA5+54]

	at org.openqa.selenium.remote.W3CHandshakeResponse.lambda$new$0(W3CHandshakeResponse.java:57)
	at org.openqa.selenium.remote.W3CHandshakeResponse.lambda$getResponseFunction$2(W3CHandshakeResponse.java:104)
	at org.openqa.selenium.remote.ProtocolHandshake.lambda$createSession$24(ProtocolHandshake.java:359)
	at java.util.stream.ReferencePipeline$3$1.accept(Unknown Source)
	at java.util.Spliterators$ArraySpliterator.tryAdvance(Unknown Source)
	at java.util.stream.ReferencePipeline.forEachWithCancel(Unknown Source)
	at java.util.stream.AbstractPipeline.copyIntoWithCancel(Unknown Source)
	at java.util.stream.AbstractPipeline.copyInto(Unknown Source)
	at java.util.stream.AbstractPipeline.wrapAndCopyInto(Unknown Source)
	at java.util.stream.FindOps$FindOp.evaluateSequential(Unknown Source)
	at java.util.stream.AbstractPipeline.evaluate(Unknown Source)
	at java.util.stream.ReferencePipeline.findFirst(Unknown Source)
	at org.openqa.selenium.remote.ProtocolHandshake.createSession(ProtocolHandshake.java:362)
	at org.openqa.selenium.remote.ProtocolHandshake.createSession(ProtocolHandshake.java:136)
	at org.openqa.selenium.remote.HttpCommandExecutor.execute(HttpCommandExecutor.java:142)
	at org.openqa.selenium.remote.service.DriverCommandExecutor.execute(DriverCommandExecutor.java:83)
	at org.openqa.selenium.remote.RemoteWebDriver.execute(RemoteWebDriver.java:586)
	at org.openqa.selenium.remote.RemoteWebDriver.startSession(RemoteWebDriver.java:217)
	at org.openqa.selenium.remote.RemoteWebDriver.&lt;init&gt;(RemoteWebDriver.java:140)
	at org.openqa.selenium.chrome.ChromeDriver.&lt;init&gt;(ChromeDriver.java:181)
	at org.openqa.selenium.chrome.ChromeDriver.&lt;init&gt;(ChromeDriver.java:168)
	at org.openqa.selenium.chrome.ChromeDriver.&lt;init&gt;(ChromeDriver.java:123)
	at utils.DriverFactory.getChromeDriver(DriverFactory.java:30)
	at utils.DriverFactory.driverInitialization(DriverFactory.java:19)
	at validationsOfManageOrderPage.ManageOrdersBaseTest.initializeDriver(ManageOrdersBaseTest.java:26)
	at java.util.concurrent.ThreadPoolExecutor.runWorker(Unknown Source)
	at java.util.concurrent.ThreadPoolExecutor$Worker.run(Unknown Source)
	at java.lang.Thread.run(Unknown Source)
... Removed 15 stack frames</div></td></tr></table><p class="totop"><a href="#summary">back to summary</a></p>
<h3 id="m25">validationsOfMobileSliderPage.ImageUpload#verifyImageUpload</h3><table class="result"><tr><th>Exception</th></tr><tr><td><div class="stacktrace">org.openqa.selenium.TimeoutException: timeout: Timed out receiving message from renderer: 13.041
  (Session info: chrome=92.0.4515.107)
Build info: version: &apos;3.6.0&apos;, revision: &apos;6fbf3ec767&apos;, time: &apos;2017-09-27T15:28:36.4Z&apos;
System info: host: &apos;ANVER-PC&apos;, ip: &apos;192.168.110.124&apos;, os.name: &apos;Windows 7&apos;, os.arch: &apos;amd64&apos;, os.version: &apos;6.1&apos;, java.version: &apos;1.8.0_281&apos;
Driver info: org.openqa.selenium.chrome.ChromeDriver
Capabilities [{networkConnectionEnabled=false, chrome={chromedriverVersion=91.0.4472.101 (af52a90bf87030dd1523486a1cd3ae25c5d76c9b-refs/branch-heads/4472@{#1462}), userDataDir=C:\Users\ANVER\AppData\Local\Temp\scoped_dir10224_114224621}, timeouts={implicit=0, pageLoad=300000, script=30000}, pageLoadStrategy=normal, unhandledPromptBehavior=dismiss and notify, strictFileInteractability=false, platform=WINDOWS, proxy=Proxy(), goog:chromeOptions={debuggerAddress=localhost:55349}, acceptInsecureCerts=false, browserVersion=92.0.4515.107, browserName=chrome, javascriptEnabled=true, platformName=WINDOWS, setWindowRect=true, webauthn:extension:largeBlob=true, webauthn:virtualAuthenticators=true}]
Session ID: 71353de5ada9bef651b1d44187afb059
	at org.openqa.selenium.remote.http.W3CHttpResponseCodec.createException(W3CHttpResponseCodec.java:185)
	at org.openqa.selenium.remote.http.W3CHttpResponseCodec.decode(W3CHttpResponseCodec.java:120)
	at org.openqa.selenium.remote.http.W3CHttpResponseCodec.decode(W3CHttpResponseCodec.java:49)
	at org.openqa.selenium.remote.HttpCommandExecutor.execute(HttpCommandExecutor.java:164)
	at org.openqa.selenium.remote.service.DriverCommandExecutor.execute(DriverCommandExecutor.java:83)
	at org.openqa.selenium.remote.RemoteWebDriver.execute(RemoteWebDriver.java:586)
	at org.openqa.selenium.remote.RemoteWebDriver.get(RemoteWebDriver.java:310)
	at utils.DriverFactory.loginToGroceryApp(DriverFactory.java:51)
	at validationsOfMobileSliderPage.MobilesliderBaseTest.NavigateToMobilesliderPage(MobilesliderBaseTest.java:35)
	at java.util.concurrent.ThreadPoolExecutor.runWorker(Unknown Source)
	at java.util.concurrent.ThreadPoolExecutor$Worker.run(Unknown Source)
	at java.lang.Thread.run(Unknown Source)
... Removed 17 stack frames</div></td></tr></table><p class="totop"><a href="#summary">back to summary</a></p>
<h3 id="m26">validationsOfAdminUsersPage.UserCanCreateDifferentUsers#verifynewUsers</h3><table class="result"><tr class="param"><th>Parameter #1</th><th>Parameter #2</th><th>Parameter #3</th></tr><tr class="param stripe"><td>fathima_5317380</td><td>456789</td><td>Delivery Boy</td></tr></table><p class="totop"><a href="#summary">back to summary</a></p>
<h3 id="m27">validationsOfAdminUsersPage.UserCanCreateDifferentUsers#verifynewUsers</h3><table class="result"><tr class="param"><th>Parameter #1</th><th>Parameter #2</th><th>Parameter #3</th></tr><tr class="param stripe"><td>fathima_6361082</td><td>678905</td><td>Staff</td></tr></table><p class="totop"><a href="#summary">back to summary</a></p>
<h3 id="m28">validationsOfAdminUsersPage.UserCanCreateDifferentUsers#verifynewUsers</h3><table class="result"><tr class="param"><th>Parameter #1</th><th>Parameter #2</th><th>Parameter #3</th></tr><tr class="param stripe"><td>fathima_4720109</td><td>654321</td><td>Partner</td></tr></table><p class="totop"><a href="#summary">back to summary</a></p>
<h3 id="m29">validationsOfAdminUsersPage.UserCanCreateDifferentUsers#verifynewUsers</h3><table class="result"><tr class="param"><th>Parameter #1</th><th>Parameter #2</th><th>Parameter #3</th></tr><tr class="param stripe"><td>fathima_1710254</td><td>987654</td><td>Admin</td></tr></table><p class="totop"><a href="#summary">back to summary</a></p>
<h3 id="m30">validationsOfAdminUsersPage.UserCanCreateDifferentUsers#verifynewUsers</h3><table class="result"><tr class="param"><th>Parameter #1</th><th>Parameter #2</th><th>Parameter #3</th></tr><tr class="param stripe"><td>fathima_3583432</td><td>123456</td><td>Admin</td></tr></table><p class="totop"><a href="#summary">back to summary</a></p>
<h3 id="m31">validationsOfAdminUsersPage.VerifyResetButton#verifyResetButton</h3><table class="result"><tr><th class="invisible"/></tr></table><p class="totop"><a href="#summary">back to summary</a></p>
<h3 id="m32">validationsOfAdminUsersPage.verifyCreateAndSearchOfUsers#verifySearchButtonInAdminUsersPage</h3><table class="result"><tr class="param"><th>Parameter #1</th><th>Parameter #2</th><th>Parameter #3</th></tr><tr class="param stripe"><td>Fathima BC</td><td>a12390</td><td>Staff</td></tr></table><p class="totop"><a href="#summary">back to summary</a></p>
<h3 id="m33">validationsOfAdminUsersPage.verifyCreateAndSearchOfUsers#verifySearchButtonInAdminUsersPage</h3><table class="result"><tr class="param"><th>Parameter #1</th><th>Parameter #2</th><th>Parameter #3</th></tr><tr class="param stripe"><td>Fathima F</td><td>a53791</td><td>Admin</td></tr></table><p class="totop"><a href="#summary">back to summary</a></p>
<h3 id="m34">validationsOfAdminUsersPage.verifyCreateAndSearchOfUsers#verifySearchButtonInAdminUsersPage</h3><table class="result"><tr class="param"><th>Parameter #1</th><th>Parameter #2</th><th>Parameter #3</th></tr><tr class="param stripe"><td>Fathima B</td><td>a46809</td><td>Staff</td></tr></table><p class="totop"><a href="#summary">back to summary</a></p>
<h3 id="m35">validationsOfAdminUsersPage.verifyCreateAndSearchOfUsers#verifySearchButtonInAdminUsersPage</h3><table class="result"><tr class="param"><th>Parameter #1</th><th>Parameter #2</th><th>Parameter #3</th></tr><tr class="param stripe"><td>Fathima A</td><td>a12479</td><td>Admin</td></tr></table><p class="totop"><a href="#summary">back to summary</a></p>
<h3 id="m36">validationsOfAdminUsersPage.verifyCreateAndSearchOfUsers#verifySearchButtonInAdminUsersPage</h3><table class="result"><tr class="param"><th>Parameter #1</th><th>Parameter #2</th><th>Parameter #3</th></tr><tr class="param stripe"><td>Fathima D</td><td>a13579</td><td>Admin</td></tr></table><p class="totop"><a href="#summary">back to summary</a></p>
<h3 id="m37">validationsOfAdminUsersPage.verifyCreateAndSearchOfUsers#verifySearchButtonInAdminUsersPage</h3><table class="result"><tr class="param"><th>Parameter #1</th><th>Parameter #2</th><th>Parameter #3</th></tr><tr class="param stripe"><td>Fathima C</td><td>a24680</td><td>Staff</td></tr></table><p class="totop"><a href="#summary">back to summary</a></p>
<h3 id="m38">validationsOfAdminUsersPage.verifyCreateAndSearchOfUsers#verifySearchButtonInAdminUsersPage</h3><table class="result"><tr class="param"><th>Parameter #1</th><th>Parameter #2</th><th>Parameter #3</th></tr><tr class="param stripe"><td>Fathima E</td><td>a86420</td><td>Staff</td></tr></table><p class="totop"><a href="#summary">back to summary</a></p>
<h3 id="m39">validationsOfAdminUsersPage.verifyCreateAndSearchOfUsers#verifySearchButtonInAdminUsersPage</h3><table class="result"><tr class="param"><th>Parameter #1</th><th>Parameter #2</th><th>Parameter #3</th></tr><tr class="param stripe"><td>Fathima AB</td><td>a68429</td><td>Admin</td></tr></table><p class="totop"><a href="#summary">back to summary</a></p>
<h3 id="m40">validationsOfDashBoardPage.DashBoardPageTest#methd</h3><table class="result"><tr><th class="invisible"/></tr></table><p class="totop"><a href="#summary">back to summary</a></p>
<h3 id="m41">validationsOfManageOrderPage.ListOrdersStatus#VerifyUsersButtonFunctionality</h3><table class="result"><tr><th class="invisible"/></tr></table><p class="totop"><a href="#summary">back to summary</a></p>
<h3 id="m42">validattionsOfLoginPAge.LoginPageTest#verifyDashBoardPage</h3><table class="result"><tr><th class="invisible"/></tr></table><p class="totop"><a href="#summary">back to summary</a></p>
</body>
</html>
