<!DOCTYPE html>

<html>
  <head>
  <meta charset='utf-8'>
  <title>TestNG reports</title>

    <link type="text/css" href="testng-reports.css" rel="stylesheet" />
    <script type="text/javascript" src="jquery-1.7.1.min.js"></script>
    <script type="text/javascript" src="testng-reports.js"></script>
    <script type="text/javascript" src="https://www.google.com/jsapi"></script>
    <script type='text/javascript'>
      google.load('visualization', '1', {packages:['table']});
      google.setOnLoadCallback(drawTable);
      var suiteTableInitFunctions = new Array();
      var suiteTableData = new Array();
    </script>
    <!--
      <script type="text/javascript" src="jquery-ui/js/jquery-ui-1.8.16.custom.min.js"></script>
     -->
  </head>

  <body>
    <div class="top-banner-root">
      <span class="top-banner-title-font">Test results</span>
      <br/>
      <span class="top-banner-font-1">1 suite, 2 failed tests</span>
    </div> <!-- top-banner-root -->
    <div class="navigator-root">
      <div class="navigator-suite-header">
        <span>All suites</span>
        <a href="#" class="collapse-all-link" title="Collapse/expand all the suites">
          <img class="collapse-all-icon" src="collapseall.gif">
          </img> <!-- collapse-all-icon -->
        </a> <!-- collapse-all-link -->
      </div> <!-- navigator-suite-header -->
      <div class="suite">
        <div class="rounded-window">
          <div class="suite-header light-rounded-window-top">
            <a href="#" class="navigator-link" panel-name="suite-Suite">
              <span class="suite-name border-failed">Suite</span>
            </a> <!-- navigator-link -->
          </div> <!-- suite-header light-rounded-window-top -->
          <div class="navigator-suite-content">
            <div class="suite-section-title">
              <span>Info</span>
            </div> <!-- suite-section-title -->
            <div class="suite-section-content">
              <ul>
                <li>
                  <a href="#" class="navigator-link " panel-name="test-xml-Suite">
                    <span>C:\Users\ANVER\eclipse-workspace\project7rMart\7DaySuperMarket\7daySuperMarketUserPageValidationsTest.xml</span>
                  </a> <!-- navigator-link  -->
                </li>
                <li>
                  <a href="#" class="navigator-link " panel-name="testlist-Suite">
                    <span class="test-stats">1 test</span>
                  </a> <!-- navigator-link  -->
                </li>
                <li>
                  <a href="#" class="navigator-link " panel-name="group-Suite">
                    <span>0 groups</span>
                  </a> <!-- navigator-link  -->
                </li>
                <li>
                  <a href="#" class="navigator-link " panel-name="times-Suite">
                    <span>Times</span>
                  </a> <!-- navigator-link  -->
                </li>
                <li>
                  <a href="#" class="navigator-link " panel-name="reporter-Suite">
                    <span>Reporter output</span>
                  </a> <!-- navigator-link  -->
                </li>
                <li>
                  <a href="#" class="navigator-link " panel-name="ignored-methods-Suite">
                    <span>Ignored methods</span>
                  </a> <!-- navigator-link  -->
                </li>
                <li>
                  <a href="#" class="navigator-link " panel-name="chronological-Suite">
                    <span>Chronological view</span>
                  </a> <!-- navigator-link  -->
                </li>
              </ul>
            </div> <!-- suite-section-content -->
            <div class="result-section">
              <div class="suite-section-title">
                <span>Results</span>
              </div> <!-- suite-section-title -->
              <div class="suite-section-content">
                <ul>
                  <li>
                    <span class="method-stats">25 methods, 2 failed,  6 skipped,  17 passed</span>
                  </li>
                  <li>
                    <span class="method-list-title failed">Failed methods</span>
                    <span class="show-or-hide-methods failed">
                      <a href="#" panel-name="suite-Suite" class="hide-methods failed suite-Suite"> (hide)</a> <!-- hide-methods failed suite-Suite -->
                      <a href="#" panel-name="suite-Suite" class="show-methods failed suite-Suite"> (show)</a> <!-- show-methods failed suite-Suite -->
                    </span>
                    <div class="method-list-content failed suite-Suite">
                      <span>
                        <img width="3%" src="failed.png"/>
                        <a href="#" class="method navigator-link" panel-name="suite-Suite" title="validationsOfManageUsersPage.DeleteAUser" hash-for-method="deleteUserChindhuAbraham">deleteUserChindhuAbraham</a> <!-- method navigator-link -->
                      </span>
                      <br/>
                      <span>
                        <img width="3%" src="failed.png"/>
                        <a href="#" class="method navigator-link" panel-name="suite-Suite" title="validationsOfManageUsersPage.DeleteAUser" hash-for-method="verifyLockUserChindhuAbraham">verifyLockUserChindhuAbraham</a> <!-- method navigator-link -->
                      </span>
                      <br/>
                    </div> <!-- method-list-content failed suite-Suite -->
                  </li>
                  <li>
                    <span class="method-list-title skipped">Skipped methods</span>
                    <span class="show-or-hide-methods skipped">
                      <a href="#" panel-name="suite-Suite" class="hide-methods skipped suite-Suite"> (hide)</a> <!-- hide-methods skipped suite-Suite -->
                      <a href="#" panel-name="suite-Suite" class="show-methods skipped suite-Suite"> (show)</a> <!-- show-methods skipped suite-Suite -->
                    </span>
                    <div class="method-list-content skipped suite-Suite">
                      <span>
                        <img width="3%" src="skipped.png"/>
                        <a href="#" class="method navigator-link" panel-name="suite-Suite" title="validationsOfManageOrderPage.verifyResetButton" hash-for-method="validateResetButton">validateResetButton</a> <!-- method navigator-link -->
                      </span>
                      <br/>
                      <span>
                        <img width="3%" src="skipped.png"/>
                        <a href="#" class="method navigator-link" panel-name="suite-Suite" title="validationsOfAdminUsersPage.CreateAndDeleteAUser" hash-for-method="verifyDeleteOfUser">verifyDeleteOfUser</a> <!-- method navigator-link -->
                      </span>
                      <br/>
                      <span>
                        <img width="3%" src="skipped.png"/>
                        <a href="#" class="method navigator-link" panel-name="suite-Suite" title="validationsOfManageOrderPage.VerifySearchListOrders" hash-for-method="verifyDropDownstatusPaid">verifyDropDownstatusPaid</a> <!-- method navigator-link -->
                      </span>
                      <br/>
                      <span>
                        <img width="3%" src="skipped.png"/>
                        <a href="#" class="method navigator-link" panel-name="suite-Suite" title="validationsOfMobileSliderPage.ImageUpload" hash-for-method="verifyImageUpload">verifyImageUpload</a> <!-- method navigator-link -->
                      </span>
                      <br/>
                      <span>
                        <img width="3%" src="skipped.png"/>
                        <a href="#" class="method navigator-link" panel-name="suite-Suite" title="validationsOfAdminUsersPage.CreateAndDeleteAUser" hash-for-method="verifyNewUserCreate">verifyNewUserCreate</a> <!-- method navigator-link -->
                      </span>
                      <br/>
                      <span>
                        <img width="3%" src="skipped.png"/>
                        <a href="#" class="method navigator-link" panel-name="suite-Suite" title="validationsOfManageOrderPage.VerifySearchListOrders" hash-for-method="verifySearchofOrdersInList">verifySearchofOrdersInList</a> <!-- method navigator-link -->
                      </span>
                      <br/>
                    </div> <!-- method-list-content skipped suite-Suite -->
                  </li>
                  <li>
                    <span class="method-list-title passed">Passed methods</span>
                    <span class="show-or-hide-methods passed">
                      <a href="#" panel-name="suite-Suite" class="hide-methods passed suite-Suite"> (hide)</a> <!-- hide-methods passed suite-Suite -->
                      <a href="#" panel-name="suite-Suite" class="show-methods passed suite-Suite"> (show)</a> <!-- show-methods passed suite-Suite -->
                    </span>
                    <div class="method-list-content passed suite-Suite">
                      <span>
                        <img width="3%" src="passed.png"/>
                        <a href="#" class="method navigator-link" panel-name="suite-Suite" title="validationsOfManageOrderPage.ListOrdersStatus" hash-for-method="VerifyUsersButtonFunctionality">VerifyUsersButtonFunctionality</a> <!-- method navigator-link -->
                      </span>
                      <br/>
                      <span>
                        <img width="3%" src="passed.png"/>
                        <a href="#" class="method navigator-link" panel-name="suite-Suite" title="validationsOfDashBoardPage.DashBoardPageTest" hash-for-method="methd">methd</a> <!-- method navigator-link -->
                      </span>
                      <br/>
                      <span>
                        <img width="3%" src="passed.png"/>
                        <a href="#" class="method navigator-link" panel-name="suite-Suite" title="validattionsOfLoginPAge.LoginPageTest" hash-for-method="verifyDashBoardPage">verifyDashBoardPage</a> <!-- method navigator-link -->
                      </span>
                      <br/>
                      <span>
                        <img width="3%" src="passed.png"/>
                        <a href="#" class="method navigator-link" panel-name="suite-Suite" title="validationsOfAdminUsersPage.VerifyResetButton" hash-for-method="verifyResetButton">verifyResetButton</a> <!-- method navigator-link -->
                      </span>
                      <br/>
                      <span>
                        <img width="3%" src="passed.png"/>
                        <a href="#" class="method navigator-link" panel-name="suite-Suite" title="validationsOfAdminUsersPage.verifyCreateAndSearchOfUsers" hash-for-method="verifySearchButtonInAdminUsersPage(Fathima BC, a12390, Staff)">verifySearchButtonInAdminUsersPage(Fathima BC, a12390, Staff)</a> <!-- method navigator-link -->
                      </span>
                      <br/>
                      <span>
                        <img width="3%" src="passed.png"/>
                        <a href="#" class="method navigator-link" panel-name="suite-Suite" title="validationsOfAdminUsersPage.verifyCreateAndSearchOfUsers" hash-for-method="verifySearchButtonInAdminUsersPage(Fathima F, a53791, Admin)">verifySearchButtonInAdminUsersPage(Fathima F, a53791, Admin)</a> <!-- method navigator-link -->
                      </span>
                      <br/>
                      <span>
                        <img width="3%" src="passed.png"/>
                        <a href="#" class="method navigator-link" panel-name="suite-Suite" title="validationsOfAdminUsersPage.verifyCreateAndSearchOfUsers" hash-for-method="verifySearchButtonInAdminUsersPage(Fathima B, a46809, Staff)">verifySearchButtonInAdminUsersPage(Fathima B, a46809, Staff)</a> <!-- method navigator-link -->
                      </span>
                      <br/>
                      <span>
                        <img width="3%" src="passed.png"/>
                        <a href="#" class="method navigator-link" panel-name="suite-Suite" title="validationsOfAdminUsersPage.verifyCreateAndSearchOfUsers" hash-for-method="verifySearchButtonInAdminUsersPage(Fathima A, a12479, Admin)">verifySearchButtonInAdminUsersPage(Fathima A, a12479, Admin)</a> <!-- method navigator-link -->
                      </span>
                      <br/>
                      <span>
                        <img width="3%" src="passed.png"/>
                        <a href="#" class="method navigator-link" panel-name="suite-Suite" title="validationsOfAdminUsersPage.verifyCreateAndSearchOfUsers" hash-for-method="verifySearchButtonInAdminUsersPage(Fathima D, a13579, Admin)">verifySearchButtonInAdminUsersPage(Fathima D, a13579, Admin)</a> <!-- method navigator-link -->
                      </span>
                      <br/>
                      <span>
                        <img width="3%" src="passed.png"/>
                        <a href="#" class="method navigator-link" panel-name="suite-Suite" title="validationsOfAdminUsersPage.verifyCreateAndSearchOfUsers" hash-for-method="verifySearchButtonInAdminUsersPage(Fathima C, a24680, Staff)">verifySearchButtonInAdminUsersPage(Fathima C, a24680, Staff)</a> <!-- method navigator-link -->
                      </span>
                      <br/>
                      <span>
                        <img width="3%" src="passed.png"/>
                        <a href="#" class="method navigator-link" panel-name="suite-Suite" title="validationsOfAdminUsersPage.verifyCreateAndSearchOfUsers" hash-for-method="verifySearchButtonInAdminUsersPage(Fathima E, a86420, Staff)">verifySearchButtonInAdminUsersPage(Fathima E, a86420, Staff)</a> <!-- method navigator-link -->
                      </span>
                      <br/>
                      <span>
                        <img width="3%" src="passed.png"/>
                        <a href="#" class="method navigator-link" panel-name="suite-Suite" title="validationsOfAdminUsersPage.verifyCreateAndSearchOfUsers" hash-for-method="verifySearchButtonInAdminUsersPage(Fathima AB, a68429, Admin)">verifySearchButtonInAdminUsersPage(Fathima AB, a68429, Admin)</a> <!-- method navigator-link -->
                      </span>
                      <br/>
                      <span>
                        <img width="3%" src="passed.png"/>
                        <a href="#" class="method navigator-link" panel-name="suite-Suite" title="validationsOfAdminUsersPage.UserCanCreateDifferentUsers" hash-for-method="verifynewUsers(fathima_5317380, 456789, Delivery Boy)">verifynewUsers(fathima_5317380, 456789, Delivery Boy)</a> <!-- method navigator-link -->
                      </span>
                      <br/>
                      <span>
                        <img width="3%" src="passed.png"/>
                        <a href="#" class="method navigator-link" panel-name="suite-Suite" title="validationsOfAdminUsersPage.UserCanCreateDifferentUsers" hash-for-method="verifynewUsers(fathima_6361082, 678905, Staff)">verifynewUsers(fathima_6361082, 678905, Staff)</a> <!-- method navigator-link -->
                      </span>
                      <br/>
                      <span>
                        <img width="3%" src="passed.png"/>
                        <a href="#" class="method navigator-link" panel-name="suite-Suite" title="validationsOfAdminUsersPage.UserCanCreateDifferentUsers" hash-for-method="verifynewUsers(fathima_4720109, 654321, Partner)">verifynewUsers(fathima_4720109, 654321, Partner)</a> <!-- method navigator-link -->
                      </span>
                      <br/>
                      <span>
                        <img width="3%" src="passed.png"/>
                        <a href="#" class="method navigator-link" panel-name="suite-Suite" title="validationsOfAdminUsersPage.UserCanCreateDifferentUsers" hash-for-method="verifynewUsers(fathima_1710254, 987654, Admin)">verifynewUsers(fathima_1710254, 987654, Admin)</a> <!-- method navigator-link -->
                      </span>
                      <br/>
                      <span>
                        <img width="3%" src="passed.png"/>
                        <a href="#" class="method navigator-link" panel-name="suite-Suite" title="validationsOfAdminUsersPage.UserCanCreateDifferentUsers" hash-for-method="verifynewUsers(fathima_3583432, 123456, Admin)">verifynewUsers(fathima_3583432, 123456, Admin)</a> <!-- method navigator-link -->
                      </span>
                      <br/>
                    </div> <!-- method-list-content passed suite-Suite -->
                  </li>
                </ul>
              </div> <!-- suite-section-content -->
            </div> <!-- result-section -->
          </div> <!-- navigator-suite-content -->
        </div> <!-- rounded-window -->
      </div> <!-- suite -->
    </div> <!-- navigator-root -->
    <div class="wrapper">
      <div class="main-panel-root">
        <div panel-name="suite-Suite" class="panel Suite">
          <div class="suite-Suite-class-failed">
            <div class="main-panel-header rounded-window-top">
              <img src="failed.png"/>
              <span class="class-name">validationsOfManageUsersPage.DeleteAUser</span>
            </div> <!-- main-panel-header rounded-window-top -->
            <div class="main-panel-content rounded-window-bottom">
              <div class="method">
                <div class="method-content">
                  <a name="deleteUserChindhuAbraham">
                  </a> <!-- deleteUserChindhuAbraham -->
                  <span class="method-name">deleteUserChindhuAbraham</span>
                  <div class="stack-trace">org.openqa.selenium.NoSuchElementException: no such element: Unable to locate element: {&quot;method&quot;:&quot;xpath&quot;,&quot;selector&quot;:&quot;//td[text()=&apos;Chindhu Abraham					  					  &apos;]/following-sibling::*[5]/a[1]&quot;}
  (Session info: chrome=92.0.4515.107)
For documentation on this error, please visit: http://seleniumhq.org/exceptions/no_such_element.html
Build info: version: &apos;3.6.0&apos;, revision: &apos;6fbf3ec767&apos;, time: &apos;2017-09-27T15:28:36.4Z&apos;
System info: host: &apos;ANVER-PC&apos;, ip: &apos;192.168.110.124&apos;, os.name: &apos;Windows 7&apos;, os.arch: &apos;amd64&apos;, os.version: &apos;6.1&apos;, java.version: &apos;1.8.0_281&apos;
Driver info: org.openqa.selenium.chrome.ChromeDriver
Capabilities [{networkConnectionEnabled=false, chrome={chromedriverVersion=91.0.4472.101 (af52a90bf87030dd1523486a1cd3ae25c5d76c9b-refs/branch-heads/4472@{#1462}), userDataDir=C:\Users\ANVER\AppData\Local\Temp\scoped_dir7392_1644775356}, timeouts={implicit=0, pageLoad=300000, script=30000}, pageLoadStrategy=normal, unhandledPromptBehavior=dismiss and notify, strictFileInteractability=false, platform=WINDOWS, proxy=Proxy(), goog:chromeOptions={debuggerAddress=localhost:56742}, acceptInsecureCerts=false, browserVersion=92.0.4515.107, browserName=chrome, javascriptEnabled=true, platformName=WINDOWS, setWindowRect=true, webauthn:extension:largeBlob=true, webauthn:virtualAuthenticators=true}]
Session ID: 4fb2d50d62f138c53de1a147c0af754a
*** Element info: {Using=xpath, value=//td[text()=&apos;Chindhu Abraham					  					  &apos;]/following-sibling::*[5]/a[1]}
	at org.openqa.selenium.remote.http.W3CHttpResponseCodec.createException(W3CHttpResponseCodec.java:185)
	at org.openqa.selenium.remote.http.W3CHttpResponseCodec.decode(W3CHttpResponseCodec.java:120)
	at org.openqa.selenium.remote.http.W3CHttpResponseCodec.decode(W3CHttpResponseCodec.java:49)
	at org.openqa.selenium.remote.HttpCommandExecutor.execute(HttpCommandExecutor.java:164)
	at org.openqa.selenium.remote.service.DriverCommandExecutor.execute(DriverCommandExecutor.java:83)
	at org.openqa.selenium.remote.RemoteWebDriver.execute(RemoteWebDriver.java:586)
	at org.openqa.selenium.remote.RemoteWebDriver.findElement(RemoteWebDriver.java:356)
	at org.openqa.selenium.remote.RemoteWebDriver.findElementByXPath(RemoteWebDriver.java:458)
	at org.openqa.selenium.By$ByXPath.findElement(By.java:361)
	at org.openqa.selenium.remote.RemoteWebDriver.findElement(RemoteWebDriver.java:348)
	at org.openqa.selenium.support.pagefactory.DefaultElementLocator.findElement(DefaultElementLocator.java:69)
	at org.openqa.selenium.support.pagefactory.internal.LocatingElementHandler.invoke(LocatingElementHandler.java:38)
	at com.sun.proxy.$Proxy12.click(Unknown Source)
	at pages7daySuperMarket.ManageUsersPage.clickOnDeleteIconInUserChindhuAbraham(ManageUsersPage.java:37)
	at validationsOfManageUsersPage.DeleteAUser.deleteUserChindhuAbraham(DeleteAUser.java:24)
	at java.util.concurrent.ThreadPoolExecutor.runWorker(Unknown Source)
	at java.util.concurrent.ThreadPoolExecutor$Worker.run(Unknown Source)
	at java.lang.Thread.run(Unknown Source)
... Removed 14 stack frames
</div> <!-- stack-trace -->
                </div> <!-- method-content -->
              </div> <!-- method -->
              <div class="method">
                <div class="method-content">
                  <a name="verifyLockUserChindhuAbraham">
                  </a> <!-- verifyLockUserChindhuAbraham -->
                  <span class="method-name">verifyLockUserChindhuAbraham</span>
                  <div class="stack-trace">org.openqa.selenium.NoSuchElementException: no such element: Unable to locate element: {&quot;method&quot;:&quot;xpath&quot;,&quot;selector&quot;:&quot;//td[text()=&apos;Chindhu Abraham					  					  &apos;]/following-sibling::*[5]/a[1]&quot;}
  (Session info: chrome=92.0.4515.107)
For documentation on this error, please visit: http://seleniumhq.org/exceptions/no_such_element.html
Build info: version: &apos;3.6.0&apos;, revision: &apos;6fbf3ec767&apos;, time: &apos;2017-09-27T15:28:36.4Z&apos;
System info: host: &apos;ANVER-PC&apos;, ip: &apos;192.168.110.124&apos;, os.name: &apos;Windows 7&apos;, os.arch: &apos;amd64&apos;, os.version: &apos;6.1&apos;, java.version: &apos;1.8.0_281&apos;
Driver info: org.openqa.selenium.chrome.ChromeDriver
Capabilities [{networkConnectionEnabled=false, chrome={chromedriverVersion=91.0.4472.101 (af52a90bf87030dd1523486a1cd3ae25c5d76c9b-refs/branch-heads/4472@{#1462}), userDataDir=C:\Users\ANVER\AppData\Local\Temp\scoped_dir7392_1644775356}, timeouts={implicit=0, pageLoad=300000, script=30000}, pageLoadStrategy=normal, unhandledPromptBehavior=dismiss and notify, strictFileInteractability=false, platform=WINDOWS, proxy=Proxy(), goog:chromeOptions={debuggerAddress=localhost:56742}, acceptInsecureCerts=false, browserVersion=92.0.4515.107, browserName=chrome, javascriptEnabled=true, platformName=WINDOWS, setWindowRect=true, webauthn:extension:largeBlob=true, webauthn:virtualAuthenticators=true}]
Session ID: 4fb2d50d62f138c53de1a147c0af754a
*** Element info: {Using=xpath, value=//td[text()=&apos;Chindhu Abraham					  					  &apos;]/following-sibling::*[5]/a[1]}
	at org.openqa.selenium.remote.http.W3CHttpResponseCodec.createException(W3CHttpResponseCodec.java:185)
	at org.openqa.selenium.remote.http.W3CHttpResponseCodec.decode(W3CHttpResponseCodec.java:120)
	at org.openqa.selenium.remote.http.W3CHttpResponseCodec.decode(W3CHttpResponseCodec.java:49)
	at org.openqa.selenium.remote.HttpCommandExecutor.execute(HttpCommandExecutor.java:164)
	at org.openqa.selenium.remote.service.DriverCommandExecutor.execute(DriverCommandExecutor.java:83)
	at org.openqa.selenium.remote.RemoteWebDriver.execute(RemoteWebDriver.java:586)
	at org.openqa.selenium.remote.RemoteWebDriver.findElement(RemoteWebDriver.java:356)
	at org.openqa.selenium.remote.RemoteWebDriver.findElementByXPath(RemoteWebDriver.java:458)
	at org.openqa.selenium.By$ByXPath.findElement(By.java:361)
	at org.openqa.selenium.remote.RemoteWebDriver.findElement(RemoteWebDriver.java:348)
	at org.openqa.selenium.support.pagefactory.DefaultElementLocator.findElement(DefaultElementLocator.java:69)
	at org.openqa.selenium.support.pagefactory.internal.LocatingElementHandler.invoke(LocatingElementHandler.java:38)
	at com.sun.proxy.$Proxy12.click(Unknown Source)
	at pages7daySuperMarket.ManageUsersPage.clickonLockOfUserChIndhuAbraham(ManageUsersPage.java:42)
	at validationsOfManageUsersPage.DeleteAUser.verifyLockUserChindhuAbraham(DeleteAUser.java:14)
	at java.util.concurrent.ThreadPoolExecutor.runWorker(Unknown Source)
	at java.util.concurrent.ThreadPoolExecutor$Worker.run(Unknown Source)
	at java.lang.Thread.run(Unknown Source)
... Removed 14 stack frames
</div> <!-- stack-trace -->
                </div> <!-- method-content -->
              </div> <!-- method -->
            </div> <!-- main-panel-content rounded-window-bottom -->
          </div> <!-- suite-Suite-class-failed -->
          <div class="suite-Suite-class-skipped">
            <div class="main-panel-header rounded-window-top">
              <img src="skipped.png"/>
              <span class="class-name">validationsOfMobileSliderPage.ImageUpload</span>
            </div> <!-- main-panel-header rounded-window-top -->
            <div class="main-panel-content rounded-window-bottom">
              <div class="method">
                <div class="method-content">
                  <a name="verifyImageUpload">
                  </a> <!-- verifyImageUpload -->
                  <span class="method-name">verifyImageUpload</span>
                  <div class="stack-trace">org.openqa.selenium.TimeoutException: timeout: Timed out receiving message from renderer: 13.041
  (Session info: chrome=92.0.4515.107)
Build info: version: &apos;3.6.0&apos;, revision: &apos;6fbf3ec767&apos;, time: &apos;2017-09-27T15:28:36.4Z&apos;
System info: host: &apos;ANVER-PC&apos;, ip: &apos;192.168.110.124&apos;, os.name: &apos;Windows 7&apos;, os.arch: &apos;amd64&apos;, os.version: &apos;6.1&apos;, java.version: &apos;1.8.0_281&apos;
Driver info: org.openqa.selenium.chrome.ChromeDriver
Capabilities [{networkConnectionEnabled=false, chrome={chromedriverVersion=91.0.4472.101 (af52a90bf87030dd1523486a1cd3ae25c5d76c9b-refs/branch-heads/4472@{#1462}), userDataDir=C:\Users\ANVER\AppData\Local\Temp\scoped_dir10224_114224621}, timeouts={implicit=0, pageLoad=300000, script=30000}, pageLoadStrategy=normal, unhandledPromptBehavior=dismiss and notify, strictFileInteractability=false, platform=WINDOWS, proxy=Proxy(), goog:chromeOptions={debuggerAddress=localhost:55349}, acceptInsecureCerts=false, browserVersion=92.0.4515.107, browserName=chrome, javascriptEnabled=true, platformName=WINDOWS, setWindowRect=true, webauthn:extension:largeBlob=true, webauthn:virtualAuthenticators=true}]
Session ID: 71353de5ada9bef651b1d44187afb059
	at org.openqa.selenium.remote.http.W3CHttpResponseCodec.createException(W3CHttpResponseCodec.java:185)
	at org.openqa.selenium.remote.http.W3CHttpResponseCodec.decode(W3CHttpResponseCodec.java:120)
	at org.openqa.selenium.remote.http.W3CHttpResponseCodec.decode(W3CHttpResponseCodec.java:49)
	at org.openqa.selenium.remote.HttpCommandExecutor.execute(HttpCommandExecutor.java:164)
	at org.openqa.selenium.remote.service.DriverCommandExecutor.execute(DriverCommandExecutor.java:83)
	at org.openqa.selenium.remote.RemoteWebDriver.execute(RemoteWebDriver.java:586)
	at org.openqa.selenium.remote.RemoteWebDriver.get(RemoteWebDriver.java:310)
	at utils.DriverFactory.loginToGroceryApp(DriverFactory.java:51)
	at validationsOfMobileSliderPage.MobilesliderBaseTest.NavigateToMobilesliderPage(MobilesliderBaseTest.java:35)
	at java.util.concurrent.ThreadPoolExecutor.runWorker(Unknown Source)
	at java.util.concurrent.ThreadPoolExecutor$Worker.run(Unknown Source)
	at java.lang.Thread.run(Unknown Source)
... Removed 17 stack frames
</div> <!-- stack-trace -->
                </div> <!-- method-content -->
              </div> <!-- method -->
            </div> <!-- main-panel-content rounded-window-bottom -->
          </div> <!-- suite-Suite-class-skipped -->
          <div class="suite-Suite-class-skipped">
            <div class="main-panel-header rounded-window-top">
              <img src="skipped.png"/>
              <span class="class-name">validationsOfManageOrderPage.VerifySearchListOrders</span>
            </div> <!-- main-panel-header rounded-window-top -->
            <div class="main-panel-content rounded-window-bottom">
              <div class="method">
                <div class="method-content">
                  <a name="verifyDropDownstatusPaid">
                  </a> <!-- verifyDropDownstatusPaid -->
                  <span class="method-name">verifyDropDownstatusPaid</span>
                  <div class="stack-trace">org.openqa.selenium.WebDriverException: unknown error: DevToolsActivePort file doesn&apos;t exist
Build info: version: &apos;3.6.0&apos;, revision: &apos;6fbf3ec767&apos;, time: &apos;2017-09-27T15:28:36.4Z&apos;
System info: host: &apos;ANVER-PC&apos;, ip: &apos;192.168.110.124&apos;, os.name: &apos;Windows 7&apos;, os.arch: &apos;amd64&apos;, os.version: &apos;6.1&apos;, java.version: &apos;1.8.0_281&apos;
Driver info: driver.version: ChromeDriver
remote stacktrace: Backtrace:
	Ordinal0 [0x00E53733+2504499]
	Ordinal0 [0x00DEC401+2081793]
	Ordinal0 [0x00CF2628+1058344]
	Ordinal0 [0x00D0FA12+1178130]
	Ordinal0 [0x00D0C366+1164134]
	Ordinal0 [0x00D09DC3+1154499]
	Ordinal0 [0x00D39B82+1350530]
	Ordinal0 [0x00D397DA+1349594]
	Ordinal0 [0x00D35D4B+1334603]
	Ordinal0 [0x00D122B4+1188532]
	Ordinal0 [0x00D13149+1192265]
	GetHandleVerifier [0x00FCFB8C+1512252]
	GetHandleVerifier [0x0107B0DF+2214031]
	GetHandleVerifier [0x00ED4BC3+484211]
	GetHandleVerifier [0x00ED3E69+480793]
	Ordinal0 [0x00DF218D+2105741]
	Ordinal0 [0x00DF66E8+2123496]
	Ordinal0 [0x00DF6827+2123815]
	Ordinal0 [0x00DFFB73+2161523]
	BaseThreadInitThunk [0x756D33CA+18]
	RtlInitializeExceptionChain [0x77989ED2+99]
	RtlInitializeExceptionChain [0x77989EA5+54]

	at org.openqa.selenium.remote.W3CHandshakeResponse.lambda$new$0(W3CHandshakeResponse.java:57)
	at org.openqa.selenium.remote.W3CHandshakeResponse.lambda$getResponseFunction$2(W3CHandshakeResponse.java:104)
	at org.openqa.selenium.remote.ProtocolHandshake.lambda$createSession$24(ProtocolHandshake.java:359)
	at java.util.stream.ReferencePipeline$3$1.accept(Unknown Source)
	at java.util.Spliterators$ArraySpliterator.tryAdvance(Unknown Source)
	at java.util.stream.ReferencePipeline.forEachWithCancel(Unknown Source)
	at java.util.stream.AbstractPipeline.copyIntoWithCancel(Unknown Source)
	at java.util.stream.AbstractPipeline.copyInto(Unknown Source)
	at java.util.stream.AbstractPipeline.wrapAndCopyInto(Unknown Source)
	at java.util.stream.FindOps$FindOp.evaluateSequential(Unknown Source)
	at java.util.stream.AbstractPipeline.evaluate(Unknown Source)
	at java.util.stream.ReferencePipeline.findFirst(Unknown Source)
	at org.openqa.selenium.remote.ProtocolHandshake.createSession(ProtocolHandshake.java:362)
	at org.openqa.selenium.remote.ProtocolHandshake.createSession(ProtocolHandshake.java:136)
	at org.openqa.selenium.remote.HttpCommandExecutor.execute(HttpCommandExecutor.java:142)
	at org.openqa.selenium.remote.service.DriverCommandExecutor.execute(DriverCommandExecutor.java:83)
	at org.openqa.selenium.remote.RemoteWebDriver.execute(RemoteWebDriver.java:586)
	at org.openqa.selenium.remote.RemoteWebDriver.startSession(RemoteWebDriver.java:217)
	at org.openqa.selenium.remote.RemoteWebDriver.&lt;init&gt;(RemoteWebDriver.java:140)
	at org.openqa.selenium.chrome.ChromeDriver.&lt;init&gt;(ChromeDriver.java:181)
	at org.openqa.selenium.chrome.ChromeDriver.&lt;init&gt;(ChromeDriver.java:168)
	at org.openqa.selenium.chrome.ChromeDriver.&lt;init&gt;(ChromeDriver.java:123)
	at utils.DriverFactory.getChromeDriver(DriverFactory.java:30)
	at utils.DriverFactory.driverInitialization(DriverFactory.java:19)
	at validationsOfManageOrderPage.ManageOrdersBaseTest.initializeDriver(ManageOrdersBaseTest.java:26)
	at java.util.concurrent.ThreadPoolExecutor.runWorker(Unknown Source)
	at java.util.concurrent.ThreadPoolExecutor$Worker.run(Unknown Source)
	at java.lang.Thread.run(Unknown Source)
... Removed 15 stack frames
</div> <!-- stack-trace -->
                </div> <!-- method-content -->
              </div> <!-- method -->
              <div class="method">
                <div class="method-content">
                  <a name="verifySearchofOrdersInList">
                  </a> <!-- verifySearchofOrdersInList -->
                  <span class="method-name">verifySearchofOrdersInList</span>
                  <div class="stack-trace">org.openqa.selenium.WebDriverException: unknown error: DevToolsActivePort file doesn&apos;t exist
Build info: version: &apos;3.6.0&apos;, revision: &apos;6fbf3ec767&apos;, time: &apos;2017-09-27T15:28:36.4Z&apos;
System info: host: &apos;ANVER-PC&apos;, ip: &apos;192.168.110.124&apos;, os.name: &apos;Windows 7&apos;, os.arch: &apos;amd64&apos;, os.version: &apos;6.1&apos;, java.version: &apos;1.8.0_281&apos;
Driver info: driver.version: ChromeDriver
remote stacktrace: Backtrace:
	Ordinal0 [0x00E53733+2504499]
	Ordinal0 [0x00DEC401+2081793]
	Ordinal0 [0x00CF2628+1058344]
	Ordinal0 [0x00D0FA12+1178130]
	Ordinal0 [0x00D0C366+1164134]
	Ordinal0 [0x00D09DC3+1154499]
	Ordinal0 [0x00D39B82+1350530]
	Ordinal0 [0x00D397DA+1349594]
	Ordinal0 [0x00D35D4B+1334603]
	Ordinal0 [0x00D122B4+1188532]
	Ordinal0 [0x00D13149+1192265]
	GetHandleVerifier [0x00FCFB8C+1512252]
	GetHandleVerifier [0x0107B0DF+2214031]
	GetHandleVerifier [0x00ED4BC3+484211]
	GetHandleVerifier [0x00ED3E69+480793]
	Ordinal0 [0x00DF218D+2105741]
	Ordinal0 [0x00DF66E8+2123496]
	Ordinal0 [0x00DF6827+2123815]
	Ordinal0 [0x00DFFB73+2161523]
	BaseThreadInitThunk [0x756D33CA+18]
	RtlInitializeExceptionChain [0x77989ED2+99]
	RtlInitializeExceptionChain [0x77989EA5+54]

	at org.openqa.selenium.remote.W3CHandshakeResponse.lambda$new$0(W3CHandshakeResponse.java:57)
	at org.openqa.selenium.remote.W3CHandshakeResponse.lambda$getResponseFunction$2(W3CHandshakeResponse.java:104)
	at org.openqa.selenium.remote.ProtocolHandshake.lambda$createSession$24(ProtocolHandshake.java:359)
	at java.util.stream.ReferencePipeline$3$1.accept(Unknown Source)
	at java.util.Spliterators$ArraySpliterator.tryAdvance(Unknown Source)
	at java.util.stream.ReferencePipeline.forEachWithCancel(Unknown Source)
	at java.util.stream.AbstractPipeline.copyIntoWithCancel(Unknown Source)
	at java.util.stream.AbstractPipeline.copyInto(Unknown Source)
	at java.util.stream.AbstractPipeline.wrapAndCopyInto(Unknown Source)
	at java.util.stream.FindOps$FindOp.evaluateSequential(Unknown Source)
	at java.util.stream.AbstractPipeline.evaluate(Unknown Source)
	at java.util.stream.ReferencePipeline.findFirst(Unknown Source)
	at org.openqa.selenium.remote.ProtocolHandshake.createSession(ProtocolHandshake.java:362)
	at org.openqa.selenium.remote.ProtocolHandshake.createSession(ProtocolHandshake.java:136)
	at org.openqa.selenium.remote.HttpCommandExecutor.execute(HttpCommandExecutor.java:142)
	at org.openqa.selenium.remote.service.DriverCommandExecutor.execute(DriverCommandExecutor.java:83)
	at org.openqa.selenium.remote.RemoteWebDriver.execute(RemoteWebDriver.java:586)
	at org.openqa.selenium.remote.RemoteWebDriver.startSession(RemoteWebDriver.java:217)
	at org.openqa.selenium.remote.RemoteWebDriver.&lt;init&gt;(RemoteWebDriver.java:140)
	at org.openqa.selenium.chrome.ChromeDriver.&lt;init&gt;(ChromeDriver.java:181)
	at org.openqa.selenium.chrome.ChromeDriver.&lt;init&gt;(ChromeDriver.java:168)
	at org.openqa.selenium.chrome.ChromeDriver.&lt;init&gt;(ChromeDriver.java:123)
	at utils.DriverFactory.getChromeDriver(DriverFactory.java:30)
	at utils.DriverFactory.driverInitialization(DriverFactory.java:19)
	at validationsOfManageOrderPage.ManageOrdersBaseTest.initializeDriver(ManageOrdersBaseTest.java:26)
	at java.util.concurrent.ThreadPoolExecutor.runWorker(Unknown Source)
	at java.util.concurrent.ThreadPoolExecutor$Worker.run(Unknown Source)
	at java.lang.Thread.run(Unknown Source)
... Removed 15 stack frames
</div> <!-- stack-trace -->
                </div> <!-- method-content -->
              </div> <!-- method -->
            </div> <!-- main-panel-content rounded-window-bottom -->
          </div> <!-- suite-Suite-class-skipped -->
          <div class="suite-Suite-class-skipped">
            <div class="main-panel-header rounded-window-top">
              <img src="skipped.png"/>
              <span class="class-name">validationsOfManageOrderPage.verifyResetButton</span>
            </div> <!-- main-panel-header rounded-window-top -->
            <div class="main-panel-content rounded-window-bottom">
              <div class="method">
                <div class="method-content">
                  <a name="validateResetButton">
                  </a> <!-- validateResetButton -->
                  <span class="method-name">validateResetButton</span>
                  <div class="stack-trace">org.openqa.selenium.WebDriverException: unknown error: Chrome failed to start: was killed.
  (unknown error: DevToolsActivePort file doesn&apos;t exist)
  (The process started from chrome location C:\Program Files\Google\Chrome\Application\chrome.exe is no longer running, so ChromeDriver is assuming that Chrome has crashed.)
Build info: version: &apos;3.6.0&apos;, revision: &apos;6fbf3ec767&apos;, time: &apos;2017-09-27T15:28:36.4Z&apos;
System info: host: &apos;ANVER-PC&apos;, ip: &apos;192.168.110.124&apos;, os.name: &apos;Windows 7&apos;, os.arch: &apos;amd64&apos;, os.version: &apos;6.1&apos;, java.version: &apos;1.8.0_281&apos;
Driver info: driver.version: ChromeDriver
remote stacktrace: Backtrace:
	Ordinal0 [0x00E53733+2504499]
	Ordinal0 [0x00DEC401+2081793]
	Ordinal0 [0x00CF2628+1058344]
	Ordinal0 [0x00D0C99F+1165727]
	Ordinal0 [0x00D09DC3+1154499]
	Ordinal0 [0x00D39B82+1350530]
	Ordinal0 [0x00D397DA+1349594]
	Ordinal0 [0x00D35D4B+1334603]
	Ordinal0 [0x00D122B4+1188532]
	Ordinal0 [0x00D13149+1192265]
	GetHandleVerifier [0x00FCFB8C+1512252]
	GetHandleVerifier [0x0107B0DF+2214031]
	GetHandleVerifier [0x00ED4BC3+484211]
	GetHandleVerifier [0x00ED3E69+480793]
	Ordinal0 [0x00DF218D+2105741]
	Ordinal0 [0x00DF66E8+2123496]
	Ordinal0 [0x00DF6827+2123815]
	Ordinal0 [0x00DFFB73+2161523]
	BaseThreadInitThunk [0x756D33CA+18]
	RtlInitializeExceptionChain [0x77989ED2+99]
	RtlInitializeExceptionChain [0x77989EA5+54]

	at org.openqa.selenium.remote.W3CHandshakeResponse.lambda$new$0(W3CHandshakeResponse.java:57)
	at org.openqa.selenium.remote.W3CHandshakeResponse.lambda$getResponseFunction$2(W3CHandshakeResponse.java:104)
	at org.openqa.selenium.remote.ProtocolHandshake.lambda$createSession$24(ProtocolHandshake.java:359)
	at java.util.stream.ReferencePipeline$3$1.accept(Unknown Source)
	at java.util.Spliterators$ArraySpliterator.tryAdvance(Unknown Source)
	at java.util.stream.ReferencePipeline.forEachWithCancel(Unknown Source)
	at java.util.stream.AbstractPipeline.copyIntoWithCancel(Unknown Source)
	at java.util.stream.AbstractPipeline.copyInto(Unknown Source)
	at java.util.stream.AbstractPipeline.wrapAndCopyInto(Unknown Source)
	at java.util.stream.FindOps$FindOp.evaluateSequential(Unknown Source)
	at java.util.stream.AbstractPipeline.evaluate(Unknown Source)
	at java.util.stream.ReferencePipeline.findFirst(Unknown Source)
	at org.openqa.selenium.remote.ProtocolHandshake.createSession(ProtocolHandshake.java:362)
	at org.openqa.selenium.remote.ProtocolHandshake.createSession(ProtocolHandshake.java:136)
	at org.openqa.selenium.remote.HttpCommandExecutor.execute(HttpCommandExecutor.java:142)
	at org.openqa.selenium.remote.service.DriverCommandExecutor.execute(DriverCommandExecutor.java:83)
	at org.openqa.selenium.remote.RemoteWebDriver.execute(RemoteWebDriver.java:586)
	at org.openqa.selenium.remote.RemoteWebDriver.startSession(RemoteWebDriver.java:217)
	at org.openqa.selenium.remote.RemoteWebDriver.&lt;init&gt;(RemoteWebDriver.java:140)
	at org.openqa.selenium.chrome.ChromeDriver.&lt;init&gt;(ChromeDriver.java:181)
	at org.openqa.selenium.chrome.ChromeDriver.&lt;init&gt;(ChromeDriver.java:168)
	at org.openqa.selenium.chrome.ChromeDriver.&lt;init&gt;(ChromeDriver.java:123)
	at utils.DriverFactory.getChromeDriver(DriverFactory.java:30)
	at utils.DriverFactory.driverInitialization(DriverFactory.java:19)
	at validationsOfManageOrderPage.ManageOrdersBaseTest.initializeDriver(ManageOrdersBaseTest.java:26)
	at java.util.concurrent.ThreadPoolExecutor.runWorker(Unknown Source)
	at java.util.concurrent.ThreadPoolExecutor$Worker.run(Unknown Source)
	at java.lang.Thread.run(Unknown Source)
... Removed 15 stack frames
</div> <!-- stack-trace -->
                </div> <!-- method-content -->
              </div> <!-- method -->
            </div> <!-- main-panel-content rounded-window-bottom -->
          </div> <!-- suite-Suite-class-skipped -->
          <div class="suite-Suite-class-skipped">
            <div class="main-panel-header rounded-window-top">
              <img src="skipped.png"/>
              <span class="class-name">validationsOfAdminUsersPage.CreateAndDeleteAUser</span>
            </div> <!-- main-panel-header rounded-window-top -->
            <div class="main-panel-content rounded-window-bottom">
              <div class="method">
                <div class="method-content">
                  <a name="verifyDeleteOfUser">
                  </a> <!-- verifyDeleteOfUser -->
                  <span class="method-name">verifyDeleteOfUser</span>
                  <div class="stack-trace">org.openqa.selenium.TimeoutException: timeout: Timed out receiving message from renderer: 12.393
  (Session info: chrome=92.0.4515.107)
Build info: version: &apos;3.6.0&apos;, revision: &apos;6fbf3ec767&apos;, time: &apos;2017-09-27T15:28:36.4Z&apos;
System info: host: &apos;ANVER-PC&apos;, ip: &apos;192.168.110.124&apos;, os.name: &apos;Windows 7&apos;, os.arch: &apos;amd64&apos;, os.version: &apos;6.1&apos;, java.version: &apos;1.8.0_281&apos;
Driver info: org.openqa.selenium.chrome.ChromeDriver
Capabilities [{networkConnectionEnabled=false, chrome={chromedriverVersion=91.0.4472.101 (af52a90bf87030dd1523486a1cd3ae25c5d76c9b-refs/branch-heads/4472@{#1462}), userDataDir=C:\Users\ANVER\AppData\Local\Temp\scoped_dir9892_1145959843}, timeouts={implicit=0, pageLoad=300000, script=30000}, pageLoadStrategy=normal, unhandledPromptBehavior=dismiss and notify, strictFileInteractability=false, platform=WINDOWS, proxy=Proxy(), goog:chromeOptions={debuggerAddress=localhost:55994}, acceptInsecureCerts=false, browserVersion=92.0.4515.107, browserName=chrome, javascriptEnabled=true, platformName=WINDOWS, setWindowRect=true, webauthn:extension:largeBlob=true, webauthn:virtualAuthenticators=true}]
Session ID: 7dfea697ae7594eca547df5d72f7f748
	at org.openqa.selenium.remote.http.W3CHttpResponseCodec.createException(W3CHttpResponseCodec.java:185)
	at org.openqa.selenium.remote.http.W3CHttpResponseCodec.decode(W3CHttpResponseCodec.java:120)
	at org.openqa.selenium.remote.http.W3CHttpResponseCodec.decode(W3CHttpResponseCodec.java:49)
	at org.openqa.selenium.remote.HttpCommandExecutor.execute(HttpCommandExecutor.java:164)
	at org.openqa.selenium.remote.service.DriverCommandExecutor.execute(DriverCommandExecutor.java:83)
	at org.openqa.selenium.remote.RemoteWebDriver.execute(RemoteWebDriver.java:586)
	at org.openqa.selenium.remote.RemoteWebDriver.get(RemoteWebDriver.java:310)
	at utils.DriverFactory.loginToGroceryApp(DriverFactory.java:51)
	at validationsOfAdminUsersPage.AdminPageBaseTest.NavigateToAdminUserPage(AdminPageBaseTest.java:29)
	at java.util.concurrent.ThreadPoolExecutor.runWorker(Unknown Source)
	at java.util.concurrent.ThreadPoolExecutor$Worker.run(Unknown Source)
	at java.lang.Thread.run(Unknown Source)
... Removed 17 stack frames
</div> <!-- stack-trace -->
                </div> <!-- method-content -->
              </div> <!-- method -->
              <div class="method">
                <div class="method-content">
                  <a name="verifyNewUserCreate">
                  </a> <!-- verifyNewUserCreate -->
                  <span class="method-name">verifyNewUserCreate</span>
                  <div class="stack-trace">org.openqa.selenium.TimeoutException: timeout: Timed out receiving message from renderer: 12.393
  (Session info: chrome=92.0.4515.107)
Build info: version: &apos;3.6.0&apos;, revision: &apos;6fbf3ec767&apos;, time: &apos;2017-09-27T15:28:36.4Z&apos;
System info: host: &apos;ANVER-PC&apos;, ip: &apos;192.168.110.124&apos;, os.name: &apos;Windows 7&apos;, os.arch: &apos;amd64&apos;, os.version: &apos;6.1&apos;, java.version: &apos;1.8.0_281&apos;
Driver info: org.openqa.selenium.chrome.ChromeDriver
Capabilities [{networkConnectionEnabled=false, chrome={chromedriverVersion=91.0.4472.101 (af52a90bf87030dd1523486a1cd3ae25c5d76c9b-refs/branch-heads/4472@{#1462}), userDataDir=C:\Users\ANVER\AppData\Local\Temp\scoped_dir9892_1145959843}, timeouts={implicit=0, pageLoad=300000, script=30000}, pageLoadStrategy=normal, unhandledPromptBehavior=dismiss and notify, strictFileInteractability=false, platform=WINDOWS, proxy=Proxy(), goog:chromeOptions={debuggerAddress=localhost:55994}, acceptInsecureCerts=false, browserVersion=92.0.4515.107, browserName=chrome, javascriptEnabled=true, platformName=WINDOWS, setWindowRect=true, webauthn:extension:largeBlob=true, webauthn:virtualAuthenticators=true}]
Session ID: 7dfea697ae7594eca547df5d72f7f748
	at org.openqa.selenium.remote.http.W3CHttpResponseCodec.createException(W3CHttpResponseCodec.java:185)
	at org.openqa.selenium.remote.http.W3CHttpResponseCodec.decode(W3CHttpResponseCodec.java:120)
	at org.openqa.selenium.remote.http.W3CHttpResponseCodec.decode(W3CHttpResponseCodec.java:49)
	at org.openqa.selenium.remote.HttpCommandExecutor.execute(HttpCommandExecutor.java:164)
	at org.openqa.selenium.remote.service.DriverCommandExecutor.execute(DriverCommandExecutor.java:83)
	at org.openqa.selenium.remote.RemoteWebDriver.execute(RemoteWebDriver.java:586)
	at org.openqa.selenium.remote.RemoteWebDriver.get(RemoteWebDriver.java:310)
	at utils.DriverFactory.loginToGroceryApp(DriverFactory.java:51)
	at validationsOfAdminUsersPage.AdminPageBaseTest.NavigateToAdminUserPage(AdminPageBaseTest.java:29)
	at java.util.concurrent.ThreadPoolExecutor.runWorker(Unknown Source)
	at java.util.concurrent.ThreadPoolExecutor$Worker.run(Unknown Source)
	at java.lang.Thread.run(Unknown Source)
... Removed 17 stack frames
</div> <!-- stack-trace -->
                </div> <!-- method-content -->
              </div> <!-- method -->
            </div> <!-- main-panel-content rounded-window-bottom -->
          </div> <!-- suite-Suite-class-skipped -->
          <div class="suite-Suite-class-passed">
            <div class="main-panel-header rounded-window-top">
              <img src="passed.png"/>
              <span class="class-name">validattionsOfLoginPAge.LoginPageTest</span>
            </div> <!-- main-panel-header rounded-window-top -->
            <div class="main-panel-content rounded-window-bottom">
              <div class="method">
                <div class="method-content">
                  <a name="verifyDashBoardPage">
                  </a> <!-- verifyDashBoardPage -->
                  <span class="method-name">verifyDashBoardPage</span>
                </div> <!-- method-content -->
              </div> <!-- method -->
            </div> <!-- main-panel-content rounded-window-bottom -->
          </div> <!-- suite-Suite-class-passed -->
          <div class="suite-Suite-class-passed">
            <div class="main-panel-header rounded-window-top">
              <img src="passed.png"/>
              <span class="class-name">validationsOfManageOrderPage.ListOrdersStatus</span>
            </div> <!-- main-panel-header rounded-window-top -->
            <div class="main-panel-content rounded-window-bottom">
              <div class="method">
                <div class="method-content">
                  <a name="VerifyUsersButtonFunctionality">
                  </a> <!-- VerifyUsersButtonFunctionality -->
                  <span class="method-name">VerifyUsersButtonFunctionality</span>
                </div> <!-- method-content -->
              </div> <!-- method -->
            </div> <!-- main-panel-content rounded-window-bottom -->
          </div> <!-- suite-Suite-class-passed -->
          <div class="suite-Suite-class-passed">
            <div class="main-panel-header rounded-window-top">
              <img src="passed.png"/>
              <span class="class-name">validationsOfAdminUsersPage.VerifyResetButton</span>
            </div> <!-- main-panel-header rounded-window-top -->
            <div class="main-panel-content rounded-window-bottom">
              <div class="method">
                <div class="method-content">
                  <a name="verifyResetButton">
                  </a> <!-- verifyResetButton -->
                  <span class="method-name">verifyResetButton</span>
                </div> <!-- method-content -->
              </div> <!-- method -->
            </div> <!-- main-panel-content rounded-window-bottom -->
          </div> <!-- suite-Suite-class-passed -->
          <div class="suite-Suite-class-passed">
            <div class="main-panel-header rounded-window-top">
              <img src="passed.png"/>
              <span class="class-name">validationsOfAdminUsersPage.verifyCreateAndSearchOfUsers</span>
            </div> <!-- main-panel-header rounded-window-top -->
            <div class="main-panel-content rounded-window-bottom">
              <div class="method">
                <div class="method-content">
                  <a name="verifySearchButtonInAdminUsersPage(Fathima BC, a12390, Staff)">
                  </a> <!-- verifySearchButtonInAdminUsersPage(Fathima BC, a12390, Staff) -->
                  <span class="method-name">verifySearchButtonInAdminUsersPage</span>
                  <span class="parameters">(Fathima BC, a12390, Staff)</span>
                </div> <!-- method-content -->
              </div> <!-- method -->
              <div class="method">
                <div class="method-content">
                  <a name="verifySearchButtonInAdminUsersPage(Fathima F, a53791, Admin)">
                  </a> <!-- verifySearchButtonInAdminUsersPage(Fathima F, a53791, Admin) -->
                  <span class="method-name">verifySearchButtonInAdminUsersPage</span>
                  <span class="parameters">(Fathima F, a53791, Admin)</span>
                </div> <!-- method-content -->
              </div> <!-- method -->
              <div class="method">
                <div class="method-content">
                  <a name="verifySearchButtonInAdminUsersPage(Fathima B, a46809, Staff)">
                  </a> <!-- verifySearchButtonInAdminUsersPage(Fathima B, a46809, Staff) -->
                  <span class="method-name">verifySearchButtonInAdminUsersPage</span>
                  <span class="parameters">(Fathima B, a46809, Staff)</span>
                </div> <!-- method-content -->
              </div> <!-- method -->
              <div class="method">
                <div class="method-content">
                  <a name="verifySearchButtonInAdminUsersPage(Fathima A, a12479, Admin)">
                  </a> <!-- verifySearchButtonInAdminUsersPage(Fathima A, a12479, Admin) -->
                  <span class="method-name">verifySearchButtonInAdminUsersPage</span>
                  <span class="parameters">(Fathima A, a12479, Admin)</span>
                </div> <!-- method-content -->
              </div> <!-- method -->
              <div class="method">
                <div class="method-content">
                  <a name="verifySearchButtonInAdminUsersPage(Fathima D, a13579, Admin)">
                  </a> <!-- verifySearchButtonInAdminUsersPage(Fathima D, a13579, Admin) -->
                  <span class="method-name">verifySearchButtonInAdminUsersPage</span>
                  <span class="parameters">(Fathima D, a13579, Admin)</span>
                </div> <!-- method-content -->
              </div> <!-- method -->
              <div class="method">
                <div class="method-content">
                  <a name="verifySearchButtonInAdminUsersPage(Fathima C, a24680, Staff)">
                  </a> <!-- verifySearchButtonInAdminUsersPage(Fathima C, a24680, Staff) -->
                  <span class="method-name">verifySearchButtonInAdminUsersPage</span>
                  <span class="parameters">(Fathima C, a24680, Staff)</span>
                </div> <!-- method-content -->
              </div> <!-- method -->
              <div class="method">
                <div class="method-content">
                  <a name="verifySearchButtonInAdminUsersPage(Fathima E, a86420, Staff)">
                  </a> <!-- verifySearchButtonInAdminUsersPage(Fathima E, a86420, Staff) -->
                  <span class="method-name">verifySearchButtonInAdminUsersPage</span>
                  <span class="parameters">(Fathima E, a86420, Staff)</span>
                </div> <!-- method-content -->
              </div> <!-- method -->
              <div class="method">
                <div class="method-content">
                  <a name="verifySearchButtonInAdminUsersPage(Fathima AB, a68429, Admin)">
                  </a> <!-- verifySearchButtonInAdminUsersPage(Fathima AB, a68429, Admin) -->
                  <span class="method-name">verifySearchButtonInAdminUsersPage</span>
                  <span class="parameters">(Fathima AB, a68429, Admin)</span>
                </div> <!-- method-content -->
              </div> <!-- method -->
            </div> <!-- main-panel-content rounded-window-bottom -->
          </div> <!-- suite-Suite-class-passed -->
          <div class="suite-Suite-class-passed">
            <div class="main-panel-header rounded-window-top">
              <img src="passed.png"/>
              <span class="class-name">validationsOfDashBoardPage.DashBoardPageTest</span>
            </div> <!-- main-panel-header rounded-window-top -->
            <div class="main-panel-content rounded-window-bottom">
              <div class="method">
                <div class="method-content">
                  <a name="methd">
                  </a> <!-- methd -->
                  <span class="method-name">methd</span>
                </div> <!-- method-content -->
              </div> <!-- method -->
            </div> <!-- main-panel-content rounded-window-bottom -->
          </div> <!-- suite-Suite-class-passed -->
          <div class="suite-Suite-class-passed">
            <div class="main-panel-header rounded-window-top">
              <img src="passed.png"/>
              <span class="class-name">validationsOfAdminUsersPage.UserCanCreateDifferentUsers</span>
            </div> <!-- main-panel-header rounded-window-top -->
            <div class="main-panel-content rounded-window-bottom">
              <div class="method">
                <div class="method-content">
                  <a name="verifynewUsers(fathima_5317380, 456789, Delivery Boy)">
                  </a> <!-- verifynewUsers(fathima_5317380, 456789, Delivery Boy) -->
                  <span class="method-name">verifynewUsers</span>
                  <span class="parameters">(fathima_5317380, 456789, Delivery Boy)</span>
                </div> <!-- method-content -->
              </div> <!-- method -->
              <div class="method">
                <div class="method-content">
                  <a name="verifynewUsers(fathima_6361082, 678905, Staff)">
                  </a> <!-- verifynewUsers(fathima_6361082, 678905, Staff) -->
                  <span class="method-name">verifynewUsers</span>
                  <span class="parameters">(fathima_6361082, 678905, Staff)</span>
                </div> <!-- method-content -->
              </div> <!-- method -->
              <div class="method">
                <div class="method-content">
                  <a name="verifynewUsers(fathima_4720109, 654321, Partner)">
                  </a> <!-- verifynewUsers(fathima_4720109, 654321, Partner) -->
                  <span class="method-name">verifynewUsers</span>
                  <span class="parameters">(fathima_4720109, 654321, Partner)</span>
                </div> <!-- method-content -->
              </div> <!-- method -->
              <div class="method">
                <div class="method-content">
                  <a name="verifynewUsers(fathima_1710254, 987654, Admin)">
                  </a> <!-- verifynewUsers(fathima_1710254, 987654, Admin) -->
                  <span class="method-name">verifynewUsers</span>
                  <span class="parameters">(fathima_1710254, 987654, Admin)</span>
                </div> <!-- method-content -->
              </div> <!-- method -->
              <div class="method">
                <div class="method-content">
                  <a name="verifynewUsers(fathima_3583432, 123456, Admin)">
                  </a> <!-- verifynewUsers(fathima_3583432, 123456, Admin) -->
                  <span class="method-name">verifynewUsers</span>
                  <span class="parameters">(fathima_3583432, 123456, Admin)</span>
                </div> <!-- method-content -->
              </div> <!-- method -->
            </div> <!-- main-panel-content rounded-window-bottom -->
          </div> <!-- suite-Suite-class-passed -->
        </div> <!-- panel Suite -->
        <div panel-name="test-xml-Suite" class="panel">
          <div class="main-panel-header rounded-window-top">
            <span class="header-content">C:\Users\ANVER\eclipse-workspace\project7rMart\7DaySuperMarket\7daySuperMarketUserPageValidationsTest.xml</span>
          </div> <!-- main-panel-header rounded-window-top -->
          <div class="main-panel-content rounded-window-bottom">
            <pre>
&lt;?xml version=&quot;1.0&quot; encoding=&quot;UTF-8&quot;?&gt;
&lt;!DOCTYPE suite SYSTEM &quot;http://testng.org/testng-1.0.dtd&quot;&gt;
&lt;suite guice-stage=&quot;DEVELOPMENT&quot; name=&quot;Suite&quot; parallel=&quot;classes&quot;&gt;
  &lt;test thread-count=&quot;3&quot; name=&quot;Test1Chrome&quot; parallel=&quot;classes&quot;&gt;
    &lt;parameter name=&quot;browserName&quot; value=&quot;chrome&quot;/&gt;
    &lt;classes&gt;
      &lt;class name=&quot;validationsOfManageUsersPage.DeleteAUser&quot;/&gt;
      &lt;class name=&quot;validationsOfAdminUsersPage.verifyCreateAndSearchOfUsers&quot;/&gt;
      &lt;class name=&quot;validattionsOfLoginPAge.LoginPageTest&quot;/&gt;
      &lt;class name=&quot;validationsOfAdminUsersPage.VerifyResetButton&quot;/&gt;
      &lt;class name=&quot;validationsOfManageOrderPage.ListOrdersStatus&quot;/&gt;
      &lt;class name=&quot;validationsOfAdminUsersPage.UserCanCreateDifferentUsers&quot;/&gt;
      &lt;class name=&quot;validationsOfManageOrderPage.VerifySearchListOrders&quot;/&gt;
      &lt;class name=&quot;validationsOfAdminUsersPage.CreateAndDeleteAUser&quot;/&gt;
      &lt;class name=&quot;validationsOfMobileSliderPage.ImageUpload&quot;/&gt;
      &lt;class name=&quot;validationsOfDashBoardPage.DashBoardPageTest&quot;/&gt;
      &lt;class name=&quot;validationsOfManageOrderPage.verifyResetButton&quot;/&gt;
    &lt;/classes&gt;
  &lt;/test&gt; &lt;!-- Test1Chrome --&gt;
&lt;/suite&gt; &lt;!-- Suite --&gt;
            </pre>
          </div> <!-- main-panel-content rounded-window-bottom -->
        </div> <!-- panel -->
        <div panel-name="testlist-Suite" class="panel">
          <div class="main-panel-header rounded-window-top">
            <span class="header-content">Tests for Suite</span>
          </div> <!-- main-panel-header rounded-window-top -->
          <div class="main-panel-content rounded-window-bottom">
            <ul>
              <li>
                <span class="test-name">Test1Chrome (11 classes)</span>
              </li>
            </ul>
          </div> <!-- main-panel-content rounded-window-bottom -->
        </div> <!-- panel -->
        <div panel-name="group-Suite" class="panel">
          <div class="main-panel-header rounded-window-top">
            <span class="header-content">Groups for Suite</span>
          </div> <!-- main-panel-header rounded-window-top -->
          <div class="main-panel-content rounded-window-bottom">
          </div> <!-- main-panel-content rounded-window-bottom -->
        </div> <!-- panel -->
        <div panel-name="times-Suite" class="panel">
          <div class="main-panel-header rounded-window-top">
            <span class="header-content">Times for Suite</span>
          </div> <!-- main-panel-header rounded-window-top -->
          <div class="main-panel-content rounded-window-bottom">
            <div class="times-div">
              <script type="text/javascript">
suiteTableInitFunctions.push('tableData_Suite');
function tableData_Suite() {
var data = new google.visualization.DataTable();
data.addColumn('number', 'Number');
data.addColumn('string', 'Method');
data.addColumn('string', 'Class');
data.addColumn('number', 'Time (ms)');
data.addRows(25);
data.setCell(0, 0, 0)
data.setCell(0, 1, 'verifyLockUserChindhuAbraham')
data.setCell(0, 2, 'validationsOfManageUsersPage.DeleteAUser')
data.setCell(0, 3, 15206);
data.setCell(1, 0, 1)
data.setCell(1, 1, 'deleteUserChindhuAbraham')
data.setCell(1, 2, 'validationsOfManageUsersPage.DeleteAUser')
data.setCell(1, 3, 15055);
data.setCell(2, 0, 2)
data.setCell(2, 1, 'verifySearchButtonInAdminUsersPage')
data.setCell(2, 2, 'validationsOfAdminUsersPage.verifyCreateAndSearchOfUsers')
data.setCell(2, 3, 10630);
data.setCell(3, 0, 3)
data.setCell(3, 1, 'verifynewUsers')
data.setCell(3, 2, 'validationsOfAdminUsersPage.UserCanCreateDifferentUsers')
data.setCell(3, 3, 10026);
data.setCell(4, 0, 4)
data.setCell(4, 1, 'verifynewUsers')
data.setCell(4, 2, 'validationsOfAdminUsersPage.UserCanCreateDifferentUsers')
data.setCell(4, 3, 7771);
data.setCell(5, 0, 5)
data.setCell(5, 1, 'verifySearchButtonInAdminUsersPage')
data.setCell(5, 2, 'validationsOfAdminUsersPage.verifyCreateAndSearchOfUsers')
data.setCell(5, 3, 7393);
data.setCell(6, 0, 6)
data.setCell(6, 1, 'verifySearchButtonInAdminUsersPage')
data.setCell(6, 2, 'validationsOfAdminUsersPage.verifyCreateAndSearchOfUsers')
data.setCell(6, 3, 5186);
data.setCell(7, 0, 7)
data.setCell(7, 1, 'verifynewUsers')
data.setCell(7, 2, 'validationsOfAdminUsersPage.UserCanCreateDifferentUsers')
data.setCell(7, 3, 4727);
data.setCell(8, 0, 8)
data.setCell(8, 1, 'verifySearchButtonInAdminUsersPage')
data.setCell(8, 2, 'validationsOfAdminUsersPage.verifyCreateAndSearchOfUsers')
data.setCell(8, 3, 4565);
data.setCell(9, 0, 9)
data.setCell(9, 1, 'verifySearchButtonInAdminUsersPage')
data.setCell(9, 2, 'validationsOfAdminUsersPage.verifyCreateAndSearchOfUsers')
data.setCell(9, 3, 4119);
data.setCell(10, 0, 10)
data.setCell(10, 1, 'verifySearchButtonInAdminUsersPage')
data.setCell(10, 2, 'validationsOfAdminUsersPage.verifyCreateAndSearchOfUsers')
data.setCell(10, 3, 4068);
data.setCell(11, 0, 11)
data.setCell(11, 1, 'verifySearchButtonInAdminUsersPage')
data.setCell(11, 2, 'validationsOfAdminUsersPage.verifyCreateAndSearchOfUsers')
data.setCell(11, 3, 3915);
data.setCell(12, 0, 12)
data.setCell(12, 1, 'verifySearchButtonInAdminUsersPage')
data.setCell(12, 2, 'validationsOfAdminUsersPage.verifyCreateAndSearchOfUsers')
data.setCell(12, 3, 3885);
data.setCell(13, 0, 13)
data.setCell(13, 1, 'verifyResetButton')
data.setCell(13, 2, 'validationsOfAdminUsersPage.VerifyResetButton')
data.setCell(13, 3, 3053);
data.setCell(14, 0, 14)
data.setCell(14, 1, 'verifynewUsers')
data.setCell(14, 2, 'validationsOfAdminUsersPage.UserCanCreateDifferentUsers')
data.setCell(14, 3, 2903);
data.setCell(15, 0, 15)
data.setCell(15, 1, 'verifynewUsers')
data.setCell(15, 2, 'validationsOfAdminUsersPage.UserCanCreateDifferentUsers')
data.setCell(15, 3, 2733);
data.setCell(16, 0, 16)
data.setCell(16, 1, 'verifyDashBoardPage')
data.setCell(16, 2, 'validattionsOfLoginPAge.LoginPageTest')
data.setCell(16, 3, 1005);
data.setCell(17, 0, 17)
data.setCell(17, 1, 'methd')
data.setCell(17, 2, 'validationsOfDashBoardPage.DashBoardPageTest')
data.setCell(17, 3, 362);
data.setCell(18, 0, 18)
data.setCell(18, 1, 'VerifyUsersButtonFunctionality')
data.setCell(18, 2, 'validationsOfManageOrderPage.ListOrdersStatus')
data.setCell(18, 3, 2);
data.setCell(19, 0, 19)
data.setCell(19, 1, 'verifyImageUpload')
data.setCell(19, 2, 'validationsOfMobileSliderPage.ImageUpload')
data.setCell(19, 3, 0);
data.setCell(20, 0, 20)
data.setCell(20, 1, 'verifyDropDownstatusPaid')
data.setCell(20, 2, 'validationsOfManageOrderPage.VerifySearchListOrders')
data.setCell(20, 3, 0);
data.setCell(21, 0, 21)
data.setCell(21, 1, 'verifySearchofOrdersInList')
data.setCell(21, 2, 'validationsOfManageOrderPage.VerifySearchListOrders')
data.setCell(21, 3, 0);
data.setCell(22, 0, 22)
data.setCell(22, 1, 'verifyNewUserCreate')
data.setCell(22, 2, 'validationsOfAdminUsersPage.CreateAndDeleteAUser')
data.setCell(22, 3, 0);
data.setCell(23, 0, 23)
data.setCell(23, 1, 'validateResetButton')
data.setCell(23, 2, 'validationsOfManageOrderPage.verifyResetButton')
data.setCell(23, 3, 0);
data.setCell(24, 0, 24)
data.setCell(24, 1, 'verifyDeleteOfUser')
data.setCell(24, 2, 'validationsOfAdminUsersPage.CreateAndDeleteAUser')
data.setCell(24, 3, 0);
window.suiteTableData['Suite']= { tableData: data, tableDiv: 'times-div-Suite'}
return data;
}
              </script>
              <span class="suite-total-time">Total running time: 1 minutes</span>
              <div id="times-div-Suite">
              </div> <!-- times-div-Suite -->
            </div> <!-- times-div -->
          </div> <!-- main-panel-content rounded-window-bottom -->
        </div> <!-- panel -->
        <div panel-name="reporter-Suite" class="panel">
          <div class="main-panel-header rounded-window-top">
            <span class="header-content">Reporter output for Suite</span>
          </div> <!-- main-panel-header rounded-window-top -->
          <div class="main-panel-content rounded-window-bottom">
          </div> <!-- main-panel-content rounded-window-bottom -->
        </div> <!-- panel -->
        <div panel-name="ignored-methods-Suite" class="panel">
          <div class="main-panel-header rounded-window-top">
            <span class="header-content">0 ignored methods</span>
          </div> <!-- main-panel-header rounded-window-top -->
          <div class="main-panel-content rounded-window-bottom">
          </div> <!-- main-panel-content rounded-window-bottom -->
        </div> <!-- panel -->
        <div panel-name="chronological-Suite" class="panel">
          <div class="main-panel-header rounded-window-top">
            <span class="header-content">Methods in chronological order</span>
          </div> <!-- main-panel-header rounded-window-top -->
          <div class="main-panel-content rounded-window-bottom">
            <div class="chronological-class">
              <div class="chronological-class-name">validationsOfManageOrderPage.VerifySearchListOrders</div> <!-- chronological-class-name -->
              <div class="test-method">
                <span class="method-name">verifyDropDownstatusPaid</span>
                <span class="method-start">0 ms</span>
              </div> <!-- test-method -->
              <div class="test-method">
                <span class="method-name">verifySearchofOrdersInList</span>
                <span class="method-start">0 ms</span>
              </div> <!-- test-method -->
            </div> <!-- chronological-class -->
            <div class="chronological-class">
              <div class="chronological-class-name">validationsOfAdminUsersPage.CreateAndDeleteAUser</div> <!-- chronological-class-name -->
              <div class="test-method">
                <span class="method-name">verifyNewUserCreate</span>
                <span class="method-start">0 ms</span>
              </div> <!-- test-method -->
            </div> <!-- chronological-class -->
            <div class="chronological-class">
              <div class="chronological-class-name">validationsOfMobileSliderPage.ImageUpload</div> <!-- chronological-class-name -->
              <div class="test-method">
                <span class="method-name">verifyImageUpload</span>
                <span class="method-start">0 ms</span>
              </div> <!-- test-method -->
            </div> <!-- chronological-class -->
            <div class="chronological-class">
              <div class="chronological-class-name">validationsOfManageOrderPage.verifyResetButton</div> <!-- chronological-class-name -->
              <div class="test-method">
                <span class="method-name">validateResetButton</span>
                <span class="method-start">0 ms</span>
              </div> <!-- test-method -->
            </div> <!-- chronological-class -->
            <div class="chronological-class">
              <div class="chronological-class-name">validationsOfAdminUsersPage.CreateAndDeleteAUser</div> <!-- chronological-class-name -->
              <div class="test-method">
                <span class="method-name">verifyDeleteOfUser</span>
                <span class="method-start">0 ms</span>
              </div> <!-- test-method -->
            </div> <!-- chronological-class -->
            <div class="chronological-class">
              <div class="chronological-class-name">validationsOfAdminUsersPage.verifyCreateAndSearchOfUsers</div> <!-- chronological-class-name -->
              <div class="configuration-class before">
                <span class="method-name">initializeDriver</span>
                <span class="method-start">0 ms</span>
              </div> <!-- configuration-class before -->
            </div> <!-- chronological-class -->
            <div class="chronological-class">
              <div class="chronological-class-name">validattionsOfLoginPAge.LoginPageTest</div> <!-- chronological-class-name -->
              <div class="configuration-class before">
                <span class="method-name">initializeDriver</span>
                <span class="method-start">0 ms</span>
              </div> <!-- configuration-class before -->
            </div> <!-- chronological-class -->
            <div class="chronological-class">
              <div class="chronological-class-name">validationsOfManageUsersPage.DeleteAUser</div> <!-- chronological-class-name -->
              <div class="configuration-class before">
                <span class="method-name">initializeDriver</span>
                <span class="method-start">0 ms</span>
              </div> <!-- configuration-class before -->
              <div class="configuration-method before">
                <span class="method-name">navigateToManageOrderPage</span>
                <span class="method-start">18349 ms</span>
              </div> <!-- configuration-method before -->
            </div> <!-- chronological-class -->
            <div class="chronological-class">
              <div class="chronological-class-name">validattionsOfLoginPAge.LoginPageTest</div> <!-- chronological-class-name -->
              <div class="test-method">
                <span class="method-name">verifyDashBoardPage</span>
                <span class="method-start">21009 ms</span>
              </div> <!-- test-method -->
              <div class="configuration-class after">
                <span class="method-name">quitdriver</span>
                <span class="method-start">22019 ms</span>
              </div> <!-- configuration-class after -->
            </div> <!-- chronological-class -->
            <div class="chronological-class">
              <div class="chronological-class-name">validationsOfManageUsersPage.DeleteAUser</div> <!-- chronological-class-name -->
              <div class="test-method">
                <img src="failed.png">
                </img>
                <span class="method-name">verifyLockUserChindhuAbraham</span>
                <span class="method-start">23314 ms</span>
              </div> <!-- test-method -->
            </div> <!-- chronological-class -->
            <div class="chronological-class">
              <div class="chronological-class-name">validationsOfAdminUsersPage.VerifyResetButton</div> <!-- chronological-class-name -->
              <div class="configuration-class before">
                <span class="method-name">initializeDriver</span>
                <span class="method-start">23937 ms</span>
              </div> <!-- configuration-class before -->
            </div> <!-- chronological-class -->
            <div class="chronological-class">
              <div class="chronological-class-name">validationsOfAdminUsersPage.verifyCreateAndSearchOfUsers</div> <!-- chronological-class-name -->
              <div class="configuration-method before">
                <span class="method-name">NavigateToAdminUserPage</span>
                <span class="method-start">24011 ms</span>
              </div> <!-- configuration-method before -->
              <div class="test-method">
                <span class="method-name">verifySearchButtonInAdminUsersPage(Fathima A, a12479, Admin)</span>
                <span class="method-start">32084 ms</span>
              </div> <!-- test-method -->
            </div> <!-- chronological-class -->
            <div class="chronological-class">
              <div class="chronological-class-name">validationsOfAdminUsersPage.VerifyResetButton</div> <!-- chronological-class-name -->
              <div class="configuration-method before">
                <span class="method-name">NavigateToAdminUserPage</span>
                <span class="method-start">34649 ms</span>
              </div> <!-- configuration-method before -->
            </div> <!-- chronological-class -->
            <div class="chronological-class">
              <div class="chronological-class-name">validationsOfAdminUsersPage.verifyCreateAndSearchOfUsers</div> <!-- chronological-class-name -->
              <div class="configuration-method after">
                <span class="method-name">screenShot([TestResult name=verifySearchButtonInAdminUsersPage status=SUCCESS method=verifyCreateAndSearchOfUse...)</span>
                <span class="method-start">37274 ms</span>
              </div> <!-- configuration-method after -->
              <div class="configuration-method before">
                <span class="method-name">NavigateToAdminUserPage</span>
                <span class="method-start">37284 ms</span>
              </div> <!-- configuration-method before -->
            </div> <!-- chronological-class -->
            <div class="chronological-class">
              <div class="chronological-class-name">validationsOfManageUsersPage.DeleteAUser</div> <!-- chronological-class-name -->
              <div class="configuration-method after">
                <span class="method-name">screenShot([TestResult name=verifyLockUserChindhuAbraham status=FAILURE method=DeleteAUser.verifyLockUserChindh...)</span>
                <span class="method-start">38535 ms</span>
              </div> <!-- configuration-method after -->
            </div> <!-- chronological-class -->
            <div class="chronological-class">
              <div class="chronological-class-name">validationsOfManageOrderPage.ListOrdersStatus</div> <!-- chronological-class-name -->
              <div class="configuration-class before">
                <span class="method-name">initializeDriver</span>
                <span class="method-start">38539 ms</span>
              </div> <!-- configuration-class before -->
            </div> <!-- chronological-class -->
            <div class="chronological-class">
              <div class="chronological-class-name">validationsOfAdminUsersPage.verifyCreateAndSearchOfUsers</div> <!-- chronological-class-name -->
              <div class="test-method">
                <span class="method-name">verifySearchButtonInAdminUsersPage(Fathima B, a46809, Staff)</span>
                <span class="method-start">39618 ms</span>
              </div> <!-- test-method -->
            </div> <!-- chronological-class -->
            <div class="chronological-class">
              <div class="chronological-class-name">validationsOfAdminUsersPage.VerifyResetButton</div> <!-- chronological-class-name -->
              <div class="test-method">
                <span class="method-name">verifyResetButton</span>
                <span class="method-start">41109 ms</span>
              </div> <!-- test-method -->
            </div> <!-- chronological-class -->
            <div class="chronological-class">
              <div class="chronological-class-name">validationsOfAdminUsersPage.verifyCreateAndSearchOfUsers</div> <!-- chronological-class-name -->
              <div class="configuration-method after">
                <span class="method-name">screenShot([TestResult name=verifySearchButtonInAdminUsersPage status=SUCCESS method=verifyCreateAndSearchOfUse...)</span>
                <span class="method-start">43691 ms</span>
              </div> <!-- configuration-method after -->
              <div class="configuration-method before">
                <span class="method-name">NavigateToAdminUserPage</span>
                <span class="method-start">43692 ms</span>
              </div> <!-- configuration-method before -->
            </div> <!-- chronological-class -->
            <div class="chronological-class">
              <div class="chronological-class-name">validationsOfAdminUsersPage.VerifyResetButton</div> <!-- chronological-class-name -->
              <div class="configuration-method after">
                <span class="method-name">screenShot([TestResult name=verifyResetButton status=SUCCESS method=VerifyResetButton.verifyResetButton()[pri:0...)</span>
                <span class="method-start">44164 ms</span>
              </div> <!-- configuration-method after -->
              <div class="configuration-class after">
                <span class="method-name">quitdriver</span>
                <span class="method-start">44165 ms</span>
              </div> <!-- configuration-class after -->
            </div> <!-- chronological-class -->
            <div class="chronological-class">
              <div class="chronological-class-name">validationsOfAdminUsersPage.UserCanCreateDifferentUsers</div> <!-- chronological-class-name -->
              <div class="configuration-class before">
                <span class="method-name">initializeDriver</span>
                <span class="method-start">44166 ms</span>
              </div> <!-- configuration-class before -->
            </div> <!-- chronological-class -->
            <div class="chronological-class">
              <div class="chronological-class-name">validationsOfAdminUsersPage.verifyCreateAndSearchOfUsers</div> <!-- chronological-class-name -->
              <div class="test-method">
                <span class="method-name">verifySearchButtonInAdminUsersPage(Fathima C, a24680, Staff)</span>
                <span class="method-start">46174 ms</span>
              </div> <!-- test-method -->
              <div class="configuration-method after">
                <span class="method-name">screenShot([TestResult name=verifySearchButtonInAdminUsersPage status=SUCCESS method=verifyCreateAndSearchOfUse...)</span>
                <span class="method-start">50742 ms</span>
              </div> <!-- configuration-method after -->
              <div class="configuration-method before">
                <span class="method-name">NavigateToAdminUserPage</span>
                <span class="method-start">50742 ms</span>
              </div> <!-- configuration-method before -->
              <div class="test-method">
                <span class="method-name">verifySearchButtonInAdminUsersPage(Fathima D, a13579, Admin)</span>
                <span class="method-start">58376 ms</span>
              </div> <!-- test-method -->
              <div class="configuration-method after">
                <span class="method-name">screenShot([TestResult name=verifySearchButtonInAdminUsersPage status=SUCCESS method=verifyCreateAndSearchOfUse...)</span>
                <span class="method-start">62263 ms</span>
              </div> <!-- configuration-method after -->
              <div class="configuration-method before">
                <span class="method-name">NavigateToAdminUserPage</span>
                <span class="method-start">62264 ms</span>
              </div> <!-- configuration-method before -->
              <div class="test-method">
                <span class="method-name">verifySearchButtonInAdminUsersPage(Fathima E, a86420, Staff)</span>
                <span class="method-start">66411 ms</span>
              </div> <!-- test-method -->
              <div class="configuration-method after">
                <span class="method-name">screenShot([TestResult name=verifySearchButtonInAdminUsersPage status=SUCCESS method=verifyCreateAndSearchOfUse...)</span>
                <span class="method-start">73805 ms</span>
              </div> <!-- configuration-method after -->
              <div class="configuration-method before">
                <span class="method-name">NavigateToAdminUserPage</span>
                <span class="method-start">73806 ms</span>
              </div> <!-- configuration-method before -->
              <div class="test-method">
                <span class="method-name">verifySearchButtonInAdminUsersPage(Fathima F, a53791, Admin)</span>
                <span class="method-start">76002 ms</span>
              </div> <!-- test-method -->
              <div class="configuration-method after">
                <span class="method-name">screenShot([TestResult name=verifySearchButtonInAdminUsersPage status=SUCCESS method=verifyCreateAndSearchOfUse...)</span>
                <span class="method-start">86635 ms</span>
              </div> <!-- configuration-method after -->
              <div class="configuration-method before">
                <span class="method-name">NavigateToAdminUserPage</span>
                <span class="method-start">86636 ms</span>
              </div> <!-- configuration-method before -->
              <div class="test-method">
                <span class="method-name">verifySearchButtonInAdminUsersPage(Fathima AB, a68429, Admin)</span>
                <span class="method-start">89417 ms</span>
              </div> <!-- test-method -->
            </div> <!-- chronological-class -->
            <div class="chronological-class">
              <div class="chronological-class-name">validationsOfManageOrderPage.ListOrdersStatus</div> <!-- chronological-class-name -->
              <div class="configuration-method before">
                <span class="method-name">NavigateToAdminUserPage</span>
                <span class="method-start">91576 ms</span>
              </div> <!-- configuration-method before -->
            </div> <!-- chronological-class -->
            <div class="chronological-class">
              <div class="chronological-class-name">validationsOfAdminUsersPage.verifyCreateAndSearchOfUsers</div> <!-- chronological-class-name -->
              <div class="configuration-method after">
                <span class="method-name">screenShot([TestResult name=verifySearchButtonInAdminUsersPage status=SUCCESS method=verifyCreateAndSearchOfUse...)</span>
                <span class="method-start">93538 ms</span>
              </div> <!-- configuration-method after -->
              <div class="configuration-method before">
                <span class="method-name">NavigateToAdminUserPage</span>
                <span class="method-start">93539 ms</span>
              </div> <!-- configuration-method before -->
              <div class="test-method">
                <span class="method-name">verifySearchButtonInAdminUsersPage(Fathima BC, a12390, Staff)</span>
                <span class="method-start">95681 ms</span>
              </div> <!-- test-method -->
              <div class="configuration-method after">
                <span class="method-name">screenShot([TestResult name=verifySearchButtonInAdminUsersPage status=SUCCESS method=verifyCreateAndSearchOfUse...)</span>
                <span class="method-start">99599 ms</span>
              </div> <!-- configuration-method after -->
              <div class="configuration-class after">
                <span class="method-name">quitdriver</span>
                <span class="method-start">99600 ms</span>
              </div> <!-- configuration-class after -->
            </div> <!-- chronological-class -->
            <div class="chronological-class">
              <div class="chronological-class-name">validationsOfManageOrderPage.VerifySearchListOrders</div> <!-- chronological-class-name -->
              <div class="configuration-class before">
                <img src="failed.png">
                </img>
                <span class="method-name">initializeDriver</span>
                <span class="method-start">99600 ms</span>
              </div> <!-- configuration-class before -->
            </div> <!-- chronological-class -->
            <div class="chronological-class">
              <div class="chronological-class-name">validationsOfAdminUsersPage.UserCanCreateDifferentUsers</div> <!-- chronological-class-name -->
              <div class="configuration-method before">
                <span class="method-name">NavigateToAdminUserPage</span>
                <span class="method-start">99869 ms</span>
              </div> <!-- configuration-method before -->
              <div class="test-method">
                <span class="method-name">verifynewUsers(fathima_3583432, 123456, Admin)</span>
                <span class="method-start">111464 ms</span>
              </div> <!-- test-method -->
              <div class="configuration-method after">
                <span class="method-name">screenShot([TestResult name=verifynewUsers status=SUCCESS method=UserCanCreateDifferentUsers.verifynewUsers(jav...)</span>
                <span class="method-start">121492 ms</span>
              </div> <!-- configuration-method after -->
              <div class="configuration-method before">
                <span class="method-name">NavigateToAdminUserPage</span>
                <span class="method-start">121496 ms</span>
              </div> <!-- configuration-method before -->
            </div> <!-- chronological-class -->
            <div class="chronological-class">
              <div class="chronological-class-name">validationsOfManageOrderPage.ListOrdersStatus</div> <!-- chronological-class-name -->
              <div class="test-method">
                <span class="method-name">VerifyUsersButtonFunctionality</span>
                <span class="method-start">123078 ms</span>
              </div> <!-- test-method -->
              <div class="configuration-method after">
                <span class="method-name">screenShot([TestResult name=VerifyUsersButtonFunctionality status=SUCCESS method=ListOrdersStatus.VerifyUsersBu...)</span>
                <span class="method-start">123083 ms</span>
              </div> <!-- configuration-method after -->
              <div class="configuration-class after">
                <span class="method-name">quitdriver</span>
                <span class="method-start">123084 ms</span>
              </div> <!-- configuration-class after -->
            </div> <!-- chronological-class -->
            <div class="chronological-class">
              <div class="chronological-class-name">validationsOfAdminUsersPage.UserCanCreateDifferentUsers</div> <!-- chronological-class-name -->
              <div class="test-method">
                <span class="method-name">verifynewUsers(fathima_4720109, 654321, Partner)</span>
                <span class="method-start">125082 ms</span>
              </div> <!-- test-method -->
              <div class="configuration-method after">
                <span class="method-name">screenShot([TestResult name=verifynewUsers status=SUCCESS method=UserCanCreateDifferentUsers.verifynewUsers(jav...)</span>
                <span class="method-start">129812 ms</span>
              </div> <!-- configuration-method after -->
              <div class="configuration-method before">
                <span class="method-name">NavigateToAdminUserPage</span>
                <span class="method-start">129814 ms</span>
              </div> <!-- configuration-method before -->
              <div class="test-method">
                <span class="method-name">verifynewUsers(fathima_6361082, 678905, Staff)</span>
                <span class="method-start">132736 ms</span>
              </div> <!-- test-method -->
              <div class="configuration-method after">
                <span class="method-name">screenShot([TestResult name=verifynewUsers status=SUCCESS method=UserCanCreateDifferentUsers.verifynewUsers(jav...)</span>
                <span class="method-start">140509 ms</span>
              </div> <!-- configuration-method after -->
              <div class="configuration-method before">
                <span class="method-name">NavigateToAdminUserPage</span>
                <span class="method-start">140510 ms</span>
              </div> <!-- configuration-method before -->
              <div class="test-method">
                <span class="method-name">verifynewUsers(fathima_1710254, 987654, Admin)</span>
                <span class="method-start">143233 ms</span>
              </div> <!-- test-method -->
              <div class="configuration-method after">
                <span class="method-name">screenShot([TestResult name=verifynewUsers status=SUCCESS method=UserCanCreateDifferentUsers.verifynewUsers(jav...)</span>
                <span class="method-start">145968 ms</span>
              </div> <!-- configuration-method after -->
              <div class="configuration-method before">
                <span class="method-name">NavigateToAdminUserPage</span>
                <span class="method-start">145980 ms</span>
              </div> <!-- configuration-method before -->
              <div class="test-method">
                <span class="method-name">verifynewUsers(fathima_5317380, 456789, Delivery Boy)</span>
                <span class="method-start">149177 ms</span>
              </div> <!-- test-method -->
              <div class="configuration-method after">
                <span class="method-name">screenShot([TestResult name=verifynewUsers status=SUCCESS method=UserCanCreateDifferentUsers.verifynewUsers(jav...)</span>
                <span class="method-start">152082 ms</span>
              </div> <!-- configuration-method after -->
              <div class="configuration-class after">
                <span class="method-name">quitdriver</span>
                <span class="method-start">152082 ms</span>
              </div> <!-- configuration-class after -->
            </div> <!-- chronological-class -->
            <div class="chronological-class">
              <div class="chronological-class-name">validationsOfAdminUsersPage.CreateAndDeleteAUser</div> <!-- chronological-class-name -->
              <div class="configuration-class before">
                <span class="method-name">initializeDriver</span>
                <span class="method-start">152083 ms</span>
              </div> <!-- configuration-class before -->
            </div> <!-- chronological-class -->
            <div class="chronological-class">
              <div class="chronological-class-name">validationsOfMobileSliderPage.ImageUpload</div> <!-- chronological-class-name -->
              <div class="configuration-class before">
                <span class="method-name">initializeDriver</span>
                <span class="method-start">164245 ms</span>
              </div> <!-- configuration-class before -->
            </div> <!-- chronological-class -->
            <div class="chronological-class">
              <div class="chronological-class-name">validationsOfDashBoardPage.DashBoardPageTest</div> <!-- chronological-class-name -->
              <div class="configuration-class before">
                <span class="method-name">initializeDriver</span>
                <span class="method-start">188612 ms</span>
              </div> <!-- configuration-class before -->
              <div class="configuration-method before">
                <span class="method-name">NavigateToAdminUserPage</span>
                <span class="method-start">203526 ms</span>
              </div> <!-- configuration-method before -->
              <div class="test-method">
                <span class="method-name">methd</span>
                <span class="method-start">216135 ms</span>
              </div> <!-- test-method -->
              <div class="configuration-method after">
                <span class="method-name">screenShot([TestResult name=methd status=SUCCESS method=DashBoardPageTest.methd()[pri:0, instance:validationsOf...)</span>
                <span class="method-start">216498 ms</span>
              </div> <!-- configuration-method after -->
              <div class="configuration-class after">
                <span class="method-name">quitdriver</span>
                <span class="method-start">216499 ms</span>
              </div> <!-- configuration-class after -->
            </div> <!-- chronological-class -->
            <div class="chronological-class">
              <div class="chronological-class-name">validationsOfMobileSliderPage.ImageUpload</div> <!-- chronological-class-name -->
              <div class="configuration-method before">
                <img src="failed.png">
                </img>
                <span class="method-name">NavigateToMobilesliderPage</span>
                <span class="method-start">219475 ms</span>
              </div> <!-- configuration-method before -->
            </div> <!-- chronological-class -->
            <div class="chronological-class">
              <div class="chronological-class-name">validationsOfAdminUsersPage.CreateAndDeleteAUser</div> <!-- chronological-class-name -->
              <div class="configuration-method before">
                <img src="failed.png">
                </img>
                <span class="method-name">NavigateToAdminUserPage</span>
                <span class="method-start">219930 ms</span>
              </div> <!-- configuration-method before -->
            </div> <!-- chronological-class -->
            <div class="chronological-class">
              <div class="chronological-class-name">validationsOfManageOrderPage.verifyResetButton</div> <!-- chronological-class-name -->
              <div class="configuration-class before">
                <img src="failed.png">
                </img>
                <span class="method-name">initializeDriver</span>
                <span class="method-start">225185 ms</span>
              </div> <!-- configuration-class before -->
            </div> <!-- chronological-class -->
            <div class="chronological-class">
              <div class="chronological-class-name">validationsOfManageUsersPage.DeleteAUser</div> <!-- chronological-class-name -->
              <div class="configuration-method before">
                <span class="method-name">navigateToManageOrderPage</span>
                <span class="method-start">244000 ms</span>
              </div> <!-- configuration-method before -->
              <div class="test-method">
                <img src="failed.png">
                </img>
                <span class="method-name">deleteUserChindhuAbraham</span>
                <span class="method-start">247689 ms</span>
              </div> <!-- test-method -->
              <div class="configuration-method after">
                <span class="method-name">screenShot([TestResult name=deleteUserChindhuAbraham status=FAILURE method=DeleteAUser.deleteUserChindhuAbraham...)</span>
                <span class="method-start">262747 ms</span>
              </div> <!-- configuration-method after -->
              <div class="configuration-class after">
                <span class="method-name">quitdriver</span>
                <span class="method-start">262748 ms</span>
              </div> <!-- configuration-class after -->
          </div> <!-- main-panel-content rounded-window-bottom -->
        </div> <!-- panel -->
      </div> <!-- main-panel-root -->
    </div> <!-- wrapper -->
  </body>
</html>
