<?xml version="1.0" encoding="UTF-8"?>
<testng-results skipped="6" failed="2" ignored="0" total="25" passed="17">
  <reporter-output>
  </reporter-output>
  <suite name="Suite" duration-ms="305154" started-at="2021-08-03T19:09:45Z" finished-at="2021-08-03T19:14:50Z">
    <groups>
    </groups>
    <test name="Test1Chrome" duration-ms="305154" started-at="2021-08-03T19:09:45Z" finished-at="2021-08-03T19:14:50Z">
      <class name="validationsOfManageOrderPage.VerifySearchListOrders">
        <test-method status="FAIL" signature="initializeDriver()[pri:0, instance:validationsOfManageOrderPage.VerifySearchListOrders@2f686d1f]" name="initializeDriver" is-config="true" duration-ms="64623" started-at="2021-08-03T19:11:24Z" finished-at="2021-08-03T19:12:29Z">
          <exception class="org.openqa.selenium.WebDriverException">
            <message>
              <![CDATA[unknown error: DevToolsActivePort file doesn't exist
Build info: version: '3.6.0', revision: '6fbf3ec767', time: '2017-09-27T15:28:36.4Z'
System info: host: 'ANVER-PC', ip: '192.168.110.124', os.name: 'Windows 7', os.arch: 'amd64', os.version: '6.1', java.version: '1.8.0_281'
Driver info: driver.version: ChromeDriver
remote stacktrace: Backtrace:
Ordinal0 [0x00E53733+2504499]
Ordinal0 [0x00DEC401+2081793]
Ordinal0 [0x00CF2628+1058344]
Ordinal0 [0x00D0FA12+1178130]
Ordinal0 [0x00D0C366+1164134]
Ordinal0 [0x00D09DC3+1154499]
Ordinal0 [0x00D39B82+1350530]
Ordinal0 [0x00D397DA+1349594]
Ordinal0 [0x00D35D4B+1334603]
Ordinal0 [0x00D122B4+1188532]
Ordinal0 [0x00D13149+1192265]
GetHandleVerifier [0x00FCFB8C+1512252]
GetHandleVerifier [0x0107B0DF+2214031]
GetHandleVerifier [0x00ED4BC3+484211]
GetHandleVerifier [0x00ED3E69+480793]
Ordinal0 [0x00DF218D+2105741]
Ordinal0 [0x00DF66E8+2123496]
Ordinal0 [0x00DF6827+2123815]
Ordinal0 [0x00DFFB73+2161523]
BaseThreadInitThunk [0x756D33CA+18]
RtlInitializeExceptionChain [0x77989ED2+99]
RtlInitializeExceptionChain [0x77989EA5+54]
]]>
            </message>
            <full-stacktrace>
              <![CDATA[org.openqa.selenium.WebDriverException: unknown error: DevToolsActivePort file doesn't exist
Build info: version: '3.6.0', revision: '6fbf3ec767', time: '2017-09-27T15:28:36.4Z'
System info: host: 'ANVER-PC', ip: '192.168.110.124', os.name: 'Windows 7', os.arch: 'amd64', os.version: '6.1', java.version: '1.8.0_281'
Driver info: driver.version: ChromeDriver
remote stacktrace: Backtrace:
Ordinal0 [0x00E53733+2504499]
Ordinal0 [0x00DEC401+2081793]
Ordinal0 [0x00CF2628+1058344]
Ordinal0 [0x00D0FA12+1178130]
Ordinal0 [0x00D0C366+1164134]
Ordinal0 [0x00D09DC3+1154499]
Ordinal0 [0x00D39B82+1350530]
Ordinal0 [0x00D397DA+1349594]
Ordinal0 [0x00D35D4B+1334603]
Ordinal0 [0x00D122B4+1188532]
Ordinal0 [0x00D13149+1192265]
GetHandleVerifier [0x00FCFB8C+1512252]
GetHandleVerifier [0x0107B0DF+2214031]
GetHandleVerifier [0x00ED4BC3+484211]
GetHandleVerifier [0x00ED3E69+480793]
Ordinal0 [0x00DF218D+2105741]
Ordinal0 [0x00DF66E8+2123496]
Ordinal0 [0x00DF6827+2123815]
Ordinal0 [0x00DFFB73+2161523]
BaseThreadInitThunk [0x756D33CA+18]
RtlInitializeExceptionChain [0x77989ED2+99]
RtlInitializeExceptionChain [0x77989EA5+54]

at sun.reflect.NativeConstructorAccessorImpl.newInstance0(Native Method)
at sun.reflect.NativeConstructorAccessorImpl.newInstance(Unknown Source)
at sun.reflect.DelegatingConstructorAccessorImpl.newInstance(Unknown Source)
at java.lang.reflect.Constructor.newInstance(Unknown Source)
at org.openqa.selenium.remote.W3CHandshakeResponse.lambda$new$0(W3CHandshakeResponse.java:57)
at org.openqa.selenium.remote.W3CHandshakeResponse.lambda$getResponseFunction$2(W3CHandshakeResponse.java:104)
at org.openqa.selenium.remote.ProtocolHandshake.lambda$createSession$24(ProtocolHandshake.java:359)
at java.util.stream.ReferencePipeline$3$1.accept(Unknown Source)
at java.util.Spliterators$ArraySpliterator.tryAdvance(Unknown Source)
at java.util.stream.ReferencePipeline.forEachWithCancel(Unknown Source)
at java.util.stream.AbstractPipeline.copyIntoWithCancel(Unknown Source)
at java.util.stream.AbstractPipeline.copyInto(Unknown Source)
at java.util.stream.AbstractPipeline.wrapAndCopyInto(Unknown Source)
at java.util.stream.FindOps$FindOp.evaluateSequential(Unknown Source)
at java.util.stream.AbstractPipeline.evaluate(Unknown Source)
at java.util.stream.ReferencePipeline.findFirst(Unknown Source)
at org.openqa.selenium.remote.ProtocolHandshake.createSession(ProtocolHandshake.java:362)
at org.openqa.selenium.remote.ProtocolHandshake.createSession(ProtocolHandshake.java:136)
at org.openqa.selenium.remote.HttpCommandExecutor.execute(HttpCommandExecutor.java:142)
at org.openqa.selenium.remote.service.DriverCommandExecutor.execute(DriverCommandExecutor.java:83)
at org.openqa.selenium.remote.RemoteWebDriver.execute(RemoteWebDriver.java:586)
at org.openqa.selenium.remote.RemoteWebDriver.startSession(RemoteWebDriver.java:217)
at org.openqa.selenium.remote.RemoteWebDriver.<init>(RemoteWebDriver.java:140)
at org.openqa.selenium.chrome.ChromeDriver.<init>(ChromeDriver.java:181)
at org.openqa.selenium.chrome.ChromeDriver.<init>(ChromeDriver.java:168)
at org.openqa.selenium.chrome.ChromeDriver.<init>(ChromeDriver.java:123)
at utils.DriverFactory.getChromeDriver(DriverFactory.java:30)
at utils.DriverFactory.driverInitialization(DriverFactory.java:19)
at validationsOfManageOrderPage.ManageOrdersBaseTest.initializeDriver(ManageOrdersBaseTest.java:26)
at sun.reflect.NativeMethodAccessorImpl.invoke0(Native Method)
at sun.reflect.NativeMethodAccessorImpl.invoke(Unknown Source)
at sun.reflect.DelegatingMethodAccessorImpl.invoke(Unknown Source)
at java.lang.reflect.Method.invoke(Unknown Source)
at org.testng.internal.MethodInvocationHelper.invokeMethod(MethodInvocationHelper.java:124)
at org.testng.internal.MethodInvocationHelper.invokeMethodConsideringTimeout(MethodInvocationHelper.java:59)
at org.testng.internal.Invoker.invokeConfigurationMethod(Invoker.java:458)
at org.testng.internal.Invoker.invokeConfigurations(Invoker.java:222)
at org.testng.internal.Invoker.invokeConfigurations(Invoker.java:142)
at org.testng.internal.TestMethodWorker.invokeBeforeClassMethods(TestMethodWorker.java:168)
at org.testng.internal.TestMethodWorker.run(TestMethodWorker.java:105)
at java.util.concurrent.ThreadPoolExecutor.runWorker(Unknown Source)
at java.util.concurrent.ThreadPoolExecutor$Worker.run(Unknown Source)
at java.lang.Thread.run(Unknown Source)
]]>
            </full-stacktrace>
          </exception> <!-- org.openqa.selenium.WebDriverException -->
          <reporter-output>
          </reporter-output>
        </test-method> <!-- initializeDriver -->
        <test-method status="SKIP" signature="NavigateToAdminUserPage()[pri:0, instance:validationsOfManageOrderPage.VerifySearchListOrders@2f686d1f]" name="NavigateToAdminUserPage" is-config="true" duration-ms="0" started-at="2021-08-03T19:12:29Z" finished-at="2021-08-03T19:12:29Z">
          <reporter-output>
          </reporter-output>
        </test-method> <!-- NavigateToAdminUserPage -->
        <test-method status="SKIP" signature="verifyDropDownstatusPaid()[pri:0, instance:validationsOfManageOrderPage.VerifySearchListOrders@2f686d1f]" name="verifyDropDownstatusPaid" duration-ms="0" started-at="2021-08-03T19:12:29Z" finished-at="2021-08-03T19:12:29Z">
          <exception class="org.openqa.selenium.WebDriverException">
            <message>
              <![CDATA[unknown error: DevToolsActivePort file doesn't exist
Build info: version: '3.6.0', revision: '6fbf3ec767', time: '2017-09-27T15:28:36.4Z'
System info: host: 'ANVER-PC', ip: '192.168.110.124', os.name: 'Windows 7', os.arch: 'amd64', os.version: '6.1', java.version: '1.8.0_281'
Driver info: driver.version: ChromeDriver
remote stacktrace: Backtrace:
Ordinal0 [0x00E53733+2504499]
Ordinal0 [0x00DEC401+2081793]
Ordinal0 [0x00CF2628+1058344]
Ordinal0 [0x00D0FA12+1178130]
Ordinal0 [0x00D0C366+1164134]
Ordinal0 [0x00D09DC3+1154499]
Ordinal0 [0x00D39B82+1350530]
Ordinal0 [0x00D397DA+1349594]
Ordinal0 [0x00D35D4B+1334603]
Ordinal0 [0x00D122B4+1188532]
Ordinal0 [0x00D13149+1192265]
GetHandleVerifier [0x00FCFB8C+1512252]
GetHandleVerifier [0x0107B0DF+2214031]
GetHandleVerifier [0x00ED4BC3+484211]
GetHandleVerifier [0x00ED3E69+480793]
Ordinal0 [0x00DF218D+2105741]
Ordinal0 [0x00DF66E8+2123496]
Ordinal0 [0x00DF6827+2123815]
Ordinal0 [0x00DFFB73+2161523]
BaseThreadInitThunk [0x756D33CA+18]
RtlInitializeExceptionChain [0x77989ED2+99]
RtlInitializeExceptionChain [0x77989EA5+54]
]]>
            </message>
            <full-stacktrace>
              <![CDATA[org.openqa.selenium.WebDriverException: unknown error: DevToolsActivePort file doesn't exist
Build info: version: '3.6.0', revision: '6fbf3ec767', time: '2017-09-27T15:28:36.4Z'
System info: host: 'ANVER-PC', ip: '192.168.110.124', os.name: 'Windows 7', os.arch: 'amd64', os.version: '6.1', java.version: '1.8.0_281'
Driver info: driver.version: ChromeDriver
remote stacktrace: Backtrace:
Ordinal0 [0x00E53733+2504499]
Ordinal0 [0x00DEC401+2081793]
Ordinal0 [0x00CF2628+1058344]
Ordinal0 [0x00D0FA12+1178130]
Ordinal0 [0x00D0C366+1164134]
Ordinal0 [0x00D09DC3+1154499]
Ordinal0 [0x00D39B82+1350530]
Ordinal0 [0x00D397DA+1349594]
Ordinal0 [0x00D35D4B+1334603]
Ordinal0 [0x00D122B4+1188532]
Ordinal0 [0x00D13149+1192265]
GetHandleVerifier [0x00FCFB8C+1512252]
GetHandleVerifier [0x0107B0DF+2214031]
GetHandleVerifier [0x00ED4BC3+484211]
GetHandleVerifier [0x00ED3E69+480793]
Ordinal0 [0x00DF218D+2105741]
Ordinal0 [0x00DF66E8+2123496]
Ordinal0 [0x00DF6827+2123815]
Ordinal0 [0x00DFFB73+2161523]
BaseThreadInitThunk [0x756D33CA+18]
RtlInitializeExceptionChain [0x77989ED2+99]
RtlInitializeExceptionChain [0x77989EA5+54]

at sun.reflect.NativeConstructorAccessorImpl.newInstance0(Native Method)
at sun.reflect.NativeConstructorAccessorImpl.newInstance(Unknown Source)
at sun.reflect.DelegatingConstructorAccessorImpl.newInstance(Unknown Source)
at java.lang.reflect.Constructor.newInstance(Unknown Source)
at org.openqa.selenium.remote.W3CHandshakeResponse.lambda$new$0(W3CHandshakeResponse.java:57)
at org.openqa.selenium.remote.W3CHandshakeResponse.lambda$getResponseFunction$2(W3CHandshakeResponse.java:104)
at org.openqa.selenium.remote.ProtocolHandshake.lambda$createSession$24(ProtocolHandshake.java:359)
at java.util.stream.ReferencePipeline$3$1.accept(Unknown Source)
at java.util.Spliterators$ArraySpliterator.tryAdvance(Unknown Source)
at java.util.stream.ReferencePipeline.forEachWithCancel(Unknown Source)
at java.util.stream.AbstractPipeline.copyIntoWithCancel(Unknown Source)
at java.util.stream.AbstractPipeline.copyInto(Unknown Source)
at java.util.stream.AbstractPipeline.wrapAndCopyInto(Unknown Source)
at java.util.stream.FindOps$FindOp.evaluateSequential(Unknown Source)
at java.util.stream.AbstractPipeline.evaluate(Unknown Source)
at java.util.stream.ReferencePipeline.findFirst(Unknown Source)
at org.openqa.selenium.remote.ProtocolHandshake.createSession(ProtocolHandshake.java:362)
at org.openqa.selenium.remote.ProtocolHandshake.createSession(ProtocolHandshake.java:136)
at org.openqa.selenium.remote.HttpCommandExecutor.execute(HttpCommandExecutor.java:142)
at org.openqa.selenium.remote.service.DriverCommandExecutor.execute(DriverCommandExecutor.java:83)
at org.openqa.selenium.remote.RemoteWebDriver.execute(RemoteWebDriver.java:586)
at org.openqa.selenium.remote.RemoteWebDriver.startSession(RemoteWebDriver.java:217)
at org.openqa.selenium.remote.RemoteWebDriver.<init>(RemoteWebDriver.java:140)
at org.openqa.selenium.chrome.ChromeDriver.<init>(ChromeDriver.java:181)
at org.openqa.selenium.chrome.ChromeDriver.<init>(ChromeDriver.java:168)
at org.openqa.selenium.chrome.ChromeDriver.<init>(ChromeDriver.java:123)
at utils.DriverFactory.getChromeDriver(DriverFactory.java:30)
at utils.DriverFactory.driverInitialization(DriverFactory.java:19)
at validationsOfManageOrderPage.ManageOrdersBaseTest.initializeDriver(ManageOrdersBaseTest.java:26)
at sun.reflect.NativeMethodAccessorImpl.invoke0(Native Method)
at sun.reflect.NativeMethodAccessorImpl.invoke(Unknown Source)
at sun.reflect.DelegatingMethodAccessorImpl.invoke(Unknown Source)
at java.lang.reflect.Method.invoke(Unknown Source)
at org.testng.internal.MethodInvocationHelper.invokeMethod(MethodInvocationHelper.java:124)
at org.testng.internal.MethodInvocationHelper.invokeMethodConsideringTimeout(MethodInvocationHelper.java:59)
at org.testng.internal.Invoker.invokeConfigurationMethod(Invoker.java:458)
at org.testng.internal.Invoker.invokeConfigurations(Invoker.java:222)
at org.testng.internal.Invoker.invokeConfigurations(Invoker.java:142)
at org.testng.internal.TestMethodWorker.invokeBeforeClassMethods(TestMethodWorker.java:168)
at org.testng.internal.TestMethodWorker.run(TestMethodWorker.java:105)
at java.util.concurrent.ThreadPoolExecutor.runWorker(Unknown Source)
at java.util.concurrent.ThreadPoolExecutor$Worker.run(Unknown Source)
at java.lang.Thread.run(Unknown Source)
]]>
            </full-stacktrace>
          </exception> <!-- org.openqa.selenium.WebDriverException -->
          <reporter-output>
          </reporter-output>
        </test-method> <!-- verifyDropDownstatusPaid -->
        <test-method status="SKIP" signature="screenShot(org.testng.ITestResult)[pri:0, instance:validationsOfManageOrderPage.VerifySearchListOrders@2f686d1f]" name="screenShot" is-config="true" duration-ms="0" started-at="2021-08-03T19:12:29Z" finished-at="2021-08-03T19:12:29Z">
          <reporter-output>
          </reporter-output>
        </test-method> <!-- screenShot -->
        <test-method status="SKIP" signature="NavigateToAdminUserPage()[pri:0, instance:validationsOfManageOrderPage.VerifySearchListOrders@2f686d1f]" name="NavigateToAdminUserPage" is-config="true" duration-ms="0" started-at="2021-08-03T19:12:29Z" finished-at="2021-08-03T19:12:29Z">
          <reporter-output>
          </reporter-output>
        </test-method> <!-- NavigateToAdminUserPage -->
        <test-method status="SKIP" signature="verifySearchofOrdersInList()[pri:0, instance:validationsOfManageOrderPage.VerifySearchListOrders@2f686d1f]" name="verifySearchofOrdersInList" duration-ms="0" started-at="2021-08-03T19:12:29Z" finished-at="2021-08-03T19:12:29Z">
          <exception class="org.openqa.selenium.WebDriverException">
            <message>
              <![CDATA[unknown error: DevToolsActivePort file doesn't exist
Build info: version: '3.6.0', revision: '6fbf3ec767', time: '2017-09-27T15:28:36.4Z'
System info: host: 'ANVER-PC', ip: '192.168.110.124', os.name: 'Windows 7', os.arch: 'amd64', os.version: '6.1', java.version: '1.8.0_281'
Driver info: driver.version: ChromeDriver
remote stacktrace: Backtrace:
Ordinal0 [0x00E53733+2504499]
Ordinal0 [0x00DEC401+2081793]
Ordinal0 [0x00CF2628+1058344]
Ordinal0 [0x00D0FA12+1178130]
Ordinal0 [0x00D0C366+1164134]
Ordinal0 [0x00D09DC3+1154499]
Ordinal0 [0x00D39B82+1350530]
Ordinal0 [0x00D397DA+1349594]
Ordinal0 [0x00D35D4B+1334603]
Ordinal0 [0x00D122B4+1188532]
Ordinal0 [0x00D13149+1192265]
GetHandleVerifier [0x00FCFB8C+1512252]
GetHandleVerifier [0x0107B0DF+2214031]
GetHandleVerifier [0x00ED4BC3+484211]
GetHandleVerifier [0x00ED3E69+480793]
Ordinal0 [0x00DF218D+2105741]
Ordinal0 [0x00DF66E8+2123496]
Ordinal0 [0x00DF6827+2123815]
Ordinal0 [0x00DFFB73+2161523]
BaseThreadInitThunk [0x756D33CA+18]
RtlInitializeExceptionChain [0x77989ED2+99]
RtlInitializeExceptionChain [0x77989EA5+54]
]]>
            </message>
            <full-stacktrace>
              <![CDATA[org.openqa.selenium.WebDriverException: unknown error: DevToolsActivePort file doesn't exist
Build info: version: '3.6.0', revision: '6fbf3ec767', time: '2017-09-27T15:28:36.4Z'
System info: host: 'ANVER-PC', ip: '192.168.110.124', os.name: 'Windows 7', os.arch: 'amd64', os.version: '6.1', java.version: '1.8.0_281'
Driver info: driver.version: ChromeDriver
remote stacktrace: Backtrace:
Ordinal0 [0x00E53733+2504499]
Ordinal0 [0x00DEC401+2081793]
Ordinal0 [0x00CF2628+1058344]
Ordinal0 [0x00D0FA12+1178130]
Ordinal0 [0x00D0C366+1164134]
Ordinal0 [0x00D09DC3+1154499]
Ordinal0 [0x00D39B82+1350530]
Ordinal0 [0x00D397DA+1349594]
Ordinal0 [0x00D35D4B+1334603]
Ordinal0 [0x00D122B4+1188532]
Ordinal0 [0x00D13149+1192265]
GetHandleVerifier [0x00FCFB8C+1512252]
GetHandleVerifier [0x0107B0DF+2214031]
GetHandleVerifier [0x00ED4BC3+484211]
GetHandleVerifier [0x00ED3E69+480793]
Ordinal0 [0x00DF218D+2105741]
Ordinal0 [0x00DF66E8+2123496]
Ordinal0 [0x00DF6827+2123815]
Ordinal0 [0x00DFFB73+2161523]
BaseThreadInitThunk [0x756D33CA+18]
RtlInitializeExceptionChain [0x77989ED2+99]
RtlInitializeExceptionChain [0x77989EA5+54]

at sun.reflect.NativeConstructorAccessorImpl.newInstance0(Native Method)
at sun.reflect.NativeConstructorAccessorImpl.newInstance(Unknown Source)
at sun.reflect.DelegatingConstructorAccessorImpl.newInstance(Unknown Source)
at java.lang.reflect.Constructor.newInstance(Unknown Source)
at org.openqa.selenium.remote.W3CHandshakeResponse.lambda$new$0(W3CHandshakeResponse.java:57)
at org.openqa.selenium.remote.W3CHandshakeResponse.lambda$getResponseFunction$2(W3CHandshakeResponse.java:104)
at org.openqa.selenium.remote.ProtocolHandshake.lambda$createSession$24(ProtocolHandshake.java:359)
at java.util.stream.ReferencePipeline$3$1.accept(Unknown Source)
at java.util.Spliterators$ArraySpliterator.tryAdvance(Unknown Source)
at java.util.stream.ReferencePipeline.forEachWithCancel(Unknown Source)
at java.util.stream.AbstractPipeline.copyIntoWithCancel(Unknown Source)
at java.util.stream.AbstractPipeline.copyInto(Unknown Source)
at java.util.stream.AbstractPipeline.wrapAndCopyInto(Unknown Source)
at java.util.stream.FindOps$FindOp.evaluateSequential(Unknown Source)
at java.util.stream.AbstractPipeline.evaluate(Unknown Source)
at java.util.stream.ReferencePipeline.findFirst(Unknown Source)
at org.openqa.selenium.remote.ProtocolHandshake.createSession(ProtocolHandshake.java:362)
at org.openqa.selenium.remote.ProtocolHandshake.createSession(ProtocolHandshake.java:136)
at org.openqa.selenium.remote.HttpCommandExecutor.execute(HttpCommandExecutor.java:142)
at org.openqa.selenium.remote.service.DriverCommandExecutor.execute(DriverCommandExecutor.java:83)
at org.openqa.selenium.remote.RemoteWebDriver.execute(RemoteWebDriver.java:586)
at org.openqa.selenium.remote.RemoteWebDriver.startSession(RemoteWebDriver.java:217)
at org.openqa.selenium.remote.RemoteWebDriver.<init>(RemoteWebDriver.java:140)
at org.openqa.selenium.chrome.ChromeDriver.<init>(ChromeDriver.java:181)
at org.openqa.selenium.chrome.ChromeDriver.<init>(ChromeDriver.java:168)
at org.openqa.selenium.chrome.ChromeDriver.<init>(ChromeDriver.java:123)
at utils.DriverFactory.getChromeDriver(DriverFactory.java:30)
at utils.DriverFactory.driverInitialization(DriverFactory.java:19)
at validationsOfManageOrderPage.ManageOrdersBaseTest.initializeDriver(ManageOrdersBaseTest.java:26)
at sun.reflect.NativeMethodAccessorImpl.invoke0(Native Method)
at sun.reflect.NativeMethodAccessorImpl.invoke(Unknown Source)
at sun.reflect.DelegatingMethodAccessorImpl.invoke(Unknown Source)
at java.lang.reflect.Method.invoke(Unknown Source)
at org.testng.internal.MethodInvocationHelper.invokeMethod(MethodInvocationHelper.java:124)
at org.testng.internal.MethodInvocationHelper.invokeMethodConsideringTimeout(MethodInvocationHelper.java:59)
at org.testng.internal.Invoker.invokeConfigurationMethod(Invoker.java:458)
at org.testng.internal.Invoker.invokeConfigurations(Invoker.java:222)
at org.testng.internal.Invoker.invokeConfigurations(Invoker.java:142)
at org.testng.internal.TestMethodWorker.invokeBeforeClassMethods(TestMethodWorker.java:168)
at org.testng.internal.TestMethodWorker.run(TestMethodWorker.java:105)
at java.util.concurrent.ThreadPoolExecutor.runWorker(Unknown Source)
at java.util.concurrent.ThreadPoolExecutor$Worker.run(Unknown Source)
at java.lang.Thread.run(Unknown Source)
]]>
            </full-stacktrace>
          </exception> <!-- org.openqa.selenium.WebDriverException -->
          <reporter-output>
          </reporter-output>
        </test-method> <!-- verifySearchofOrdersInList -->
        <test-method status="SKIP" signature="screenShot(org.testng.ITestResult)[pri:0, instance:validationsOfManageOrderPage.VerifySearchListOrders@2f686d1f]" name="screenShot" is-config="true" duration-ms="0" started-at="2021-08-03T19:12:29Z" finished-at="2021-08-03T19:12:29Z">
          <reporter-output>
          </reporter-output>
        </test-method> <!-- screenShot -->
        <test-method status="SKIP" signature="quitdriver()[pri:0, instance:validationsOfManageOrderPage.VerifySearchListOrders@2f686d1f]" name="quitdriver" is-config="true" duration-ms="0" started-at="2021-08-03T19:12:29Z" finished-at="2021-08-03T19:12:29Z">
          <reporter-output>
          </reporter-output>
        </test-method> <!-- quitdriver -->
      </class> <!-- validationsOfManageOrderPage.VerifySearchListOrders -->
      <class name="validationsOfAdminUsersPage.CreateAndDeleteAUser">
        <test-method status="PASS" signature="initializeDriver()[pri:0, instance:validationsOfAdminUsersPage.CreateAndDeleteAUser@3fee9989]" name="initializeDriver" is-config="true" duration-ms="67846" started-at="2021-08-03T19:12:17Z" finished-at="2021-08-03T19:13:25Z">
          <reporter-output>
          </reporter-output>
        </test-method> <!-- initializeDriver -->
        <test-method status="FAIL" signature="NavigateToAdminUserPage()[pri:0, instance:validationsOfAdminUsersPage.CreateAndDeleteAUser@3fee9989]" name="NavigateToAdminUserPage" is-config="true" duration-ms="15121" started-at="2021-08-03T19:13:25Z" finished-at="2021-08-03T19:13:40Z">
          <exception class="org.openqa.selenium.TimeoutException">
            <message>
              <![CDATA[timeout: Timed out receiving message from renderer: 12.393
  (Session info: chrome=92.0.4515.107)
Build info: version: '3.6.0', revision: '6fbf3ec767', time: '2017-09-27T15:28:36.4Z'
System info: host: 'ANVER-PC', ip: '192.168.110.124', os.name: 'Windows 7', os.arch: 'amd64', os.version: '6.1', java.version: '1.8.0_281'
Driver info: org.openqa.selenium.chrome.ChromeDriver
Capabilities [{networkConnectionEnabled=false, chrome={chromedriverVersion=91.0.4472.101 (af52a90bf87030dd1523486a1cd3ae25c5d76c9b-refs/branch-heads/4472@{#1462}), userDataDir=C:\Users\ANVER\AppData\Local\Temp\scoped_dir9892_1145959843}, timeouts={implicit=0, pageLoad=300000, script=30000}, pageLoadStrategy=normal, unhandledPromptBehavior=dismiss and notify, strictFileInteractability=false, platform=WINDOWS, proxy=Proxy(), goog:chromeOptions={debuggerAddress=localhost:55994}, acceptInsecureCerts=false, browserVersion=92.0.4515.107, browserName=chrome, javascriptEnabled=true, platformName=WINDOWS, setWindowRect=true, webauthn:extension:largeBlob=true, webauthn:virtualAuthenticators=true}]
Session ID: 7dfea697ae7594eca547df5d72f7f748]]>
            </message>
            <full-stacktrace>
              <![CDATA[org.openqa.selenium.TimeoutException: timeout: Timed out receiving message from renderer: 12.393
  (Session info: chrome=92.0.4515.107)
Build info: version: '3.6.0', revision: '6fbf3ec767', time: '2017-09-27T15:28:36.4Z'
System info: host: 'ANVER-PC', ip: '192.168.110.124', os.name: 'Windows 7', os.arch: 'amd64', os.version: '6.1', java.version: '1.8.0_281'
Driver info: org.openqa.selenium.chrome.ChromeDriver
Capabilities [{networkConnectionEnabled=false, chrome={chromedriverVersion=91.0.4472.101 (af52a90bf87030dd1523486a1cd3ae25c5d76c9b-refs/branch-heads/4472@{#1462}), userDataDir=C:\Users\ANVER\AppData\Local\Temp\scoped_dir9892_1145959843}, timeouts={implicit=0, pageLoad=300000, script=30000}, pageLoadStrategy=normal, unhandledPromptBehavior=dismiss and notify, strictFileInteractability=false, platform=WINDOWS, proxy=Proxy(), goog:chromeOptions={debuggerAddress=localhost:55994}, acceptInsecureCerts=false, browserVersion=92.0.4515.107, browserName=chrome, javascriptEnabled=true, platformName=WINDOWS, setWindowRect=true, webauthn:extension:largeBlob=true, webauthn:virtualAuthenticators=true}]
Session ID: 7dfea697ae7594eca547df5d72f7f748
at sun.reflect.NativeConstructorAccessorImpl.newInstance0(Native Method)
at sun.reflect.NativeConstructorAccessorImpl.newInstance(Unknown Source)
at sun.reflect.DelegatingConstructorAccessorImpl.newInstance(Unknown Source)
at java.lang.reflect.Constructor.newInstance(Unknown Source)
at org.openqa.selenium.remote.http.W3CHttpResponseCodec.createException(W3CHttpResponseCodec.java:185)
at org.openqa.selenium.remote.http.W3CHttpResponseCodec.decode(W3CHttpResponseCodec.java:120)
at org.openqa.selenium.remote.http.W3CHttpResponseCodec.decode(W3CHttpResponseCodec.java:49)
at org.openqa.selenium.remote.HttpCommandExecutor.execute(HttpCommandExecutor.java:164)
at org.openqa.selenium.remote.service.DriverCommandExecutor.execute(DriverCommandExecutor.java:83)
at org.openqa.selenium.remote.RemoteWebDriver.execute(RemoteWebDriver.java:586)
at org.openqa.selenium.remote.RemoteWebDriver.get(RemoteWebDriver.java:310)
at utils.DriverFactory.loginToGroceryApp(DriverFactory.java:51)
at validationsOfAdminUsersPage.AdminPageBaseTest.NavigateToAdminUserPage(AdminPageBaseTest.java:29)
at sun.reflect.NativeMethodAccessorImpl.invoke0(Native Method)
at sun.reflect.NativeMethodAccessorImpl.invoke(Unknown Source)
at sun.reflect.DelegatingMethodAccessorImpl.invoke(Unknown Source)
at java.lang.reflect.Method.invoke(Unknown Source)
at org.testng.internal.MethodInvocationHelper.invokeMethod(MethodInvocationHelper.java:124)
at org.testng.internal.MethodInvocationHelper.invokeMethodConsideringTimeout(MethodInvocationHelper.java:59)
at org.testng.internal.Invoker.invokeConfigurationMethod(Invoker.java:458)
at org.testng.internal.Invoker.invokeConfigurations(Invoker.java:222)
at org.testng.internal.Invoker.invokeMethod(Invoker.java:523)
at org.testng.internal.Invoker.invokeTestMethod(Invoker.java:719)
at org.testng.internal.Invoker.invokeTestMethods(Invoker.java:989)
at org.testng.internal.TestMethodWorker.invokeTestMethods(TestMethodWorker.java:125)
at org.testng.internal.TestMethodWorker.run(TestMethodWorker.java:109)
at java.util.concurrent.ThreadPoolExecutor.runWorker(Unknown Source)
at java.util.concurrent.ThreadPoolExecutor$Worker.run(Unknown Source)
at java.lang.Thread.run(Unknown Source)
]]>
            </full-stacktrace>
          </exception> <!-- org.openqa.selenium.TimeoutException -->
          <reporter-output>
          </reporter-output>
        </test-method> <!-- NavigateToAdminUserPage -->
        <test-method status="SKIP" signature="verifyNewUserCreate()[pri:0, instance:validationsOfAdminUsersPage.CreateAndDeleteAUser@3fee9989]" name="verifyNewUserCreate" duration-ms="0" started-at="2021-08-03T19:13:40Z" finished-at="2021-08-03T19:13:40Z">
          <exception class="org.openqa.selenium.TimeoutException">
            <message>
              <![CDATA[timeout: Timed out receiving message from renderer: 12.393
  (Session info: chrome=92.0.4515.107)
Build info: version: '3.6.0', revision: '6fbf3ec767', time: '2017-09-27T15:28:36.4Z'
System info: host: 'ANVER-PC', ip: '192.168.110.124', os.name: 'Windows 7', os.arch: 'amd64', os.version: '6.1', java.version: '1.8.0_281'
Driver info: org.openqa.selenium.chrome.ChromeDriver
Capabilities [{networkConnectionEnabled=false, chrome={chromedriverVersion=91.0.4472.101 (af52a90bf87030dd1523486a1cd3ae25c5d76c9b-refs/branch-heads/4472@{#1462}), userDataDir=C:\Users\ANVER\AppData\Local\Temp\scoped_dir9892_1145959843}, timeouts={implicit=0, pageLoad=300000, script=30000}, pageLoadStrategy=normal, unhandledPromptBehavior=dismiss and notify, strictFileInteractability=false, platform=WINDOWS, proxy=Proxy(), goog:chromeOptions={debuggerAddress=localhost:55994}, acceptInsecureCerts=false, browserVersion=92.0.4515.107, browserName=chrome, javascriptEnabled=true, platformName=WINDOWS, setWindowRect=true, webauthn:extension:largeBlob=true, webauthn:virtualAuthenticators=true}]
Session ID: 7dfea697ae7594eca547df5d72f7f748]]>
            </message>
            <full-stacktrace>
              <![CDATA[org.openqa.selenium.TimeoutException: timeout: Timed out receiving message from renderer: 12.393
  (Session info: chrome=92.0.4515.107)
Build info: version: '3.6.0', revision: '6fbf3ec767', time: '2017-09-27T15:28:36.4Z'
System info: host: 'ANVER-PC', ip: '192.168.110.124', os.name: 'Windows 7', os.arch: 'amd64', os.version: '6.1', java.version: '1.8.0_281'
Driver info: org.openqa.selenium.chrome.ChromeDriver
Capabilities [{networkConnectionEnabled=false, chrome={chromedriverVersion=91.0.4472.101 (af52a90bf87030dd1523486a1cd3ae25c5d76c9b-refs/branch-heads/4472@{#1462}), userDataDir=C:\Users\ANVER\AppData\Local\Temp\scoped_dir9892_1145959843}, timeouts={implicit=0, pageLoad=300000, script=30000}, pageLoadStrategy=normal, unhandledPromptBehavior=dismiss and notify, strictFileInteractability=false, platform=WINDOWS, proxy=Proxy(), goog:chromeOptions={debuggerAddress=localhost:55994}, acceptInsecureCerts=false, browserVersion=92.0.4515.107, browserName=chrome, javascriptEnabled=true, platformName=WINDOWS, setWindowRect=true, webauthn:extension:largeBlob=true, webauthn:virtualAuthenticators=true}]
Session ID: 7dfea697ae7594eca547df5d72f7f748
at sun.reflect.NativeConstructorAccessorImpl.newInstance0(Native Method)
at sun.reflect.NativeConstructorAccessorImpl.newInstance(Unknown Source)
at sun.reflect.DelegatingConstructorAccessorImpl.newInstance(Unknown Source)
at java.lang.reflect.Constructor.newInstance(Unknown Source)
at org.openqa.selenium.remote.http.W3CHttpResponseCodec.createException(W3CHttpResponseCodec.java:185)
at org.openqa.selenium.remote.http.W3CHttpResponseCodec.decode(W3CHttpResponseCodec.java:120)
at org.openqa.selenium.remote.http.W3CHttpResponseCodec.decode(W3CHttpResponseCodec.java:49)
at org.openqa.selenium.remote.HttpCommandExecutor.execute(HttpCommandExecutor.java:164)
at org.openqa.selenium.remote.service.DriverCommandExecutor.execute(DriverCommandExecutor.java:83)
at org.openqa.selenium.remote.RemoteWebDriver.execute(RemoteWebDriver.java:586)
at org.openqa.selenium.remote.RemoteWebDriver.get(RemoteWebDriver.java:310)
at utils.DriverFactory.loginToGroceryApp(DriverFactory.java:51)
at validationsOfAdminUsersPage.AdminPageBaseTest.NavigateToAdminUserPage(AdminPageBaseTest.java:29)
at sun.reflect.NativeMethodAccessorImpl.invoke0(Native Method)
at sun.reflect.NativeMethodAccessorImpl.invoke(Unknown Source)
at sun.reflect.DelegatingMethodAccessorImpl.invoke(Unknown Source)
at java.lang.reflect.Method.invoke(Unknown Source)
at org.testng.internal.MethodInvocationHelper.invokeMethod(MethodInvocationHelper.java:124)
at org.testng.internal.MethodInvocationHelper.invokeMethodConsideringTimeout(MethodInvocationHelper.java:59)
at org.testng.internal.Invoker.invokeConfigurationMethod(Invoker.java:458)
at org.testng.internal.Invoker.invokeConfigurations(Invoker.java:222)
at org.testng.internal.Invoker.invokeMethod(Invoker.java:523)
at org.testng.internal.Invoker.invokeTestMethod(Invoker.java:719)
at org.testng.internal.Invoker.invokeTestMethods(Invoker.java:989)
at org.testng.internal.TestMethodWorker.invokeTestMethods(TestMethodWorker.java:125)
at org.testng.internal.TestMethodWorker.run(TestMethodWorker.java:109)
at java.util.concurrent.ThreadPoolExecutor.runWorker(Unknown Source)
at java.util.concurrent.ThreadPoolExecutor$Worker.run(Unknown Source)
at java.lang.Thread.run(Unknown Source)
]]>
            </full-stacktrace>
          </exception> <!-- org.openqa.selenium.TimeoutException -->
          <reporter-output>
          </reporter-output>
        </test-method> <!-- verifyNewUserCreate -->
        <test-method status="SKIP" signature="screenShot(org.testng.ITestResult)[pri:0, instance:validationsOfAdminUsersPage.CreateAndDeleteAUser@3fee9989]" name="screenShot" is-config="true" duration-ms="0" started-at="2021-08-03T19:13:40Z" finished-at="2021-08-03T19:13:40Z">
          <reporter-output>
          </reporter-output>
        </test-method> <!-- screenShot -->
        <test-method status="SKIP" signature="NavigateToAdminUserPage()[pri:0, instance:validationsOfAdminUsersPage.CreateAndDeleteAUser@3fee9989]" name="NavigateToAdminUserPage" is-config="true" duration-ms="0" started-at="2021-08-03T19:13:49Z" finished-at="2021-08-03T19:13:49Z">
          <reporter-output>
          </reporter-output>
        </test-method> <!-- NavigateToAdminUserPage -->
        <test-method status="SKIP" signature="verifyDeleteOfUser()[pri:1, instance:validationsOfAdminUsersPage.CreateAndDeleteAUser@3fee9989]" name="verifyDeleteOfUser" duration-ms="0" started-at="2021-08-03T19:13:49Z" finished-at="2021-08-03T19:13:49Z">
          <exception class="org.openqa.selenium.TimeoutException">
            <message>
              <![CDATA[timeout: Timed out receiving message from renderer: 12.393
  (Session info: chrome=92.0.4515.107)
Build info: version: '3.6.0', revision: '6fbf3ec767', time: '2017-09-27T15:28:36.4Z'
System info: host: 'ANVER-PC', ip: '192.168.110.124', os.name: 'Windows 7', os.arch: 'amd64', os.version: '6.1', java.version: '1.8.0_281'
Driver info: org.openqa.selenium.chrome.ChromeDriver
Capabilities [{networkConnectionEnabled=false, chrome={chromedriverVersion=91.0.4472.101 (af52a90bf87030dd1523486a1cd3ae25c5d76c9b-refs/branch-heads/4472@{#1462}), userDataDir=C:\Users\ANVER\AppData\Local\Temp\scoped_dir9892_1145959843}, timeouts={implicit=0, pageLoad=300000, script=30000}, pageLoadStrategy=normal, unhandledPromptBehavior=dismiss and notify, strictFileInteractability=false, platform=WINDOWS, proxy=Proxy(), goog:chromeOptions={debuggerAddress=localhost:55994}, acceptInsecureCerts=false, browserVersion=92.0.4515.107, browserName=chrome, javascriptEnabled=true, platformName=WINDOWS, setWindowRect=true, webauthn:extension:largeBlob=true, webauthn:virtualAuthenticators=true}]
Session ID: 7dfea697ae7594eca547df5d72f7f748]]>
            </message>
            <full-stacktrace>
              <![CDATA[org.openqa.selenium.TimeoutException: timeout: Timed out receiving message from renderer: 12.393
  (Session info: chrome=92.0.4515.107)
Build info: version: '3.6.0', revision: '6fbf3ec767', time: '2017-09-27T15:28:36.4Z'
System info: host: 'ANVER-PC', ip: '192.168.110.124', os.name: 'Windows 7', os.arch: 'amd64', os.version: '6.1', java.version: '1.8.0_281'
Driver info: org.openqa.selenium.chrome.ChromeDriver
Capabilities [{networkConnectionEnabled=false, chrome={chromedriverVersion=91.0.4472.101 (af52a90bf87030dd1523486a1cd3ae25c5d76c9b-refs/branch-heads/4472@{#1462}), userDataDir=C:\Users\ANVER\AppData\Local\Temp\scoped_dir9892_1145959843}, timeouts={implicit=0, pageLoad=300000, script=30000}, pageLoadStrategy=normal, unhandledPromptBehavior=dismiss and notify, strictFileInteractability=false, platform=WINDOWS, proxy=Proxy(), goog:chromeOptions={debuggerAddress=localhost:55994}, acceptInsecureCerts=false, browserVersion=92.0.4515.107, browserName=chrome, javascriptEnabled=true, platformName=WINDOWS, setWindowRect=true, webauthn:extension:largeBlob=true, webauthn:virtualAuthenticators=true}]
Session ID: 7dfea697ae7594eca547df5d72f7f748
at sun.reflect.NativeConstructorAccessorImpl.newInstance0(Native Method)
at sun.reflect.NativeConstructorAccessorImpl.newInstance(Unknown Source)
at sun.reflect.DelegatingConstructorAccessorImpl.newInstance(Unknown Source)
at java.lang.reflect.Constructor.newInstance(Unknown Source)
at org.openqa.selenium.remote.http.W3CHttpResponseCodec.createException(W3CHttpResponseCodec.java:185)
at org.openqa.selenium.remote.http.W3CHttpResponseCodec.decode(W3CHttpResponseCodec.java:120)
at org.openqa.selenium.remote.http.W3CHttpResponseCodec.decode(W3CHttpResponseCodec.java:49)
at org.openqa.selenium.remote.HttpCommandExecutor.execute(HttpCommandExecutor.java:164)
at org.openqa.selenium.remote.service.DriverCommandExecutor.execute(DriverCommandExecutor.java:83)
at org.openqa.selenium.remote.RemoteWebDriver.execute(RemoteWebDriver.java:586)
at org.openqa.selenium.remote.RemoteWebDriver.get(RemoteWebDriver.java:310)
at utils.DriverFactory.loginToGroceryApp(DriverFactory.java:51)
at validationsOfAdminUsersPage.AdminPageBaseTest.NavigateToAdminUserPage(AdminPageBaseTest.java:29)
at sun.reflect.NativeMethodAccessorImpl.invoke0(Native Method)
at sun.reflect.NativeMethodAccessorImpl.invoke(Unknown Source)
at sun.reflect.DelegatingMethodAccessorImpl.invoke(Unknown Source)
at java.lang.reflect.Method.invoke(Unknown Source)
at org.testng.internal.MethodInvocationHelper.invokeMethod(MethodInvocationHelper.java:124)
at org.testng.internal.MethodInvocationHelper.invokeMethodConsideringTimeout(MethodInvocationHelper.java:59)
at org.testng.internal.Invoker.invokeConfigurationMethod(Invoker.java:458)
at org.testng.internal.Invoker.invokeConfigurations(Invoker.java:222)
at org.testng.internal.Invoker.invokeMethod(Invoker.java:523)
at org.testng.internal.Invoker.invokeTestMethod(Invoker.java:719)
at org.testng.internal.Invoker.invokeTestMethods(Invoker.java:989)
at org.testng.internal.TestMethodWorker.invokeTestMethods(TestMethodWorker.java:125)
at org.testng.internal.TestMethodWorker.run(TestMethodWorker.java:109)
at java.util.concurrent.ThreadPoolExecutor.runWorker(Unknown Source)
at java.util.concurrent.ThreadPoolExecutor$Worker.run(Unknown Source)
at java.lang.Thread.run(Unknown Source)
]]>
            </full-stacktrace>
          </exception> <!-- org.openqa.selenium.TimeoutException -->
          <reporter-output>
          </reporter-output>
        </test-method> <!-- verifyDeleteOfUser -->
        <test-method status="SKIP" signature="screenShot(org.testng.ITestResult)[pri:0, instance:validationsOfAdminUsersPage.CreateAndDeleteAUser@3fee9989]" name="screenShot" is-config="true" duration-ms="0" started-at="2021-08-03T19:13:49Z" finished-at="2021-08-03T19:13:49Z">
          <reporter-output>
          </reporter-output>
        </test-method> <!-- screenShot -->
        <test-method status="SKIP" signature="quitdriver()[pri:0, instance:validationsOfAdminUsersPage.CreateAndDeleteAUser@3fee9989]" name="quitdriver" is-config="true" duration-ms="0" started-at="2021-08-03T19:13:49Z" finished-at="2021-08-03T19:13:49Z">
          <reporter-output>
          </reporter-output>
        </test-method> <!-- quitdriver -->
      </class> <!-- validationsOfAdminUsersPage.CreateAndDeleteAUser -->
      <class name="validattionsOfLoginPAge.LoginPageTest">
        <test-method status="PASS" signature="initializeDriver()[pri:0, instance:validattionsOfLoginPAge.LoginPageTest@6500df86]" name="initializeDriver" is-config="true" duration-ms="21008" started-at="2021-08-03T19:09:45Z" finished-at="2021-08-03T19:10:06Z">
          <reporter-output>
          </reporter-output>
        </test-method> <!-- initializeDriver -->
        <test-method status="PASS" signature="verifyDashBoardPage()[pri:0, instance:validattionsOfLoginPAge.LoginPageTest@6500df86]" name="verifyDashBoardPage" duration-ms="1005" started-at="2021-08-03T19:10:06Z" finished-at="2021-08-03T19:10:07Z">
          <reporter-output>
          </reporter-output>
        </test-method> <!-- verifyDashBoardPage -->
        <test-method status="PASS" signature="quitdriver()[pri:0, instance:validattionsOfLoginPAge.LoginPageTest@6500df86]" name="quitdriver" is-config="true" duration-ms="1916" started-at="2021-08-03T19:10:07Z" finished-at="2021-08-03T19:10:09Z">
          <reporter-output>
          </reporter-output>
        </test-method> <!-- quitdriver -->
      </class> <!-- validattionsOfLoginPAge.LoginPageTest -->
      <class name="validationsOfDashBoardPage.DashBoardPageTest">
        <test-method status="PASS" signature="initializeDriver()[pri:0, instance:validationsOfDashBoardPage.DashBoardPageTest@7085bdee]" name="initializeDriver" is-config="true" duration-ms="14913" started-at="2021-08-03T19:12:53Z" finished-at="2021-08-03T19:13:08Z">
          <reporter-output>
          </reporter-output>
        </test-method> <!-- initializeDriver -->
        <test-method status="PASS" signature="NavigateToAdminUserPage()[pri:0, instance:validationsOfDashBoardPage.DashBoardPageTest@7085bdee]" name="NavigateToAdminUserPage" is-config="true" duration-ms="12609" started-at="2021-08-03T19:13:08Z" finished-at="2021-08-03T19:13:21Z">
          <reporter-output>
          </reporter-output>
        </test-method> <!-- NavigateToAdminUserPage -->
        <test-method status="PASS" signature="methd()[pri:0, instance:validationsOfDashBoardPage.DashBoardPageTest@7085bdee]" name="methd" duration-ms="362" started-at="2021-08-03T19:13:21Z" finished-at="2021-08-03T19:13:21Z">
          <reporter-output>
          </reporter-output>
        </test-method> <!-- methd -->
        <test-method status="PASS" signature="screenShot(org.testng.ITestResult)[pri:0, instance:validationsOfDashBoardPage.DashBoardPageTest@7085bdee]" name="screenShot" is-config="true" duration-ms="1" started-at="2021-08-03T19:13:21Z" finished-at="2021-08-03T19:13:21Z">
          <params>
            <param index="0">
              <value>
                <![CDATA[[TestResult name=methd status=SUCCESS method=DashBoardPageTest.methd()[pri:0, instance:validationsOfDashBoardPage.DashBoardPageTest@7085bdee] output={null}]]]>
              </value>
            </param>
          </params>
          <reporter-output>
          </reporter-output>
        </test-method> <!-- screenShot -->
        <test-method status="PASS" signature="quitdriver()[pri:0, instance:validationsOfDashBoardPage.DashBoardPageTest@7085bdee]" name="quitdriver" is-config="true" duration-ms="8685" started-at="2021-08-03T19:13:21Z" finished-at="2021-08-03T19:13:30Z">
          <reporter-output>
          </reporter-output>
        </test-method> <!-- quitdriver -->
      </class> <!-- validationsOfDashBoardPage.DashBoardPageTest -->
      <class name="validationsOfMobileSliderPage.ImageUpload">
        <test-method status="PASS" signature="initializeDriver()[pri:0, instance:validationsOfMobileSliderPage.ImageUpload@73ad2d6]" name="initializeDriver" is-config="true" duration-ms="55229" started-at="2021-08-03T19:12:29Z" finished-at="2021-08-03T19:13:24Z">
          <reporter-output>
          </reporter-output>
        </test-method> <!-- initializeDriver -->
        <test-method status="FAIL" signature="NavigateToMobilesliderPage()[pri:0, instance:validationsOfMobileSliderPage.ImageUpload@73ad2d6]" name="NavigateToMobilesliderPage" is-config="true" duration-ms="15611" started-at="2021-08-03T19:13:24Z" finished-at="2021-08-03T19:13:40Z">
          <exception class="org.openqa.selenium.TimeoutException">
            <message>
              <![CDATA[timeout: Timed out receiving message from renderer: 13.041
  (Session info: chrome=92.0.4515.107)
Build info: version: '3.6.0', revision: '6fbf3ec767', time: '2017-09-27T15:28:36.4Z'
System info: host: 'ANVER-PC', ip: '192.168.110.124', os.name: 'Windows 7', os.arch: 'amd64', os.version: '6.1', java.version: '1.8.0_281'
Driver info: org.openqa.selenium.chrome.ChromeDriver
Capabilities [{networkConnectionEnabled=false, chrome={chromedriverVersion=91.0.4472.101 (af52a90bf87030dd1523486a1cd3ae25c5d76c9b-refs/branch-heads/4472@{#1462}), userDataDir=C:\Users\ANVER\AppData\Local\Temp\scoped_dir10224_114224621}, timeouts={implicit=0, pageLoad=300000, script=30000}, pageLoadStrategy=normal, unhandledPromptBehavior=dismiss and notify, strictFileInteractability=false, platform=WINDOWS, proxy=Proxy(), goog:chromeOptions={debuggerAddress=localhost:55349}, acceptInsecureCerts=false, browserVersion=92.0.4515.107, browserName=chrome, javascriptEnabled=true, platformName=WINDOWS, setWindowRect=true, webauthn:extension:largeBlob=true, webauthn:virtualAuthenticators=true}]
Session ID: 71353de5ada9bef651b1d44187afb059]]>
            </message>
            <full-stacktrace>
              <![CDATA[org.openqa.selenium.TimeoutException: timeout: Timed out receiving message from renderer: 13.041
  (Session info: chrome=92.0.4515.107)
Build info: version: '3.6.0', revision: '6fbf3ec767', time: '2017-09-27T15:28:36.4Z'
System info: host: 'ANVER-PC', ip: '192.168.110.124', os.name: 'Windows 7', os.arch: 'amd64', os.version: '6.1', java.version: '1.8.0_281'
Driver info: org.openqa.selenium.chrome.ChromeDriver
Capabilities [{networkConnectionEnabled=false, chrome={chromedriverVersion=91.0.4472.101 (af52a90bf87030dd1523486a1cd3ae25c5d76c9b-refs/branch-heads/4472@{#1462}), userDataDir=C:\Users\ANVER\AppData\Local\Temp\scoped_dir10224_114224621}, timeouts={implicit=0, pageLoad=300000, script=30000}, pageLoadStrategy=normal, unhandledPromptBehavior=dismiss and notify, strictFileInteractability=false, platform=WINDOWS, proxy=Proxy(), goog:chromeOptions={debuggerAddress=localhost:55349}, acceptInsecureCerts=false, browserVersion=92.0.4515.107, browserName=chrome, javascriptEnabled=true, platformName=WINDOWS, setWindowRect=true, webauthn:extension:largeBlob=true, webauthn:virtualAuthenticators=true}]
Session ID: 71353de5ada9bef651b1d44187afb059
at sun.reflect.NativeConstructorAccessorImpl.newInstance0(Native Method)
at sun.reflect.NativeConstructorAccessorImpl.newInstance(Unknown Source)
at sun.reflect.DelegatingConstructorAccessorImpl.newInstance(Unknown Source)
at java.lang.reflect.Constructor.newInstance(Unknown Source)
at org.openqa.selenium.remote.http.W3CHttpResponseCodec.createException(W3CHttpResponseCodec.java:185)
at org.openqa.selenium.remote.http.W3CHttpResponseCodec.decode(W3CHttpResponseCodec.java:120)
at org.openqa.selenium.remote.http.W3CHttpResponseCodec.decode(W3CHttpResponseCodec.java:49)
at org.openqa.selenium.remote.HttpCommandExecutor.execute(HttpCommandExecutor.java:164)
at org.openqa.selenium.remote.service.DriverCommandExecutor.execute(DriverCommandExecutor.java:83)
at org.openqa.selenium.remote.RemoteWebDriver.execute(RemoteWebDriver.java:586)
at org.openqa.selenium.remote.RemoteWebDriver.get(RemoteWebDriver.java:310)
at utils.DriverFactory.loginToGroceryApp(DriverFactory.java:51)
at validationsOfMobileSliderPage.MobilesliderBaseTest.NavigateToMobilesliderPage(MobilesliderBaseTest.java:35)
at sun.reflect.NativeMethodAccessorImpl.invoke0(Native Method)
at sun.reflect.NativeMethodAccessorImpl.invoke(Unknown Source)
at sun.reflect.DelegatingMethodAccessorImpl.invoke(Unknown Source)
at java.lang.reflect.Method.invoke(Unknown Source)
at org.testng.internal.MethodInvocationHelper.invokeMethod(MethodInvocationHelper.java:124)
at org.testng.internal.MethodInvocationHelper.invokeMethodConsideringTimeout(MethodInvocationHelper.java:59)
at org.testng.internal.Invoker.invokeConfigurationMethod(Invoker.java:458)
at org.testng.internal.Invoker.invokeConfigurations(Invoker.java:222)
at org.testng.internal.Invoker.invokeMethod(Invoker.java:523)
at org.testng.internal.Invoker.invokeTestMethod(Invoker.java:719)
at org.testng.internal.Invoker.invokeTestMethods(Invoker.java:989)
at org.testng.internal.TestMethodWorker.invokeTestMethods(TestMethodWorker.java:125)
at org.testng.internal.TestMethodWorker.run(TestMethodWorker.java:109)
at java.util.concurrent.ThreadPoolExecutor.runWorker(Unknown Source)
at java.util.concurrent.ThreadPoolExecutor$Worker.run(Unknown Source)
at java.lang.Thread.run(Unknown Source)
]]>
            </full-stacktrace>
          </exception> <!-- org.openqa.selenium.TimeoutException -->
          <reporter-output>
          </reporter-output>
        </test-method> <!-- NavigateToMobilesliderPage -->
        <test-method status="SKIP" signature="verifyImageUpload()[pri:0, instance:validationsOfMobileSliderPage.ImageUpload@73ad2d6]" name="verifyImageUpload" duration-ms="0" started-at="2021-08-03T19:13:40Z" finished-at="2021-08-03T19:13:40Z">
          <exception class="org.openqa.selenium.TimeoutException">
            <message>
              <![CDATA[timeout: Timed out receiving message from renderer: 13.041
  (Session info: chrome=92.0.4515.107)
Build info: version: '3.6.0', revision: '6fbf3ec767', time: '2017-09-27T15:28:36.4Z'
System info: host: 'ANVER-PC', ip: '192.168.110.124', os.name: 'Windows 7', os.arch: 'amd64', os.version: '6.1', java.version: '1.8.0_281'
Driver info: org.openqa.selenium.chrome.ChromeDriver
Capabilities [{networkConnectionEnabled=false, chrome={chromedriverVersion=91.0.4472.101 (af52a90bf87030dd1523486a1cd3ae25c5d76c9b-refs/branch-heads/4472@{#1462}), userDataDir=C:\Users\ANVER\AppData\Local\Temp\scoped_dir10224_114224621}, timeouts={implicit=0, pageLoad=300000, script=30000}, pageLoadStrategy=normal, unhandledPromptBehavior=dismiss and notify, strictFileInteractability=false, platform=WINDOWS, proxy=Proxy(), goog:chromeOptions={debuggerAddress=localhost:55349}, acceptInsecureCerts=false, browserVersion=92.0.4515.107, browserName=chrome, javascriptEnabled=true, platformName=WINDOWS, setWindowRect=true, webauthn:extension:largeBlob=true, webauthn:virtualAuthenticators=true}]
Session ID: 71353de5ada9bef651b1d44187afb059]]>
            </message>
            <full-stacktrace>
              <![CDATA[org.openqa.selenium.TimeoutException: timeout: Timed out receiving message from renderer: 13.041
  (Session info: chrome=92.0.4515.107)
Build info: version: '3.6.0', revision: '6fbf3ec767', time: '2017-09-27T15:28:36.4Z'
System info: host: 'ANVER-PC', ip: '192.168.110.124', os.name: 'Windows 7', os.arch: 'amd64', os.version: '6.1', java.version: '1.8.0_281'
Driver info: org.openqa.selenium.chrome.ChromeDriver
Capabilities [{networkConnectionEnabled=false, chrome={chromedriverVersion=91.0.4472.101 (af52a90bf87030dd1523486a1cd3ae25c5d76c9b-refs/branch-heads/4472@{#1462}), userDataDir=C:\Users\ANVER\AppData\Local\Temp\scoped_dir10224_114224621}, timeouts={implicit=0, pageLoad=300000, script=30000}, pageLoadStrategy=normal, unhandledPromptBehavior=dismiss and notify, strictFileInteractability=false, platform=WINDOWS, proxy=Proxy(), goog:chromeOptions={debuggerAddress=localhost:55349}, acceptInsecureCerts=false, browserVersion=92.0.4515.107, browserName=chrome, javascriptEnabled=true, platformName=WINDOWS, setWindowRect=true, webauthn:extension:largeBlob=true, webauthn:virtualAuthenticators=true}]
Session ID: 71353de5ada9bef651b1d44187afb059
at sun.reflect.NativeConstructorAccessorImpl.newInstance0(Native Method)
at sun.reflect.NativeConstructorAccessorImpl.newInstance(Unknown Source)
at sun.reflect.DelegatingConstructorAccessorImpl.newInstance(Unknown Source)
at java.lang.reflect.Constructor.newInstance(Unknown Source)
at org.openqa.selenium.remote.http.W3CHttpResponseCodec.createException(W3CHttpResponseCodec.java:185)
at org.openqa.selenium.remote.http.W3CHttpResponseCodec.decode(W3CHttpResponseCodec.java:120)
at org.openqa.selenium.remote.http.W3CHttpResponseCodec.decode(W3CHttpResponseCodec.java:49)
at org.openqa.selenium.remote.HttpCommandExecutor.execute(HttpCommandExecutor.java:164)
at org.openqa.selenium.remote.service.DriverCommandExecutor.execute(DriverCommandExecutor.java:83)
at org.openqa.selenium.remote.RemoteWebDriver.execute(RemoteWebDriver.java:586)
at org.openqa.selenium.remote.RemoteWebDriver.get(RemoteWebDriver.java:310)
at utils.DriverFactory.loginToGroceryApp(DriverFactory.java:51)
at validationsOfMobileSliderPage.MobilesliderBaseTest.NavigateToMobilesliderPage(MobilesliderBaseTest.java:35)
at sun.reflect.NativeMethodAccessorImpl.invoke0(Native Method)
at sun.reflect.NativeMethodAccessorImpl.invoke(Unknown Source)
at sun.reflect.DelegatingMethodAccessorImpl.invoke(Unknown Source)
at java.lang.reflect.Method.invoke(Unknown Source)
at org.testng.internal.MethodInvocationHelper.invokeMethod(MethodInvocationHelper.java:124)
at org.testng.internal.MethodInvocationHelper.invokeMethodConsideringTimeout(MethodInvocationHelper.java:59)
at org.testng.internal.Invoker.invokeConfigurationMethod(Invoker.java:458)
at org.testng.internal.Invoker.invokeConfigurations(Invoker.java:222)
at org.testng.internal.Invoker.invokeMethod(Invoker.java:523)
at org.testng.internal.Invoker.invokeTestMethod(Invoker.java:719)
at org.testng.internal.Invoker.invokeTestMethods(Invoker.java:989)
at org.testng.internal.TestMethodWorker.invokeTestMethods(TestMethodWorker.java:125)
at org.testng.internal.TestMethodWorker.run(TestMethodWorker.java:109)
at java.util.concurrent.ThreadPoolExecutor.runWorker(Unknown Source)
at java.util.concurrent.ThreadPoolExecutor$Worker.run(Unknown Source)
at java.lang.Thread.run(Unknown Source)
]]>
            </full-stacktrace>
          </exception> <!-- org.openqa.selenium.TimeoutException -->
          <reporter-output>
          </reporter-output>
        </test-method> <!-- verifyImageUpload -->
        <test-method status="SKIP" signature="screenShot(org.testng.ITestResult)[pri:0, instance:validationsOfMobileSliderPage.ImageUpload@73ad2d6]" name="screenShot" is-config="true" duration-ms="0" started-at="2021-08-03T19:13:40Z" finished-at="2021-08-03T19:13:40Z">
          <reporter-output>
          </reporter-output>
        </test-method> <!-- screenShot -->
        <test-method status="SKIP" signature="quitdriver()[pri:0, instance:validationsOfMobileSliderPage.ImageUpload@73ad2d6]" name="quitdriver" is-config="true" duration-ms="0" started-at="2021-08-03T19:13:40Z" finished-at="2021-08-03T19:13:40Z">
          <reporter-output>
          </reporter-output>
        </test-method> <!-- quitdriver -->
      </class> <!-- validationsOfMobileSliderPage.ImageUpload -->
      <class name="validationsOfManageOrderPage.verifyResetButton">
        <test-method status="FAIL" signature="initializeDriver()[pri:0, instance:validationsOfManageOrderPage.verifyResetButton@1ce92674]" name="initializeDriver" is-config="true" duration-ms="18804" started-at="2021-08-03T19:13:30Z" finished-at="2021-08-03T19:13:49Z">
          <exception class="org.openqa.selenium.WebDriverException">
            <message>
              <![CDATA[unknown error: Chrome failed to start: was killed.
  (unknown error: DevToolsActivePort file doesn't exist)
  (The process started from chrome location C:\Program Files\Google\Chrome\Application\chrome.exe is no longer running, so ChromeDriver is assuming that Chrome has crashed.)
Build info: version: '3.6.0', revision: '6fbf3ec767', time: '2017-09-27T15:28:36.4Z'
System info: host: 'ANVER-PC', ip: '192.168.110.124', os.name: 'Windows 7', os.arch: 'amd64', os.version: '6.1', java.version: '1.8.0_281'
Driver info: driver.version: ChromeDriver
remote stacktrace: Backtrace:
Ordinal0 [0x00E53733+2504499]
Ordinal0 [0x00DEC401+2081793]
Ordinal0 [0x00CF2628+1058344]
Ordinal0 [0x00D0C99F+1165727]
Ordinal0 [0x00D09DC3+1154499]
Ordinal0 [0x00D39B82+1350530]
Ordinal0 [0x00D397DA+1349594]
Ordinal0 [0x00D35D4B+1334603]
Ordinal0 [0x00D122B4+1188532]
Ordinal0 [0x00D13149+1192265]
GetHandleVerifier [0x00FCFB8C+1512252]
GetHandleVerifier [0x0107B0DF+2214031]
GetHandleVerifier [0x00ED4BC3+484211]
GetHandleVerifier [0x00ED3E69+480793]
Ordinal0 [0x00DF218D+2105741]
Ordinal0 [0x00DF66E8+2123496]
Ordinal0 [0x00DF6827+2123815]
Ordinal0 [0x00DFFB73+2161523]
BaseThreadInitThunk [0x756D33CA+18]
RtlInitializeExceptionChain [0x77989ED2+99]
RtlInitializeExceptionChain [0x77989EA5+54]
]]>
            </message>
            <full-stacktrace>
              <![CDATA[org.openqa.selenium.WebDriverException: unknown error: Chrome failed to start: was killed.
  (unknown error: DevToolsActivePort file doesn't exist)
  (The process started from chrome location C:\Program Files\Google\Chrome\Application\chrome.exe is no longer running, so ChromeDriver is assuming that Chrome has crashed.)
Build info: version: '3.6.0', revision: '6fbf3ec767', time: '2017-09-27T15:28:36.4Z'
System info: host: 'ANVER-PC', ip: '192.168.110.124', os.name: 'Windows 7', os.arch: 'amd64', os.version: '6.1', java.version: '1.8.0_281'
Driver info: driver.version: ChromeDriver
remote stacktrace: Backtrace:
Ordinal0 [0x00E53733+2504499]
Ordinal0 [0x00DEC401+2081793]
Ordinal0 [0x00CF2628+1058344]
Ordinal0 [0x00D0C99F+1165727]
Ordinal0 [0x00D09DC3+1154499]
Ordinal0 [0x00D39B82+1350530]
Ordinal0 [0x00D397DA+1349594]
Ordinal0 [0x00D35D4B+1334603]
Ordinal0 [0x00D122B4+1188532]
Ordinal0 [0x00D13149+1192265]
GetHandleVerifier [0x00FCFB8C+1512252]
GetHandleVerifier [0x0107B0DF+2214031]
GetHandleVerifier [0x00ED4BC3+484211]
GetHandleVerifier [0x00ED3E69+480793]
Ordinal0 [0x00DF218D+2105741]
Ordinal0 [0x00DF66E8+2123496]
Ordinal0 [0x00DF6827+2123815]
Ordinal0 [0x00DFFB73+2161523]
BaseThreadInitThunk [0x756D33CA+18]
RtlInitializeExceptionChain [0x77989ED2+99]
RtlInitializeExceptionChain [0x77989EA5+54]

at sun.reflect.NativeConstructorAccessorImpl.newInstance0(Native Method)
at sun.reflect.NativeConstructorAccessorImpl.newInstance(Unknown Source)
at sun.reflect.DelegatingConstructorAccessorImpl.newInstance(Unknown Source)
at java.lang.reflect.Constructor.newInstance(Unknown Source)
at org.openqa.selenium.remote.W3CHandshakeResponse.lambda$new$0(W3CHandshakeResponse.java:57)
at org.openqa.selenium.remote.W3CHandshakeResponse.lambda$getResponseFunction$2(W3CHandshakeResponse.java:104)
at org.openqa.selenium.remote.ProtocolHandshake.lambda$createSession$24(ProtocolHandshake.java:359)
at java.util.stream.ReferencePipeline$3$1.accept(Unknown Source)
at java.util.Spliterators$ArraySpliterator.tryAdvance(Unknown Source)
at java.util.stream.ReferencePipeline.forEachWithCancel(Unknown Source)
at java.util.stream.AbstractPipeline.copyIntoWithCancel(Unknown Source)
at java.util.stream.AbstractPipeline.copyInto(Unknown Source)
at java.util.stream.AbstractPipeline.wrapAndCopyInto(Unknown Source)
at java.util.stream.FindOps$FindOp.evaluateSequential(Unknown Source)
at java.util.stream.AbstractPipeline.evaluate(Unknown Source)
at java.util.stream.ReferencePipeline.findFirst(Unknown Source)
at org.openqa.selenium.remote.ProtocolHandshake.createSession(ProtocolHandshake.java:362)
at org.openqa.selenium.remote.ProtocolHandshake.createSession(ProtocolHandshake.java:136)
at org.openqa.selenium.remote.HttpCommandExecutor.execute(HttpCommandExecutor.java:142)
at org.openqa.selenium.remote.service.DriverCommandExecutor.execute(DriverCommandExecutor.java:83)
at org.openqa.selenium.remote.RemoteWebDriver.execute(RemoteWebDriver.java:586)
at org.openqa.selenium.remote.RemoteWebDriver.startSession(RemoteWebDriver.java:217)
at org.openqa.selenium.remote.RemoteWebDriver.<init>(RemoteWebDriver.java:140)
at org.openqa.selenium.chrome.ChromeDriver.<init>(ChromeDriver.java:181)
at org.openqa.selenium.chrome.ChromeDriver.<init>(ChromeDriver.java:168)
at org.openqa.selenium.chrome.ChromeDriver.<init>(ChromeDriver.java:123)
at utils.DriverFactory.getChromeDriver(DriverFactory.java:30)
at utils.DriverFactory.driverInitialization(DriverFactory.java:19)
at validationsOfManageOrderPage.ManageOrdersBaseTest.initializeDriver(ManageOrdersBaseTest.java:26)
at sun.reflect.NativeMethodAccessorImpl.invoke0(Native Method)
at sun.reflect.NativeMethodAccessorImpl.invoke(Unknown Source)
at sun.reflect.DelegatingMethodAccessorImpl.invoke(Unknown Source)
at java.lang.reflect.Method.invoke(Unknown Source)
at org.testng.internal.MethodInvocationHelper.invokeMethod(MethodInvocationHelper.java:124)
at org.testng.internal.MethodInvocationHelper.invokeMethodConsideringTimeout(MethodInvocationHelper.java:59)
at org.testng.internal.Invoker.invokeConfigurationMethod(Invoker.java:458)
at org.testng.internal.Invoker.invokeConfigurations(Invoker.java:222)
at org.testng.internal.Invoker.invokeConfigurations(Invoker.java:142)
at org.testng.internal.TestMethodWorker.invokeBeforeClassMethods(TestMethodWorker.java:168)
at org.testng.internal.TestMethodWorker.run(TestMethodWorker.java:105)
at java.util.concurrent.ThreadPoolExecutor.runWorker(Unknown Source)
at java.util.concurrent.ThreadPoolExecutor$Worker.run(Unknown Source)
at java.lang.Thread.run(Unknown Source)
]]>
            </full-stacktrace>
          </exception> <!-- org.openqa.selenium.WebDriverException -->
          <reporter-output>
          </reporter-output>
        </test-method> <!-- initializeDriver -->
        <test-method status="SKIP" signature="NavigateToAdminUserPage()[pri:0, instance:validationsOfManageOrderPage.verifyResetButton@1ce92674]" name="NavigateToAdminUserPage" is-config="true" duration-ms="0" started-at="2021-08-03T19:13:49Z" finished-at="2021-08-03T19:13:49Z">
          <reporter-output>
          </reporter-output>
        </test-method> <!-- NavigateToAdminUserPage -->
        <test-method status="SKIP" signature="validateResetButton()[pri:0, instance:validationsOfManageOrderPage.verifyResetButton@1ce92674]" name="validateResetButton" duration-ms="0" started-at="2021-08-03T19:13:49Z" finished-at="2021-08-03T19:13:49Z">
          <exception class="org.openqa.selenium.WebDriverException">
            <message>
              <![CDATA[unknown error: Chrome failed to start: was killed.
  (unknown error: DevToolsActivePort file doesn't exist)
  (The process started from chrome location C:\Program Files\Google\Chrome\Application\chrome.exe is no longer running, so ChromeDriver is assuming that Chrome has crashed.)
Build info: version: '3.6.0', revision: '6fbf3ec767', time: '2017-09-27T15:28:36.4Z'
System info: host: 'ANVER-PC', ip: '192.168.110.124', os.name: 'Windows 7', os.arch: 'amd64', os.version: '6.1', java.version: '1.8.0_281'
Driver info: driver.version: ChromeDriver
remote stacktrace: Backtrace:
Ordinal0 [0x00E53733+2504499]
Ordinal0 [0x00DEC401+2081793]
Ordinal0 [0x00CF2628+1058344]
Ordinal0 [0x00D0C99F+1165727]
Ordinal0 [0x00D09DC3+1154499]
Ordinal0 [0x00D39B82+1350530]
Ordinal0 [0x00D397DA+1349594]
Ordinal0 [0x00D35D4B+1334603]
Ordinal0 [0x00D122B4+1188532]
Ordinal0 [0x00D13149+1192265]
GetHandleVerifier [0x00FCFB8C+1512252]
GetHandleVerifier [0x0107B0DF+2214031]
GetHandleVerifier [0x00ED4BC3+484211]
GetHandleVerifier [0x00ED3E69+480793]
Ordinal0 [0x00DF218D+2105741]
Ordinal0 [0x00DF66E8+2123496]
Ordinal0 [0x00DF6827+2123815]
Ordinal0 [0x00DFFB73+2161523]
BaseThreadInitThunk [0x756D33CA+18]
RtlInitializeExceptionChain [0x77989ED2+99]
RtlInitializeExceptionChain [0x77989EA5+54]
]]>
            </message>
            <full-stacktrace>
              <![CDATA[org.openqa.selenium.WebDriverException: unknown error: Chrome failed to start: was killed.
  (unknown error: DevToolsActivePort file doesn't exist)
  (The process started from chrome location C:\Program Files\Google\Chrome\Application\chrome.exe is no longer running, so ChromeDriver is assuming that Chrome has crashed.)
Build info: version: '3.6.0', revision: '6fbf3ec767', time: '2017-09-27T15:28:36.4Z'
System info: host: 'ANVER-PC', ip: '192.168.110.124', os.name: 'Windows 7', os.arch: 'amd64', os.version: '6.1', java.version: '1.8.0_281'
Driver info: driver.version: ChromeDriver
remote stacktrace: Backtrace:
Ordinal0 [0x00E53733+2504499]
Ordinal0 [0x00DEC401+2081793]
Ordinal0 [0x00CF2628+1058344]
Ordinal0 [0x00D0C99F+1165727]
Ordinal0 [0x00D09DC3+1154499]
Ordinal0 [0x00D39B82+1350530]
Ordinal0 [0x00D397DA+1349594]
Ordinal0 [0x00D35D4B+1334603]
Ordinal0 [0x00D122B4+1188532]
Ordinal0 [0x00D13149+1192265]
GetHandleVerifier [0x00FCFB8C+1512252]
GetHandleVerifier [0x0107B0DF+2214031]
GetHandleVerifier [0x00ED4BC3+484211]
GetHandleVerifier [0x00ED3E69+480793]
Ordinal0 [0x00DF218D+2105741]
Ordinal0 [0x00DF66E8+2123496]
Ordinal0 [0x00DF6827+2123815]
Ordinal0 [0x00DFFB73+2161523]
BaseThreadInitThunk [0x756D33CA+18]
RtlInitializeExceptionChain [0x77989ED2+99]
RtlInitializeExceptionChain [0x77989EA5+54]

at sun.reflect.NativeConstructorAccessorImpl.newInstance0(Native Method)
at sun.reflect.NativeConstructorAccessorImpl.newInstance(Unknown Source)
at sun.reflect.DelegatingConstructorAccessorImpl.newInstance(Unknown Source)
at java.lang.reflect.Constructor.newInstance(Unknown Source)
at org.openqa.selenium.remote.W3CHandshakeResponse.lambda$new$0(W3CHandshakeResponse.java:57)
at org.openqa.selenium.remote.W3CHandshakeResponse.lambda$getResponseFunction$2(W3CHandshakeResponse.java:104)
at org.openqa.selenium.remote.ProtocolHandshake.lambda$createSession$24(ProtocolHandshake.java:359)
at java.util.stream.ReferencePipeline$3$1.accept(Unknown Source)
at java.util.Spliterators$ArraySpliterator.tryAdvance(Unknown Source)
at java.util.stream.ReferencePipeline.forEachWithCancel(Unknown Source)
at java.util.stream.AbstractPipeline.copyIntoWithCancel(Unknown Source)
at java.util.stream.AbstractPipeline.copyInto(Unknown Source)
at java.util.stream.AbstractPipeline.wrapAndCopyInto(Unknown Source)
at java.util.stream.FindOps$FindOp.evaluateSequential(Unknown Source)
at java.util.stream.AbstractPipeline.evaluate(Unknown Source)
at java.util.stream.ReferencePipeline.findFirst(Unknown Source)
at org.openqa.selenium.remote.ProtocolHandshake.createSession(ProtocolHandshake.java:362)
at org.openqa.selenium.remote.ProtocolHandshake.createSession(ProtocolHandshake.java:136)
at org.openqa.selenium.remote.HttpCommandExecutor.execute(HttpCommandExecutor.java:142)
at org.openqa.selenium.remote.service.DriverCommandExecutor.execute(DriverCommandExecutor.java:83)
at org.openqa.selenium.remote.RemoteWebDriver.execute(RemoteWebDriver.java:586)
at org.openqa.selenium.remote.RemoteWebDriver.startSession(RemoteWebDriver.java:217)
at org.openqa.selenium.remote.RemoteWebDriver.<init>(RemoteWebDriver.java:140)
at org.openqa.selenium.chrome.ChromeDriver.<init>(ChromeDriver.java:181)
at org.openqa.selenium.chrome.ChromeDriver.<init>(ChromeDriver.java:168)
at org.openqa.selenium.chrome.ChromeDriver.<init>(ChromeDriver.java:123)
at utils.DriverFactory.getChromeDriver(DriverFactory.java:30)
at utils.DriverFactory.driverInitialization(DriverFactory.java:19)
at validationsOfManageOrderPage.ManageOrdersBaseTest.initializeDriver(ManageOrdersBaseTest.java:26)
at sun.reflect.NativeMethodAccessorImpl.invoke0(Native Method)
at sun.reflect.NativeMethodAccessorImpl.invoke(Unknown Source)
at sun.reflect.DelegatingMethodAccessorImpl.invoke(Unknown Source)
at java.lang.reflect.Method.invoke(Unknown Source)
at org.testng.internal.MethodInvocationHelper.invokeMethod(MethodInvocationHelper.java:124)
at org.testng.internal.MethodInvocationHelper.invokeMethodConsideringTimeout(MethodInvocationHelper.java:59)
at org.testng.internal.Invoker.invokeConfigurationMethod(Invoker.java:458)
at org.testng.internal.Invoker.invokeConfigurations(Invoker.java:222)
at org.testng.internal.Invoker.invokeConfigurations(Invoker.java:142)
at org.testng.internal.TestMethodWorker.invokeBeforeClassMethods(TestMethodWorker.java:168)
at org.testng.internal.TestMethodWorker.run(TestMethodWorker.java:105)
at java.util.concurrent.ThreadPoolExecutor.runWorker(Unknown Source)
at java.util.concurrent.ThreadPoolExecutor$Worker.run(Unknown Source)
at java.lang.Thread.run(Unknown Source)
]]>
            </full-stacktrace>
          </exception> <!-- org.openqa.selenium.WebDriverException -->
          <reporter-output>
          </reporter-output>
        </test-method> <!-- validateResetButton -->
        <test-method status="SKIP" signature="screenShot(org.testng.ITestResult)[pri:0, instance:validationsOfManageOrderPage.verifyResetButton@1ce92674]" name="screenShot" is-config="true" duration-ms="0" started-at="2021-08-03T19:13:49Z" finished-at="2021-08-03T19:13:49Z">
          <reporter-output>
          </reporter-output>
        </test-method> <!-- screenShot -->
        <test-method status="SKIP" signature="quitdriver()[pri:0, instance:validationsOfManageOrderPage.verifyResetButton@1ce92674]" name="quitdriver" is-config="true" duration-ms="0" started-at="2021-08-03T19:13:49Z" finished-at="2021-08-03T19:13:49Z">
          <reporter-output>
          </reporter-output>
        </test-method> <!-- quitdriver -->
      </class> <!-- validationsOfManageOrderPage.verifyResetButton -->
      <class name="validationsOfAdminUsersPage.UserCanCreateDifferentUsers">
        <test-method status="PASS" signature="initializeDriver()[pri:0, instance:validationsOfAdminUsersPage.UserCanCreateDifferentUsers@4cf777e8]" name="initializeDriver" is-config="true" duration-ms="55363" started-at="2021-08-03T19:10:29Z" finished-at="2021-08-03T19:11:24Z">
          <reporter-output>
          </reporter-output>
        </test-method> <!-- initializeDriver -->
        <test-method status="PASS" signature="NavigateToAdminUserPage()[pri:0, instance:validationsOfAdminUsersPage.UserCanCreateDifferentUsers@4cf777e8]" name="NavigateToAdminUserPage" is-config="true" duration-ms="11595" started-at="2021-08-03T19:11:25Z" finished-at="2021-08-03T19:11:36Z">
          <reporter-output>
          </reporter-output>
        </test-method> <!-- NavigateToAdminUserPage -->
        <test-method status="PASS" signature="verifynewUsers(java.lang.String, java.lang.String, java.lang.String)[pri:0, instance:validationsOfAdminUsersPage.UserCanCreateDifferentUsers@4cf777e8]" name="verifynewUsers" duration-ms="10026" started-at="2021-08-03T19:11:36Z" data-provider="dataprovider1" finished-at="2021-08-03T19:11:46Z">
          <params>
            <param index="0">
              <value>
                <![CDATA[fathima_3583432]]>
              </value>
            </param>
            <param index="1">
              <value>
                <![CDATA[123456]]>
              </value>
            </param>
            <param index="2">
              <value>
                <![CDATA[Admin]]>
              </value>
            </param>
          </params>
          <reporter-output>
          </reporter-output>
        </test-method> <!-- verifynewUsers -->
        <test-method status="PASS" signature="screenShot(org.testng.ITestResult)[pri:0, instance:validationsOfAdminUsersPage.UserCanCreateDifferentUsers@4cf777e8]" name="screenShot" is-config="true" duration-ms="1" started-at="2021-08-03T19:11:46Z" finished-at="2021-08-03T19:11:46Z">
          <params>
            <param index="0">
              <value>
                <![CDATA[[TestResult name=verifynewUsers status=SUCCESS method=UserCanCreateDifferentUsers.verifynewUsers(java.lang.String, java.lang.String, java.lang.String)[pri:0, instance:validationsOfAdminUsersPage.UserCanCreateDifferentUsers@4cf777e8] output={null}]]]>
              </value>
            </param>
          </params>
          <reporter-output>
          </reporter-output>
        </test-method> <!-- screenShot -->
        <test-method status="PASS" signature="NavigateToAdminUserPage()[pri:0, instance:validationsOfAdminUsersPage.UserCanCreateDifferentUsers@4cf777e8]" name="NavigateToAdminUserPage" is-config="true" duration-ms="3586" started-at="2021-08-03T19:11:46Z" finished-at="2021-08-03T19:11:50Z">
          <reporter-output>
          </reporter-output>
        </test-method> <!-- NavigateToAdminUserPage -->
        <test-method status="PASS" signature="verifynewUsers(java.lang.String, java.lang.String, java.lang.String)[pri:0, instance:validationsOfAdminUsersPage.UserCanCreateDifferentUsers@4cf777e8]" name="verifynewUsers" duration-ms="4727" started-at="2021-08-03T19:11:50Z" data-provider="dataprovider1" finished-at="2021-08-03T19:11:55Z">
          <params>
            <param index="0">
              <value>
                <![CDATA[fathima_4720109]]>
              </value>
            </param>
            <param index="1">
              <value>
                <![CDATA[654321]]>
              </value>
            </param>
            <param index="2">
              <value>
                <![CDATA[Partner]]>
              </value>
            </param>
          </params>
          <reporter-output>
          </reporter-output>
        </test-method> <!-- verifynewUsers -->
        <test-method status="PASS" signature="screenShot(org.testng.ITestResult)[pri:0, instance:validationsOfAdminUsersPage.UserCanCreateDifferentUsers@4cf777e8]" name="screenShot" is-config="true" duration-ms="0" started-at="2021-08-03T19:11:55Z" finished-at="2021-08-03T19:11:55Z">
          <params>
            <param index="0">
              <value>
                <![CDATA[[TestResult name=verifynewUsers status=SUCCESS method=UserCanCreateDifferentUsers.verifynewUsers(java.lang.String, java.lang.String, java.lang.String)[pri:0, instance:validationsOfAdminUsersPage.UserCanCreateDifferentUsers@4cf777e8] output={null}]]]>
              </value>
            </param>
          </params>
          <reporter-output>
          </reporter-output>
        </test-method> <!-- screenShot -->
        <test-method status="PASS" signature="NavigateToAdminUserPage()[pri:0, instance:validationsOfAdminUsersPage.UserCanCreateDifferentUsers@4cf777e8]" name="NavigateToAdminUserPage" is-config="true" duration-ms="2922" started-at="2021-08-03T19:11:55Z" finished-at="2021-08-03T19:11:57Z">
          <reporter-output>
          </reporter-output>
        </test-method> <!-- NavigateToAdminUserPage -->
        <test-method status="PASS" signature="verifynewUsers(java.lang.String, java.lang.String, java.lang.String)[pri:0, instance:validationsOfAdminUsersPage.UserCanCreateDifferentUsers@4cf777e8]" name="verifynewUsers" duration-ms="7771" started-at="2021-08-03T19:11:57Z" data-provider="dataprovider1" finished-at="2021-08-03T19:12:05Z">
          <params>
            <param index="0">
              <value>
                <![CDATA[fathima_6361082]]>
              </value>
            </param>
            <param index="1">
              <value>
                <![CDATA[678905]]>
              </value>
            </param>
            <param index="2">
              <value>
                <![CDATA[Staff]]>
              </value>
            </param>
          </params>
          <reporter-output>
          </reporter-output>
        </test-method> <!-- verifynewUsers -->
        <test-method status="PASS" signature="screenShot(org.testng.ITestResult)[pri:0, instance:validationsOfAdminUsersPage.UserCanCreateDifferentUsers@4cf777e8]" name="screenShot" is-config="true" duration-ms="0" started-at="2021-08-03T19:12:05Z" finished-at="2021-08-03T19:12:05Z">
          <params>
            <param index="0">
              <value>
                <![CDATA[[TestResult name=verifynewUsers status=SUCCESS method=UserCanCreateDifferentUsers.verifynewUsers(java.lang.String, java.lang.String, java.lang.String)[pri:0, instance:validationsOfAdminUsersPage.UserCanCreateDifferentUsers@4cf777e8] output={null}]]]>
              </value>
            </param>
          </params>
          <reporter-output>
          </reporter-output>
        </test-method> <!-- screenShot -->
        <test-method status="PASS" signature="NavigateToAdminUserPage()[pri:0, instance:validationsOfAdminUsersPage.UserCanCreateDifferentUsers@4cf777e8]" name="NavigateToAdminUserPage" is-config="true" duration-ms="2723" started-at="2021-08-03T19:12:05Z" finished-at="2021-08-03T19:12:08Z">
          <reporter-output>
          </reporter-output>
        </test-method> <!-- NavigateToAdminUserPage -->
        <test-method status="PASS" signature="verifynewUsers(java.lang.String, java.lang.String, java.lang.String)[pri:0, instance:validationsOfAdminUsersPage.UserCanCreateDifferentUsers@4cf777e8]" name="verifynewUsers" duration-ms="2733" started-at="2021-08-03T19:12:08Z" data-provider="dataprovider1" finished-at="2021-08-03T19:12:11Z">
          <params>
            <param index="0">
              <value>
                <![CDATA[fathima_1710254]]>
              </value>
            </param>
            <param index="1">
              <value>
                <![CDATA[987654]]>
              </value>
            </param>
            <param index="2">
              <value>
                <![CDATA[Admin]]>
              </value>
            </param>
          </params>
          <reporter-output>
          </reporter-output>
        </test-method> <!-- verifynewUsers -->
        <test-method status="PASS" signature="screenShot(org.testng.ITestResult)[pri:0, instance:validationsOfAdminUsersPage.UserCanCreateDifferentUsers@4cf777e8]" name="screenShot" is-config="true" duration-ms="0" started-at="2021-08-03T19:12:11Z" finished-at="2021-08-03T19:12:11Z">
          <params>
            <param index="0">
              <value>
                <![CDATA[[TestResult name=verifynewUsers status=SUCCESS method=UserCanCreateDifferentUsers.verifynewUsers(java.lang.String, java.lang.String, java.lang.String)[pri:0, instance:validationsOfAdminUsersPage.UserCanCreateDifferentUsers@4cf777e8] output={null}]]]>
              </value>
            </param>
          </params>
          <reporter-output>
          </reporter-output>
        </test-method> <!-- screenShot -->
        <test-method status="PASS" signature="NavigateToAdminUserPage()[pri:0, instance:validationsOfAdminUsersPage.UserCanCreateDifferentUsers@4cf777e8]" name="NavigateToAdminUserPage" is-config="true" duration-ms="3197" started-at="2021-08-03T19:12:11Z" finished-at="2021-08-03T19:12:14Z">
          <reporter-output>
          </reporter-output>
        </test-method> <!-- NavigateToAdminUserPage -->
        <test-method status="PASS" signature="verifynewUsers(java.lang.String, java.lang.String, java.lang.String)[pri:0, instance:validationsOfAdminUsersPage.UserCanCreateDifferentUsers@4cf777e8]" name="verifynewUsers" duration-ms="2903" started-at="2021-08-03T19:12:14Z" data-provider="dataprovider1" finished-at="2021-08-03T19:12:17Z">
          <params>
            <param index="0">
              <value>
                <![CDATA[fathima_5317380]]>
              </value>
            </param>
            <param index="1">
              <value>
                <![CDATA[456789]]>
              </value>
            </param>
            <param index="2">
              <value>
                <![CDATA[Delivery Boy]]>
              </value>
            </param>
          </params>
          <reporter-output>
          </reporter-output>
        </test-method> <!-- verifynewUsers -->
        <test-method status="PASS" signature="quitdriver()[pri:0, instance:validationsOfAdminUsersPage.UserCanCreateDifferentUsers@4cf777e8]" name="quitdriver" is-config="true" duration-ms="1" started-at="2021-08-03T19:12:17Z" finished-at="2021-08-03T19:12:17Z">
          <reporter-output>
          </reporter-output>
        </test-method> <!-- quitdriver -->
        <test-method status="PASS" signature="screenShot(org.testng.ITestResult)[pri:0, instance:validationsOfAdminUsersPage.UserCanCreateDifferentUsers@4cf777e8]" name="screenShot" is-config="true" duration-ms="0" started-at="2021-08-03T19:12:17Z" finished-at="2021-08-03T19:12:17Z">
          <params>
            <param index="0">
              <value>
                <![CDATA[[TestResult name=verifynewUsers status=SUCCESS method=UserCanCreateDifferentUsers.verifynewUsers(java.lang.String, java.lang.String, java.lang.String)[pri:0, instance:validationsOfAdminUsersPage.UserCanCreateDifferentUsers@4cf777e8] output={null}]]]>
              </value>
            </param>
          </params>
          <reporter-output>
          </reporter-output>
        </test-method> <!-- screenShot -->
      </class> <!-- validationsOfAdminUsersPage.UserCanCreateDifferentUsers -->
      <class name="validationsOfManageUsersPage.DeleteAUser">
        <test-method status="PASS" signature="initializeDriver()[pri:0, instance:validationsOfManageUsersPage.DeleteAUser@589838eb]" name="initializeDriver" is-config="true" duration-ms="18321" started-at="2021-08-03T19:09:45Z" finished-at="2021-08-03T19:10:03Z">
          <reporter-output>
          </reporter-output>
        </test-method> <!-- initializeDriver -->
        <test-method status="PASS" signature="navigateToManageOrderPage()[pri:0, instance:validationsOfManageUsersPage.DeleteAUser@589838eb]" name="navigateToManageOrderPage" is-config="true" duration-ms="4965" started-at="2021-08-03T19:10:03Z" finished-at="2021-08-03T19:10:08Z">
          <reporter-output>
          </reporter-output>
        </test-method> <!-- navigateToManageOrderPage -->
        <test-method status="FAIL" signature="verifyLockUserChindhuAbraham()[pri:0, instance:validationsOfManageUsersPage.DeleteAUser@589838eb]" name="verifyLockUserChindhuAbraham" duration-ms="15206" started-at="2021-08-03T19:10:08Z" finished-at="2021-08-03T19:10:23Z">
          <exception class="org.openqa.selenium.NoSuchElementException">
            <message>
              <![CDATA[no such element: Unable to locate element: {"method":"xpath","selector":"//td[text()='Chindhu Abraham    ']/following-sibling::*[5]/a[1]"}
  (Session info: chrome=92.0.4515.107)
For documentation on this error, please visit: http://seleniumhq.org/exceptions/no_such_element.html
Build info: version: '3.6.0', revision: '6fbf3ec767', time: '2017-09-27T15:28:36.4Z'
System info: host: 'ANVER-PC', ip: '192.168.110.124', os.name: 'Windows 7', os.arch: 'amd64', os.version: '6.1', java.version: '1.8.0_281'
Driver info: org.openqa.selenium.chrome.ChromeDriver
Capabilities [{networkConnectionEnabled=false, chrome={chromedriverVersion=91.0.4472.101 (af52a90bf87030dd1523486a1cd3ae25c5d76c9b-refs/branch-heads/4472@{#1462}), userDataDir=C:\Users\ANVER\AppData\Local\Temp\scoped_dir7392_1644775356}, timeouts={implicit=0, pageLoad=300000, script=30000}, pageLoadStrategy=normal, unhandledPromptBehavior=dismiss and notify, strictFileInteractability=false, platform=WINDOWS, proxy=Proxy(), goog:chromeOptions={debuggerAddress=localhost:56742}, acceptInsecureCerts=false, browserVersion=92.0.4515.107, browserName=chrome, javascriptEnabled=true, platformName=WINDOWS, setWindowRect=true, webauthn:extension:largeBlob=true, webauthn:virtualAuthenticators=true}]
Session ID: 4fb2d50d62f138c53de1a147c0af754a
*** Element info: {Using=xpath, value=//td[text()='Chindhu Abraham    ']/following-sibling::*[5]/a[1]}]]>
            </message>
            <full-stacktrace>
              <![CDATA[org.openqa.selenium.NoSuchElementException: no such element: Unable to locate element: {"method":"xpath","selector":"//td[text()='Chindhu Abraham    ']/following-sibling::*[5]/a[1]"}
  (Session info: chrome=92.0.4515.107)
For documentation on this error, please visit: http://seleniumhq.org/exceptions/no_such_element.html
Build info: version: '3.6.0', revision: '6fbf3ec767', time: '2017-09-27T15:28:36.4Z'
System info: host: 'ANVER-PC', ip: '192.168.110.124', os.name: 'Windows 7', os.arch: 'amd64', os.version: '6.1', java.version: '1.8.0_281'
Driver info: org.openqa.selenium.chrome.ChromeDriver
Capabilities [{networkConnectionEnabled=false, chrome={chromedriverVersion=91.0.4472.101 (af52a90bf87030dd1523486a1cd3ae25c5d76c9b-refs/branch-heads/4472@{#1462}), userDataDir=C:\Users\ANVER\AppData\Local\Temp\scoped_dir7392_1644775356}, timeouts={implicit=0, pageLoad=300000, script=30000}, pageLoadStrategy=normal, unhandledPromptBehavior=dismiss and notify, strictFileInteractability=false, platform=WINDOWS, proxy=Proxy(), goog:chromeOptions={debuggerAddress=localhost:56742}, acceptInsecureCerts=false, browserVersion=92.0.4515.107, browserName=chrome, javascriptEnabled=true, platformName=WINDOWS, setWindowRect=true, webauthn:extension:largeBlob=true, webauthn:virtualAuthenticators=true}]
Session ID: 4fb2d50d62f138c53de1a147c0af754a
*** Element info: {Using=xpath, value=//td[text()='Chindhu Abraham    ']/following-sibling::*[5]/a[1]}
at sun.reflect.NativeConstructorAccessorImpl.newInstance0(Native Method)
at sun.reflect.NativeConstructorAccessorImpl.newInstance(Unknown Source)
at sun.reflect.DelegatingConstructorAccessorImpl.newInstance(Unknown Source)
at java.lang.reflect.Constructor.newInstance(Unknown Source)
at org.openqa.selenium.remote.http.W3CHttpResponseCodec.createException(W3CHttpResponseCodec.java:185)
at org.openqa.selenium.remote.http.W3CHttpResponseCodec.decode(W3CHttpResponseCodec.java:120)
at org.openqa.selenium.remote.http.W3CHttpResponseCodec.decode(W3CHttpResponseCodec.java:49)
at org.openqa.selenium.remote.HttpCommandExecutor.execute(HttpCommandExecutor.java:164)
at org.openqa.selenium.remote.service.DriverCommandExecutor.execute(DriverCommandExecutor.java:83)
at org.openqa.selenium.remote.RemoteWebDriver.execute(RemoteWebDriver.java:586)
at org.openqa.selenium.remote.RemoteWebDriver.findElement(RemoteWebDriver.java:356)
at org.openqa.selenium.remote.RemoteWebDriver.findElementByXPath(RemoteWebDriver.java:458)
at org.openqa.selenium.By$ByXPath.findElement(By.java:361)
at org.openqa.selenium.remote.RemoteWebDriver.findElement(RemoteWebDriver.java:348)
at org.openqa.selenium.support.pagefactory.DefaultElementLocator.findElement(DefaultElementLocator.java:69)
at org.openqa.selenium.support.pagefactory.internal.LocatingElementHandler.invoke(LocatingElementHandler.java:38)
at com.sun.proxy.$Proxy12.click(Unknown Source)
at pages7daySuperMarket.ManageUsersPage.clickonLockOfUserChIndhuAbraham(ManageUsersPage.java:42)
at validationsOfManageUsersPage.DeleteAUser.verifyLockUserChindhuAbraham(DeleteAUser.java:14)
at sun.reflect.NativeMethodAccessorImpl.invoke0(Native Method)
at sun.reflect.NativeMethodAccessorImpl.invoke(Unknown Source)
at sun.reflect.DelegatingMethodAccessorImpl.invoke(Unknown Source)
at java.lang.reflect.Method.invoke(Unknown Source)
at org.testng.internal.MethodInvocationHelper.invokeMethod(MethodInvocationHelper.java:124)
at org.testng.internal.Invoker.invokeMethod(Invoker.java:583)
at org.testng.internal.Invoker.invokeTestMethod(Invoker.java:719)
at org.testng.internal.Invoker.invokeTestMethods(Invoker.java:989)
at org.testng.internal.TestMethodWorker.invokeTestMethods(TestMethodWorker.java:125)
at org.testng.internal.TestMethodWorker.run(TestMethodWorker.java:109)
at java.util.concurrent.ThreadPoolExecutor.runWorker(Unknown Source)
at java.util.concurrent.ThreadPoolExecutor$Worker.run(Unknown Source)
at java.lang.Thread.run(Unknown Source)
]]>
            </full-stacktrace>
          </exception> <!-- org.openqa.selenium.NoSuchElementException -->
          <reporter-output>
          </reporter-output>
        </test-method> <!-- verifyLockUserChindhuAbraham -->
        <test-method status="PASS" signature="screenShot(org.testng.ITestResult)[pri:0, instance:validationsOfManageUsersPage.DeleteAUser@589838eb]" name="screenShot" is-config="true" duration-ms="3" started-at="2021-08-03T19:10:23Z" finished-at="2021-08-03T19:10:23Z">
          <params>
            <param index="0">
              <value>
                <![CDATA[[TestResult name=verifyLockUserChindhuAbraham status=FAILURE method=DeleteAUser.verifyLockUserChindhuAbraham()[pri:0, instance:validationsOfManageUsersPage.DeleteAUser@589838eb] output={null}]]]>
              </value>
            </param>
          </params>
          <reporter-output>
          </reporter-output>
        </test-method> <!-- screenShot -->
        <test-method status="PASS" signature="navigateToManageOrderPage()[pri:0, instance:validationsOfManageUsersPage.DeleteAUser@589838eb]" name="navigateToManageOrderPage" is-config="true" duration-ms="3689" started-at="2021-08-03T19:13:49Z" finished-at="2021-08-03T19:13:52Z">
          <reporter-output>
          </reporter-output>
        </test-method> <!-- navigateToManageOrderPage -->
        <test-method status="FAIL" signature="deleteUserChindhuAbraham()[pri:1, instance:validationsOfManageUsersPage.DeleteAUser@589838eb]" name="deleteUserChindhuAbraham" duration-ms="15055" started-at="2021-08-03T19:13:52Z" finished-at="2021-08-03T19:14:07Z">
          <exception class="org.openqa.selenium.NoSuchElementException">
            <message>
              <![CDATA[no such element: Unable to locate element: {"method":"xpath","selector":"//td[text()='Chindhu Abraham    ']/following-sibling::*[5]/a[1]"}
  (Session info: chrome=92.0.4515.107)
For documentation on this error, please visit: http://seleniumhq.org/exceptions/no_such_element.html
Build info: version: '3.6.0', revision: '6fbf3ec767', time: '2017-09-27T15:28:36.4Z'
System info: host: 'ANVER-PC', ip: '192.168.110.124', os.name: 'Windows 7', os.arch: 'amd64', os.version: '6.1', java.version: '1.8.0_281'
Driver info: org.openqa.selenium.chrome.ChromeDriver
Capabilities [{networkConnectionEnabled=false, chrome={chromedriverVersion=91.0.4472.101 (af52a90bf87030dd1523486a1cd3ae25c5d76c9b-refs/branch-heads/4472@{#1462}), userDataDir=C:\Users\ANVER\AppData\Local\Temp\scoped_dir7392_1644775356}, timeouts={implicit=0, pageLoad=300000, script=30000}, pageLoadStrategy=normal, unhandledPromptBehavior=dismiss and notify, strictFileInteractability=false, platform=WINDOWS, proxy=Proxy(), goog:chromeOptions={debuggerAddress=localhost:56742}, acceptInsecureCerts=false, browserVersion=92.0.4515.107, browserName=chrome, javascriptEnabled=true, platformName=WINDOWS, setWindowRect=true, webauthn:extension:largeBlob=true, webauthn:virtualAuthenticators=true}]
Session ID: 4fb2d50d62f138c53de1a147c0af754a
*** Element info: {Using=xpath, value=//td[text()='Chindhu Abraham    ']/following-sibling::*[5]/a[1]}]]>
            </message>
            <full-stacktrace>
              <![CDATA[org.openqa.selenium.NoSuchElementException: no such element: Unable to locate element: {"method":"xpath","selector":"//td[text()='Chindhu Abraham    ']/following-sibling::*[5]/a[1]"}
  (Session info: chrome=92.0.4515.107)
For documentation on this error, please visit: http://seleniumhq.org/exceptions/no_such_element.html
Build info: version: '3.6.0', revision: '6fbf3ec767', time: '2017-09-27T15:28:36.4Z'
System info: host: 'ANVER-PC', ip: '192.168.110.124', os.name: 'Windows 7', os.arch: 'amd64', os.version: '6.1', java.version: '1.8.0_281'
Driver info: org.openqa.selenium.chrome.ChromeDriver
Capabilities [{networkConnectionEnabled=false, chrome={chromedriverVersion=91.0.4472.101 (af52a90bf87030dd1523486a1cd3ae25c5d76c9b-refs/branch-heads/4472@{#1462}), userDataDir=C:\Users\ANVER\AppData\Local\Temp\scoped_dir7392_1644775356}, timeouts={implicit=0, pageLoad=300000, script=30000}, pageLoadStrategy=normal, unhandledPromptBehavior=dismiss and notify, strictFileInteractability=false, platform=WINDOWS, proxy=Proxy(), goog:chromeOptions={debuggerAddress=localhost:56742}, acceptInsecureCerts=false, browserVersion=92.0.4515.107, browserName=chrome, javascriptEnabled=true, platformName=WINDOWS, setWindowRect=true, webauthn:extension:largeBlob=true, webauthn:virtualAuthenticators=true}]
Session ID: 4fb2d50d62f138c53de1a147c0af754a
*** Element info: {Using=xpath, value=//td[text()='Chindhu Abraham    ']/following-sibling::*[5]/a[1]}
at sun.reflect.NativeConstructorAccessorImpl.newInstance0(Native Method)
at sun.reflect.NativeConstructorAccessorImpl.newInstance(Unknown Source)
at sun.reflect.DelegatingConstructorAccessorImpl.newInstance(Unknown Source)
at java.lang.reflect.Constructor.newInstance(Unknown Source)
at org.openqa.selenium.remote.http.W3CHttpResponseCodec.createException(W3CHttpResponseCodec.java:185)
at org.openqa.selenium.remote.http.W3CHttpResponseCodec.decode(W3CHttpResponseCodec.java:120)
at org.openqa.selenium.remote.http.W3CHttpResponseCodec.decode(W3CHttpResponseCodec.java:49)
at org.openqa.selenium.remote.HttpCommandExecutor.execute(HttpCommandExecutor.java:164)
at org.openqa.selenium.remote.service.DriverCommandExecutor.execute(DriverCommandExecutor.java:83)
at org.openqa.selenium.remote.RemoteWebDriver.execute(RemoteWebDriver.java:586)
at org.openqa.selenium.remote.RemoteWebDriver.findElement(RemoteWebDriver.java:356)
at org.openqa.selenium.remote.RemoteWebDriver.findElementByXPath(RemoteWebDriver.java:458)
at org.openqa.selenium.By$ByXPath.findElement(By.java:361)
at org.openqa.selenium.remote.RemoteWebDriver.findElement(RemoteWebDriver.java:348)
at org.openqa.selenium.support.pagefactory.DefaultElementLocator.findElement(DefaultElementLocator.java:69)
at org.openqa.selenium.support.pagefactory.internal.LocatingElementHandler.invoke(LocatingElementHandler.java:38)
at com.sun.proxy.$Proxy12.click(Unknown Source)
at pages7daySuperMarket.ManageUsersPage.clickOnDeleteIconInUserChindhuAbraham(ManageUsersPage.java:37)
at validationsOfManageUsersPage.DeleteAUser.deleteUserChindhuAbraham(DeleteAUser.java:24)
at sun.reflect.NativeMethodAccessorImpl.invoke0(Native Method)
at sun.reflect.NativeMethodAccessorImpl.invoke(Unknown Source)
at sun.reflect.DelegatingMethodAccessorImpl.invoke(Unknown Source)
at java.lang.reflect.Method.invoke(Unknown Source)
at org.testng.internal.MethodInvocationHelper.invokeMethod(MethodInvocationHelper.java:124)
at org.testng.internal.Invoker.invokeMethod(Invoker.java:583)
at org.testng.internal.Invoker.invokeTestMethod(Invoker.java:719)
at org.testng.internal.Invoker.invokeTestMethods(Invoker.java:989)
at org.testng.internal.TestMethodWorker.invokeTestMethods(TestMethodWorker.java:125)
at org.testng.internal.TestMethodWorker.run(TestMethodWorker.java:109)
at java.util.concurrent.ThreadPoolExecutor.runWorker(Unknown Source)
at java.util.concurrent.ThreadPoolExecutor$Worker.run(Unknown Source)
at java.lang.Thread.run(Unknown Source)
]]>
            </full-stacktrace>
          </exception> <!-- org.openqa.selenium.NoSuchElementException -->
          <reporter-output>
          </reporter-output>
        </test-method> <!-- deleteUserChindhuAbraham -->
        <test-method status="PASS" signature="screenShot(org.testng.ITestResult)[pri:0, instance:validationsOfManageUsersPage.DeleteAUser@589838eb]" name="screenShot" is-config="true" duration-ms="1" started-at="2021-08-03T19:14:07Z" finished-at="2021-08-03T19:14:07Z">
          <params>
            <param index="0">
              <value>
                <![CDATA[[TestResult name=deleteUserChindhuAbraham status=FAILURE method=DeleteAUser.deleteUserChindhuAbraham()[pri:1, instance:validationsOfManageUsersPage.DeleteAUser@589838eb] output={null}]]]>
              </value>
            </param>
          </params>
          <reporter-output>
          </reporter-output>
        </test-method> <!-- screenShot -->
        <test-method status="PASS" signature="quitdriver()[pri:0, instance:validationsOfManageUsersPage.DeleteAUser@589838eb]" name="quitdriver" is-config="true" duration-ms="42247" started-at="2021-08-03T19:14:07Z" finished-at="2021-08-03T19:14:50Z">
          <reporter-output>
          </reporter-output>
        </test-method> <!-- quitdriver -->
      </class> <!-- validationsOfManageUsersPage.DeleteAUser -->
      <class name="validationsOfAdminUsersPage.verifyCreateAndSearchOfUsers">
        <test-method status="PASS" signature="initializeDriver()[pri:0, instance:validationsOfAdminUsersPage.verifyCreateAndSearchOfUsers@42dafa95]" name="initializeDriver" is-config="true" duration-ms="6766" started-at="2021-08-03T19:09:45Z" finished-at="2021-08-03T19:09:51Z">
          <reporter-output>
          </reporter-output>
        </test-method> <!-- initializeDriver -->
        <test-method status="PASS" signature="NavigateToAdminUserPage()[pri:0, instance:validationsOfAdminUsersPage.verifyCreateAndSearchOfUsers@42dafa95]" name="NavigateToAdminUserPage" is-config="true" duration-ms="8073" started-at="2021-08-03T19:10:09Z" finished-at="2021-08-03T19:10:17Z">
          <reporter-output>
          </reporter-output>
        </test-method> <!-- NavigateToAdminUserPage -->
        <test-method status="PASS" signature="verifySearchButtonInAdminUsersPage(java.lang.String, java.lang.String, java.lang.String)[pri:0, instance:validationsOfAdminUsersPage.verifyCreateAndSearchOfUsers@42dafa95]" name="verifySearchButtonInAdminUsersPage" duration-ms="5186" started-at="2021-08-03T19:10:17Z" data-provider="excelread" finished-at="2021-08-03T19:10:22Z">
          <params>
            <param index="0">
              <value>
                <![CDATA[Fathima A]]>
              </value>
            </param>
            <param index="1">
              <value>
                <![CDATA[a12479]]>
              </value>
            </param>
            <param index="2">
              <value>
                <![CDATA[Admin]]>
              </value>
            </param>
          </params>
          <reporter-output>
          </reporter-output>
        </test-method> <!-- verifySearchButtonInAdminUsersPage -->
        <test-method status="PASS" signature="screenShot(org.testng.ITestResult)[pri:0, instance:validationsOfAdminUsersPage.verifyCreateAndSearchOfUsers@42dafa95]" name="screenShot" is-config="true" duration-ms="9" started-at="2021-08-03T19:10:22Z" finished-at="2021-08-03T19:10:22Z">
          <params>
            <param index="0">
              <value>
                <![CDATA[[TestResult name=verifySearchButtonInAdminUsersPage status=SUCCESS method=verifyCreateAndSearchOfUsers.verifySearchButtonInAdminUsersPage(java.lang.String, java.lang.String, java.lang.String)[pri:0, instance:validationsOfAdminUsersPage.verifyCreateAndSearchOfUsers@42dafa95] output={null}]]]>
              </value>
            </param>
          </params>
          <reporter-output>
          </reporter-output>
        </test-method> <!-- screenShot -->
        <test-method status="PASS" signature="NavigateToAdminUserPage()[pri:0, instance:validationsOfAdminUsersPage.verifyCreateAndSearchOfUsers@42dafa95]" name="NavigateToAdminUserPage" is-config="true" duration-ms="2334" started-at="2021-08-03T19:10:22Z" finished-at="2021-08-03T19:10:24Z">
          <reporter-output>
          </reporter-output>
        </test-method> <!-- NavigateToAdminUserPage -->
        <test-method status="PASS" signature="verifySearchButtonInAdminUsersPage(java.lang.String, java.lang.String, java.lang.String)[pri:0, instance:validationsOfAdminUsersPage.verifyCreateAndSearchOfUsers@42dafa95]" name="verifySearchButtonInAdminUsersPage" duration-ms="4068" started-at="2021-08-03T19:10:24Z" data-provider="excelread" finished-at="2021-08-03T19:10:28Z">
          <params>
            <param index="0">
              <value>
                <![CDATA[Fathima B]]>
              </value>
            </param>
            <param index="1">
              <value>
                <![CDATA[a46809]]>
              </value>
            </param>
            <param index="2">
              <value>
                <![CDATA[Staff]]>
              </value>
            </param>
          </params>
          <reporter-output>
          </reporter-output>
        </test-method> <!-- verifySearchButtonInAdminUsersPage -->
        <test-method status="PASS" signature="screenShot(org.testng.ITestResult)[pri:0, instance:validationsOfAdminUsersPage.verifyCreateAndSearchOfUsers@42dafa95]" name="screenShot" is-config="true" duration-ms="0" started-at="2021-08-03T19:10:28Z" finished-at="2021-08-03T19:10:28Z">
          <params>
            <param index="0">
              <value>
                <![CDATA[[TestResult name=verifySearchButtonInAdminUsersPage status=SUCCESS method=verifyCreateAndSearchOfUsers.verifySearchButtonInAdminUsersPage(java.lang.String, java.lang.String, java.lang.String)[pri:0, instance:validationsOfAdminUsersPage.verifyCreateAndSearchOfUsers@42dafa95] output={null}]]]>
              </value>
            </param>
          </params>
          <reporter-output>
          </reporter-output>
        </test-method> <!-- screenShot -->
        <test-method status="PASS" signature="NavigateToAdminUserPage()[pri:0, instance:validationsOfAdminUsersPage.verifyCreateAndSearchOfUsers@42dafa95]" name="NavigateToAdminUserPage" is-config="true" duration-ms="2482" started-at="2021-08-03T19:10:28Z" finished-at="2021-08-03T19:10:31Z">
          <reporter-output>
          </reporter-output>
        </test-method> <!-- NavigateToAdminUserPage -->
        <test-method status="PASS" signature="verifySearchButtonInAdminUsersPage(java.lang.String, java.lang.String, java.lang.String)[pri:0, instance:validationsOfAdminUsersPage.verifyCreateAndSearchOfUsers@42dafa95]" name="verifySearchButtonInAdminUsersPage" duration-ms="4565" started-at="2021-08-03T19:10:31Z" data-provider="excelread" finished-at="2021-08-03T19:10:35Z">
          <params>
            <param index="0">
              <value>
                <![CDATA[Fathima C]]>
              </value>
            </param>
            <param index="1">
              <value>
                <![CDATA[a24680]]>
              </value>
            </param>
            <param index="2">
              <value>
                <![CDATA[Staff]]>
              </value>
            </param>
          </params>
          <reporter-output>
          </reporter-output>
        </test-method> <!-- verifySearchButtonInAdminUsersPage -->
        <test-method status="PASS" signature="NavigateToAdminUserPage()[pri:0, instance:validationsOfAdminUsersPage.verifyCreateAndSearchOfUsers@42dafa95]" name="NavigateToAdminUserPage" is-config="true" duration-ms="7634" started-at="2021-08-03T19:10:35Z" finished-at="2021-08-03T19:10:43Z">
          <reporter-output>
          </reporter-output>
        </test-method> <!-- NavigateToAdminUserPage -->
        <test-method status="PASS" signature="screenShot(org.testng.ITestResult)[pri:0, instance:validationsOfAdminUsersPage.verifyCreateAndSearchOfUsers@42dafa95]" name="screenShot" is-config="true" duration-ms="0" started-at="2021-08-03T19:10:35Z" finished-at="2021-08-03T19:10:35Z">
          <params>
            <param index="0">
              <value>
                <![CDATA[[TestResult name=verifySearchButtonInAdminUsersPage status=SUCCESS method=verifyCreateAndSearchOfUsers.verifySearchButtonInAdminUsersPage(java.lang.String, java.lang.String, java.lang.String)[pri:0, instance:validationsOfAdminUsersPage.verifyCreateAndSearchOfUsers@42dafa95] output={null}]]]>
              </value>
            </param>
          </params>
          <reporter-output>
          </reporter-output>
        </test-method> <!-- screenShot -->
        <test-method status="PASS" signature="verifySearchButtonInAdminUsersPage(java.lang.String, java.lang.String, java.lang.String)[pri:0, instance:validationsOfAdminUsersPage.verifyCreateAndSearchOfUsers@42dafa95]" name="verifySearchButtonInAdminUsersPage" duration-ms="3885" started-at="2021-08-03T19:10:43Z" data-provider="excelread" finished-at="2021-08-03T19:10:47Z">
          <params>
            <param index="0">
              <value>
                <![CDATA[Fathima D]]>
              </value>
            </param>
            <param index="1">
              <value>
                <![CDATA[a13579]]>
              </value>
            </param>
            <param index="2">
              <value>
                <![CDATA[Admin]]>
              </value>
            </param>
          </params>
          <reporter-output>
          </reporter-output>
        </test-method> <!-- verifySearchButtonInAdminUsersPage -->
        <test-method status="PASS" signature="screenShot(org.testng.ITestResult)[pri:0, instance:validationsOfAdminUsersPage.verifyCreateAndSearchOfUsers@42dafa95]" name="screenShot" is-config="true" duration-ms="1" started-at="2021-08-03T19:10:47Z" finished-at="2021-08-03T19:10:47Z">
          <params>
            <param index="0">
              <value>
                <![CDATA[[TestResult name=verifySearchButtonInAdminUsersPage status=SUCCESS method=verifyCreateAndSearchOfUsers.verifySearchButtonInAdminUsersPage(java.lang.String, java.lang.String, java.lang.String)[pri:0, instance:validationsOfAdminUsersPage.verifyCreateAndSearchOfUsers@42dafa95] output={null}]]]>
              </value>
            </param>
          </params>
          <reporter-output>
          </reporter-output>
        </test-method> <!-- screenShot -->
        <test-method status="PASS" signature="NavigateToAdminUserPage()[pri:0, instance:validationsOfAdminUsersPage.verifyCreateAndSearchOfUsers@42dafa95]" name="NavigateToAdminUserPage" is-config="true" duration-ms="4147" started-at="2021-08-03T19:10:47Z" finished-at="2021-08-03T19:10:51Z">
          <reporter-output>
          </reporter-output>
        </test-method> <!-- NavigateToAdminUserPage -->
        <test-method status="PASS" signature="verifySearchButtonInAdminUsersPage(java.lang.String, java.lang.String, java.lang.String)[pri:0, instance:validationsOfAdminUsersPage.verifyCreateAndSearchOfUsers@42dafa95]" name="verifySearchButtonInAdminUsersPage" duration-ms="7393" started-at="2021-08-03T19:10:51Z" data-provider="excelread" finished-at="2021-08-03T19:10:59Z">
          <params>
            <param index="0">
              <value>
                <![CDATA[Fathima E]]>
              </value>
            </param>
            <param index="1">
              <value>
                <![CDATA[a86420]]>
              </value>
            </param>
            <param index="2">
              <value>
                <![CDATA[Staff]]>
              </value>
            </param>
          </params>
          <reporter-output>
          </reporter-output>
        </test-method> <!-- verifySearchButtonInAdminUsersPage -->
        <test-method status="PASS" signature="screenShot(org.testng.ITestResult)[pri:0, instance:validationsOfAdminUsersPage.verifyCreateAndSearchOfUsers@42dafa95]" name="screenShot" is-config="true" duration-ms="1" started-at="2021-08-03T19:10:59Z" finished-at="2021-08-03T19:10:59Z">
          <params>
            <param index="0">
              <value>
                <![CDATA[[TestResult name=verifySearchButtonInAdminUsersPage status=SUCCESS method=verifyCreateAndSearchOfUsers.verifySearchButtonInAdminUsersPage(java.lang.String, java.lang.String, java.lang.String)[pri:0, instance:validationsOfAdminUsersPage.verifyCreateAndSearchOfUsers@42dafa95] output={null}]]]>
              </value>
            </param>
          </params>
          <reporter-output>
          </reporter-output>
        </test-method> <!-- screenShot -->
        <test-method status="PASS" signature="NavigateToAdminUserPage()[pri:0, instance:validationsOfAdminUsersPage.verifyCreateAndSearchOfUsers@42dafa95]" name="NavigateToAdminUserPage" is-config="true" duration-ms="2196" started-at="2021-08-03T19:10:59Z" finished-at="2021-08-03T19:11:01Z">
          <reporter-output>
          </reporter-output>
        </test-method> <!-- NavigateToAdminUserPage -->
        <test-method status="PASS" signature="verifySearchButtonInAdminUsersPage(java.lang.String, java.lang.String, java.lang.String)[pri:0, instance:validationsOfAdminUsersPage.verifyCreateAndSearchOfUsers@42dafa95]" name="verifySearchButtonInAdminUsersPage" duration-ms="10630" started-at="2021-08-03T19:11:01Z" data-provider="excelread" finished-at="2021-08-03T19:11:11Z">
          <params>
            <param index="0">
              <value>
                <![CDATA[Fathima F]]>
              </value>
            </param>
            <param index="1">
              <value>
                <![CDATA[a53791]]>
              </value>
            </param>
            <param index="2">
              <value>
                <![CDATA[Admin]]>
              </value>
            </param>
          </params>
          <reporter-output>
          </reporter-output>
        </test-method> <!-- verifySearchButtonInAdminUsersPage -->
        <test-method status="PASS" signature="screenShot(org.testng.ITestResult)[pri:0, instance:validationsOfAdminUsersPage.verifyCreateAndSearchOfUsers@42dafa95]" name="screenShot" is-config="true" duration-ms="1" started-at="2021-08-03T19:11:11Z" finished-at="2021-08-03T19:11:11Z">
          <params>
            <param index="0">
              <value>
                <![CDATA[[TestResult name=verifySearchButtonInAdminUsersPage status=SUCCESS method=verifyCreateAndSearchOfUsers.verifySearchButtonInAdminUsersPage(java.lang.String, java.lang.String, java.lang.String)[pri:0, instance:validationsOfAdminUsersPage.verifyCreateAndSearchOfUsers@42dafa95] output={null}]]]>
              </value>
            </param>
          </params>
          <reporter-output>
          </reporter-output>
        </test-method> <!-- screenShot -->
        <test-method status="PASS" signature="NavigateToAdminUserPage()[pri:0, instance:validationsOfAdminUsersPage.verifyCreateAndSearchOfUsers@42dafa95]" name="NavigateToAdminUserPage" is-config="true" duration-ms="2781" started-at="2021-08-03T19:11:11Z" finished-at="2021-08-03T19:11:14Z">
          <reporter-output>
          </reporter-output>
        </test-method> <!-- NavigateToAdminUserPage -->
        <test-method status="PASS" signature="verifySearchButtonInAdminUsersPage(java.lang.String, java.lang.String, java.lang.String)[pri:0, instance:validationsOfAdminUsersPage.verifyCreateAndSearchOfUsers@42dafa95]" name="verifySearchButtonInAdminUsersPage" duration-ms="4119" started-at="2021-08-03T19:11:14Z" data-provider="excelread" finished-at="2021-08-03T19:11:18Z">
          <params>
            <param index="0">
              <value>
                <![CDATA[Fathima AB]]>
              </value>
            </param>
            <param index="1">
              <value>
                <![CDATA[a68429]]>
              </value>
            </param>
            <param index="2">
              <value>
                <![CDATA[Admin]]>
              </value>
            </param>
          </params>
          <reporter-output>
          </reporter-output>
        </test-method> <!-- verifySearchButtonInAdminUsersPage -->
        <test-method status="PASS" signature="screenShot(org.testng.ITestResult)[pri:0, instance:validationsOfAdminUsersPage.verifyCreateAndSearchOfUsers@42dafa95]" name="screenShot" is-config="true" duration-ms="0" started-at="2021-08-03T19:11:18Z" finished-at="2021-08-03T19:11:18Z">
          <params>
            <param index="0">
              <value>
                <![CDATA[[TestResult name=verifySearchButtonInAdminUsersPage status=SUCCESS method=verifyCreateAndSearchOfUsers.verifySearchButtonInAdminUsersPage(java.lang.String, java.lang.String, java.lang.String)[pri:0, instance:validationsOfAdminUsersPage.verifyCreateAndSearchOfUsers@42dafa95] output={null}]]]>
              </value>
            </param>
          </params>
          <reporter-output>
          </reporter-output>
        </test-method> <!-- screenShot -->
        <test-method status="PASS" signature="NavigateToAdminUserPage()[pri:0, instance:validationsOfAdminUsersPage.verifyCreateAndSearchOfUsers@42dafa95]" name="NavigateToAdminUserPage" is-config="true" duration-ms="2142" started-at="2021-08-03T19:11:18Z" finished-at="2021-08-03T19:11:20Z">
          <reporter-output>
          </reporter-output>
        </test-method> <!-- NavigateToAdminUserPage -->
        <test-method status="PASS" signature="verifySearchButtonInAdminUsersPage(java.lang.String, java.lang.String, java.lang.String)[pri:0, instance:validationsOfAdminUsersPage.verifyCreateAndSearchOfUsers@42dafa95]" name="verifySearchButtonInAdminUsersPage" duration-ms="3915" started-at="2021-08-03T19:11:20Z" data-provider="excelread" finished-at="2021-08-03T19:11:24Z">
          <params>
            <param index="0">
              <value>
                <![CDATA[Fathima BC]]>
              </value>
            </param>
            <param index="1">
              <value>
                <![CDATA[a12390]]>
              </value>
            </param>
            <param index="2">
              <value>
                <![CDATA[Staff]]>
              </value>
            </param>
          </params>
          <reporter-output>
          </reporter-output>
        </test-method> <!-- verifySearchButtonInAdminUsersPage -->
        <test-method status="PASS" signature="screenShot(org.testng.ITestResult)[pri:0, instance:validationsOfAdminUsersPage.verifyCreateAndSearchOfUsers@42dafa95]" name="screenShot" is-config="true" duration-ms="1" started-at="2021-08-03T19:11:24Z" finished-at="2021-08-03T19:11:24Z">
          <params>
            <param index="0">
              <value>
                <![CDATA[[TestResult name=verifySearchButtonInAdminUsersPage status=SUCCESS method=verifyCreateAndSearchOfUsers.verifySearchButtonInAdminUsersPage(java.lang.String, java.lang.String, java.lang.String)[pri:0, instance:validationsOfAdminUsersPage.verifyCreateAndSearchOfUsers@42dafa95] output={null}]]]>
              </value>
            </param>
          </params>
          <reporter-output>
          </reporter-output>
        </test-method> <!-- screenShot -->
        <test-method status="PASS" signature="quitdriver()[pri:0, instance:validationsOfAdminUsersPage.verifyCreateAndSearchOfUsers@42dafa95]" name="quitdriver" is-config="true" duration-ms="0" started-at="2021-08-03T19:11:24Z" finished-at="2021-08-03T19:11:24Z">
          <reporter-output>
          </reporter-output>
        </test-method> <!-- quitdriver -->
      </class> <!-- validationsOfAdminUsersPage.verifyCreateAndSearchOfUsers -->
      <class name="validationsOfAdminUsersPage.VerifyResetButton">
        <test-method status="PASS" signature="initializeDriver()[pri:0, instance:validationsOfAdminUsersPage.VerifyResetButton@402a079c]" name="initializeDriver" is-config="true" duration-ms="10710" started-at="2021-08-03T19:10:09Z" finished-at="2021-08-03T19:10:19Z">
          <reporter-output>
          </reporter-output>
        </test-method> <!-- initializeDriver -->
        <test-method status="PASS" signature="NavigateToAdminUserPage()[pri:0, instance:validationsOfAdminUsersPage.VerifyResetButton@402a079c]" name="NavigateToAdminUserPage" is-config="true" duration-ms="6459" started-at="2021-08-03T19:10:19Z" finished-at="2021-08-03T19:10:26Z">
          <reporter-output>
          </reporter-output>
        </test-method> <!-- NavigateToAdminUserPage -->
        <test-method status="PASS" signature="verifyResetButton()[pri:0, instance:validationsOfAdminUsersPage.VerifyResetButton@402a079c]" name="verifyResetButton" duration-ms="3053" started-at="2021-08-03T19:10:26Z" finished-at="2021-08-03T19:10:29Z">
          <reporter-output>
          </reporter-output>
        </test-method> <!-- verifyResetButton -->
        <test-method status="PASS" signature="screenShot(org.testng.ITestResult)[pri:0, instance:validationsOfAdminUsersPage.VerifyResetButton@402a079c]" name="screenShot" is-config="true" duration-ms="0" started-at="2021-08-03T19:10:29Z" finished-at="2021-08-03T19:10:29Z">
          <params>
            <param index="0">
              <value>
                <![CDATA[[TestResult name=verifyResetButton status=SUCCESS method=VerifyResetButton.verifyResetButton()[pri:0, instance:validationsOfAdminUsersPage.VerifyResetButton@402a079c] output={null}]]]>
              </value>
            </param>
          </params>
          <reporter-output>
          </reporter-output>
        </test-method> <!-- screenShot -->
        <test-method status="PASS" signature="quitdriver()[pri:0, instance:validationsOfAdminUsersPage.VerifyResetButton@402a079c]" name="quitdriver" is-config="true" duration-ms="0" started-at="2021-08-03T19:10:29Z" finished-at="2021-08-03T19:10:29Z">
          <reporter-output>
          </reporter-output>
        </test-method> <!-- quitdriver -->
      </class> <!-- validationsOfAdminUsersPage.VerifyResetButton -->
      <class name="validationsOfManageOrderPage.ListOrdersStatus">
        <test-method status="PASS" signature="initializeDriver()[pri:0, instance:validationsOfManageOrderPage.ListOrdersStatus@59ec2012]" name="initializeDriver" is-config="true" duration-ms="53036" started-at="2021-08-03T19:10:23Z" finished-at="2021-08-03T19:11:16Z">
          <reporter-output>
          </reporter-output>
        </test-method> <!-- initializeDriver -->
        <test-method status="PASS" signature="NavigateToAdminUserPage()[pri:0, instance:validationsOfManageOrderPage.ListOrdersStatus@59ec2012]" name="NavigateToAdminUserPage" is-config="true" duration-ms="31502" started-at="2021-08-03T19:11:16Z" finished-at="2021-08-03T19:11:48Z">
          <reporter-output>
          </reporter-output>
        </test-method> <!-- NavigateToAdminUserPage -->
        <test-method status="PASS" signature="VerifyUsersButtonFunctionality()[pri:0, instance:validationsOfManageOrderPage.ListOrdersStatus@59ec2012]" name="VerifyUsersButtonFunctionality" duration-ms="2" started-at="2021-08-03T19:11:48Z" finished-at="2021-08-03T19:11:48Z">
          <reporter-output>
          </reporter-output>
        </test-method> <!-- VerifyUsersButtonFunctionality -->
        <test-method status="PASS" signature="screenShot(org.testng.ITestResult)[pri:0, instance:validationsOfManageOrderPage.ListOrdersStatus@59ec2012]" name="screenShot" is-config="true" duration-ms="0" started-at="2021-08-03T19:11:48Z" finished-at="2021-08-03T19:11:48Z">
          <params>
            <param index="0">
              <value>
                <![CDATA[[TestResult name=VerifyUsersButtonFunctionality status=SUCCESS method=ListOrdersStatus.VerifyUsersButtonFunctionality()[pri:0, instance:validationsOfManageOrderPage.ListOrdersStatus@59ec2012] output={null}]]]>
              </value>
            </param>
          </params>
          <reporter-output>
          </reporter-output>
        </test-method> <!-- screenShot -->
        <test-method status="PASS" signature="quitdriver()[pri:0, instance:validationsOfManageOrderPage.ListOrdersStatus@59ec2012]" name="quitdriver" is-config="true" duration-ms="65527" started-at="2021-08-03T19:11:48Z" finished-at="2021-08-03T19:12:53Z">
          <reporter-output>
          </reporter-output>
        </test-method> <!-- quitdriver -->
      </class> <!-- validationsOfManageOrderPage.ListOrdersStatus -->
    </test> <!-- Test1Chrome -->
  </suite> <!-- Suite -->
</testng-results>
