<?xml version="1.0" encoding="UTF-8"?>
<!-- Generated by org.testng.reporters.JUnitReportReporter -->
<testsuite skipped="0" hostname="ANVER-PC" name="validationsOfAdminUsersPage.verifySearchOfUsers" tests="9" failures="0" timestamp="02 Aug 2021 17:24:08 GMT" time="34.060" errors="1">
  <testcase name="verifySearchButtonInAdminUsersPage" time="3.778" classname="validationsOfAdminUsersPage.verifySearchOfUsers"/>
  <testcase name="verifySearchButtonInAdminUsersPage" time="4.731" classname="validationsOfAdminUsersPage.verifySearchOfUsers"/>
  <testcase name="verifySearchButtonInAdminUsersPage" time="3.724" classname="validationsOfAdminUsersPage.verifySearchOfUsers"/>
  <testcase name="Search" time="2.191" classname="validationsOfAdminUsersPage.verifySearchOfUsers">
    <error type="org.testng.TestNGException" message="
Cannot inject @Test annotated Method [Search] with [class java.lang.String, class java.lang.String].
For more information on native dependency injection please refer to http://testng.org/doc/documentation-main.html#native-dependency-injection">
      <![CDATA[org.testng.TestNGException: 
Cannot inject @Test annotated Method [Search] with [class java.lang.String, class java.lang.String].
For more information on native dependency injection please refer to http://testng.org/doc/documentation-main.html#native-dependency-injection
at org.testng.internal.Parameters.checkParameterTypes(Parameters.java:407)
at org.testng.internal.Parameters.createParametersForMethod(Parameters.java:356)
at org.testng.internal.Parameters.createParameters(Parameters.java:635)
at org.testng.internal.Parameters.handleParameters(Parameters.java:769)
at org.testng.internal.ParameterHandler.handleParameters(ParameterHandler.java:49)
at org.testng.internal.ParameterHandler.createParameters(ParameterHandler.java:37)
at org.testng.internal.Invoker.invokeTestMethods(Invoker.java:924)
at org.testng.internal.TestMethodWorker.invokeTestMethods(TestMethodWorker.java:125)
at org.testng.internal.TestMethodWorker.run(TestMethodWorker.java:109)
at org.testng.TestRunner.privateRun(TestRunner.java:648)
at org.testng.TestRunner.run(TestRunner.java:505)
at org.testng.SuiteRunner.runTest(SuiteRunner.java:455)
at org.testng.SuiteRunner.runSequentially(SuiteRunner.java:450)
at org.testng.SuiteRunner.privateRun(SuiteRunner.java:415)
at org.testng.SuiteRunner.run(SuiteRunner.java:364)
at org.testng.SuiteRunnerWorker.runSuite(SuiteRunnerWorker.java:52)
at org.testng.SuiteRunnerWorker.run(SuiteRunnerWorker.java:84)
at org.testng.TestNG.runSuitesSequentially(TestNG.java:1208)
at org.testng.TestNG.runSuitesLocally(TestNG.java:1137)
at org.testng.TestNG.runSuites(TestNG.java:1049)
at org.testng.TestNG.run(TestNG.java:1017)
at org.testng.remote.AbstractRemoteTestNG.run(AbstractRemoteTestNG.java:114)
at org.testng.remote.RemoteTestNG.initAndRun(RemoteTestNG.java:251)
at org.testng.remote.RemoteTestNG.main(RemoteTestNG.java:77)
]]>
    </error>
  </testcase> <!-- Search -->
  <testcase name="verifySearchButtonInAdminUsersPage" time="5.712" classname="validationsOfAdminUsersPage.verifySearchOfUsers"/>
  <testcase name="verifySearchButtonInAdminUsersPage" time="4.285" classname="validationsOfAdminUsersPage.verifySearchOfUsers"/>
  <testcase name="verifySearchButtonInAdminUsersPage" time="3.896" classname="validationsOfAdminUsersPage.verifySearchOfUsers"/>
  <testcase name="verifySearchButtonInAdminUsersPage" time="4.298" classname="validationsOfAdminUsersPage.verifySearchOfUsers"/>
  <testcase name="verifySearchButtonInAdminUsersPage" time="1.445" classname="validationsOfAdminUsersPage.verifySearchOfUsers"/>
</testsuite> <!-- validationsOfAdminUsersPage.verifySearchOfUsers -->
