<?xml version="1.0" encoding="UTF-8"?>
<!-- Generated by org.testng.reporters.JUnitReportReporter -->
<testsuite skipped="1" hostname="ANVER-PC" name="validationsOfManageOrderPage.verifyResetButton" tests="2" failures="0" timestamp="03 Aug 2021 19:14:53 GMT" time="18.804" errors="1">
  <testcase name="initializeDriver" time="18.804" classname="validationsOfManageOrderPage.verifyResetButton">
    <error type="org.openqa.selenium.WebDriverException" message="unknown error: Chrome failed to start: was killed.
  (unknown error: DevToolsActivePort file doesn&#039;t exist)
  (The process started from chrome location C:\Program Files\Google\Chrome\Application\chrome.exe is no longer running, so ChromeDriver is assuming that Chrome has crashed.)
Build info: version: &#039;3.6.0&#039;, revision: &#039;6fbf3ec767&#039;, time: &#039;2017-09-27T15:28:36.4Z&#039;
System info: host: &#039;ANVER-PC&#039;, ip: &#039;192.168.110.124&#039;, os.name: &#039;Windows 7&#039;, os.arch: &#039;amd64&#039;, os.version: &#039;6.1&#039;, java.version: &#039;1.8.0_281&#039;
Driver info: driver.version: ChromeDriver
remote stacktrace: Backtrace:
	Ordinal0 [0x00E53733+2504499]
	Ordinal0 [0x00DEC401+2081793]
	Ordinal0 [0x00CF2628+1058344]
	Ordinal0 [0x00D0C99F+1165727]
	Ordinal0 [0x00D09DC3+1154499]
	Ordinal0 [0x00D39B82+1350530]
	Ordinal0 [0x00D397DA+1349594]
	Ordinal0 [0x00D35D4B+1334603]
	Ordinal0 [0x00D122B4+1188532]
	Ordinal0 [0x00D13149+1192265]
	GetHandleVerifier [0x00FCFB8C+1512252]
	GetHandleVerifier [0x0107B0DF+2214031]
	GetHandleVerifier [0x00ED4BC3+484211]
	GetHandleVerifier [0x00ED3E69+480793]
	Ordinal0 [0x00DF218D+2105741]
	Ordinal0 [0x00DF66E8+2123496]
	Ordinal0 [0x00DF6827+2123815]
	Ordinal0 [0x00DFFB73+2161523]
	BaseThreadInitThunk [0x756D33CA+18]
	RtlInitializeExceptionChain [0x77989ED2+99]
	RtlInitializeExceptionChain [0x77989EA5+54]
">
      <![CDATA[org.openqa.selenium.WebDriverException: unknown error: Chrome failed to start: was killed.
  (unknown error: DevToolsActivePort file doesn't exist)
  (The process started from chrome location C:\Program Files\Google\Chrome\Application\chrome.exe is no longer running, so ChromeDriver is assuming that Chrome has crashed.)
Build info: version: '3.6.0', revision: '6fbf3ec767', time: '2017-09-27T15:28:36.4Z'
System info: host: 'ANVER-PC', ip: '192.168.110.124', os.name: 'Windows 7', os.arch: 'amd64', os.version: '6.1', java.version: '1.8.0_281'
Driver info: driver.version: ChromeDriver
remote stacktrace: Backtrace:
Ordinal0 [0x00E53733+2504499]
Ordinal0 [0x00DEC401+2081793]
Ordinal0 [0x00CF2628+1058344]
Ordinal0 [0x00D0C99F+1165727]
Ordinal0 [0x00D09DC3+1154499]
Ordinal0 [0x00D39B82+1350530]
Ordinal0 [0x00D397DA+1349594]
Ordinal0 [0x00D35D4B+1334603]
Ordinal0 [0x00D122B4+1188532]
Ordinal0 [0x00D13149+1192265]
GetHandleVerifier [0x00FCFB8C+1512252]
GetHandleVerifier [0x0107B0DF+2214031]
GetHandleVerifier [0x00ED4BC3+484211]
GetHandleVerifier [0x00ED3E69+480793]
Ordinal0 [0x00DF218D+2105741]
Ordinal0 [0x00DF66E8+2123496]
Ordinal0 [0x00DF6827+2123815]
Ordinal0 [0x00DFFB73+2161523]
BaseThreadInitThunk [0x756D33CA+18]
RtlInitializeExceptionChain [0x77989ED2+99]
RtlInitializeExceptionChain [0x77989EA5+54]

at sun.reflect.NativeConstructorAccessorImpl.newInstance0(Native Method)
at sun.reflect.NativeConstructorAccessorImpl.newInstance(Unknown Source)
at sun.reflect.DelegatingConstructorAccessorImpl.newInstance(Unknown Source)
at java.lang.reflect.Constructor.newInstance(Unknown Source)
at org.openqa.selenium.remote.W3CHandshakeResponse.lambda$new$0(W3CHandshakeResponse.java:57)
at org.openqa.selenium.remote.W3CHandshakeResponse.lambda$getResponseFunction$2(W3CHandshakeResponse.java:104)
at org.openqa.selenium.remote.ProtocolHandshake.lambda$createSession$24(ProtocolHandshake.java:359)
at java.util.stream.ReferencePipeline$3$1.accept(Unknown Source)
at java.util.Spliterators$ArraySpliterator.tryAdvance(Unknown Source)
at java.util.stream.ReferencePipeline.forEachWithCancel(Unknown Source)
at java.util.stream.AbstractPipeline.copyIntoWithCancel(Unknown Source)
at java.util.stream.AbstractPipeline.copyInto(Unknown Source)
at java.util.stream.AbstractPipeline.wrapAndCopyInto(Unknown Source)
at java.util.stream.FindOps$FindOp.evaluateSequential(Unknown Source)
at java.util.stream.AbstractPipeline.evaluate(Unknown Source)
at java.util.stream.ReferencePipeline.findFirst(Unknown Source)
at org.openqa.selenium.remote.ProtocolHandshake.createSession(ProtocolHandshake.java:362)
at org.openqa.selenium.remote.ProtocolHandshake.createSession(ProtocolHandshake.java:136)
at org.openqa.selenium.remote.HttpCommandExecutor.execute(HttpCommandExecutor.java:142)
at org.openqa.selenium.remote.service.DriverCommandExecutor.execute(DriverCommandExecutor.java:83)
at org.openqa.selenium.remote.RemoteWebDriver.execute(RemoteWebDriver.java:586)
at org.openqa.selenium.remote.RemoteWebDriver.startSession(RemoteWebDriver.java:217)
at org.openqa.selenium.remote.RemoteWebDriver.<init>(RemoteWebDriver.java:140)
at org.openqa.selenium.chrome.ChromeDriver.<init>(ChromeDriver.java:181)
at org.openqa.selenium.chrome.ChromeDriver.<init>(ChromeDriver.java:168)
at org.openqa.selenium.chrome.ChromeDriver.<init>(ChromeDriver.java:123)
at utils.DriverFactory.getChromeDriver(DriverFactory.java:30)
at utils.DriverFactory.driverInitialization(DriverFactory.java:19)
at validationsOfManageOrderPage.ManageOrdersBaseTest.initializeDriver(ManageOrdersBaseTest.java:26)
at sun.reflect.NativeMethodAccessorImpl.invoke0(Native Method)
at sun.reflect.NativeMethodAccessorImpl.invoke(Unknown Source)
at sun.reflect.DelegatingMethodAccessorImpl.invoke(Unknown Source)
at java.lang.reflect.Method.invoke(Unknown Source)
at org.testng.internal.MethodInvocationHelper.invokeMethod(MethodInvocationHelper.java:124)
at org.testng.internal.MethodInvocationHelper.invokeMethodConsideringTimeout(MethodInvocationHelper.java:59)
at org.testng.internal.Invoker.invokeConfigurationMethod(Invoker.java:458)
at org.testng.internal.Invoker.invokeConfigurations(Invoker.java:222)
at org.testng.internal.Invoker.invokeConfigurations(Invoker.java:142)
at org.testng.internal.TestMethodWorker.invokeBeforeClassMethods(TestMethodWorker.java:168)
at org.testng.internal.TestMethodWorker.run(TestMethodWorker.java:105)
at java.util.concurrent.ThreadPoolExecutor.runWorker(Unknown Source)
at java.util.concurrent.ThreadPoolExecutor$Worker.run(Unknown Source)
at java.lang.Thread.run(Unknown Source)
]]>
    </error>
  </testcase> <!-- initializeDriver -->
  <testcase name="validateResetButton" time="0.000" classname="validationsOfManageOrderPage.verifyResetButton">
    <skipped/>
  </testcase> <!-- validateResetButton -->
</testsuite> <!-- validationsOfManageOrderPage.verifyResetButton -->
